[2015-11-03 14:32:01]	出发 vi->event
[2015-11-03 14:32:01]	起航 vi->event
[2015-11-03 14:32:01]	出港 vi->event
[2015-11-03 14:32:01]	离开 v->event
[2015-11-03 14:32:01]	撤出 v->event
[2015-11-03 14:32:01]	途径 n->event
[2015-11-03 14:32:01]	驶过 v->event
[2015-11-03 14:32:01]	通过 p->event
[2015-11-03 14:32:01]	抵达 v->event
[2015-11-03 14:32:01]	到达 v->event
[2015-11-03 14:32:01]	至 d->event
[2015-11-03 14:32:01]	赶到 v->event
[2015-11-03 14:32:01]	停留 vi->event
[2015-11-03 14:32:01]	停靠 v->event
[2015-11-03 14:32:01]	访问 v->event
[2015-11-03 14:32:01]	到访 v->event
[2015-11-03 14:32:01]	返回 v->event
[2015-11-03 14:32:01]	回到 v->event
[2015-11-03 14:32:01]	前往 v->event
[2015-11-03 14:32:01]	开赴 v->event
[2015-11-03 14:32:01]	驶向 v->event
[2015-11-03 14:32:01]	靠近 v->event
[2015-11-03 14:32:01]	在 d->event
[2015-11-03 14:32:01]	出现 v->event
[2015-11-03 14:32:01]	前往 v->event
[2015-11-03 14:32:01]	驶离 v->event
[2015-11-03 14:32:01]	驻扎 v->event
[2015-11-03 14:32:01]	驶入 v->event
[2015-11-03 14:32:01]	出发 vi->event
[2015-11-03 14:32:01]	起航 vi->event
[2015-11-03 14:32:01]	出港 vi->event
[2015-11-03 14:32:01]	离开 v->event
[2015-11-03 14:32:01]	撤出 v->event
[2015-11-03 14:32:01]	途径 n->event
[2015-11-03 14:32:01]	驶过 v->event
[2015-11-03 14:32:01]	通过 p->event
[2015-11-03 14:32:01]	抵达 v->event
[2015-11-03 14:32:01]	到达 v->event
[2015-11-03 14:32:01]	至 d->event
[2015-11-03 14:32:01]	赶到 v->event
[2015-11-03 14:32:01]	停留 vi->event
[2015-11-03 14:32:01]	停靠 v->event
[2015-11-03 14:32:01]	访问 v->event
[2015-11-03 14:32:01]	到访 v->event
[2015-11-03 14:32:01]	返回 v->event
[2015-11-03 14:32:01]	回到 v->event
[2015-11-03 14:32:01]	前往 v->event
[2015-11-03 14:32:01]	开赴 v->event
[2015-11-03 14:32:01]	驶向 v->event
[2015-11-03 14:32:01]	靠近 v->event
[2015-11-03 14:32:01]	在 d->event
[2015-11-03 14:32:01]	出现 v->event
[2015-11-03 14:32:01]	前往 v->event
[2015-11-03 14:32:01]	驶离 v->event
[2015-11-03 14:32:01]	驻扎 v->event
[2015-11-03 14:32:01]	驶入 v->event
[2015-11-03 14:33:54]	出发 vi->event
[2015-11-03 14:33:54]	起航 vi->event
[2015-11-03 14:33:54]	出港 vi->event
[2015-11-03 14:33:54]	离开 v->event
[2015-11-03 14:33:54]	撤出 v->event
[2015-11-03 14:33:54]	途径 n->event
[2015-11-03 14:33:54]	驶过 v->event
[2015-11-03 14:33:54]	通过 p->event
[2015-11-03 14:33:54]	抵达 v->event
[2015-11-03 14:33:54]	到达 v->event
[2015-11-03 14:33:54]	至 d->event
[2015-11-03 14:33:54]	赶到 v->event
[2015-11-03 14:33:54]	停留 vi->event
[2015-11-03 14:33:54]	停靠 v->event
[2015-11-03 14:33:54]	访问 v->event
[2015-11-03 14:33:54]	到访 v->event
[2015-11-03 14:33:54]	返回 v->event
[2015-11-03 14:33:54]	回到 v->event
[2015-11-03 14:33:54]	前往 v->event
[2015-11-03 14:33:54]	开赴 v->event
[2015-11-03 14:33:54]	驶向 v->event
[2015-11-03 14:33:54]	靠近 v->event
[2015-11-03 14:33:54]	在 d->event
[2015-11-03 14:33:54]	出现 v->event
[2015-11-03 14:33:54]	前往 v->event
[2015-11-03 14:33:54]	驶离 v->event
[2015-11-03 14:33:54]	驻扎 v->event
[2015-11-03 14:33:54]	驶入 v->event
[2015-11-03 14:33:55]	出发 vi->event
[2015-11-03 14:33:55]	起航 vi->event
[2015-11-03 14:33:55]	出港 vi->event
[2015-11-03 14:33:55]	离开 v->event
[2015-11-03 14:33:55]	撤出 v->event
[2015-11-03 14:33:55]	途径 n->event
[2015-11-03 14:33:55]	驶过 v->event
[2015-11-03 14:33:55]	通过 p->event
[2015-11-03 14:33:55]	抵达 v->event
[2015-11-03 14:33:55]	到达 v->event
[2015-11-03 14:33:55]	至 d->event
[2015-11-03 14:33:55]	赶到 v->event
[2015-11-03 14:33:55]	停留 vi->event
[2015-11-03 14:33:55]	停靠 v->event
[2015-11-03 14:33:55]	访问 v->event
[2015-11-03 14:33:55]	到访 v->event
[2015-11-03 14:33:55]	返回 v->event
[2015-11-03 14:33:55]	回到 v->event
[2015-11-03 14:33:55]	前往 v->event
[2015-11-03 14:33:55]	开赴 v->event
[2015-11-03 14:33:55]	驶向 v->event
[2015-11-03 14:33:55]	靠近 v->event
[2015-11-03 14:33:55]	在 d->event
[2015-11-03 14:33:55]	出现 v->event
[2015-11-03 14:33:55]	前往 v->event
[2015-11-03 14:33:55]	驶离 v->event
[2015-11-03 14:33:55]	驻扎 v->event
[2015-11-03 14:33:55]	驶入 v->event
[2015-11-03 14:35:23]	出发 vi->event
[2015-11-03 14:35:23]	起航 vi->event
[2015-11-03 14:35:23]	出港 vi->event
[2015-11-03 14:35:23]	离开 v->event
[2015-11-03 14:35:23]	撤出 v->event
[2015-11-03 14:35:23]	途径 n->event
[2015-11-03 14:35:23]	驶过 v->event
[2015-11-03 14:35:23]	通过 p->event
[2015-11-03 14:35:23]	抵达 v->event
[2015-11-03 14:35:23]	到达 v->event
[2015-11-03 14:35:23]	至 d->event
[2015-11-03 14:35:23]	赶到 v->event
[2015-11-03 14:35:23]	停留 vi->event
[2015-11-03 14:35:23]	停靠 v->event
[2015-11-03 14:35:23]	访问 v->event
[2015-11-03 14:35:23]	到访 v->event
[2015-11-03 14:35:23]	返回 v->event
[2015-11-03 14:35:23]	回到 v->event
[2015-11-03 14:35:23]	前往 v->event
[2015-11-03 14:35:23]	开赴 v->event
[2015-11-03 14:35:23]	驶向 v->event
[2015-11-03 14:35:23]	靠近 v->event
[2015-11-03 14:35:23]	在 d->event
[2015-11-03 14:35:23]	出现 v->event
[2015-11-03 14:35:23]	前往 v->event
[2015-11-03 14:35:23]	驶离 v->event
[2015-11-03 14:35:23]	驻扎 v->event
[2015-11-03 14:35:23]	驶入 v->event
[2015-11-03 14:35:23]	出发 vi->event
[2015-11-03 14:35:23]	起航 vi->event
[2015-11-03 14:35:23]	出港 vi->event
[2015-11-03 14:35:23]	离开 v->event
[2015-11-03 14:35:23]	撤出 v->event
[2015-11-03 14:35:23]	途径 n->event
[2015-11-03 14:35:23]	驶过 v->event
[2015-11-03 14:35:23]	通过 p->event
[2015-11-03 14:35:23]	抵达 v->event
[2015-11-03 14:35:23]	到达 v->event
[2015-11-03 14:35:23]	至 d->event
[2015-11-03 14:35:23]	赶到 v->event
[2015-11-03 14:35:23]	停留 vi->event
[2015-11-03 14:35:23]	停靠 v->event
[2015-11-03 14:35:23]	访问 v->event
[2015-11-03 14:35:23]	到访 v->event
[2015-11-03 14:35:23]	返回 v->event
[2015-11-03 14:35:23]	回到 v->event
[2015-11-03 14:35:23]	前往 v->event
[2015-11-03 14:35:23]	开赴 v->event
[2015-11-03 14:35:23]	驶向 v->event
[2015-11-03 14:35:23]	靠近 v->event
[2015-11-03 14:35:23]	在 d->event
[2015-11-03 14:35:23]	出现 v->event
[2015-11-03 14:35:23]	前往 v->event
[2015-11-03 14:35:23]	驶离 v->event
[2015-11-03 14:35:23]	驻扎 v->event
[2015-11-03 14:35:23]	驶入 v->event
[2015-11-03 14:41:30]	出发 vi->event
[2015-11-03 14:41:30]	起航 vi->event
[2015-11-03 14:41:30]	出港 vi->event
[2015-11-03 14:41:30]	离开 v->event
[2015-11-03 14:41:30]	撤出 v->event
[2015-11-03 14:41:30]	途径 n->event
[2015-11-03 14:41:30]	驶过 v->event
[2015-11-03 14:41:30]	通过 p->event
[2015-11-03 14:41:30]	抵达 v->event
[2015-11-03 14:41:30]	到达 v->event
[2015-11-03 14:41:30]	至 d->event
[2015-11-03 14:41:30]	赶到 v->event
[2015-11-03 14:41:30]	停留 vi->event
[2015-11-03 14:41:30]	停靠 v->event
[2015-11-03 14:41:30]	访问 v->event
[2015-11-03 14:41:30]	到访 v->event
[2015-11-03 14:41:30]	返回 v->event
[2015-11-03 14:41:30]	回到 v->event
[2015-11-03 14:41:30]	前往 v->event
[2015-11-03 14:41:30]	开赴 v->event
[2015-11-03 14:41:30]	驶向 v->event
[2015-11-03 14:41:30]	靠近 v->event
[2015-11-03 14:41:30]	在 d->event
[2015-11-03 14:41:30]	出现 v->event
[2015-11-03 14:41:30]	前往 v->event
[2015-11-03 14:41:30]	驶离 v->event
[2015-11-03 14:41:30]	驻扎 v->event
[2015-11-03 14:41:30]	驶入 v->event
[2015-11-03 14:41:30]	出发 vi->event
[2015-11-03 14:41:30]	起航 vi->event
[2015-11-03 14:41:30]	出港 vi->event
[2015-11-03 14:41:30]	离开 v->event
[2015-11-03 14:41:30]	撤出 v->event
[2015-11-03 14:41:30]	途径 n->event
[2015-11-03 14:41:30]	驶过 v->event
[2015-11-03 14:41:30]	通过 p->event
[2015-11-03 14:41:30]	抵达 v->event
[2015-11-03 14:41:30]	到达 v->event
[2015-11-03 14:41:30]	至 d->event
[2015-11-03 14:41:30]	赶到 v->event
[2015-11-03 14:41:30]	停留 vi->event
[2015-11-03 14:41:30]	停靠 v->event
[2015-11-03 14:41:30]	访问 v->event
[2015-11-03 14:41:30]	到访 v->event
[2015-11-03 14:41:30]	返回 v->event
[2015-11-03 14:41:30]	回到 v->event
[2015-11-03 14:41:30]	前往 v->event
[2015-11-03 14:41:30]	开赴 v->event
[2015-11-03 14:41:30]	驶向 v->event
[2015-11-03 14:41:30]	靠近 v->event
[2015-11-03 14:41:30]	在 d->event
[2015-11-03 14:41:30]	出现 v->event
[2015-11-03 14:41:30]	前往 v->event
[2015-11-03 14:41:30]	驶离 v->event
[2015-11-03 14:41:30]	驻扎 v->event
[2015-11-03 14:41:30]	驶入 v->event
[2015-11-03 14:41:30]	出发 vi->event
[2015-11-03 14:41:30]	起航 vi->event
[2015-11-03 14:41:30]	出港 vi->event
[2015-11-03 14:41:30]	离开 v->event
[2015-11-03 14:41:30]	撤出 v->event
[2015-11-03 14:41:30]	途径 n->event
[2015-11-03 14:41:30]	驶过 v->event
[2015-11-03 14:41:30]	通过 p->event
[2015-11-03 14:41:30]	抵达 v->event
[2015-11-03 14:41:30]	到达 v->event
[2015-11-03 14:41:30]	至 d->event
[2015-11-03 14:41:30]	赶到 v->event
[2015-11-03 14:41:30]	停留 vi->event
[2015-11-03 14:41:30]	停靠 v->event
[2015-11-03 14:41:30]	访问 v->event
[2015-11-03 14:41:30]	到访 v->event
[2015-11-03 14:41:30]	返回 v->event
[2015-11-03 14:41:30]	回到 v->event
[2015-11-03 14:41:30]	前往 v->event
[2015-11-03 14:41:30]	开赴 v->event
[2015-11-03 14:41:30]	驶向 v->event
[2015-11-03 14:41:30]	靠近 v->event
[2015-11-03 14:41:30]	在 d->event
[2015-11-03 14:41:30]	出现 v->event
[2015-11-03 14:41:30]	前往 v->event
[2015-11-03 14:41:30]	驶离 v->event
[2015-11-03 14:41:30]	驻扎 v->event
[2015-11-03 14:41:30]	驶入 v->event
[2015-11-03 14:41:30]	出发 vi->event
[2015-11-03 14:41:30]	起航 vi->event
[2015-11-03 14:41:30]	出港 vi->event
[2015-11-03 14:41:30]	离开 v->event
[2015-11-03 14:41:30]	撤出 v->event
[2015-11-03 14:41:30]	途径 n->event
[2015-11-03 14:41:30]	驶过 v->event
[2015-11-03 14:41:30]	通过 p->event
[2015-11-03 14:41:30]	抵达 v->event
[2015-11-03 14:41:30]	到达 v->event
[2015-11-03 14:41:30]	至 d->event
[2015-11-03 14:41:30]	赶到 v->event
[2015-11-03 14:41:30]	停留 vi->event
[2015-11-03 14:41:30]	停靠 v->event
[2015-11-03 14:41:30]	访问 v->event
[2015-11-03 14:41:30]	到访 v->event
[2015-11-03 14:41:30]	返回 v->event
[2015-11-03 14:41:30]	回到 v->event
[2015-11-03 14:41:30]	前往 v->event
[2015-11-03 14:41:30]	开赴 v->event
[2015-11-03 14:41:30]	驶向 v->event
[2015-11-03 14:41:30]	靠近 v->event
[2015-11-03 14:41:30]	在 d->event
[2015-11-03 14:41:30]	出现 v->event
[2015-11-03 14:41:30]	前往 v->event
[2015-11-03 14:41:30]	驶离 v->event
[2015-11-03 14:41:30]	驻扎 v->event
[2015-11-03 14:41:30]	驶入 v->event
[2015-11-03 14:41:30]	出发 vi->event
[2015-11-03 14:41:30]	起航 vi->event
[2015-11-03 14:41:30]	出港 vi->event
[2015-11-03 14:41:30]	离开 v->event
[2015-11-03 14:41:30]	撤出 v->event
[2015-11-03 14:41:30]	途径 n->event
[2015-11-03 14:41:30]	驶过 v->event
[2015-11-03 14:41:30]	通过 p->event
[2015-11-03 14:41:30]	抵达 v->event
[2015-11-03 14:41:30]	到达 v->event
[2015-11-03 14:41:30]	至 d->event
[2015-11-03 14:41:30]	赶到 v->event
[2015-11-03 14:41:30]	停留 vi->event
[2015-11-03 14:41:30]	停靠 v->event
[2015-11-03 14:41:30]	访问 v->event
[2015-11-03 14:41:30]	到访 v->event
[2015-11-03 14:41:30]	返回 v->event
[2015-11-03 14:41:30]	回到 v->event
[2015-11-03 14:41:30]	前往 v->event
[2015-11-03 14:41:30]	开赴 v->event
[2015-11-03 14:41:30]	驶向 v->event
[2015-11-03 14:41:30]	靠近 v->event
[2015-11-03 14:41:30]	在 d->event
[2015-11-03 14:41:30]	出现 v->event
[2015-11-03 14:41:30]	前往 v->event
[2015-11-03 14:41:30]	驶离 v->event
[2015-11-03 14:41:30]	驻扎 v->event
[2015-11-03 14:41:30]	驶入 v->event
[2015-11-03 14:42:51]	出发 vi->event
[2015-11-03 14:42:51]	起航 vi->event
[2015-11-03 14:42:51]	出港 vi->event
[2015-11-03 14:42:51]	离开 v->event
[2015-11-03 14:42:51]	撤出 v->event
[2015-11-03 14:42:51]	途径 n->event
[2015-11-03 14:42:51]	驶过 v->event
[2015-11-03 14:42:51]	通过 p->event
[2015-11-03 14:42:51]	抵达 v->event
[2015-11-03 14:42:51]	到达 v->event
[2015-11-03 14:42:51]	至 d->event
[2015-11-03 14:42:51]	赶到 v->event
[2015-11-03 14:42:51]	停留 vi->event
[2015-11-03 14:42:51]	停靠 v->event
[2015-11-03 14:42:51]	访问 v->event
[2015-11-03 14:42:51]	到访 v->event
[2015-11-03 14:42:51]	返回 v->event
[2015-11-03 14:42:51]	回到 v->event
[2015-11-03 14:42:51]	前往 v->event
[2015-11-03 14:42:51]	开赴 v->event
[2015-11-03 14:42:51]	驶向 v->event
[2015-11-03 14:42:51]	靠近 v->event
[2015-11-03 14:42:51]	在 d->event
[2015-11-03 14:42:51]	出现 v->event
[2015-11-03 14:42:51]	前往 v->event
[2015-11-03 14:42:51]	驶离 v->event
[2015-11-03 14:42:51]	驻扎 v->event
[2015-11-03 14:42:51]	驶入 v->event
[2015-11-03 14:42:51]	出发 vi->event
[2015-11-03 14:42:51]	起航 vi->event
[2015-11-03 14:42:51]	出港 vi->event
[2015-11-03 14:42:51]	离开 v->event
[2015-11-03 14:42:51]	撤出 v->event
[2015-11-03 14:42:51]	途径 n->event
[2015-11-03 14:42:51]	驶过 v->event
[2015-11-03 14:42:51]	通过 p->event
[2015-11-03 14:42:51]	抵达 v->event
[2015-11-03 14:42:51]	到达 v->event
[2015-11-03 14:42:51]	至 d->event
[2015-11-03 14:42:51]	赶到 v->event
[2015-11-03 14:42:51]	停留 vi->event
[2015-11-03 14:42:51]	停靠 v->event
[2015-11-03 14:42:51]	访问 v->event
[2015-11-03 14:42:51]	到访 v->event
[2015-11-03 14:42:51]	返回 v->event
[2015-11-03 14:42:51]	回到 v->event
[2015-11-03 14:42:51]	前往 v->event
[2015-11-03 14:42:51]	开赴 v->event
[2015-11-03 14:42:51]	驶向 v->event
[2015-11-03 14:42:51]	靠近 v->event
[2015-11-03 14:42:51]	在 d->event
[2015-11-03 14:42:51]	出现 v->event
[2015-11-03 14:42:51]	前往 v->event
[2015-11-03 14:42:51]	驶离 v->event
[2015-11-03 14:42:51]	驻扎 v->event
[2015-11-03 14:42:51]	驶入 v->event
[2015-11-03 14:43:49]	出发 vi->event
[2015-11-03 14:43:49]	起航 vi->event
[2015-11-03 14:43:49]	出港 vi->event
[2015-11-03 14:43:49]	离开 v->event
[2015-11-03 14:43:49]	撤出 v->event
[2015-11-03 14:43:49]	途径 n->event
[2015-11-03 14:43:49]	驶过 v->event
[2015-11-03 14:43:49]	通过 p->event
[2015-11-03 14:43:49]	抵达 v->event
[2015-11-03 14:43:49]	到达 v->event
[2015-11-03 14:43:49]	至 d->event
[2015-11-03 14:43:49]	赶到 v->event
[2015-11-03 14:43:49]	停留 vi->event
[2015-11-03 14:43:49]	停靠 v->event
[2015-11-03 14:43:49]	访问 v->event
[2015-11-03 14:43:49]	到访 v->event
[2015-11-03 14:43:49]	返回 v->event
[2015-11-03 14:43:49]	回到 v->event
[2015-11-03 14:43:49]	前往 v->event
[2015-11-03 14:43:49]	开赴 v->event
[2015-11-03 14:43:49]	驶向 v->event
[2015-11-03 14:43:49]	靠近 v->event
[2015-11-03 14:43:49]	在 d->event
[2015-11-03 14:43:49]	出现 v->event
[2015-11-03 14:43:49]	前往 v->event
[2015-11-03 14:43:49]	驶离 v->event
[2015-11-03 14:43:49]	驻扎 v->event
[2015-11-03 14:43:49]	驶入 v->event
[2015-11-03 14:43:49]	出发 vi->event
[2015-11-03 14:43:49]	起航 vi->event
[2015-11-03 14:43:49]	出港 vi->event
[2015-11-03 14:43:49]	离开 v->event
[2015-11-03 14:43:49]	撤出 v->event
[2015-11-03 14:43:49]	途径 n->event
[2015-11-03 14:43:49]	驶过 v->event
[2015-11-03 14:43:49]	通过 p->event
[2015-11-03 14:43:49]	抵达 v->event
[2015-11-03 14:43:49]	到达 v->event
[2015-11-03 14:43:49]	至 d->event
[2015-11-03 14:43:49]	赶到 v->event
[2015-11-03 14:43:49]	停留 vi->event
[2015-11-03 14:43:49]	停靠 v->event
[2015-11-03 14:43:49]	访问 v->event
[2015-11-03 14:43:49]	到访 v->event
[2015-11-03 14:43:49]	返回 v->event
[2015-11-03 14:43:49]	回到 v->event
[2015-11-03 14:43:49]	前往 v->event
[2015-11-03 14:43:49]	开赴 v->event
[2015-11-03 14:43:49]	驶向 v->event
[2015-11-03 14:43:49]	靠近 v->event
[2015-11-03 14:43:49]	在 d->event
[2015-11-03 14:43:49]	出现 v->event
[2015-11-03 14:43:49]	前往 v->event
[2015-11-03 14:43:49]	驶离 v->event
[2015-11-03 14:43:49]	驻扎 v->event
[2015-11-03 14:43:49]	驶入 v->event
[2015-11-03 14:43:49]	出发 vi->event
[2015-11-03 14:43:49]	起航 vi->event
[2015-11-03 14:43:49]	出港 vi->event
[2015-11-03 14:43:49]	离开 v->event
[2015-11-03 14:43:49]	撤出 v->event
[2015-11-03 14:43:49]	途径 n->event
[2015-11-03 14:43:49]	驶过 v->event
[2015-11-03 14:43:49]	通过 p->event
[2015-11-03 14:43:49]	抵达 v->event
[2015-11-03 14:43:49]	到达 v->event
[2015-11-03 14:43:49]	至 d->event
[2015-11-03 14:43:49]	赶到 v->event
[2015-11-03 14:43:49]	停留 vi->event
[2015-11-03 14:43:49]	停靠 v->event
[2015-11-03 14:43:49]	访问 v->event
[2015-11-03 14:43:49]	到访 v->event
[2015-11-03 14:43:49]	返回 v->event
[2015-11-03 14:43:49]	回到 v->event
[2015-11-03 14:43:49]	前往 v->event
[2015-11-03 14:43:49]	开赴 v->event
[2015-11-03 14:43:49]	驶向 v->event
[2015-11-03 14:43:49]	靠近 v->event
[2015-11-03 14:43:49]	在 d->event
[2015-11-03 14:43:49]	出现 v->event
[2015-11-03 14:43:49]	前往 v->event
[2015-11-03 14:43:49]	驶离 v->event
[2015-11-03 14:43:49]	驻扎 v->event
[2015-11-03 14:43:49]	驶入 v->event
[2015-11-03 14:43:49]	出发 vi->event
[2015-11-03 14:43:49]	起航 vi->event
[2015-11-03 14:43:49]	出港 vi->event
[2015-11-03 14:43:49]	离开 v->event
[2015-11-03 14:43:49]	撤出 v->event
[2015-11-03 14:43:49]	途径 n->event
[2015-11-03 14:43:49]	驶过 v->event
[2015-11-03 14:43:49]	通过 p->event
[2015-11-03 14:43:49]	抵达 v->event
[2015-11-03 14:43:49]	到达 v->event
[2015-11-03 14:43:49]	至 d->event
[2015-11-03 14:43:49]	赶到 v->event
[2015-11-03 14:43:49]	停留 vi->event
[2015-11-03 14:43:49]	停靠 v->event
[2015-11-03 14:43:49]	访问 v->event
[2015-11-03 14:43:49]	到访 v->event
[2015-11-03 14:43:49]	返回 v->event
[2015-11-03 14:43:49]	回到 v->event
[2015-11-03 14:43:49]	前往 v->event
[2015-11-03 14:43:49]	开赴 v->event
[2015-11-03 14:43:49]	驶向 v->event
[2015-11-03 14:43:49]	靠近 v->event
[2015-11-03 14:43:49]	在 d->event
[2015-11-03 14:43:49]	出现 v->event
[2015-11-03 14:43:49]	前往 v->event
[2015-11-03 14:43:49]	驶离 v->event
[2015-11-03 14:43:49]	驻扎 v->event
[2015-11-03 14:43:49]	驶入 v->event
[2015-11-03 14:43:49]	出发 vi->event
[2015-11-03 14:43:49]	起航 vi->event
[2015-11-03 14:43:49]	出港 vi->event
[2015-11-03 14:43:49]	离开 v->event
[2015-11-03 14:43:49]	撤出 v->event
[2015-11-03 14:43:49]	途径 n->event
[2015-11-03 14:43:49]	驶过 v->event
[2015-11-03 14:43:49]	通过 p->event
[2015-11-03 14:43:49]	抵达 v->event
[2015-11-03 14:43:49]	到达 v->event
[2015-11-03 14:43:50]	至 d->event
[2015-11-03 14:43:50]	赶到 v->event
[2015-11-03 14:43:50]	停留 vi->event
[2015-11-03 14:43:50]	停靠 v->event
[2015-11-03 14:43:50]	访问 v->event
[2015-11-03 14:43:50]	到访 v->event
[2015-11-03 14:43:50]	返回 v->event
[2015-11-03 14:43:50]	回到 v->event
[2015-11-03 14:43:50]	前往 v->event
[2015-11-03 14:43:50]	开赴 v->event
[2015-11-03 14:43:50]	驶向 v->event
[2015-11-03 14:43:50]	靠近 v->event
[2015-11-03 14:43:50]	在 d->event
[2015-11-03 14:43:50]	出现 v->event
[2015-11-03 14:43:50]	前往 v->event
[2015-11-03 14:43:50]	驶离 v->event
[2015-11-03 14:43:50]	驻扎 v->event
[2015-11-03 14:43:50]	驶入 v->event
[2015-11-03 14:43:50]	出发 vi->event
[2015-11-03 14:43:50]	起航 vi->event
[2015-11-03 14:43:50]	出港 vi->event
[2015-11-03 14:43:50]	离开 v->event
[2015-11-03 14:43:50]	撤出 v->event
[2015-11-03 14:43:50]	途径 n->event
[2015-11-03 14:43:50]	驶过 v->event
[2015-11-03 14:43:50]	通过 p->event
[2015-11-03 14:43:50]	抵达 v->event
[2015-11-03 14:43:50]	到达 v->event
[2015-11-03 14:43:50]	至 d->event
[2015-11-03 14:43:50]	赶到 v->event
[2015-11-03 14:43:50]	停留 vi->event
[2015-11-03 14:43:50]	停靠 v->event
[2015-11-03 14:43:50]	访问 v->event
[2015-11-03 14:43:50]	到访 v->event
[2015-11-03 14:43:50]	返回 v->event
[2015-11-03 14:43:50]	回到 v->event
[2015-11-03 14:43:50]	前往 v->event
[2015-11-03 14:43:50]	开赴 v->event
[2015-11-03 14:43:50]	驶向 v->event
[2015-11-03 14:43:50]	靠近 v->event
[2015-11-03 14:43:50]	在 d->event
[2015-11-03 14:43:50]	出现 v->event
[2015-11-03 14:43:50]	前往 v->event
[2015-11-03 14:43:50]	驶离 v->event
[2015-11-03 14:43:50]	驻扎 v->event
[2015-11-03 14:43:50]	驶入 v->event
[2015-11-03 14:47:41]	出发 vi->event
[2015-11-03 14:47:41]	起航 vi->event
[2015-11-03 14:47:41]	出港 vi->event
[2015-11-03 14:47:41]	离开 v->event
[2015-11-03 14:47:41]	撤出 v->event
[2015-11-03 14:47:41]	途径 n->event
[2015-11-03 14:47:41]	驶过 v->event
[2015-11-03 14:47:41]	通过 p->event
[2015-11-03 14:47:41]	抵达 v->event
[2015-11-03 14:47:41]	到达 v->event
[2015-11-03 14:47:41]	至 d->event
[2015-11-03 14:47:41]	赶到 v->event
[2015-11-03 14:47:41]	停留 vi->event
[2015-11-03 14:47:41]	停靠 v->event
[2015-11-03 14:47:41]	访问 v->event
[2015-11-03 14:47:41]	到访 v->event
[2015-11-03 14:47:41]	返回 v->event
[2015-11-03 14:47:41]	回到 v->event
[2015-11-03 14:47:41]	前往 v->event
[2015-11-03 14:47:41]	开赴 v->event
[2015-11-03 14:47:41]	驶向 v->event
[2015-11-03 14:47:41]	靠近 v->event
[2015-11-03 14:47:41]	在 d->event
[2015-11-03 14:47:41]	出现 v->event
[2015-11-03 14:47:41]	前往 v->event
[2015-11-03 14:47:41]	驶离 v->event
[2015-11-03 14:47:41]	驻扎 v->event
[2015-11-03 14:47:41]	驶入 v->event
[2015-11-03 14:47:41]	出发 vi->event
[2015-11-03 14:47:41]	起航 vi->event
[2015-11-03 14:47:41]	出港 vi->event
[2015-11-03 14:47:41]	离开 v->event
[2015-11-03 14:47:41]	撤出 v->event
[2015-11-03 14:47:41]	途径 n->event
[2015-11-03 14:47:41]	驶过 v->event
[2015-11-03 14:47:41]	通过 p->event
[2015-11-03 14:47:41]	抵达 v->event
[2015-11-03 14:47:41]	到达 v->event
[2015-11-03 14:47:41]	至 d->event
[2015-11-03 14:47:41]	赶到 v->event
[2015-11-03 14:47:41]	停留 vi->event
[2015-11-03 14:47:41]	停靠 v->event
[2015-11-03 14:47:41]	访问 v->event
[2015-11-03 14:47:41]	到访 v->event
[2015-11-03 14:47:41]	返回 v->event
[2015-11-03 14:47:41]	回到 v->event
[2015-11-03 14:47:41]	前往 v->event
[2015-11-03 14:47:41]	开赴 v->event
[2015-11-03 14:47:41]	驶向 v->event
[2015-11-03 14:47:41]	靠近 v->event
[2015-11-03 14:47:41]	在 d->event
[2015-11-03 14:47:41]	出现 v->event
[2015-11-03 14:47:41]	前往 v->event
[2015-11-03 14:47:41]	驶离 v->event
[2015-11-03 14:47:41]	驻扎 v->event
[2015-11-03 14:47:41]	驶入 v->event
[2015-11-03 14:47:41]	出发 vi->event
[2015-11-03 14:47:41]	起航 vi->event
[2015-11-03 14:47:41]	出港 vi->event
[2015-11-03 14:47:41]	离开 v->event
[2015-11-03 14:47:41]	撤出 v->event
[2015-11-03 14:47:41]	途径 n->event
[2015-11-03 14:47:41]	驶过 v->event
[2015-11-03 14:47:41]	通过 p->event
[2015-11-03 14:47:41]	抵达 v->event
[2015-11-03 14:47:41]	到达 v->event
[2015-11-03 14:47:41]	至 d->event
[2015-11-03 14:47:41]	赶到 v->event
[2015-11-03 14:47:41]	停留 vi->event
[2015-11-03 14:47:41]	停靠 v->event
[2015-11-03 14:47:41]	访问 v->event
[2015-11-03 14:47:41]	到访 v->event
[2015-11-03 14:47:41]	返回 v->event
[2015-11-03 14:47:41]	回到 v->event
[2015-11-03 14:47:41]	前往 v->event
[2015-11-03 14:47:41]	开赴 v->event
[2015-11-03 14:47:41]	驶向 v->event
[2015-11-03 14:47:41]	靠近 v->event
[2015-11-03 14:47:41]	在 d->event
[2015-11-03 14:47:41]	出现 v->event
[2015-11-03 14:47:41]	前往 v->event
[2015-11-03 14:47:41]	驶离 v->event
[2015-11-03 14:47:41]	驻扎 v->event
[2015-11-03 14:47:41]	驶入 v->event
[2015-11-03 14:47:41]	出发 vi->event
[2015-11-03 14:47:41]	起航 vi->event
[2015-11-03 14:47:41]	出港 vi->event
[2015-11-03 14:47:41]	离开 v->event
[2015-11-03 14:47:41]	撤出 v->event
[2015-11-03 14:47:41]	途径 n->event
[2015-11-03 14:47:41]	驶过 v->event
[2015-11-03 14:47:41]	通过 p->event
[2015-11-03 14:47:41]	抵达 v->event
[2015-11-03 14:47:41]	到达 v->event
[2015-11-03 14:47:41]	至 d->event
[2015-11-03 14:47:41]	赶到 v->event
[2015-11-03 14:47:41]	停留 vi->event
[2015-11-03 14:47:41]	停靠 v->event
[2015-11-03 14:47:41]	访问 v->event
[2015-11-03 14:47:41]	到访 v->event
[2015-11-03 14:47:41]	返回 v->event
[2015-11-03 14:47:41]	回到 v->event
[2015-11-03 14:47:41]	前往 v->event
[2015-11-03 14:47:41]	开赴 v->event
[2015-11-03 14:47:41]	驶向 v->event
[2015-11-03 14:47:41]	靠近 v->event
[2015-11-03 14:47:41]	在 d->event
[2015-11-03 14:47:41]	出现 v->event
[2015-11-03 14:47:41]	前往 v->event
[2015-11-03 14:47:41]	驶离 v->event
[2015-11-03 14:47:41]	驻扎 v->event
[2015-11-03 14:47:41]	驶入 v->event
[2015-11-03 14:47:41]	出发 vi->event
[2015-11-03 14:47:41]	起航 vi->event
[2015-11-03 14:47:41]	出港 vi->event
[2015-11-03 14:47:41]	离开 v->event
[2015-11-03 14:47:41]	撤出 v->event
[2015-11-03 14:47:41]	途径 n->event
[2015-11-03 14:47:41]	驶过 v->event
[2015-11-03 14:47:41]	通过 p->event
[2015-11-03 14:47:41]	抵达 v->event
[2015-11-03 14:47:41]	到达 v->event
[2015-11-03 14:47:41]	至 d->event
[2015-11-03 14:47:41]	赶到 v->event
[2015-11-03 14:47:41]	停留 vi->event
[2015-11-03 14:47:41]	停靠 v->event
[2015-11-03 14:47:41]	访问 v->event
[2015-11-03 14:47:41]	到访 v->event
[2015-11-03 14:47:41]	返回 v->event
[2015-11-03 14:47:41]	回到 v->event
[2015-11-03 14:47:41]	前往 v->event
[2015-11-03 14:47:41]	开赴 v->event
[2015-11-03 14:47:41]	驶向 v->event
[2015-11-03 14:47:41]	靠近 v->event
[2015-11-03 14:47:41]	在 d->event
[2015-11-03 14:47:41]	出现 v->event
[2015-11-03 14:47:41]	前往 v->event
[2015-11-03 14:47:41]	驶离 v->event
[2015-11-03 14:47:41]	驻扎 v->event
[2015-11-03 14:47:41]	驶入 v->event
[2015-11-03 14:47:41]	出发 vi->event
[2015-11-03 14:47:41]	起航 vi->event
[2015-11-03 14:47:41]	出港 vi->event
[2015-11-03 14:47:41]	离开 v->event
[2015-11-03 14:47:41]	撤出 v->event
[2015-11-03 14:47:41]	途径 n->event
[2015-11-03 14:47:41]	驶过 v->event
[2015-11-03 14:47:41]	通过 p->event
[2015-11-03 14:47:41]	抵达 v->event
[2015-11-03 14:47:41]	到达 v->event
[2015-11-03 14:47:41]	至 d->event
[2015-11-03 14:47:41]	赶到 v->event
[2015-11-03 14:47:41]	停留 vi->event
[2015-11-03 14:47:41]	停靠 v->event
[2015-11-03 14:47:41]	访问 v->event
[2015-11-03 14:47:41]	到访 v->event
[2015-11-03 14:47:41]	返回 v->event
[2015-11-03 14:47:41]	回到 v->event
[2015-11-03 14:47:41]	前往 v->event
[2015-11-03 14:47:41]	开赴 v->event
[2015-11-03 14:47:41]	驶向 v->event
[2015-11-03 14:47:41]	靠近 v->event
[2015-11-03 14:47:41]	在 d->event
[2015-11-03 14:47:41]	出现 v->event
[2015-11-03 14:47:41]	前往 v->event
[2015-11-03 14:47:41]	驶离 v->event
[2015-11-03 14:47:41]	驻扎 v->event
[2015-11-03 14:47:41]	驶入 v->event
[2015-11-03 14:47:41]	出发 vi->event
[2015-11-03 14:47:41]	起航 vi->event
[2015-11-03 14:47:41]	出港 vi->event
[2015-11-03 14:47:41]	离开 v->event
[2015-11-03 14:47:41]	撤出 v->event
[2015-11-03 14:47:41]	途径 n->event
[2015-11-03 14:47:41]	驶过 v->event
[2015-11-03 14:47:41]	通过 p->event
[2015-11-03 14:47:41]	抵达 v->event
[2015-11-03 14:47:41]	到达 v->event
[2015-11-03 14:47:41]	至 d->event
[2015-11-03 14:47:41]	赶到 v->event
[2015-11-03 14:47:41]	停留 vi->event
[2015-11-03 14:47:41]	停靠 v->event
[2015-11-03 14:47:41]	访问 v->event
[2015-11-03 14:47:41]	到访 v->event
[2015-11-03 14:47:41]	返回 v->event
[2015-11-03 14:47:41]	回到 v->event
[2015-11-03 14:47:41]	前往 v->event
[2015-11-03 14:47:41]	开赴 v->event
[2015-11-03 14:47:41]	驶向 v->event
[2015-11-03 14:47:41]	靠近 v->event
[2015-11-03 14:47:41]	在 d->event
[2015-11-03 14:47:41]	出现 v->event
[2015-11-03 14:47:41]	前往 v->event
[2015-11-03 14:47:41]	驶离 v->event
[2015-11-03 14:47:41]	驻扎 v->event
[2015-11-03 14:47:41]	驶入 v->event
[2015-11-03 14:54:19]	出发 vi->event
[2015-11-03 14:54:19]	起航 vi->event
[2015-11-03 14:54:19]	出港 vi->event
[2015-11-03 14:54:19]	离开 v->event
[2015-11-03 14:54:19]	撤出 v->event
[2015-11-03 14:54:19]	途径 n->event
[2015-11-03 14:54:19]	驶过 v->event
[2015-11-03 14:54:19]	通过 p->event
[2015-11-03 14:54:19]	抵达 v->event
[2015-11-03 14:54:19]	到达 v->event
[2015-11-03 14:54:19]	至 d->event
[2015-11-03 14:54:19]	赶到 v->event
[2015-11-03 14:54:19]	停留 vi->event
[2015-11-03 14:54:19]	停靠 v->event
[2015-11-03 14:54:19]	访问 v->event
[2015-11-03 14:54:19]	到访 v->event
[2015-11-03 14:54:19]	返回 v->event
[2015-11-03 14:54:19]	回到 v->event
[2015-11-03 14:54:19]	前往 v->event
[2015-11-03 14:54:19]	开赴 v->event
[2015-11-03 14:54:19]	驶向 v->event
[2015-11-03 14:54:19]	靠近 v->event
[2015-11-03 14:54:19]	在 d->event
[2015-11-03 14:54:19]	出现 v->event
[2015-11-03 14:54:19]	前往 v->event
[2015-11-03 14:54:19]	驶离 v->event
[2015-11-03 14:54:19]	驻扎 v->event
[2015-11-03 14:54:19]	驶入 v->event
[2015-11-03 14:54:19]	出发 vi->event
[2015-11-03 14:54:19]	起航 vi->event
[2015-11-03 14:54:19]	出港 vi->event
[2015-11-03 14:54:19]	离开 v->event
[2015-11-03 14:54:19]	撤出 v->event
[2015-11-03 14:54:19]	途径 n->event
[2015-11-03 14:54:19]	驶过 v->event
[2015-11-03 14:54:19]	通过 p->event
[2015-11-03 14:54:19]	抵达 v->event
[2015-11-03 14:54:19]	到达 v->event
[2015-11-03 14:54:19]	至 d->event
[2015-11-03 14:54:19]	赶到 v->event
[2015-11-03 14:54:19]	停留 vi->event
[2015-11-03 14:54:19]	停靠 v->event
[2015-11-03 14:54:19]	访问 v->event
[2015-11-03 14:54:19]	到访 v->event
[2015-11-03 14:54:19]	返回 v->event
[2015-11-03 14:54:19]	回到 v->event
[2015-11-03 14:54:19]	前往 v->event
[2015-11-03 14:54:19]	开赴 v->event
[2015-11-03 14:54:19]	驶向 v->event
[2015-11-03 14:54:19]	靠近 v->event
[2015-11-03 14:54:19]	在 d->event
[2015-11-03 14:54:19]	出现 v->event
[2015-11-03 14:54:19]	前往 v->event
[2015-11-03 14:54:19]	驶离 v->event
[2015-11-03 14:54:19]	驻扎 v->event
[2015-11-03 14:54:19]	驶入 v->event
