[2015-10-16 00:05:51]	出发 vi->event
[2015-10-16 00:05:51]	起航 vi->event
[2015-10-16 00:05:51]	出港 vi->event
[2015-10-16 00:05:51]	离开 v->event
[2015-10-16 00:05:51]	撤出 v->event
[2015-10-16 00:05:51]	途径 n->event
[2015-10-16 00:05:51]	驶过 v->event
[2015-10-16 00:05:51]	通过 p->event
[2015-10-16 00:05:51]	抵达 v->event
[2015-10-16 00:05:51]	到达 v->event
[2015-10-16 00:05:51]	至 d->event
[2015-10-16 00:05:51]	赶到 v->event
[2015-10-16 00:05:51]	停留 vi->event
[2015-10-16 00:05:51]	停靠 v->event
[2015-10-16 00:05:51]	访问 v->event
[2015-10-16 00:05:51]	到访 v->event
[2015-10-16 00:05:51]	返回 v->event
[2015-10-16 00:05:51]	回到 v->event
[2015-10-16 00:05:51]	前往 v->event
[2015-10-16 00:05:51]	开赴 v->event
[2015-10-16 00:05:51]	驶向 v->event
[2015-10-16 00:05:51]	靠近 v->event
[2015-10-16 00:05:51]	在 d->event
[2015-10-16 00:05:51]	出现 v->event
[2015-10-16 00:05:51]	出发 vi->event
[2015-10-16 00:05:51]	起航 vi->event
[2015-10-16 00:05:51]	出港 vi->event
[2015-10-16 00:05:51]	离开 v->event
[2015-10-16 00:05:51]	撤出 v->event
[2015-10-16 00:05:51]	途径 n->event
[2015-10-16 00:05:51]	驶过 v->event
[2015-10-16 00:05:51]	通过 p->event
[2015-10-16 00:05:51]	抵达 v->event
[2015-10-16 00:05:51]	到达 v->event
[2015-10-16 00:05:51]	至 d->event
[2015-10-16 00:05:51]	赶到 v->event
[2015-10-16 00:05:51]	停留 vi->event
[2015-10-16 00:05:51]	停靠 v->event
[2015-10-16 00:05:51]	访问 v->event
[2015-10-16 00:05:51]	到访 v->event
[2015-10-16 00:05:51]	返回 v->event
[2015-10-16 00:05:51]	回到 v->event
[2015-10-16 00:05:51]	前往 v->event
[2015-10-16 00:05:51]	开赴 v->event
[2015-10-16 00:05:51]	驶向 v->event
[2015-10-16 00:05:51]	靠近 v->event
[2015-10-16 00:05:51]	在 d->event
[2015-10-16 00:05:51]	出现 v->event
[2015-10-16 00:06:48]	出发 vi->event
[2015-10-16 00:06:48]	起航 vi->event
[2015-10-16 00:06:48]	出港 vi->event
[2015-10-16 00:06:48]	离开 v->event
[2015-10-16 00:06:48]	撤出 v->event
[2015-10-16 00:06:48]	途径 n->event
[2015-10-16 00:06:48]	驶过 v->event
[2015-10-16 00:06:48]	通过 p->event
[2015-10-16 00:06:48]	抵达 v->event
[2015-10-16 00:06:48]	到达 v->event
[2015-10-16 00:06:48]	至 d->event
[2015-10-16 00:06:48]	赶到 v->event
[2015-10-16 00:06:48]	停留 vi->event
[2015-10-16 00:06:48]	停靠 v->event
[2015-10-16 00:06:48]	访问 v->event
[2015-10-16 00:06:48]	到访 v->event
[2015-10-16 00:06:48]	返回 v->event
[2015-10-16 00:06:48]	回到 v->event
[2015-10-16 00:06:48]	前往 v->event
[2015-10-16 00:06:48]	开赴 v->event
[2015-10-16 00:06:48]	驶向 v->event
[2015-10-16 00:06:48]	靠近 v->event
[2015-10-16 00:06:48]	在 d->event
[2015-10-16 00:06:48]	出现 v->event
[2015-10-16 00:06:48]	出发 vi->event
[2015-10-16 00:06:48]	起航 vi->event
[2015-10-16 00:06:48]	出港 vi->event
[2015-10-16 00:06:48]	离开 v->event
[2015-10-16 00:06:48]	撤出 v->event
[2015-10-16 00:06:48]	途径 n->event
[2015-10-16 00:06:48]	驶过 v->event
[2015-10-16 00:06:48]	通过 p->event
[2015-10-16 00:06:48]	抵达 v->event
[2015-10-16 00:06:48]	到达 v->event
[2015-10-16 00:06:48]	至 d->event
[2015-10-16 00:06:48]	赶到 v->event
[2015-10-16 00:06:48]	停留 vi->event
[2015-10-16 00:06:48]	停靠 v->event
[2015-10-16 00:06:48]	访问 v->event
[2015-10-16 00:06:48]	到访 v->event
[2015-10-16 00:06:48]	返回 v->event
[2015-10-16 00:06:48]	回到 v->event
[2015-10-16 00:06:48]	前往 v->event
[2015-10-16 00:06:48]	开赴 v->event
[2015-10-16 00:06:48]	驶向 v->event
[2015-10-16 00:06:48]	靠近 v->event
[2015-10-16 00:06:48]	在 d->event
[2015-10-16 00:06:48]	出现 v->event
[2015-10-16 00:07:15]	出发 vi->event
[2015-10-16 00:07:15]	起航 vi->event
[2015-10-16 00:07:15]	出港 vi->event
[2015-10-16 00:07:15]	离开 v->event
[2015-10-16 00:07:15]	撤出 v->event
[2015-10-16 00:07:15]	途径 n->event
[2015-10-16 00:07:15]	驶过 v->event
[2015-10-16 00:07:15]	通过 p->event
[2015-10-16 00:07:15]	抵达 v->event
[2015-10-16 00:07:15]	到达 v->event
[2015-10-16 00:07:15]	至 d->event
[2015-10-16 00:07:15]	赶到 v->event
[2015-10-16 00:07:15]	停留 vi->event
[2015-10-16 00:07:15]	停靠 v->event
[2015-10-16 00:07:15]	访问 v->event
[2015-10-16 00:07:15]	到访 v->event
[2015-10-16 00:07:15]	返回 v->event
[2015-10-16 00:07:15]	回到 v->event
[2015-10-16 00:07:15]	前往 v->event
[2015-10-16 00:07:15]	开赴 v->event
[2015-10-16 00:07:15]	驶向 v->event
[2015-10-16 00:07:15]	靠近 v->event
[2015-10-16 00:07:15]	在 d->event
[2015-10-16 00:07:15]	出现 v->event
[2015-10-16 00:07:15]	出发 vi->event
[2015-10-16 00:07:15]	起航 vi->event
[2015-10-16 00:07:15]	出港 vi->event
[2015-10-16 00:07:15]	离开 v->event
[2015-10-16 00:07:15]	撤出 v->event
[2015-10-16 00:07:15]	途径 n->event
[2015-10-16 00:07:15]	驶过 v->event
[2015-10-16 00:07:15]	通过 p->event
[2015-10-16 00:07:15]	抵达 v->event
[2015-10-16 00:07:15]	到达 v->event
[2015-10-16 00:07:15]	至 d->event
[2015-10-16 00:07:15]	赶到 v->event
[2015-10-16 00:07:15]	停留 vi->event
[2015-10-16 00:07:15]	停靠 v->event
[2015-10-16 00:07:15]	访问 v->event
[2015-10-16 00:07:15]	到访 v->event
[2015-10-16 00:07:15]	返回 v->event
[2015-10-16 00:07:15]	回到 v->event
[2015-10-16 00:07:15]	前往 v->event
[2015-10-16 00:07:15]	开赴 v->event
[2015-10-16 00:07:15]	驶向 v->event
[2015-10-16 00:07:15]	靠近 v->event
[2015-10-16 00:07:15]	在 d->event
[2015-10-16 00:07:15]	出现 v->event
[2015-10-16 00:12:58]	出发 vi->event
[2015-10-16 00:12:58]	起航 vi->event
[2015-10-16 00:12:58]	出港 vi->event
[2015-10-16 00:12:58]	离开 v->event
[2015-10-16 00:12:58]	撤出 v->event
[2015-10-16 00:12:58]	途径 n->event
[2015-10-16 00:12:58]	驶过 v->event
[2015-10-16 00:12:58]	通过 p->event
[2015-10-16 00:12:58]	抵达 v->event
[2015-10-16 00:12:58]	到达 v->event
[2015-10-16 00:12:58]	至 d->event
[2015-10-16 00:12:58]	赶到 v->event
[2015-10-16 00:12:58]	停留 vi->event
[2015-10-16 00:12:58]	停靠 v->event
[2015-10-16 00:12:58]	访问 v->event
[2015-10-16 00:12:58]	到访 v->event
[2015-10-16 00:12:58]	返回 v->event
[2015-10-16 00:12:58]	回到 v->event
[2015-10-16 00:12:58]	前往 v->event
[2015-10-16 00:12:58]	开赴 v->event
[2015-10-16 00:12:58]	驶向 v->event
[2015-10-16 00:12:58]	靠近 v->event
[2015-10-16 00:12:58]	在 d->event
[2015-10-16 00:12:58]	出现 v->event
[2015-10-16 00:12:58]	出发 vi->event
[2015-10-16 00:12:58]	起航 vi->event
[2015-10-16 00:12:58]	出港 vi->event
[2015-10-16 00:12:58]	离开 v->event
[2015-10-16 00:12:58]	撤出 v->event
[2015-10-16 00:12:58]	途径 n->event
[2015-10-16 00:12:58]	驶过 v->event
[2015-10-16 00:12:58]	通过 p->event
[2015-10-16 00:12:58]	抵达 v->event
[2015-10-16 00:12:58]	到达 v->event
[2015-10-16 00:12:58]	至 d->event
[2015-10-16 00:12:58]	赶到 v->event
[2015-10-16 00:12:58]	停留 vi->event
[2015-10-16 00:12:58]	停靠 v->event
[2015-10-16 00:12:58]	访问 v->event
[2015-10-16 00:12:58]	到访 v->event
[2015-10-16 00:12:58]	返回 v->event
[2015-10-16 00:12:58]	回到 v->event
[2015-10-16 00:12:58]	前往 v->event
[2015-10-16 00:12:58]	开赴 v->event
[2015-10-16 00:12:58]	驶向 v->event
[2015-10-16 00:12:58]	靠近 v->event
[2015-10-16 00:12:58]	在 d->event
[2015-10-16 00:12:58]	出现 v->event
