[2015-10-15 23:20:44]	出发 vi->event
[2015-10-15 23:20:44]	起航 vi->event
[2015-10-15 23:20:44]	出港 vi->event
[2015-10-15 23:20:44]	离开 v->event
[2015-10-15 23:20:44]	撤出 v->event
[2015-10-15 23:20:44]	途径 n->event
[2015-10-15 23:20:44]	驶过 v->event
[2015-10-15 23:20:44]	通过 p->event
[2015-10-15 23:20:44]	抵达 v->event
[2015-10-15 23:20:44]	到达 v->event
[2015-10-15 23:20:44]	至 d->event
[2015-10-15 23:20:44]	赶到 v->event
[2015-10-15 23:20:44]	停留 vi->event
[2015-10-15 23:20:44]	停靠 v->event
[2015-10-15 23:20:44]	访问 v->event
[2015-10-15 23:20:44]	到访 v->event
[2015-10-15 23:20:44]	返回 v->event
[2015-10-15 23:20:44]	回到 v->event
[2015-10-15 23:20:44]	前往 v->event
[2015-10-15 23:20:44]	开赴 v->event
[2015-10-15 23:20:44]	驶向 v->event
[2015-10-15 23:20:44]	靠近 v->event
[2015-10-15 23:20:44]	在 d->event
[2015-10-15 23:20:44]	出现 v->event
[2015-10-15 23:20:44]	出发 vi->event
[2015-10-15 23:20:44]	起航 vi->event
[2015-10-15 23:20:44]	出港 vi->event
[2015-10-15 23:20:44]	离开 v->event
[2015-10-15 23:20:44]	撤出 v->event
[2015-10-15 23:20:44]	途径 n->event
[2015-10-15 23:20:44]	驶过 v->event
[2015-10-15 23:20:44]	通过 p->event
[2015-10-15 23:20:44]	抵达 v->event
[2015-10-15 23:20:44]	到达 v->event
[2015-10-15 23:20:44]	至 d->event
[2015-10-15 23:20:44]	赶到 v->event
[2015-10-15 23:20:44]	停留 vi->event
[2015-10-15 23:20:44]	停靠 v->event
[2015-10-15 23:20:44]	访问 v->event
[2015-10-15 23:20:44]	到访 v->event
[2015-10-15 23:20:44]	返回 v->event
[2015-10-15 23:20:44]	回到 v->event
[2015-10-15 23:20:44]	前往 v->event
[2015-10-15 23:20:44]	开赴 v->event
[2015-10-15 23:20:44]	驶向 v->event
[2015-10-15 23:20:44]	靠近 v->event
[2015-10-15 23:20:44]	在 d->event
[2015-10-15 23:20:44]	出现 v->event
[2015-10-15 23:21:08]	出发 vi->event
[2015-10-15 23:21:08]	起航 vi->event
[2015-10-15 23:21:08]	出港 vi->event
[2015-10-15 23:21:08]	离开 v->event
[2015-10-15 23:21:08]	撤出 v->event
[2015-10-15 23:21:08]	途径 n->event
[2015-10-15 23:21:08]	驶过 v->event
[2015-10-15 23:21:08]	通过 p->event
[2015-10-15 23:21:08]	抵达 v->event
[2015-10-15 23:21:08]	到达 v->event
[2015-10-15 23:21:08]	至 d->event
[2015-10-15 23:21:08]	赶到 v->event
[2015-10-15 23:21:08]	停留 vi->event
[2015-10-15 23:21:08]	停靠 v->event
[2015-10-15 23:21:08]	访问 v->event
[2015-10-15 23:21:08]	到访 v->event
[2015-10-15 23:21:08]	返回 v->event
[2015-10-15 23:21:08]	回到 v->event
[2015-10-15 23:21:08]	前往 v->event
[2015-10-15 23:21:08]	开赴 v->event
[2015-10-15 23:21:08]	驶向 v->event
[2015-10-15 23:21:08]	靠近 v->event
[2015-10-15 23:21:08]	在 d->event
[2015-10-15 23:21:08]	出现 v->event
[2015-10-15 23:21:08]	出发 vi->event
[2015-10-15 23:21:08]	起航 vi->event
[2015-10-15 23:21:08]	出港 vi->event
[2015-10-15 23:21:08]	离开 v->event
[2015-10-15 23:21:08]	撤出 v->event
[2015-10-15 23:21:08]	途径 n->event
[2015-10-15 23:21:08]	驶过 v->event
[2015-10-15 23:21:08]	通过 p->event
[2015-10-15 23:21:08]	抵达 v->event
[2015-10-15 23:21:08]	到达 v->event
[2015-10-15 23:21:08]	至 d->event
[2015-10-15 23:21:08]	赶到 v->event
[2015-10-15 23:21:08]	停留 vi->event
[2015-10-15 23:21:08]	停靠 v->event
[2015-10-15 23:21:08]	访问 v->event
[2015-10-15 23:21:08]	到访 v->event
[2015-10-15 23:21:08]	返回 v->event
[2015-10-15 23:21:08]	回到 v->event
[2015-10-15 23:21:08]	前往 v->event
[2015-10-15 23:21:08]	开赴 v->event
[2015-10-15 23:21:08]	驶向 v->event
[2015-10-15 23:21:08]	靠近 v->event
[2015-10-15 23:21:08]	在 d->event
[2015-10-15 23:21:08]	出现 v->event
[2015-10-15 23:39:56]	出发 vi->event
[2015-10-15 23:39:56]	起航 vi->event
[2015-10-15 23:39:56]	出港 vi->event
[2015-10-15 23:39:56]	离开 v->event
[2015-10-15 23:39:56]	撤出 v->event
[2015-10-15 23:39:56]	途径 n->event
[2015-10-15 23:39:56]	驶过 v->event
[2015-10-15 23:39:56]	通过 p->event
[2015-10-15 23:39:56]	抵达 v->event
[2015-10-15 23:39:56]	到达 v->event
[2015-10-15 23:39:56]	至 d->event
[2015-10-15 23:39:56]	赶到 v->event
[2015-10-15 23:39:56]	停留 vi->event
[2015-10-15 23:39:56]	停靠 v->event
[2015-10-15 23:39:56]	访问 v->event
[2015-10-15 23:39:56]	到访 v->event
[2015-10-15 23:39:56]	返回 v->event
[2015-10-15 23:39:56]	回到 v->event
[2015-10-15 23:39:56]	前往 v->event
[2015-10-15 23:39:56]	开赴 v->event
[2015-10-15 23:39:56]	驶向 v->event
[2015-10-15 23:39:56]	靠近 v->event
[2015-10-15 23:39:56]	在 d->event
[2015-10-15 23:39:56]	出现 v->event
[2015-10-15 23:40:56]	出发 vi->event
[2015-10-15 23:40:56]	起航 vi->event
[2015-10-15 23:40:56]	出港 vi->event
[2015-10-15 23:40:56]	离开 v->event
[2015-10-15 23:40:56]	撤出 v->event
[2015-10-15 23:40:56]	途径 n->event
[2015-10-15 23:40:56]	驶过 v->event
[2015-10-15 23:40:56]	通过 p->event
[2015-10-15 23:40:56]	抵达 v->event
[2015-10-15 23:40:56]	到达 v->event
[2015-10-15 23:40:56]	至 d->event
[2015-10-15 23:40:56]	赶到 v->event
[2015-10-15 23:40:56]	停留 vi->event
[2015-10-15 23:40:56]	停靠 v->event
[2015-10-15 23:40:56]	访问 v->event
[2015-10-15 23:40:56]	到访 v->event
[2015-10-15 23:40:56]	返回 v->event
[2015-10-15 23:40:56]	回到 v->event
[2015-10-15 23:40:56]	前往 v->event
[2015-10-15 23:40:56]	开赴 v->event
[2015-10-15 23:40:56]	驶向 v->event
[2015-10-15 23:40:56]	靠近 v->event
[2015-10-15 23:40:56]	在 d->event
[2015-10-15 23:40:56]	出现 v->event
[2015-10-15 23:40:56]	出发 vi->event
[2015-10-15 23:40:56]	起航 vi->event
[2015-10-15 23:40:56]	出港 vi->event
[2015-10-15 23:40:56]	离开 v->event
[2015-10-15 23:40:56]	撤出 v->event
[2015-10-15 23:40:56]	途径 n->event
[2015-10-15 23:40:56]	驶过 v->event
[2015-10-15 23:40:56]	通过 p->event
[2015-10-15 23:40:56]	抵达 v->event
[2015-10-15 23:40:56]	到达 v->event
[2015-10-15 23:40:56]	至 d->event
[2015-10-15 23:40:56]	赶到 v->event
[2015-10-15 23:40:56]	停留 vi->event
[2015-10-15 23:40:56]	停靠 v->event
[2015-10-15 23:40:56]	访问 v->event
[2015-10-15 23:40:56]	到访 v->event
[2015-10-15 23:40:56]	返回 v->event
[2015-10-15 23:40:56]	回到 v->event
[2015-10-15 23:40:56]	前往 v->event
[2015-10-15 23:40:56]	开赴 v->event
[2015-10-15 23:40:56]	驶向 v->event
[2015-10-15 23:40:56]	靠近 v->event
[2015-10-15 23:40:56]	在 d->event
[2015-10-15 23:40:56]	出现 v->event
[2015-10-15 23:44:23]	出发 vi->event
[2015-10-15 23:44:23]	起航 vi->event
[2015-10-15 23:44:23]	出港 vi->event
[2015-10-15 23:44:23]	离开 v->event
[2015-10-15 23:44:23]	撤出 v->event
[2015-10-15 23:44:23]	途径 n->event
[2015-10-15 23:44:23]	驶过 v->event
[2015-10-15 23:44:23]	通过 p->event
[2015-10-15 23:44:23]	抵达 v->event
[2015-10-15 23:44:23]	到达 v->event
[2015-10-15 23:44:23]	至 d->event
[2015-10-15 23:44:23]	赶到 v->event
[2015-10-15 23:44:23]	停留 vi->event
[2015-10-15 23:44:23]	停靠 v->event
[2015-10-15 23:44:23]	访问 v->event
[2015-10-15 23:44:23]	到访 v->event
[2015-10-15 23:44:23]	返回 v->event
[2015-10-15 23:44:23]	回到 v->event
[2015-10-15 23:44:23]	前往 v->event
[2015-10-15 23:44:23]	开赴 v->event
[2015-10-15 23:44:23]	驶向 v->event
[2015-10-15 23:44:23]	靠近 v->event
[2015-10-15 23:44:23]	在 d->event
[2015-10-15 23:44:23]	出现 v->event
[2015-10-15 23:47:36]	出发 vi->event
[2015-10-15 23:47:36]	起航 vi->event
[2015-10-15 23:47:36]	出港 vi->event
[2015-10-15 23:47:36]	离开 v->event
[2015-10-15 23:47:36]	撤出 v->event
[2015-10-15 23:47:36]	途径 n->event
[2015-10-15 23:47:36]	驶过 v->event
[2015-10-15 23:47:36]	通过 p->event
[2015-10-15 23:47:36]	抵达 v->event
[2015-10-15 23:47:36]	到达 v->event
[2015-10-15 23:47:36]	至 d->event
[2015-10-15 23:47:36]	赶到 v->event
[2015-10-15 23:47:36]	停留 vi->event
[2015-10-15 23:47:36]	停靠 v->event
[2015-10-15 23:47:36]	访问 v->event
[2015-10-15 23:47:36]	到访 v->event
[2015-10-15 23:47:36]	返回 v->event
[2015-10-15 23:47:36]	回到 v->event
[2015-10-15 23:47:36]	前往 v->event
[2015-10-15 23:47:36]	开赴 v->event
[2015-10-15 23:47:36]	驶向 v->event
[2015-10-15 23:47:36]	靠近 v->event
[2015-10-15 23:47:36]	在 d->event
[2015-10-15 23:47:36]	出现 v->event
[2015-10-15 23:47:36]	出发 vi->event
[2015-10-15 23:47:36]	起航 vi->event
[2015-10-15 23:47:36]	出港 vi->event
[2015-10-15 23:47:36]	离开 v->event
[2015-10-15 23:47:36]	撤出 v->event
[2015-10-15 23:47:36]	途径 n->event
[2015-10-15 23:47:36]	驶过 v->event
[2015-10-15 23:47:36]	通过 p->event
[2015-10-15 23:47:36]	抵达 v->event
[2015-10-15 23:47:36]	到达 v->event
[2015-10-15 23:47:36]	至 d->event
[2015-10-15 23:47:36]	赶到 v->event
[2015-10-15 23:47:36]	停留 vi->event
[2015-10-15 23:47:36]	停靠 v->event
[2015-10-15 23:47:36]	访问 v->event
[2015-10-15 23:47:36]	到访 v->event
[2015-10-15 23:47:36]	返回 v->event
[2015-10-15 23:47:36]	回到 v->event
[2015-10-15 23:47:36]	前往 v->event
[2015-10-15 23:47:36]	开赴 v->event
[2015-10-15 23:47:36]	驶向 v->event
[2015-10-15 23:47:36]	靠近 v->event
[2015-10-15 23:47:36]	在 d->event
[2015-10-15 23:47:36]	出现 v->event
[2015-10-15 23:48:18]	出发 vi->event
[2015-10-15 23:48:18]	起航 vi->event
[2015-10-15 23:48:18]	出港 vi->event
[2015-10-15 23:48:18]	离开 v->event
[2015-10-15 23:48:18]	撤出 v->event
[2015-10-15 23:48:18]	途径 n->event
[2015-10-15 23:48:18]	驶过 v->event
[2015-10-15 23:48:18]	通过 p->event
[2015-10-15 23:48:18]	抵达 v->event
[2015-10-15 23:48:18]	到达 v->event
[2015-10-15 23:48:18]	至 d->event
[2015-10-15 23:48:18]	赶到 v->event
[2015-10-15 23:48:18]	停留 vi->event
[2015-10-15 23:48:18]	停靠 v->event
[2015-10-15 23:48:18]	访问 v->event
[2015-10-15 23:48:18]	到访 v->event
[2015-10-15 23:48:18]	返回 v->event
[2015-10-15 23:48:18]	回到 v->event
[2015-10-15 23:48:18]	前往 v->event
[2015-10-15 23:48:18]	开赴 v->event
[2015-10-15 23:48:18]	驶向 v->event
[2015-10-15 23:48:18]	靠近 v->event
[2015-10-15 23:48:18]	在 d->event
[2015-10-15 23:48:18]	出现 v->event
[2015-10-15 23:50:10]	出发 vi->event
[2015-10-15 23:50:10]	起航 vi->event
[2015-10-15 23:50:10]	出港 vi->event
[2015-10-15 23:50:10]	离开 v->event
[2015-10-15 23:50:10]	撤出 v->event
[2015-10-15 23:50:10]	途径 n->event
[2015-10-15 23:50:10]	驶过 v->event
[2015-10-15 23:50:10]	通过 p->event
[2015-10-15 23:50:10]	抵达 v->event
[2015-10-15 23:50:10]	到达 v->event
[2015-10-15 23:50:10]	至 d->event
[2015-10-15 23:50:10]	赶到 v->event
[2015-10-15 23:50:10]	停留 vi->event
[2015-10-15 23:50:10]	停靠 v->event
[2015-10-15 23:50:10]	访问 v->event
[2015-10-15 23:50:10]	到访 v->event
[2015-10-15 23:50:10]	返回 v->event
[2015-10-15 23:50:10]	回到 v->event
[2015-10-15 23:50:10]	前往 v->event
[2015-10-15 23:50:10]	开赴 v->event
[2015-10-15 23:50:10]	驶向 v->event
[2015-10-15 23:50:10]	靠近 v->event
[2015-10-15 23:50:10]	在 d->event
[2015-10-15 23:50:10]	出现 v->event
[2015-10-15 23:50:14]	出发 vi->event
[2015-10-15 23:50:14]	起航 vi->event
[2015-10-15 23:50:14]	出港 vi->event
[2015-10-15 23:50:14]	离开 v->event
[2015-10-15 23:50:14]	撤出 v->event
[2015-10-15 23:50:14]	途径 n->event
[2015-10-15 23:50:14]	驶过 v->event
[2015-10-15 23:50:14]	通过 p->event
[2015-10-15 23:50:14]	抵达 v->event
[2015-10-15 23:50:14]	到达 v->event
[2015-10-15 23:50:14]	至 d->event
[2015-10-15 23:50:14]	赶到 v->event
[2015-10-15 23:50:14]	停留 vi->event
[2015-10-15 23:50:14]	停靠 v->event
[2015-10-15 23:50:14]	访问 v->event
[2015-10-15 23:50:14]	到访 v->event
[2015-10-15 23:50:14]	返回 v->event
[2015-10-15 23:50:14]	回到 v->event
[2015-10-15 23:50:14]	前往 v->event
[2015-10-15 23:50:14]	开赴 v->event
[2015-10-15 23:50:14]	驶向 v->event
[2015-10-15 23:50:14]	靠近 v->event
[2015-10-15 23:50:14]	在 d->event
[2015-10-15 23:50:14]	出现 v->event
[2015-10-15 23:55:07]	出发 vi->event
[2015-10-15 23:55:07]	起航 vi->event
[2015-10-15 23:55:07]	出港 vi->event
[2015-10-15 23:55:07]	离开 v->event
[2015-10-15 23:55:07]	撤出 v->event
[2015-10-15 23:55:07]	途径 n->event
[2015-10-15 23:55:07]	驶过 v->event
[2015-10-15 23:55:07]	通过 p->event
[2015-10-15 23:55:07]	抵达 v->event
[2015-10-15 23:55:07]	到达 v->event
[2015-10-15 23:55:07]	至 d->event
[2015-10-15 23:55:07]	赶到 v->event
[2015-10-15 23:55:07]	停留 vi->event
[2015-10-15 23:55:07]	停靠 v->event
[2015-10-15 23:55:07]	访问 v->event
[2015-10-15 23:55:07]	到访 v->event
[2015-10-15 23:55:07]	返回 v->event
[2015-10-15 23:55:07]	回到 v->event
[2015-10-15 23:55:07]	前往 v->event
[2015-10-15 23:55:07]	开赴 v->event
[2015-10-15 23:55:07]	驶向 v->event
[2015-10-15 23:55:07]	靠近 v->event
[2015-10-15 23:55:07]	在 d->event
[2015-10-15 23:55:07]	出现 v->event
[2015-10-15 23:55:09]	出发 vi->event
[2015-10-15 23:55:09]	起航 vi->event
[2015-10-15 23:55:09]	出港 vi->event
[2015-10-15 23:55:09]	离开 v->event
[2015-10-15 23:55:09]	撤出 v->event
[2015-10-15 23:55:09]	途径 n->event
[2015-10-15 23:55:09]	驶过 v->event
[2015-10-15 23:55:09]	通过 p->event
[2015-10-15 23:55:09]	抵达 v->event
[2015-10-15 23:55:09]	到达 v->event
[2015-10-15 23:55:09]	至 d->event
[2015-10-15 23:55:09]	赶到 v->event
[2015-10-15 23:55:09]	停留 vi->event
[2015-10-15 23:55:09]	停靠 v->event
[2015-10-15 23:55:09]	访问 v->event
[2015-10-15 23:55:09]	到访 v->event
[2015-10-15 23:55:09]	返回 v->event
[2015-10-15 23:55:09]	回到 v->event
[2015-10-15 23:55:09]	前往 v->event
[2015-10-15 23:55:09]	开赴 v->event
[2015-10-15 23:55:09]	驶向 v->event
[2015-10-15 23:55:09]	靠近 v->event
[2015-10-15 23:55:09]	在 d->event
[2015-10-15 23:55:09]	出现 v->event
[2015-10-15 23:56:30]	出发 vi->event
[2015-10-15 23:56:30]	起航 vi->event
[2015-10-15 23:56:30]	出港 vi->event
[2015-10-15 23:56:30]	离开 v->event
[2015-10-15 23:56:30]	撤出 v->event
[2015-10-15 23:56:30]	途径 n->event
[2015-10-15 23:56:30]	驶过 v->event
[2015-10-15 23:56:30]	通过 p->event
[2015-10-15 23:56:30]	抵达 v->event
[2015-10-15 23:56:30]	到达 v->event
[2015-10-15 23:56:30]	至 d->event
[2015-10-15 23:56:30]	赶到 v->event
[2015-10-15 23:56:30]	停留 vi->event
[2015-10-15 23:56:30]	停靠 v->event
[2015-10-15 23:56:30]	访问 v->event
[2015-10-15 23:56:30]	到访 v->event
[2015-10-15 23:56:30]	返回 v->event
[2015-10-15 23:56:30]	回到 v->event
[2015-10-15 23:56:30]	前往 v->event
[2015-10-15 23:56:30]	开赴 v->event
[2015-10-15 23:56:30]	驶向 v->event
[2015-10-15 23:56:30]	靠近 v->event
[2015-10-15 23:56:30]	在 d->event
[2015-10-15 23:56:30]	出现 v->event
[2015-10-15 23:57:07]	出发 vi->event
[2015-10-15 23:57:07]	起航 vi->event
[2015-10-15 23:57:07]	出港 vi->event
[2015-10-15 23:57:07]	离开 v->event
[2015-10-15 23:57:07]	撤出 v->event
[2015-10-15 23:57:07]	途径 n->event
[2015-10-15 23:57:07]	驶过 v->event
[2015-10-15 23:57:07]	通过 p->event
[2015-10-15 23:57:07]	抵达 v->event
[2015-10-15 23:57:07]	到达 v->event
[2015-10-15 23:57:07]	至 d->event
[2015-10-15 23:57:07]	赶到 v->event
[2015-10-15 23:57:07]	停留 vi->event
[2015-10-15 23:57:07]	停靠 v->event
[2015-10-15 23:57:07]	访问 v->event
[2015-10-15 23:57:07]	到访 v->event
[2015-10-15 23:57:07]	返回 v->event
[2015-10-15 23:57:07]	回到 v->event
[2015-10-15 23:57:07]	前往 v->event
[2015-10-15 23:57:07]	开赴 v->event
[2015-10-15 23:57:07]	驶向 v->event
[2015-10-15 23:57:07]	靠近 v->event
[2015-10-15 23:57:07]	在 d->event
[2015-10-15 23:57:07]	出现 v->event
