[2015-10-26 15:17:56]	出发 vi->event
[2015-10-26 15:17:56]	起航 vi->event
[2015-10-26 15:17:56]	出港 vi->event
[2015-10-26 15:17:56]	离开 v->event
[2015-10-26 15:17:56]	撤出 v->event
[2015-10-26 15:17:56]	途径 n->event
[2015-10-26 15:17:56]	驶过 v->event
[2015-10-26 15:17:56]	通过 p->event
[2015-10-26 15:17:56]	抵达 v->event
[2015-10-26 15:17:56]	到达 v->event
[2015-10-26 15:17:56]	至 d->event
[2015-10-26 15:17:56]	赶到 v->event
[2015-10-26 15:17:56]	停留 vi->event
[2015-10-26 15:17:56]	停靠 v->event
[2015-10-26 15:17:56]	访问 v->event
[2015-10-26 15:17:56]	到访 v->event
[2015-10-26 15:17:56]	返回 v->event
[2015-10-26 15:17:56]	回到 v->event
[2015-10-26 15:17:56]	前往 v->event
[2015-10-26 15:17:56]	开赴 v->event
[2015-10-26 15:17:56]	驶向 v->event
[2015-10-26 15:17:56]	靠近 v->event
[2015-10-26 15:17:56]	在 d->event
[2015-10-26 15:17:56]	出现 v->event
[2015-10-26 15:17:56]	前往 v->event
[2015-10-26 15:18:12]	出发 vi->event
[2015-10-26 15:18:12]	起航 vi->event
[2015-10-26 15:18:12]	出港 vi->event
[2015-10-26 15:18:12]	离开 v->event
[2015-10-26 15:18:12]	撤出 v->event
[2015-10-26 15:18:12]	途径 n->event
[2015-10-26 15:18:12]	驶过 v->event
[2015-10-26 15:18:12]	通过 p->event
[2015-10-26 15:18:12]	抵达 v->event
[2015-10-26 15:18:12]	到达 v->event
[2015-10-26 15:18:12]	至 d->event
[2015-10-26 15:18:12]	赶到 v->event
[2015-10-26 15:18:12]	停留 vi->event
[2015-10-26 15:18:12]	停靠 v->event
[2015-10-26 15:18:12]	访问 v->event
[2015-10-26 15:18:12]	到访 v->event
[2015-10-26 15:18:12]	返回 v->event
[2015-10-26 15:18:12]	回到 v->event
[2015-10-26 15:18:12]	前往 v->event
[2015-10-26 15:18:12]	开赴 v->event
[2015-10-26 15:18:12]	驶向 v->event
[2015-10-26 15:18:12]	靠近 v->event
[2015-10-26 15:18:12]	在 d->event
[2015-10-26 15:18:12]	出现 v->event
[2015-10-26 15:18:12]	前往 v->event
[2015-10-26 15:19:53]	出发 vi->event
[2015-10-26 15:19:53]	起航 vi->event
[2015-10-26 15:19:53]	出港 vi->event
[2015-10-26 15:19:53]	离开 v->event
[2015-10-26 15:19:53]	撤出 v->event
[2015-10-26 15:19:53]	途径 n->event
[2015-10-26 15:19:53]	驶过 v->event
[2015-10-26 15:19:53]	通过 p->event
[2015-10-26 15:19:53]	抵达 v->event
[2015-10-26 15:19:53]	到达 v->event
[2015-10-26 15:19:53]	至 d->event
[2015-10-26 15:19:53]	赶到 v->event
[2015-10-26 15:19:53]	停留 vi->event
[2015-10-26 15:19:53]	停靠 v->event
[2015-10-26 15:19:53]	访问 v->event
[2015-10-26 15:19:53]	到访 v->event
[2015-10-26 15:19:53]	返回 v->event
[2015-10-26 15:19:53]	回到 v->event
[2015-10-26 15:19:53]	前往 v->event
[2015-10-26 15:19:53]	开赴 v->event
[2015-10-26 15:19:53]	驶向 v->event
[2015-10-26 15:19:53]	靠近 v->event
[2015-10-26 15:19:53]	在 d->event
[2015-10-26 15:19:53]	出现 v->event
[2015-10-26 15:19:53]	前往 v->event
[2015-10-26 15:21:50]	出发 vi->event
[2015-10-26 15:21:50]	起航 vi->event
[2015-10-26 15:21:50]	出港 vi->event
[2015-10-26 15:21:50]	离开 v->event
[2015-10-26 15:21:50]	撤出 v->event
[2015-10-26 15:21:50]	途径 n->event
[2015-10-26 15:21:50]	驶过 v->event
[2015-10-26 15:21:50]	通过 p->event
[2015-10-26 15:21:50]	抵达 v->event
[2015-10-26 15:21:50]	到达 v->event
[2015-10-26 15:21:50]	至 d->event
[2015-10-26 15:21:50]	赶到 v->event
[2015-10-26 15:21:50]	停留 vi->event
[2015-10-26 15:21:50]	停靠 v->event
[2015-10-26 15:21:50]	访问 v->event
[2015-10-26 15:21:50]	到访 v->event
[2015-10-26 15:21:50]	返回 v->event
[2015-10-26 15:21:50]	回到 v->event
[2015-10-26 15:21:50]	前往 v->event
[2015-10-26 15:21:50]	开赴 v->event
[2015-10-26 15:21:50]	驶向 v->event
[2015-10-26 15:21:50]	靠近 v->event
[2015-10-26 15:21:50]	在 d->event
[2015-10-26 15:21:50]	出现 v->event
[2015-10-26 15:21:50]	前往 v->event
[2015-10-26 15:22:58]	出发 vi->event
[2015-10-26 15:22:58]	起航 vi->event
[2015-10-26 15:22:58]	出港 vi->event
[2015-10-26 15:22:58]	离开 v->event
[2015-10-26 15:22:58]	撤出 v->event
[2015-10-26 15:22:58]	途径 n->event
[2015-10-26 15:22:58]	驶过 v->event
[2015-10-26 15:22:58]	通过 p->event
[2015-10-26 15:22:58]	抵达 v->event
[2015-10-26 15:22:58]	到达 v->event
[2015-10-26 15:22:58]	至 d->event
[2015-10-26 15:22:58]	赶到 v->event
[2015-10-26 15:22:58]	停留 vi->event
[2015-10-26 15:22:58]	停靠 v->event
[2015-10-26 15:22:58]	访问 v->event
[2015-10-26 15:22:58]	到访 v->event
[2015-10-26 15:22:58]	返回 v->event
[2015-10-26 15:22:58]	回到 v->event
[2015-10-26 15:22:58]	前往 v->event
[2015-10-26 15:22:58]	开赴 v->event
[2015-10-26 15:22:58]	驶向 v->event
[2015-10-26 15:22:58]	靠近 v->event
[2015-10-26 15:22:58]	在 d->event
[2015-10-26 15:22:58]	出现 v->event
[2015-10-26 15:22:58]	前往 v->event
[2015-10-26 15:25:29]	出发 vi->event
[2015-10-26 15:25:29]	起航 vi->event
[2015-10-26 15:25:29]	出港 vi->event
[2015-10-26 15:25:29]	离开 v->event
[2015-10-26 15:25:29]	撤出 v->event
[2015-10-26 15:25:29]	途径 n->event
[2015-10-26 15:25:29]	驶过 v->event
[2015-10-26 15:25:29]	通过 p->event
[2015-10-26 15:25:29]	抵达 v->event
[2015-10-26 15:25:29]	到达 v->event
[2015-10-26 15:25:29]	至 d->event
[2015-10-26 15:25:29]	赶到 v->event
[2015-10-26 15:25:29]	停留 vi->event
[2015-10-26 15:25:29]	停靠 v->event
[2015-10-26 15:25:29]	访问 v->event
[2015-10-26 15:25:29]	到访 v->event
[2015-10-26 15:25:29]	返回 v->event
[2015-10-26 15:25:29]	回到 v->event
[2015-10-26 15:25:29]	前往 v->event
[2015-10-26 15:25:29]	开赴 v->event
[2015-10-26 15:25:29]	驶向 v->event
[2015-10-26 15:25:29]	靠近 v->event
[2015-10-26 15:25:29]	在 d->event
[2015-10-26 15:25:29]	出现 v->event
[2015-10-26 15:25:29]	前往 v->event
[2015-10-26 15:27:03]	出发 vi->event
[2015-10-26 15:27:03]	起航 vi->event
[2015-10-26 15:27:03]	出港 vi->event
[2015-10-26 15:27:03]	离开 v->event
[2015-10-26 15:27:03]	撤出 v->event
[2015-10-26 15:27:03]	途径 n->event
[2015-10-26 15:27:03]	驶过 v->event
[2015-10-26 15:27:03]	通过 p->event
[2015-10-26 15:27:03]	抵达 v->event
[2015-10-26 15:27:03]	到达 v->event
[2015-10-26 15:27:03]	至 d->event
[2015-10-26 15:27:03]	赶到 v->event
[2015-10-26 15:27:03]	停留 vi->event
[2015-10-26 15:27:03]	停靠 v->event
[2015-10-26 15:27:03]	访问 v->event
[2015-10-26 15:27:03]	到访 v->event
[2015-10-26 15:27:03]	返回 v->event
[2015-10-26 15:27:03]	回到 v->event
[2015-10-26 15:27:03]	前往 v->event
[2015-10-26 15:27:03]	开赴 v->event
[2015-10-26 15:27:03]	驶向 v->event
[2015-10-26 15:27:03]	靠近 v->event
[2015-10-26 15:27:03]	在 d->event
[2015-10-26 15:27:03]	出现 v->event
[2015-10-26 15:27:03]	前往 v->event
[2015-10-26 15:27:18]	出发 vi->event
[2015-10-26 15:27:18]	起航 vi->event
[2015-10-26 15:27:18]	出港 vi->event
[2015-10-26 15:27:18]	离开 v->event
[2015-10-26 15:27:18]	撤出 v->event
[2015-10-26 15:27:18]	途径 n->event
[2015-10-26 15:27:18]	驶过 v->event
[2015-10-26 15:27:18]	通过 p->event
[2015-10-26 15:27:18]	抵达 v->event
[2015-10-26 15:27:18]	到达 v->event
[2015-10-26 15:27:18]	至 d->event
[2015-10-26 15:27:18]	赶到 v->event
[2015-10-26 15:27:18]	停留 vi->event
[2015-10-26 15:27:18]	停靠 v->event
[2015-10-26 15:27:18]	访问 v->event
[2015-10-26 15:27:18]	到访 v->event
[2015-10-26 15:27:18]	返回 v->event
[2015-10-26 15:27:18]	回到 v->event
[2015-10-26 15:27:18]	前往 v->event
[2015-10-26 15:27:18]	开赴 v->event
[2015-10-26 15:27:18]	驶向 v->event
[2015-10-26 15:27:18]	靠近 v->event
[2015-10-26 15:27:18]	在 d->event
[2015-10-26 15:27:18]	出现 v->event
[2015-10-26 15:27:18]	前往 v->event
[2015-10-26 15:29:06]	出发 vi->event
[2015-10-26 15:29:06]	起航 vi->event
[2015-10-26 15:29:06]	出港 vi->event
[2015-10-26 15:29:06]	离开 v->event
[2015-10-26 15:29:06]	撤出 v->event
[2015-10-26 15:29:06]	途径 n->event
[2015-10-26 15:29:06]	驶过 v->event
[2015-10-26 15:29:06]	通过 p->event
[2015-10-26 15:29:06]	抵达 v->event
[2015-10-26 15:29:06]	到达 v->event
[2015-10-26 15:29:06]	至 d->event
[2015-10-26 15:29:06]	赶到 v->event
[2015-10-26 15:29:06]	停留 vi->event
[2015-10-26 15:29:06]	停靠 v->event
[2015-10-26 15:29:06]	访问 v->event
[2015-10-26 15:29:06]	到访 v->event
[2015-10-26 15:29:06]	返回 v->event
[2015-10-26 15:29:06]	回到 v->event
[2015-10-26 15:29:06]	前往 v->event
[2015-10-26 15:29:06]	开赴 v->event
[2015-10-26 15:29:06]	驶向 v->event
[2015-10-26 15:29:06]	靠近 v->event
[2015-10-26 15:29:06]	在 d->event
[2015-10-26 15:29:06]	出现 v->event
[2015-10-26 15:29:06]	前往 v->event
[2015-10-26 15:29:06]	出发 vi->event
[2015-10-26 15:29:06]	起航 vi->event
[2015-10-26 15:29:06]	出港 vi->event
[2015-10-26 15:29:06]	离开 v->event
[2015-10-26 15:29:06]	撤出 v->event
[2015-10-26 15:29:06]	途径 n->event
[2015-10-26 15:29:06]	驶过 v->event
[2015-10-26 15:29:06]	通过 p->event
[2015-10-26 15:29:06]	抵达 v->event
[2015-10-26 15:29:06]	到达 v->event
[2015-10-26 15:29:06]	至 d->event
[2015-10-26 15:29:06]	赶到 v->event
[2015-10-26 15:29:06]	停留 vi->event
[2015-10-26 15:29:06]	停靠 v->event
[2015-10-26 15:29:06]	访问 v->event
[2015-10-26 15:29:06]	到访 v->event
[2015-10-26 15:29:06]	返回 v->event
[2015-10-26 15:29:06]	回到 v->event
[2015-10-26 15:29:06]	前往 v->event
[2015-10-26 15:29:06]	开赴 v->event
[2015-10-26 15:29:06]	驶向 v->event
[2015-10-26 15:29:06]	靠近 v->event
[2015-10-26 15:29:06]	在 d->event
[2015-10-26 15:29:06]	出现 v->event
[2015-10-26 15:29:06]	前往 v->event
[2015-10-26 15:29:28]	出发 vi->event
[2015-10-26 15:29:28]	起航 vi->event
[2015-10-26 15:29:28]	出港 vi->event
[2015-10-26 15:29:28]	离开 v->event
[2015-10-26 15:29:28]	撤出 v->event
[2015-10-26 15:29:28]	途径 n->event
[2015-10-26 15:29:28]	驶过 v->event
[2015-10-26 15:29:28]	通过 p->event
[2015-10-26 15:29:28]	抵达 v->event
[2015-10-26 15:29:28]	到达 v->event
[2015-10-26 15:29:28]	至 d->event
[2015-10-26 15:29:28]	赶到 v->event
[2015-10-26 15:29:28]	停留 vi->event
[2015-10-26 15:29:28]	停靠 v->event
[2015-10-26 15:29:28]	访问 v->event
[2015-10-26 15:29:28]	到访 v->event
[2015-10-26 15:29:28]	返回 v->event
[2015-10-26 15:29:28]	回到 v->event
[2015-10-26 15:29:28]	前往 v->event
[2015-10-26 15:29:28]	开赴 v->event
[2015-10-26 15:29:28]	驶向 v->event
[2015-10-26 15:29:28]	靠近 v->event
[2015-10-26 15:29:28]	在 d->event
[2015-10-26 15:29:28]	出现 v->event
[2015-10-26 15:29:28]	前往 v->event
[2015-10-26 15:29:31]	出发 vi->event
[2015-10-26 15:29:31]	起航 vi->event
[2015-10-26 15:29:31]	出港 vi->event
[2015-10-26 15:29:31]	离开 v->event
[2015-10-26 15:29:31]	撤出 v->event
[2015-10-26 15:29:31]	途径 n->event
[2015-10-26 15:29:31]	驶过 v->event
[2015-10-26 15:29:31]	通过 p->event
[2015-10-26 15:29:31]	抵达 v->event
[2015-10-26 15:29:31]	到达 v->event
[2015-10-26 15:29:31]	至 d->event
[2015-10-26 15:29:31]	赶到 v->event
[2015-10-26 15:29:31]	停留 vi->event
[2015-10-26 15:29:31]	停靠 v->event
[2015-10-26 15:29:31]	访问 v->event
[2015-10-26 15:29:31]	到访 v->event
[2015-10-26 15:29:31]	返回 v->event
[2015-10-26 15:29:31]	回到 v->event
[2015-10-26 15:29:31]	前往 v->event
[2015-10-26 15:29:31]	开赴 v->event
[2015-10-26 15:29:31]	驶向 v->event
[2015-10-26 15:29:31]	靠近 v->event
[2015-10-26 15:29:31]	在 d->event
[2015-10-26 15:29:31]	出现 v->event
[2015-10-26 15:29:31]	前往 v->event
[2015-10-26 15:29:52]	出发 vi->event
[2015-10-26 15:29:52]	起航 vi->event
[2015-10-26 15:29:52]	出港 vi->event
[2015-10-26 15:29:52]	离开 v->event
[2015-10-26 15:29:52]	撤出 v->event
[2015-10-26 15:29:52]	途径 n->event
[2015-10-26 15:29:52]	驶过 v->event
[2015-10-26 15:29:52]	通过 p->event
[2015-10-26 15:29:52]	抵达 v->event
[2015-10-26 15:29:52]	到达 v->event
[2015-10-26 15:29:52]	至 d->event
[2015-10-26 15:29:52]	赶到 v->event
[2015-10-26 15:29:52]	停留 vi->event
[2015-10-26 15:29:52]	停靠 v->event
[2015-10-26 15:29:52]	访问 v->event
[2015-10-26 15:29:52]	到访 v->event
[2015-10-26 15:29:52]	返回 v->event
[2015-10-26 15:29:52]	回到 v->event
[2015-10-26 15:29:52]	前往 v->event
[2015-10-26 15:29:52]	开赴 v->event
[2015-10-26 15:29:52]	驶向 v->event
[2015-10-26 15:29:52]	靠近 v->event
[2015-10-26 15:29:52]	在 d->event
[2015-10-26 15:29:52]	出现 v->event
[2015-10-26 15:29:52]	前往 v->event
[2015-10-26 15:29:52]	出发 vi->event
[2015-10-26 15:29:52]	起航 vi->event
[2015-10-26 15:29:52]	出港 vi->event
[2015-10-26 15:29:52]	离开 v->event
[2015-10-26 15:29:52]	撤出 v->event
[2015-10-26 15:29:52]	途径 n->event
[2015-10-26 15:29:52]	驶过 v->event
[2015-10-26 15:29:52]	通过 p->event
[2015-10-26 15:29:52]	抵达 v->event
[2015-10-26 15:29:52]	到达 v->event
[2015-10-26 15:29:52]	至 d->event
[2015-10-26 15:29:52]	赶到 v->event
[2015-10-26 15:29:52]	停留 vi->event
[2015-10-26 15:29:52]	停靠 v->event
[2015-10-26 15:29:52]	访问 v->event
[2015-10-26 15:29:52]	到访 v->event
[2015-10-26 15:29:52]	返回 v->event
[2015-10-26 15:29:52]	回到 v->event
[2015-10-26 15:29:52]	前往 v->event
[2015-10-26 15:29:52]	开赴 v->event
[2015-10-26 15:29:52]	驶向 v->event
[2015-10-26 15:29:52]	靠近 v->event
[2015-10-26 15:29:52]	在 d->event
[2015-10-26 15:29:52]	出现 v->event
[2015-10-26 15:29:52]	前往 v->event
[2015-10-26 15:30:29]	出发 vi->event
[2015-10-26 15:30:29]	起航 vi->event
[2015-10-26 15:30:29]	出港 vi->event
[2015-10-26 15:30:29]	离开 v->event
[2015-10-26 15:30:29]	撤出 v->event
[2015-10-26 15:30:29]	途径 n->event
[2015-10-26 15:30:29]	驶过 v->event
[2015-10-26 15:30:29]	通过 p->event
[2015-10-26 15:30:29]	抵达 v->event
[2015-10-26 15:30:29]	到达 v->event
[2015-10-26 15:30:29]	至 d->event
[2015-10-26 15:30:29]	赶到 v->event
[2015-10-26 15:30:29]	停留 vi->event
[2015-10-26 15:30:29]	停靠 v->event
[2015-10-26 15:30:29]	访问 v->event
[2015-10-26 15:30:29]	到访 v->event
[2015-10-26 15:30:29]	返回 v->event
[2015-10-26 15:30:29]	回到 v->event
[2015-10-26 15:30:29]	前往 v->event
[2015-10-26 15:30:29]	开赴 v->event
[2015-10-26 15:30:29]	驶向 v->event
[2015-10-26 15:30:29]	靠近 v->event
[2015-10-26 15:30:29]	在 d->event
[2015-10-26 15:30:29]	出现 v->event
[2015-10-26 15:30:29]	前往 v->event
[2015-10-26 15:30:29]	出发 vi->event
[2015-10-26 15:30:29]	起航 vi->event
[2015-10-26 15:30:29]	出港 vi->event
[2015-10-26 15:30:29]	离开 v->event
[2015-10-26 15:30:29]	撤出 v->event
[2015-10-26 15:30:29]	途径 n->event
[2015-10-26 15:30:29]	驶过 v->event
[2015-10-26 15:30:29]	通过 p->event
[2015-10-26 15:30:29]	抵达 v->event
[2015-10-26 15:30:29]	到达 v->event
[2015-10-26 15:30:29]	至 d->event
[2015-10-26 15:30:29]	赶到 v->event
[2015-10-26 15:30:29]	停留 vi->event
[2015-10-26 15:30:29]	停靠 v->event
[2015-10-26 15:30:29]	访问 v->event
[2015-10-26 15:30:29]	到访 v->event
[2015-10-26 15:30:29]	返回 v->event
[2015-10-26 15:30:29]	回到 v->event
[2015-10-26 15:30:29]	前往 v->event
[2015-10-26 15:30:29]	开赴 v->event
[2015-10-26 15:30:29]	驶向 v->event
[2015-10-26 15:30:29]	靠近 v->event
[2015-10-26 15:30:29]	在 d->event
[2015-10-26 15:30:29]	出现 v->event
[2015-10-26 15:30:29]	前往 v->event
[2015-10-26 15:31:23]	出发 vi->event
[2015-10-26 15:31:23]	起航 vi->event
[2015-10-26 15:31:23]	出港 vi->event
[2015-10-26 15:31:23]	离开 v->event
[2015-10-26 15:31:23]	撤出 v->event
[2015-10-26 15:31:23]	途径 n->event
[2015-10-26 15:31:23]	驶过 v->event
[2015-10-26 15:31:23]	通过 p->event
[2015-10-26 15:31:23]	抵达 v->event
[2015-10-26 15:31:23]	到达 v->event
[2015-10-26 15:31:23]	至 d->event
[2015-10-26 15:31:23]	赶到 v->event
[2015-10-26 15:31:23]	停留 vi->event
[2015-10-26 15:31:23]	停靠 v->event
[2015-10-26 15:31:23]	访问 v->event
[2015-10-26 15:31:23]	到访 v->event
[2015-10-26 15:31:23]	返回 v->event
[2015-10-26 15:31:23]	回到 v->event
[2015-10-26 15:31:23]	前往 v->event
[2015-10-26 15:31:23]	开赴 v->event
[2015-10-26 15:31:23]	驶向 v->event
[2015-10-26 15:31:23]	靠近 v->event
[2015-10-26 15:31:23]	在 d->event
[2015-10-26 15:31:23]	出现 v->event
[2015-10-26 15:31:23]	前往 v->event
[2015-10-26 15:31:23]	出发 vi->event
[2015-10-26 15:31:23]	起航 vi->event
[2015-10-26 15:31:23]	出港 vi->event
[2015-10-26 15:31:23]	离开 v->event
[2015-10-26 15:31:23]	撤出 v->event
[2015-10-26 15:31:23]	途径 n->event
[2015-10-26 15:31:23]	驶过 v->event
[2015-10-26 15:31:23]	通过 p->event
[2015-10-26 15:31:23]	抵达 v->event
[2015-10-26 15:31:23]	到达 v->event
[2015-10-26 15:31:23]	至 d->event
[2015-10-26 15:31:23]	赶到 v->event
[2015-10-26 15:31:23]	停留 vi->event
[2015-10-26 15:31:23]	停靠 v->event
[2015-10-26 15:31:23]	访问 v->event
[2015-10-26 15:31:23]	到访 v->event
[2015-10-26 15:31:23]	返回 v->event
[2015-10-26 15:31:23]	回到 v->event
[2015-10-26 15:31:23]	前往 v->event
[2015-10-26 15:31:23]	开赴 v->event
[2015-10-26 15:31:23]	驶向 v->event
[2015-10-26 15:31:23]	靠近 v->event
[2015-10-26 15:31:23]	在 d->event
[2015-10-26 15:31:23]	出现 v->event
[2015-10-26 15:31:23]	前往 v->event
[2015-10-26 15:31:23]	出发 vi->event
[2015-10-26 15:31:23]	起航 vi->event
[2015-10-26 15:31:23]	出港 vi->event
[2015-10-26 15:31:23]	离开 v->event
[2015-10-26 15:31:23]	撤出 v->event
[2015-10-26 15:31:23]	途径 n->event
[2015-10-26 15:31:23]	驶过 v->event
[2015-10-26 15:31:23]	通过 p->event
[2015-10-26 15:31:23]	抵达 v->event
[2015-10-26 15:31:23]	到达 v->event
[2015-10-26 15:31:23]	至 d->event
[2015-10-26 15:31:23]	赶到 v->event
[2015-10-26 15:31:23]	停留 vi->event
[2015-10-26 15:31:23]	停靠 v->event
[2015-10-26 15:31:23]	访问 v->event
[2015-10-26 15:31:23]	到访 v->event
[2015-10-26 15:31:23]	返回 v->event
[2015-10-26 15:31:23]	回到 v->event
[2015-10-26 15:31:23]	前往 v->event
[2015-10-26 15:31:23]	开赴 v->event
[2015-10-26 15:31:23]	驶向 v->event
[2015-10-26 15:31:23]	靠近 v->event
[2015-10-26 15:31:23]	在 d->event
[2015-10-26 15:31:23]	出现 v->event
[2015-10-26 15:31:23]	前往 v->event
[2015-10-26 15:31:23]	出发 vi->event
[2015-10-26 15:31:23]	起航 vi->event
[2015-10-26 15:31:23]	出港 vi->event
[2015-10-26 15:31:23]	离开 v->event
[2015-10-26 15:31:23]	撤出 v->event
[2015-10-26 15:31:23]	途径 n->event
[2015-10-26 15:31:23]	驶过 v->event
[2015-10-26 15:31:23]	通过 p->event
[2015-10-26 15:31:23]	抵达 v->event
[2015-10-26 15:31:23]	到达 v->event
[2015-10-26 15:31:23]	至 d->event
[2015-10-26 15:31:23]	赶到 v->event
[2015-10-26 15:31:23]	停留 vi->event
[2015-10-26 15:31:23]	停靠 v->event
[2015-10-26 15:31:23]	访问 v->event
[2015-10-26 15:31:23]	到访 v->event
[2015-10-26 15:31:23]	返回 v->event
[2015-10-26 15:31:23]	回到 v->event
[2015-10-26 15:31:23]	前往 v->event
[2015-10-26 15:31:23]	开赴 v->event
[2015-10-26 15:31:23]	驶向 v->event
[2015-10-26 15:31:23]	靠近 v->event
[2015-10-26 15:31:23]	在 d->event
[2015-10-26 15:31:23]	出现 v->event
[2015-10-26 15:31:23]	前往 v->event
[2015-10-26 15:32:46]	出发 vi->event
[2015-10-26 15:32:46]	起航 vi->event
[2015-10-26 15:32:46]	出港 vi->event
[2015-10-26 15:32:46]	离开 v->event
[2015-10-26 15:32:46]	撤出 v->event
[2015-10-26 15:32:46]	途径 n->event
[2015-10-26 15:32:46]	驶过 v->event
[2015-10-26 15:32:46]	通过 p->event
[2015-10-26 15:32:46]	抵达 v->event
[2015-10-26 15:32:46]	到达 v->event
[2015-10-26 15:32:46]	至 d->event
[2015-10-26 15:32:46]	赶到 v->event
[2015-10-26 15:32:46]	停留 vi->event
[2015-10-26 15:32:46]	停靠 v->event
[2015-10-26 15:32:46]	访问 v->event
[2015-10-26 15:32:46]	到访 v->event
[2015-10-26 15:32:46]	返回 v->event
[2015-10-26 15:32:46]	回到 v->event
[2015-10-26 15:32:46]	前往 v->event
[2015-10-26 15:32:46]	开赴 v->event
[2015-10-26 15:32:46]	驶向 v->event
[2015-10-26 15:32:46]	靠近 v->event
[2015-10-26 15:32:46]	在 d->event
[2015-10-26 15:32:46]	出现 v->event
[2015-10-26 15:32:46]	前往 v->event
[2015-10-26 15:33:42]	出发 vi->event
[2015-10-26 15:33:42]	起航 vi->event
[2015-10-26 15:33:42]	出港 vi->event
[2015-10-26 15:33:42]	离开 v->event
[2015-10-26 15:33:42]	撤出 v->event
[2015-10-26 15:33:42]	途径 n->event
[2015-10-26 15:33:42]	驶过 v->event
[2015-10-26 15:33:42]	通过 p->event
[2015-10-26 15:33:42]	抵达 v->event
[2015-10-26 15:33:42]	到达 v->event
[2015-10-26 15:33:42]	至 d->event
[2015-10-26 15:33:42]	赶到 v->event
[2015-10-26 15:33:42]	停留 vi->event
[2015-10-26 15:33:42]	停靠 v->event
[2015-10-26 15:33:42]	访问 v->event
[2015-10-26 15:33:42]	到访 v->event
[2015-10-26 15:33:42]	返回 v->event
[2015-10-26 15:33:42]	回到 v->event
[2015-10-26 15:33:42]	前往 v->event
[2015-10-26 15:33:42]	开赴 v->event
[2015-10-26 15:33:42]	驶向 v->event
[2015-10-26 15:33:42]	靠近 v->event
[2015-10-26 15:33:42]	在 d->event
[2015-10-26 15:33:42]	出现 v->event
[2015-10-26 15:33:42]	前往 v->event
[2015-10-26 15:34:05]	出发 vi->event
[2015-10-26 15:34:05]	起航 vi->event
[2015-10-26 15:34:05]	出港 vi->event
[2015-10-26 15:34:05]	离开 v->event
[2015-10-26 15:34:05]	撤出 v->event
[2015-10-26 15:34:05]	途径 n->event
[2015-10-26 15:34:05]	驶过 v->event
[2015-10-26 15:34:05]	通过 p->event
[2015-10-26 15:34:05]	抵达 v->event
[2015-10-26 15:34:05]	到达 v->event
[2015-10-26 15:34:05]	至 d->event
[2015-10-26 15:34:05]	赶到 v->event
[2015-10-26 15:34:05]	停留 vi->event
[2015-10-26 15:34:05]	停靠 v->event
[2015-10-26 15:34:05]	访问 v->event
[2015-10-26 15:34:05]	到访 v->event
[2015-10-26 15:34:05]	返回 v->event
[2015-10-26 15:34:05]	回到 v->event
[2015-10-26 15:34:05]	前往 v->event
[2015-10-26 15:34:05]	开赴 v->event
[2015-10-26 15:34:05]	驶向 v->event
[2015-10-26 15:34:05]	靠近 v->event
[2015-10-26 15:34:05]	在 d->event
[2015-10-26 15:34:05]	出现 v->event
[2015-10-26 15:34:05]	前往 v->event
[2015-10-26 15:34:05]	出发 vi->event
[2015-10-26 15:34:05]	起航 vi->event
[2015-10-26 15:34:05]	出港 vi->event
[2015-10-26 15:34:05]	离开 v->event
[2015-10-26 15:34:05]	撤出 v->event
[2015-10-26 15:34:05]	途径 n->event
[2015-10-26 15:34:05]	驶过 v->event
[2015-10-26 15:34:05]	通过 p->event
[2015-10-26 15:34:05]	抵达 v->event
[2015-10-26 15:34:05]	到达 v->event
[2015-10-26 15:34:05]	至 d->event
[2015-10-26 15:34:05]	赶到 v->event
[2015-10-26 15:34:05]	停留 vi->event
[2015-10-26 15:34:05]	停靠 v->event
[2015-10-26 15:34:05]	访问 v->event
[2015-10-26 15:34:05]	到访 v->event
[2015-10-26 15:34:05]	返回 v->event
[2015-10-26 15:34:05]	回到 v->event
[2015-10-26 15:34:05]	前往 v->event
[2015-10-26 15:34:05]	开赴 v->event
[2015-10-26 15:34:05]	驶向 v->event
[2015-10-26 15:34:05]	靠近 v->event
[2015-10-26 15:34:05]	在 d->event
[2015-10-26 15:34:05]	出现 v->event
[2015-10-26 15:34:05]	前往 v->event
[2015-10-26 15:35:23]	出发 vi->event
[2015-10-26 15:35:23]	起航 vi->event
[2015-10-26 15:35:23]	出港 vi->event
[2015-10-26 15:35:23]	离开 v->event
[2015-10-26 15:35:23]	撤出 v->event
[2015-10-26 15:35:23]	途径 n->event
[2015-10-26 15:35:23]	驶过 v->event
[2015-10-26 15:35:23]	通过 p->event
[2015-10-26 15:35:23]	抵达 v->event
[2015-10-26 15:35:23]	到达 v->event
[2015-10-26 15:35:23]	至 d->event
[2015-10-26 15:35:23]	赶到 v->event
[2015-10-26 15:35:23]	停留 vi->event
[2015-10-26 15:35:23]	停靠 v->event
[2015-10-26 15:35:23]	访问 v->event
[2015-10-26 15:35:23]	到访 v->event
[2015-10-26 15:35:23]	返回 v->event
[2015-10-26 15:35:23]	回到 v->event
[2015-10-26 15:35:23]	前往 v->event
[2015-10-26 15:35:23]	开赴 v->event
[2015-10-26 15:35:23]	驶向 v->event
[2015-10-26 15:35:23]	靠近 v->event
[2015-10-26 15:35:23]	在 d->event
[2015-10-26 15:35:23]	出现 v->event
[2015-10-26 15:35:23]	前往 v->event
[2015-10-26 15:35:23]	出发 vi->event
[2015-10-26 15:35:23]	起航 vi->event
[2015-10-26 15:35:23]	出港 vi->event
[2015-10-26 15:35:23]	离开 v->event
[2015-10-26 15:35:23]	撤出 v->event
[2015-10-26 15:35:23]	途径 n->event
[2015-10-26 15:35:23]	驶过 v->event
[2015-10-26 15:35:23]	通过 p->event
[2015-10-26 15:35:23]	抵达 v->event
[2015-10-26 15:35:23]	到达 v->event
[2015-10-26 15:35:23]	至 d->event
[2015-10-26 15:35:23]	赶到 v->event
[2015-10-26 15:35:23]	停留 vi->event
[2015-10-26 15:35:23]	停靠 v->event
[2015-10-26 15:35:23]	访问 v->event
[2015-10-26 15:35:23]	到访 v->event
[2015-10-26 15:35:23]	返回 v->event
[2015-10-26 15:35:23]	回到 v->event
[2015-10-26 15:35:23]	前往 v->event
[2015-10-26 15:35:23]	开赴 v->event
[2015-10-26 15:35:23]	驶向 v->event
[2015-10-26 15:35:23]	靠近 v->event
[2015-10-26 15:35:23]	在 d->event
[2015-10-26 15:35:23]	出现 v->event
[2015-10-26 15:35:23]	前往 v->event
[2015-10-26 15:35:23]	出发 vi->event
[2015-10-26 15:35:23]	起航 vi->event
[2015-10-26 15:35:23]	出港 vi->event
[2015-10-26 15:35:23]	离开 v->event
[2015-10-26 15:35:23]	撤出 v->event
[2015-10-26 15:35:23]	途径 n->event
[2015-10-26 15:35:23]	驶过 v->event
[2015-10-26 15:35:23]	通过 p->event
[2015-10-26 15:35:23]	抵达 v->event
[2015-10-26 15:35:23]	到达 v->event
[2015-10-26 15:35:23]	至 d->event
[2015-10-26 15:35:23]	赶到 v->event
[2015-10-26 15:35:23]	停留 vi->event
[2015-10-26 15:35:23]	停靠 v->event
[2015-10-26 15:35:23]	访问 v->event
[2015-10-26 15:35:23]	到访 v->event
[2015-10-26 15:35:23]	返回 v->event
[2015-10-26 15:35:23]	回到 v->event
[2015-10-26 15:35:23]	前往 v->event
[2015-10-26 15:35:23]	开赴 v->event
[2015-10-26 15:35:23]	驶向 v->event
[2015-10-26 15:35:23]	靠近 v->event
[2015-10-26 15:35:23]	在 d->event
[2015-10-26 15:35:23]	出现 v->event
[2015-10-26 15:35:23]	前往 v->event
[2015-10-26 15:35:23]	出发 vi->event
[2015-10-26 15:35:23]	起航 vi->event
[2015-10-26 15:35:23]	出港 vi->event
[2015-10-26 15:35:23]	离开 v->event
[2015-10-26 15:35:23]	撤出 v->event
[2015-10-26 15:35:23]	途径 n->event
[2015-10-26 15:35:23]	驶过 v->event
[2015-10-26 15:35:23]	通过 p->event
[2015-10-26 15:35:23]	抵达 v->event
[2015-10-26 15:35:23]	到达 v->event
[2015-10-26 15:35:23]	至 d->event
[2015-10-26 15:35:23]	赶到 v->event
[2015-10-26 15:35:23]	停留 vi->event
[2015-10-26 15:35:23]	停靠 v->event
[2015-10-26 15:35:23]	访问 v->event
[2015-10-26 15:35:23]	到访 v->event
[2015-10-26 15:35:23]	返回 v->event
[2015-10-26 15:35:23]	回到 v->event
[2015-10-26 15:35:23]	前往 v->event
[2015-10-26 15:35:23]	开赴 v->event
[2015-10-26 15:35:23]	驶向 v->event
[2015-10-26 15:35:23]	靠近 v->event
[2015-10-26 15:35:23]	在 d->event
[2015-10-26 15:35:23]	出现 v->event
[2015-10-26 15:35:23]	前往 v->event
[2015-10-26 15:35:23]	出发 vi->event
[2015-10-26 15:35:23]	起航 vi->event
[2015-10-26 15:35:23]	出港 vi->event
[2015-10-26 15:35:23]	离开 v->event
[2015-10-26 15:35:23]	撤出 v->event
[2015-10-26 15:35:23]	途径 n->event
[2015-10-26 15:35:23]	驶过 v->event
[2015-10-26 15:35:23]	通过 p->event
[2015-10-26 15:35:23]	抵达 v->event
[2015-10-26 15:35:23]	到达 v->event
[2015-10-26 15:35:23]	至 d->event
[2015-10-26 15:35:23]	赶到 v->event
[2015-10-26 15:35:23]	停留 vi->event
[2015-10-26 15:35:23]	停靠 v->event
[2015-10-26 15:35:23]	访问 v->event
[2015-10-26 15:35:23]	到访 v->event
[2015-10-26 15:35:23]	返回 v->event
[2015-10-26 15:35:23]	回到 v->event
[2015-10-26 15:35:23]	前往 v->event
[2015-10-26 15:35:23]	开赴 v->event
[2015-10-26 15:35:23]	驶向 v->event
[2015-10-26 15:35:23]	靠近 v->event
[2015-10-26 15:35:23]	在 d->event
[2015-10-26 15:35:23]	出现 v->event
[2015-10-26 15:35:23]	前往 v->event
[2015-10-26 22:25:03]	出发 vi->event
[2015-10-26 22:25:03]	起航 vi->event
[2015-10-26 22:25:03]	出港 vi->event
[2015-10-26 22:25:03]	离开 v->event
[2015-10-26 22:25:03]	撤出 v->event
[2015-10-26 22:25:03]	途径 n->event
[2015-10-26 22:25:03]	驶过 v->event
[2015-10-26 22:25:03]	通过 p->event
[2015-10-26 22:25:03]	抵达 v->event
[2015-10-26 22:25:03]	到达 v->event
[2015-10-26 22:25:03]	至 d->event
[2015-10-26 22:25:03]	赶到 v->event
[2015-10-26 22:25:03]	停留 vi->event
[2015-10-26 22:25:03]	停靠 v->event
[2015-10-26 22:25:03]	访问 v->event
[2015-10-26 22:25:03]	到访 v->event
[2015-10-26 22:25:03]	返回 v->event
[2015-10-26 22:25:03]	回到 v->event
[2015-10-26 22:25:03]	前往 v->event
[2015-10-26 22:25:03]	开赴 v->event
[2015-10-26 22:25:03]	驶向 v->event
[2015-10-26 22:25:03]	靠近 v->event
[2015-10-26 22:25:03]	在 d->event
[2015-10-26 22:25:03]	出现 v->event
[2015-10-26 22:25:03]	前往 v->event
[2015-10-26 22:25:03]	出发 vi->event
[2015-10-26 22:25:03]	起航 vi->event
[2015-10-26 22:25:03]	出港 vi->event
[2015-10-26 22:25:03]	离开 v->event
[2015-10-26 22:25:03]	撤出 v->event
[2015-10-26 22:25:03]	途径 n->event
[2015-10-26 22:25:03]	驶过 v->event
[2015-10-26 22:25:03]	通过 p->event
[2015-10-26 22:25:03]	抵达 v->event
[2015-10-26 22:25:03]	到达 v->event
[2015-10-26 22:25:03]	至 d->event
[2015-10-26 22:25:03]	赶到 v->event
[2015-10-26 22:25:03]	停留 vi->event
[2015-10-26 22:25:03]	停靠 v->event
[2015-10-26 22:25:03]	访问 v->event
[2015-10-26 22:25:03]	到访 v->event
[2015-10-26 22:25:03]	返回 v->event
[2015-10-26 22:25:03]	回到 v->event
[2015-10-26 22:25:03]	前往 v->event
[2015-10-26 22:25:03]	开赴 v->event
[2015-10-26 22:25:03]	驶向 v->event
[2015-10-26 22:25:03]	靠近 v->event
[2015-10-26 22:25:03]	在 d->event
[2015-10-26 22:25:03]	出现 v->event
[2015-10-26 22:25:03]	前往 v->event
[2015-10-26 22:26:18]	出发 vi->event
[2015-10-26 22:26:18]	起航 vi->event
[2015-10-26 22:26:18]	出港 vi->event
[2015-10-26 22:26:18]	离开 v->event
[2015-10-26 22:26:18]	撤出 v->event
[2015-10-26 22:26:18]	途径 n->event
[2015-10-26 22:26:18]	驶过 v->event
[2015-10-26 22:26:18]	通过 p->event
[2015-10-26 22:26:18]	抵达 v->event
[2015-10-26 22:26:18]	到达 v->event
[2015-10-26 22:26:18]	至 d->event
[2015-10-26 22:26:18]	赶到 v->event
[2015-10-26 22:26:18]	停留 vi->event
[2015-10-26 22:26:18]	停靠 v->event
[2015-10-26 22:26:18]	访问 v->event
[2015-10-26 22:26:18]	到访 v->event
[2015-10-26 22:26:18]	返回 v->event
[2015-10-26 22:26:18]	回到 v->event
[2015-10-26 22:26:18]	前往 v->event
[2015-10-26 22:26:18]	开赴 v->event
[2015-10-26 22:26:18]	驶向 v->event
[2015-10-26 22:26:18]	靠近 v->event
[2015-10-26 22:26:18]	在 d->event
[2015-10-26 22:26:18]	出现 v->event
[2015-10-26 22:26:18]	前往 v->event
[2015-10-26 22:26:18]	出发 vi->event
[2015-10-26 22:26:18]	起航 vi->event
[2015-10-26 22:26:18]	出港 vi->event
[2015-10-26 22:26:18]	离开 v->event
[2015-10-26 22:26:18]	撤出 v->event
[2015-10-26 22:26:18]	途径 n->event
[2015-10-26 22:26:18]	驶过 v->event
[2015-10-26 22:26:18]	通过 p->event
[2015-10-26 22:26:18]	抵达 v->event
[2015-10-26 22:26:18]	到达 v->event
[2015-10-26 22:26:18]	至 d->event
[2015-10-26 22:26:18]	赶到 v->event
[2015-10-26 22:26:18]	停留 vi->event
[2015-10-26 22:26:18]	停靠 v->event
[2015-10-26 22:26:18]	访问 v->event
[2015-10-26 22:26:18]	到访 v->event
[2015-10-26 22:26:18]	返回 v->event
[2015-10-26 22:26:18]	回到 v->event
[2015-10-26 22:26:18]	前往 v->event
[2015-10-26 22:26:18]	开赴 v->event
[2015-10-26 22:26:18]	驶向 v->event
[2015-10-26 22:26:18]	靠近 v->event
[2015-10-26 22:26:18]	在 d->event
[2015-10-26 22:26:18]	出现 v->event
[2015-10-26 22:26:18]	前往 v->event
[2015-10-26 22:26:18]	出发 vi->event
[2015-10-26 22:26:18]	起航 vi->event
[2015-10-26 22:26:18]	出港 vi->event
[2015-10-26 22:26:18]	离开 v->event
[2015-10-26 22:26:18]	撤出 v->event
[2015-10-26 22:26:18]	途径 n->event
[2015-10-26 22:26:18]	驶过 v->event
[2015-10-26 22:26:18]	通过 p->event
[2015-10-26 22:26:18]	抵达 v->event
[2015-10-26 22:26:18]	到达 v->event
[2015-10-26 22:26:18]	至 d->event
[2015-10-26 22:26:18]	赶到 v->event
[2015-10-26 22:26:18]	停留 vi->event
[2015-10-26 22:26:18]	停靠 v->event
[2015-10-26 22:26:18]	访问 v->event
[2015-10-26 22:26:18]	到访 v->event
[2015-10-26 22:26:18]	返回 v->event
[2015-10-26 22:26:18]	回到 v->event
[2015-10-26 22:26:18]	前往 v->event
[2015-10-26 22:26:18]	开赴 v->event
[2015-10-26 22:26:18]	驶向 v->event
[2015-10-26 22:26:18]	靠近 v->event
[2015-10-26 22:26:18]	在 d->event
[2015-10-26 22:26:18]	出现 v->event
[2015-10-26 22:26:18]	前往 v->event
[2015-10-26 22:26:18]	出发 vi->event
[2015-10-26 22:26:18]	起航 vi->event
[2015-10-26 22:26:18]	出港 vi->event
[2015-10-26 22:26:18]	离开 v->event
[2015-10-26 22:26:18]	撤出 v->event
[2015-10-26 22:26:18]	途径 n->event
[2015-10-26 22:26:18]	驶过 v->event
[2015-10-26 22:26:18]	通过 p->event
[2015-10-26 22:26:18]	抵达 v->event
[2015-10-26 22:26:18]	到达 v->event
[2015-10-26 22:26:18]	至 d->event
[2015-10-26 22:26:18]	赶到 v->event
[2015-10-26 22:26:18]	停留 vi->event
[2015-10-26 22:26:18]	停靠 v->event
[2015-10-26 22:26:18]	访问 v->event
[2015-10-26 22:26:18]	到访 v->event
[2015-10-26 22:26:18]	返回 v->event
[2015-10-26 22:26:18]	回到 v->event
[2015-10-26 22:26:18]	前往 v->event
[2015-10-26 22:26:18]	开赴 v->event
[2015-10-26 22:26:18]	驶向 v->event
[2015-10-26 22:26:18]	靠近 v->event
[2015-10-26 22:26:18]	在 d->event
[2015-10-26 22:26:18]	出现 v->event
[2015-10-26 22:26:18]	前往 v->event
[2015-10-26 22:26:18]	出发 vi->event
[2015-10-26 22:26:18]	起航 vi->event
[2015-10-26 22:26:18]	出港 vi->event
[2015-10-26 22:26:18]	离开 v->event
[2015-10-26 22:26:18]	撤出 v->event
[2015-10-26 22:26:18]	途径 n->event
[2015-10-26 22:26:18]	驶过 v->event
[2015-10-26 22:26:18]	通过 p->event
[2015-10-26 22:26:18]	抵达 v->event
[2015-10-26 22:26:18]	到达 v->event
[2015-10-26 22:26:18]	至 d->event
[2015-10-26 22:26:18]	赶到 v->event
[2015-10-26 22:26:18]	停留 vi->event
[2015-10-26 22:26:18]	停靠 v->event
[2015-10-26 22:26:18]	访问 v->event
[2015-10-26 22:26:18]	到访 v->event
[2015-10-26 22:26:18]	返回 v->event
[2015-10-26 22:26:18]	回到 v->event
[2015-10-26 22:26:18]	前往 v->event
[2015-10-26 22:26:18]	开赴 v->event
[2015-10-26 22:26:18]	驶向 v->event
[2015-10-26 22:26:18]	靠近 v->event
[2015-10-26 22:26:18]	在 d->event
[2015-10-26 22:26:18]	出现 v->event
[2015-10-26 22:26:18]	前往 v->event
[2015-10-26 22:26:18]	出发 vi->event
[2015-10-26 22:26:18]	起航 vi->event
[2015-10-26 22:26:18]	出港 vi->event
[2015-10-26 22:26:18]	离开 v->event
[2015-10-26 22:26:18]	撤出 v->event
[2015-10-26 22:26:18]	途径 n->event
[2015-10-26 22:26:18]	驶过 v->event
[2015-10-26 22:26:18]	通过 p->event
[2015-10-26 22:26:18]	抵达 v->event
[2015-10-26 22:26:18]	到达 v->event
[2015-10-26 22:26:18]	至 d->event
[2015-10-26 22:26:18]	赶到 v->event
[2015-10-26 22:26:18]	停留 vi->event
[2015-10-26 22:26:18]	停靠 v->event
[2015-10-26 22:26:18]	访问 v->event
[2015-10-26 22:26:18]	到访 v->event
[2015-10-26 22:26:18]	返回 v->event
[2015-10-26 22:26:18]	回到 v->event
[2015-10-26 22:26:18]	前往 v->event
[2015-10-26 22:26:18]	开赴 v->event
[2015-10-26 22:26:18]	驶向 v->event
[2015-10-26 22:26:18]	靠近 v->event
[2015-10-26 22:26:18]	在 d->event
[2015-10-26 22:26:18]	出现 v->event
[2015-10-26 22:26:18]	前往 v->event
[2015-10-26 22:26:18]	出发 vi->event
[2015-10-26 22:26:18]	起航 vi->event
[2015-10-26 22:26:18]	出港 vi->event
[2015-10-26 22:26:18]	离开 v->event
[2015-10-26 22:26:18]	撤出 v->event
[2015-10-26 22:26:18]	途径 n->event
[2015-10-26 22:26:18]	驶过 v->event
[2015-10-26 22:26:18]	通过 p->event
[2015-10-26 22:26:18]	抵达 v->event
[2015-10-26 22:26:18]	到达 v->event
[2015-10-26 22:26:18]	至 d->event
[2015-10-26 22:26:18]	赶到 v->event
[2015-10-26 22:26:18]	停留 vi->event
[2015-10-26 22:26:18]	停靠 v->event
[2015-10-26 22:26:18]	访问 v->event
[2015-10-26 22:26:18]	到访 v->event
[2015-10-26 22:26:18]	返回 v->event
[2015-10-26 22:26:18]	回到 v->event
[2015-10-26 22:26:18]	前往 v->event
[2015-10-26 22:26:18]	开赴 v->event
[2015-10-26 22:26:18]	驶向 v->event
[2015-10-26 22:26:18]	靠近 v->event
[2015-10-26 22:26:18]	在 d->event
[2015-10-26 22:26:18]	出现 v->event
[2015-10-26 22:26:18]	前往 v->event
[2015-10-26 22:43:55]	出发 vi->event
[2015-10-26 22:43:55]	起航 vi->event
[2015-10-26 22:43:55]	出港 vi->event
[2015-10-26 22:43:55]	离开 v->event
[2015-10-26 22:43:55]	撤出 v->event
[2015-10-26 22:43:55]	途径 n->event
[2015-10-26 22:43:55]	驶过 v->event
[2015-10-26 22:43:55]	通过 p->event
[2015-10-26 22:43:55]	抵达 v->event
[2015-10-26 22:43:55]	到达 v->event
[2015-10-26 22:43:55]	至 d->event
[2015-10-26 22:43:55]	赶到 v->event
[2015-10-26 22:43:55]	停留 vi->event
[2015-10-26 22:43:55]	停靠 v->event
[2015-10-26 22:43:55]	访问 v->event
[2015-10-26 22:43:55]	到访 v->event
[2015-10-26 22:43:55]	返回 v->event
[2015-10-26 22:43:55]	回到 v->event
[2015-10-26 22:43:55]	前往 v->event
[2015-10-26 22:43:55]	开赴 v->event
[2015-10-26 22:43:55]	驶向 v->event
[2015-10-26 22:43:55]	靠近 v->event
[2015-10-26 22:43:55]	在 d->event
[2015-10-26 22:43:55]	出现 v->event
[2015-10-26 22:43:55]	前往 v->event
[2015-10-26 22:43:55]	出发 vi->event
[2015-10-26 22:43:55]	起航 vi->event
[2015-10-26 22:43:55]	出港 vi->event
[2015-10-26 22:43:55]	离开 v->event
[2015-10-26 22:43:55]	撤出 v->event
[2015-10-26 22:43:55]	途径 n->event
[2015-10-26 22:43:55]	驶过 v->event
[2015-10-26 22:43:55]	通过 p->event
[2015-10-26 22:43:55]	抵达 v->event
[2015-10-26 22:43:55]	到达 v->event
[2015-10-26 22:43:55]	至 d->event
[2015-10-26 22:43:55]	赶到 v->event
[2015-10-26 22:43:55]	停留 vi->event
[2015-10-26 22:43:55]	停靠 v->event
[2015-10-26 22:43:55]	访问 v->event
[2015-10-26 22:43:55]	到访 v->event
[2015-10-26 22:43:55]	返回 v->event
[2015-10-26 22:43:55]	回到 v->event
[2015-10-26 22:43:55]	前往 v->event
[2015-10-26 22:43:55]	开赴 v->event
[2015-10-26 22:43:55]	驶向 v->event
[2015-10-26 22:43:55]	靠近 v->event
[2015-10-26 22:43:55]	在 d->event
[2015-10-26 22:43:55]	出现 v->event
[2015-10-26 22:43:55]	前往 v->event
[2015-10-26 22:51:09]	出发 vi->event
[2015-10-26 22:51:09]	起航 vi->event
[2015-10-26 22:51:09]	出港 vi->event
[2015-10-26 22:51:09]	离开 v->event
[2015-10-26 22:51:09]	撤出 v->event
[2015-10-26 22:51:09]	途径 n->event
[2015-10-26 22:51:09]	驶过 v->event
[2015-10-26 22:51:09]	通过 p->event
[2015-10-26 22:51:09]	抵达 v->event
[2015-10-26 22:51:09]	到达 v->event
[2015-10-26 22:51:09]	至 d->event
[2015-10-26 22:51:09]	赶到 v->event
[2015-10-26 22:51:09]	停留 vi->event
[2015-10-26 22:51:09]	停靠 v->event
[2015-10-26 22:51:09]	访问 v->event
[2015-10-26 22:51:09]	到访 v->event
[2015-10-26 22:51:09]	返回 v->event
[2015-10-26 22:51:09]	回到 v->event
[2015-10-26 22:51:09]	前往 v->event
[2015-10-26 22:51:09]	开赴 v->event
[2015-10-26 22:51:09]	驶向 v->event
[2015-10-26 22:51:09]	靠近 v->event
[2015-10-26 22:51:09]	在 d->event
[2015-10-26 22:51:09]	出现 v->event
[2015-10-26 22:51:09]	前往 v->event
[2015-10-26 22:52:01]	出发 vi->event
[2015-10-26 22:52:01]	起航 vi->event
[2015-10-26 22:52:01]	出港 vi->event
[2015-10-26 22:52:01]	离开 v->event
[2015-10-26 22:52:01]	撤出 v->event
[2015-10-26 22:52:01]	途径 n->event
[2015-10-26 22:52:01]	驶过 v->event
[2015-10-26 22:52:01]	通过 p->event
[2015-10-26 22:52:01]	抵达 v->event
[2015-10-26 22:52:01]	到达 v->event
[2015-10-26 22:52:01]	至 d->event
[2015-10-26 22:52:01]	赶到 v->event
[2015-10-26 22:52:01]	停留 vi->event
[2015-10-26 22:52:01]	停靠 v->event
[2015-10-26 22:52:01]	访问 v->event
[2015-10-26 22:52:01]	到访 v->event
[2015-10-26 22:52:01]	返回 v->event
[2015-10-26 22:52:01]	回到 v->event
[2015-10-26 22:52:01]	前往 v->event
[2015-10-26 22:52:01]	开赴 v->event
[2015-10-26 22:52:01]	驶向 v->event
[2015-10-26 22:52:01]	靠近 v->event
[2015-10-26 22:52:01]	在 d->event
[2015-10-26 22:52:01]	出现 v->event
[2015-10-26 22:52:01]	前往 v->event
[2015-10-26 23:16:24]	出发 vi->event
[2015-10-26 23:16:24]	起航 vi->event
[2015-10-26 23:16:24]	出港 vi->event
[2015-10-26 23:16:24]	离开 v->event
[2015-10-26 23:16:24]	撤出 v->event
[2015-10-26 23:16:24]	途径 n->event
[2015-10-26 23:16:24]	驶过 v->event
[2015-10-26 23:16:24]	通过 p->event
[2015-10-26 23:16:24]	抵达 v->event
[2015-10-26 23:16:24]	到达 v->event
[2015-10-26 23:16:24]	至 d->event
[2015-10-26 23:16:24]	赶到 v->event
[2015-10-26 23:16:24]	停留 vi->event
[2015-10-26 23:16:24]	停靠 v->event
[2015-10-26 23:16:24]	访问 v->event
[2015-10-26 23:16:24]	到访 v->event
[2015-10-26 23:16:24]	返回 v->event
[2015-10-26 23:16:24]	回到 v->event
[2015-10-26 23:16:24]	前往 v->event
[2015-10-26 23:16:24]	开赴 v->event
[2015-10-26 23:16:24]	驶向 v->event
[2015-10-26 23:16:24]	靠近 v->event
[2015-10-26 23:16:24]	在 d->event
[2015-10-26 23:16:24]	出现 v->event
[2015-10-26 23:16:24]	前往 v->event
[2015-10-26 23:23:11]	出发 vi->event
[2015-10-26 23:23:11]	起航 vi->event
[2015-10-26 23:23:11]	出港 vi->event
[2015-10-26 23:23:11]	离开 v->event
[2015-10-26 23:23:11]	撤出 v->event
[2015-10-26 23:23:11]	途径 n->event
[2015-10-26 23:23:11]	驶过 v->event
[2015-10-26 23:23:11]	通过 p->event
[2015-10-26 23:23:11]	抵达 v->event
[2015-10-26 23:23:11]	到达 v->event
[2015-10-26 23:23:11]	至 d->event
[2015-10-26 23:23:11]	赶到 v->event
[2015-10-26 23:23:11]	停留 vi->event
[2015-10-26 23:23:11]	停靠 v->event
[2015-10-26 23:23:11]	访问 v->event
[2015-10-26 23:23:11]	到访 v->event
[2015-10-26 23:23:11]	返回 v->event
[2015-10-26 23:23:11]	回到 v->event
[2015-10-26 23:23:11]	前往 v->event
[2015-10-26 23:23:11]	开赴 v->event
[2015-10-26 23:23:11]	驶向 v->event
[2015-10-26 23:23:11]	靠近 v->event
[2015-10-26 23:23:11]	在 d->event
[2015-10-26 23:23:11]	出现 v->event
[2015-10-26 23:23:11]	前往 v->event
[2015-10-26 23:33:53]	出发 vi->event
[2015-10-26 23:33:53]	起航 vi->event
[2015-10-26 23:33:53]	出港 vi->event
[2015-10-26 23:33:53]	离开 v->event
[2015-10-26 23:33:53]	撤出 v->event
[2015-10-26 23:33:53]	途径 n->event
[2015-10-26 23:33:53]	驶过 v->event
[2015-10-26 23:33:53]	通过 p->event
[2015-10-26 23:33:53]	抵达 v->event
[2015-10-26 23:33:53]	到达 v->event
[2015-10-26 23:33:53]	至 d->event
[2015-10-26 23:33:53]	赶到 v->event
[2015-10-26 23:33:53]	停留 vi->event
[2015-10-26 23:33:53]	停靠 v->event
[2015-10-26 23:33:53]	访问 v->event
[2015-10-26 23:33:53]	到访 v->event
[2015-10-26 23:33:53]	返回 v->event
[2015-10-26 23:33:53]	回到 v->event
[2015-10-26 23:33:53]	前往 v->event
[2015-10-26 23:33:53]	开赴 v->event
[2015-10-26 23:33:53]	驶向 v->event
[2015-10-26 23:33:53]	靠近 v->event
[2015-10-26 23:33:53]	在 d->event
[2015-10-26 23:33:53]	出现 v->event
[2015-10-26 23:33:53]	前往 v->event
[2015-10-26 23:34:07]	出发 vi->event
[2015-10-26 23:34:07]	起航 vi->event
[2015-10-26 23:34:07]	出港 vi->event
[2015-10-26 23:34:07]	离开 v->event
[2015-10-26 23:34:07]	撤出 v->event
[2015-10-26 23:34:07]	途径 n->event
[2015-10-26 23:34:07]	驶过 v->event
[2015-10-26 23:34:07]	通过 p->event
[2015-10-26 23:34:07]	抵达 v->event
[2015-10-26 23:34:07]	到达 v->event
[2015-10-26 23:34:07]	至 d->event
[2015-10-26 23:34:07]	赶到 v->event
[2015-10-26 23:34:07]	停留 vi->event
[2015-10-26 23:34:07]	停靠 v->event
[2015-10-26 23:34:07]	访问 v->event
[2015-10-26 23:34:07]	到访 v->event
[2015-10-26 23:34:07]	返回 v->event
[2015-10-26 23:34:07]	回到 v->event
[2015-10-26 23:34:07]	前往 v->event
[2015-10-26 23:34:07]	开赴 v->event
[2015-10-26 23:34:07]	驶向 v->event
[2015-10-26 23:34:07]	靠近 v->event
[2015-10-26 23:34:07]	在 d->event
[2015-10-26 23:34:07]	出现 v->event
[2015-10-26 23:34:07]	前往 v->event
[2015-10-26 23:34:33]	出发 vi->event
[2015-10-26 23:34:33]	起航 vi->event
[2015-10-26 23:34:33]	出港 vi->event
[2015-10-26 23:34:33]	离开 v->event
[2015-10-26 23:34:33]	撤出 v->event
[2015-10-26 23:34:33]	途径 n->event
[2015-10-26 23:34:33]	驶过 v->event
[2015-10-26 23:34:33]	通过 p->event
[2015-10-26 23:34:33]	抵达 v->event
[2015-10-26 23:34:33]	到达 v->event
[2015-10-26 23:34:33]	至 d->event
[2015-10-26 23:34:33]	赶到 v->event
[2015-10-26 23:34:33]	停留 vi->event
[2015-10-26 23:34:33]	停靠 v->event
[2015-10-26 23:34:33]	访问 v->event
[2015-10-26 23:34:33]	到访 v->event
[2015-10-26 23:34:33]	返回 v->event
[2015-10-26 23:34:33]	回到 v->event
[2015-10-26 23:34:33]	前往 v->event
[2015-10-26 23:34:33]	开赴 v->event
[2015-10-26 23:34:33]	驶向 v->event
[2015-10-26 23:34:33]	靠近 v->event
[2015-10-26 23:34:33]	在 d->event
[2015-10-26 23:34:33]	出现 v->event
[2015-10-26 23:34:33]	前往 v->event
[2015-10-26 23:34:38]	出发 vi->event
[2015-10-26 23:34:38]	起航 vi->event
[2015-10-26 23:34:38]	出港 vi->event
[2015-10-26 23:34:38]	离开 v->event
[2015-10-26 23:34:38]	撤出 v->event
[2015-10-26 23:34:38]	途径 n->event
[2015-10-26 23:34:38]	驶过 v->event
[2015-10-26 23:34:38]	通过 p->event
[2015-10-26 23:34:38]	抵达 v->event
[2015-10-26 23:34:38]	到达 v->event
[2015-10-26 23:34:38]	至 d->event
[2015-10-26 23:34:38]	赶到 v->event
[2015-10-26 23:34:38]	停留 vi->event
[2015-10-26 23:34:38]	停靠 v->event
[2015-10-26 23:34:38]	访问 v->event
[2015-10-26 23:34:38]	到访 v->event
[2015-10-26 23:34:38]	返回 v->event
[2015-10-26 23:34:38]	回到 v->event
[2015-10-26 23:34:38]	前往 v->event
[2015-10-26 23:34:38]	开赴 v->event
[2015-10-26 23:34:38]	驶向 v->event
[2015-10-26 23:34:38]	靠近 v->event
[2015-10-26 23:34:38]	在 d->event
[2015-10-26 23:34:38]	出现 v->event
[2015-10-26 23:34:38]	前往 v->event
[2015-10-26 23:34:47]	出发 vi->event
[2015-10-26 23:34:47]	起航 vi->event
[2015-10-26 23:34:47]	出港 vi->event
[2015-10-26 23:34:47]	离开 v->event
[2015-10-26 23:34:47]	撤出 v->event
[2015-10-26 23:34:47]	途径 n->event
[2015-10-26 23:34:47]	驶过 v->event
[2015-10-26 23:34:47]	通过 p->event
[2015-10-26 23:34:47]	抵达 v->event
[2015-10-26 23:34:47]	到达 v->event
[2015-10-26 23:34:47]	至 d->event
[2015-10-26 23:34:47]	赶到 v->event
[2015-10-26 23:34:47]	停留 vi->event
[2015-10-26 23:34:47]	停靠 v->event
[2015-10-26 23:34:47]	访问 v->event
[2015-10-26 23:34:47]	到访 v->event
[2015-10-26 23:34:47]	返回 v->event
[2015-10-26 23:34:47]	回到 v->event
[2015-10-26 23:34:47]	前往 v->event
[2015-10-26 23:34:47]	开赴 v->event
[2015-10-26 23:34:47]	驶向 v->event
[2015-10-26 23:34:47]	靠近 v->event
[2015-10-26 23:34:47]	在 d->event
[2015-10-26 23:34:47]	出现 v->event
[2015-10-26 23:34:47]	前往 v->event
[2015-10-26 23:34:47]	出发 vi->event
[2015-10-26 23:34:47]	起航 vi->event
[2015-10-26 23:34:47]	出港 vi->event
[2015-10-26 23:34:47]	离开 v->event
[2015-10-26 23:34:47]	撤出 v->event
[2015-10-26 23:34:47]	途径 n->event
[2015-10-26 23:34:47]	驶过 v->event
[2015-10-26 23:34:47]	通过 p->event
[2015-10-26 23:34:47]	抵达 v->event
[2015-10-26 23:34:47]	到达 v->event
[2015-10-26 23:34:47]	至 d->event
[2015-10-26 23:34:47]	赶到 v->event
[2015-10-26 23:34:47]	停留 vi->event
[2015-10-26 23:34:47]	停靠 v->event
[2015-10-26 23:34:47]	访问 v->event
[2015-10-26 23:34:47]	到访 v->event
[2015-10-26 23:34:47]	返回 v->event
[2015-10-26 23:34:47]	回到 v->event
[2015-10-26 23:34:47]	前往 v->event
[2015-10-26 23:34:47]	开赴 v->event
[2015-10-26 23:34:47]	驶向 v->event
[2015-10-26 23:34:47]	靠近 v->event
[2015-10-26 23:34:47]	在 d->event
[2015-10-26 23:34:47]	出现 v->event
[2015-10-26 23:34:47]	前往 v->event
[2015-10-26 23:34:47]	出发 vi->event
[2015-10-26 23:34:47]	起航 vi->event
[2015-10-26 23:34:47]	出港 vi->event
[2015-10-26 23:34:47]	离开 v->event
[2015-10-26 23:34:47]	撤出 v->event
[2015-10-26 23:34:47]	途径 n->event
[2015-10-26 23:34:47]	驶过 v->event
[2015-10-26 23:34:47]	通过 p->event
[2015-10-26 23:34:47]	抵达 v->event
[2015-10-26 23:34:47]	到达 v->event
[2015-10-26 23:34:47]	至 d->event
[2015-10-26 23:34:47]	赶到 v->event
[2015-10-26 23:34:47]	停留 vi->event
[2015-10-26 23:34:47]	停靠 v->event
[2015-10-26 23:34:47]	访问 v->event
[2015-10-26 23:34:47]	到访 v->event
[2015-10-26 23:34:47]	返回 v->event
[2015-10-26 23:34:47]	回到 v->event
[2015-10-26 23:34:47]	前往 v->event
[2015-10-26 23:34:47]	开赴 v->event
[2015-10-26 23:34:47]	驶向 v->event
[2015-10-26 23:34:47]	靠近 v->event
[2015-10-26 23:34:47]	在 d->event
[2015-10-26 23:34:47]	出现 v->event
[2015-10-26 23:34:47]	前往 v->event
[2015-10-26 23:34:47]	出发 vi->event
[2015-10-26 23:34:47]	起航 vi->event
[2015-10-26 23:34:47]	出港 vi->event
[2015-10-26 23:34:47]	离开 v->event
[2015-10-26 23:34:47]	撤出 v->event
[2015-10-26 23:34:47]	途径 n->event
[2015-10-26 23:34:47]	驶过 v->event
[2015-10-26 23:34:47]	通过 p->event
[2015-10-26 23:34:47]	抵达 v->event
[2015-10-26 23:34:47]	到达 v->event
[2015-10-26 23:34:47]	至 d->event
[2015-10-26 23:34:47]	赶到 v->event
[2015-10-26 23:34:47]	停留 vi->event
[2015-10-26 23:34:47]	停靠 v->event
[2015-10-26 23:34:47]	访问 v->event
[2015-10-26 23:34:47]	到访 v->event
[2015-10-26 23:34:47]	返回 v->event
[2015-10-26 23:34:47]	回到 v->event
[2015-10-26 23:34:47]	前往 v->event
[2015-10-26 23:34:47]	开赴 v->event
[2015-10-26 23:34:47]	驶向 v->event
[2015-10-26 23:34:47]	靠近 v->event
[2015-10-26 23:34:47]	在 d->event
[2015-10-26 23:34:47]	出现 v->event
[2015-10-26 23:34:47]	前往 v->event
[2015-10-26 23:34:47]	出发 vi->event
[2015-10-26 23:34:47]	起航 vi->event
[2015-10-26 23:34:47]	出港 vi->event
[2015-10-26 23:34:47]	离开 v->event
[2015-10-26 23:34:47]	撤出 v->event
[2015-10-26 23:34:47]	途径 n->event
[2015-10-26 23:34:47]	驶过 v->event
[2015-10-26 23:34:47]	通过 p->event
[2015-10-26 23:34:47]	抵达 v->event
[2015-10-26 23:34:47]	到达 v->event
[2015-10-26 23:34:47]	至 d->event
[2015-10-26 23:34:47]	赶到 v->event
[2015-10-26 23:34:47]	停留 vi->event
[2015-10-26 23:34:47]	停靠 v->event
[2015-10-26 23:34:47]	访问 v->event
[2015-10-26 23:34:47]	到访 v->event
[2015-10-26 23:34:47]	返回 v->event
[2015-10-26 23:34:47]	回到 v->event
[2015-10-26 23:34:47]	前往 v->event
[2015-10-26 23:34:47]	开赴 v->event
[2015-10-26 23:34:47]	驶向 v->event
[2015-10-26 23:34:47]	靠近 v->event
[2015-10-26 23:34:47]	在 d->event
[2015-10-26 23:34:47]	出现 v->event
[2015-10-26 23:34:47]	前往 v->event
[2015-10-26 23:35:45]	出发 vi->event
[2015-10-26 23:35:45]	起航 vi->event
[2015-10-26 23:35:45]	出港 vi->event
[2015-10-26 23:35:45]	离开 v->event
[2015-10-26 23:35:45]	撤出 v->event
[2015-10-26 23:35:45]	途径 n->event
[2015-10-26 23:35:45]	驶过 v->event
[2015-10-26 23:35:45]	通过 p->event
[2015-10-26 23:35:45]	抵达 v->event
[2015-10-26 23:35:45]	到达 v->event
[2015-10-26 23:35:45]	至 d->event
[2015-10-26 23:35:45]	赶到 v->event
[2015-10-26 23:35:45]	停留 vi->event
[2015-10-26 23:35:45]	停靠 v->event
[2015-10-26 23:35:45]	访问 v->event
[2015-10-26 23:35:45]	到访 v->event
[2015-10-26 23:35:45]	返回 v->event
[2015-10-26 23:35:45]	回到 v->event
[2015-10-26 23:35:45]	前往 v->event
[2015-10-26 23:35:45]	开赴 v->event
[2015-10-26 23:35:45]	驶向 v->event
[2015-10-26 23:35:45]	靠近 v->event
[2015-10-26 23:35:45]	在 d->event
[2015-10-26 23:35:45]	出现 v->event
[2015-10-26 23:35:45]	前往 v->event
[2015-10-26 23:35:49]	出发 vi->event
[2015-10-26 23:35:49]	起航 vi->event
[2015-10-26 23:35:49]	出港 vi->event
[2015-10-26 23:35:49]	离开 v->event
[2015-10-26 23:35:49]	撤出 v->event
[2015-10-26 23:35:49]	途径 n->event
[2015-10-26 23:35:49]	驶过 v->event
[2015-10-26 23:35:49]	通过 p->event
[2015-10-26 23:35:49]	抵达 v->event
[2015-10-26 23:35:49]	到达 v->event
[2015-10-26 23:35:49]	至 d->event
[2015-10-26 23:35:49]	赶到 v->event
[2015-10-26 23:35:49]	停留 vi->event
[2015-10-26 23:35:49]	停靠 v->event
[2015-10-26 23:35:49]	访问 v->event
[2015-10-26 23:35:49]	到访 v->event
[2015-10-26 23:35:49]	返回 v->event
[2015-10-26 23:35:49]	回到 v->event
[2015-10-26 23:35:49]	前往 v->event
[2015-10-26 23:35:49]	开赴 v->event
[2015-10-26 23:35:49]	驶向 v->event
[2015-10-26 23:35:49]	靠近 v->event
[2015-10-26 23:35:49]	在 d->event
[2015-10-26 23:35:49]	出现 v->event
[2015-10-26 23:35:49]	前往 v->event
[2015-10-26 23:36:52]	出发 vi->event
[2015-10-26 23:36:52]	起航 vi->event
[2015-10-26 23:36:52]	出港 vi->event
[2015-10-26 23:36:52]	离开 v->event
[2015-10-26 23:36:52]	撤出 v->event
[2015-10-26 23:36:52]	途径 n->event
[2015-10-26 23:36:52]	驶过 v->event
[2015-10-26 23:36:52]	通过 p->event
[2015-10-26 23:36:52]	抵达 v->event
[2015-10-26 23:36:52]	到达 v->event
[2015-10-26 23:36:52]	至 d->event
[2015-10-26 23:36:52]	赶到 v->event
[2015-10-26 23:36:52]	停留 vi->event
[2015-10-26 23:36:52]	停靠 v->event
[2015-10-26 23:36:52]	访问 v->event
[2015-10-26 23:36:52]	到访 v->event
[2015-10-26 23:36:52]	返回 v->event
[2015-10-26 23:36:52]	回到 v->event
[2015-10-26 23:36:52]	前往 v->event
[2015-10-26 23:36:52]	开赴 v->event
[2015-10-26 23:36:52]	驶向 v->event
[2015-10-26 23:36:52]	靠近 v->event
[2015-10-26 23:36:52]	在 d->event
[2015-10-26 23:36:52]	出现 v->event
[2015-10-26 23:36:52]	前往 v->event
[2015-10-26 23:36:52]	出发 vi->event
[2015-10-26 23:36:52]	起航 vi->event
[2015-10-26 23:36:52]	出港 vi->event
[2015-10-26 23:36:52]	离开 v->event
[2015-10-26 23:36:52]	撤出 v->event
[2015-10-26 23:36:52]	途径 n->event
[2015-10-26 23:36:52]	驶过 v->event
[2015-10-26 23:36:52]	通过 p->event
[2015-10-26 23:36:52]	抵达 v->event
[2015-10-26 23:36:52]	到达 v->event
[2015-10-26 23:36:52]	至 d->event
[2015-10-26 23:36:52]	赶到 v->event
[2015-10-26 23:36:52]	停留 vi->event
[2015-10-26 23:36:52]	停靠 v->event
[2015-10-26 23:36:52]	访问 v->event
[2015-10-26 23:36:52]	到访 v->event
[2015-10-26 23:36:52]	返回 v->event
[2015-10-26 23:36:52]	回到 v->event
[2015-10-26 23:36:52]	前往 v->event
[2015-10-26 23:36:52]	开赴 v->event
[2015-10-26 23:36:52]	驶向 v->event
[2015-10-26 23:36:52]	靠近 v->event
[2015-10-26 23:36:52]	在 d->event
[2015-10-26 23:36:52]	出现 v->event
[2015-10-26 23:36:52]	前往 v->event
[2015-10-26 23:36:52]	出发 vi->event
[2015-10-26 23:36:52]	起航 vi->event
[2015-10-26 23:36:52]	出港 vi->event
[2015-10-26 23:36:52]	离开 v->event
[2015-10-26 23:36:52]	撤出 v->event
[2015-10-26 23:36:52]	途径 n->event
[2015-10-26 23:36:52]	驶过 v->event
[2015-10-26 23:36:52]	通过 p->event
[2015-10-26 23:36:52]	抵达 v->event
[2015-10-26 23:36:52]	到达 v->event
[2015-10-26 23:36:52]	至 d->event
[2015-10-26 23:36:52]	赶到 v->event
[2015-10-26 23:36:52]	停留 vi->event
[2015-10-26 23:36:52]	停靠 v->event
[2015-10-26 23:36:52]	访问 v->event
[2015-10-26 23:36:52]	到访 v->event
[2015-10-26 23:36:52]	返回 v->event
[2015-10-26 23:36:52]	回到 v->event
[2015-10-26 23:36:52]	前往 v->event
[2015-10-26 23:36:52]	开赴 v->event
[2015-10-26 23:36:52]	驶向 v->event
[2015-10-26 23:36:52]	靠近 v->event
[2015-10-26 23:36:52]	在 d->event
[2015-10-26 23:36:52]	出现 v->event
[2015-10-26 23:36:52]	前往 v->event
[2015-10-26 23:36:52]	出发 vi->event
[2015-10-26 23:36:52]	起航 vi->event
[2015-10-26 23:36:52]	出港 vi->event
[2015-10-26 23:36:52]	离开 v->event
[2015-10-26 23:36:52]	撤出 v->event
[2015-10-26 23:36:52]	途径 n->event
[2015-10-26 23:36:52]	驶过 v->event
[2015-10-26 23:36:52]	通过 p->event
[2015-10-26 23:36:52]	抵达 v->event
[2015-10-26 23:36:52]	到达 v->event
[2015-10-26 23:36:52]	至 d->event
[2015-10-26 23:36:52]	赶到 v->event
[2015-10-26 23:36:52]	停留 vi->event
[2015-10-26 23:36:52]	停靠 v->event
[2015-10-26 23:36:52]	访问 v->event
[2015-10-26 23:36:52]	到访 v->event
[2015-10-26 23:36:52]	返回 v->event
[2015-10-26 23:36:52]	回到 v->event
[2015-10-26 23:36:52]	前往 v->event
[2015-10-26 23:36:52]	开赴 v->event
[2015-10-26 23:36:52]	驶向 v->event
[2015-10-26 23:36:52]	靠近 v->event
[2015-10-26 23:36:52]	在 d->event
[2015-10-26 23:36:52]	出现 v->event
[2015-10-26 23:36:52]	前往 v->event
[2015-10-26 23:36:52]	出发 vi->event
[2015-10-26 23:36:52]	起航 vi->event
[2015-10-26 23:36:52]	出港 vi->event
[2015-10-26 23:36:52]	离开 v->event
[2015-10-26 23:36:52]	撤出 v->event
[2015-10-26 23:36:52]	途径 n->event
[2015-10-26 23:36:52]	驶过 v->event
[2015-10-26 23:36:52]	通过 p->event
[2015-10-26 23:36:52]	抵达 v->event
[2015-10-26 23:36:52]	到达 v->event
[2015-10-26 23:36:52]	至 d->event
[2015-10-26 23:36:52]	赶到 v->event
[2015-10-26 23:36:52]	停留 vi->event
[2015-10-26 23:36:52]	停靠 v->event
[2015-10-26 23:36:52]	访问 v->event
[2015-10-26 23:36:52]	到访 v->event
[2015-10-26 23:36:52]	返回 v->event
[2015-10-26 23:36:52]	回到 v->event
[2015-10-26 23:36:52]	前往 v->event
[2015-10-26 23:36:52]	开赴 v->event
[2015-10-26 23:36:52]	驶向 v->event
[2015-10-26 23:36:52]	靠近 v->event
[2015-10-26 23:36:52]	在 d->event
[2015-10-26 23:36:52]	出现 v->event
[2015-10-26 23:36:52]	前往 v->event
[2015-10-26 23:37:11]	出发 vi->event
[2015-10-26 23:37:11]	起航 vi->event
[2015-10-26 23:37:11]	出港 vi->event
[2015-10-26 23:37:11]	离开 v->event
[2015-10-26 23:37:11]	撤出 v->event
[2015-10-26 23:37:11]	途径 n->event
[2015-10-26 23:37:11]	驶过 v->event
[2015-10-26 23:37:11]	通过 p->event
[2015-10-26 23:37:11]	抵达 v->event
[2015-10-26 23:37:11]	到达 v->event
[2015-10-26 23:37:11]	至 d->event
[2015-10-26 23:37:11]	赶到 v->event
[2015-10-26 23:37:11]	停留 vi->event
[2015-10-26 23:37:11]	停靠 v->event
[2015-10-26 23:37:11]	访问 v->event
[2015-10-26 23:37:11]	到访 v->event
[2015-10-26 23:37:11]	返回 v->event
[2015-10-26 23:37:11]	回到 v->event
[2015-10-26 23:37:11]	前往 v->event
[2015-10-26 23:37:11]	开赴 v->event
[2015-10-26 23:37:11]	驶向 v->event
[2015-10-26 23:37:11]	靠近 v->event
[2015-10-26 23:37:11]	在 d->event
[2015-10-26 23:37:11]	出现 v->event
[2015-10-26 23:37:11]	前往 v->event
[2015-10-26 23:37:13]	出发 vi->event
[2015-10-26 23:37:13]	起航 vi->event
[2015-10-26 23:37:13]	出港 vi->event
[2015-10-26 23:37:13]	离开 v->event
[2015-10-26 23:37:13]	撤出 v->event
[2015-10-26 23:37:13]	途径 n->event
[2015-10-26 23:37:13]	驶过 v->event
[2015-10-26 23:37:13]	通过 p->event
[2015-10-26 23:37:13]	抵达 v->event
[2015-10-26 23:37:13]	到达 v->event
[2015-10-26 23:37:13]	至 d->event
[2015-10-26 23:37:13]	赶到 v->event
[2015-10-26 23:37:13]	停留 vi->event
[2015-10-26 23:37:13]	停靠 v->event
[2015-10-26 23:37:13]	访问 v->event
[2015-10-26 23:37:13]	到访 v->event
[2015-10-26 23:37:13]	返回 v->event
[2015-10-26 23:37:13]	回到 v->event
[2015-10-26 23:37:13]	前往 v->event
[2015-10-26 23:37:13]	开赴 v->event
[2015-10-26 23:37:13]	驶向 v->event
[2015-10-26 23:37:13]	靠近 v->event
[2015-10-26 23:37:13]	在 d->event
[2015-10-26 23:37:13]	出现 v->event
[2015-10-26 23:37:13]	前往 v->event
[2015-10-26 23:37:20]	出发 vi->event
[2015-10-26 23:37:20]	起航 vi->event
[2015-10-26 23:37:20]	出港 vi->event
[2015-10-26 23:37:20]	离开 v->event
[2015-10-26 23:37:20]	撤出 v->event
[2015-10-26 23:37:20]	途径 n->event
[2015-10-26 23:37:20]	驶过 v->event
[2015-10-26 23:37:20]	通过 p->event
[2015-10-26 23:37:20]	抵达 v->event
[2015-10-26 23:37:20]	到达 v->event
[2015-10-26 23:37:20]	至 d->event
[2015-10-26 23:37:20]	赶到 v->event
[2015-10-26 23:37:20]	停留 vi->event
[2015-10-26 23:37:20]	停靠 v->event
[2015-10-26 23:37:20]	访问 v->event
[2015-10-26 23:37:20]	到访 v->event
[2015-10-26 23:37:20]	返回 v->event
[2015-10-26 23:37:20]	回到 v->event
[2015-10-26 23:37:20]	前往 v->event
[2015-10-26 23:37:20]	开赴 v->event
[2015-10-26 23:37:20]	驶向 v->event
[2015-10-26 23:37:20]	靠近 v->event
[2015-10-26 23:37:20]	在 d->event
[2015-10-26 23:37:20]	出现 v->event
[2015-10-26 23:37:20]	前往 v->event
[2015-10-26 23:37:33]	出发 vi->event
[2015-10-26 23:37:33]	起航 vi->event
[2015-10-26 23:37:33]	出港 vi->event
[2015-10-26 23:37:33]	离开 v->event
[2015-10-26 23:37:33]	撤出 v->event
[2015-10-26 23:37:33]	途径 n->event
[2015-10-26 23:37:33]	驶过 v->event
[2015-10-26 23:37:33]	通过 p->event
[2015-10-26 23:37:33]	抵达 v->event
[2015-10-26 23:37:33]	到达 v->event
[2015-10-26 23:37:33]	至 d->event
[2015-10-26 23:37:33]	赶到 v->event
[2015-10-26 23:37:33]	停留 vi->event
[2015-10-26 23:37:33]	停靠 v->event
[2015-10-26 23:37:33]	访问 v->event
[2015-10-26 23:37:33]	到访 v->event
[2015-10-26 23:37:33]	返回 v->event
[2015-10-26 23:37:33]	回到 v->event
[2015-10-26 23:37:33]	前往 v->event
[2015-10-26 23:37:33]	开赴 v->event
[2015-10-26 23:37:33]	驶向 v->event
[2015-10-26 23:37:33]	靠近 v->event
[2015-10-26 23:37:33]	在 d->event
[2015-10-26 23:37:33]	出现 v->event
[2015-10-26 23:37:33]	前往 v->event
[2015-10-26 23:48:43]	出发 vi->event
[2015-10-26 23:48:43]	起航 vi->event
[2015-10-26 23:48:43]	出港 vi->event
[2015-10-26 23:48:43]	离开 v->event
[2015-10-26 23:48:43]	撤出 v->event
[2015-10-26 23:48:43]	途径 n->event
[2015-10-26 23:48:43]	驶过 v->event
[2015-10-26 23:48:43]	通过 p->event
[2015-10-26 23:48:43]	抵达 v->event
[2015-10-26 23:48:43]	到达 v->event
[2015-10-26 23:48:43]	至 d->event
[2015-10-26 23:48:43]	赶到 v->event
[2015-10-26 23:48:43]	停留 vi->event
[2015-10-26 23:48:43]	停靠 v->event
[2015-10-26 23:48:43]	访问 v->event
[2015-10-26 23:48:43]	到访 v->event
[2015-10-26 23:48:43]	返回 v->event
[2015-10-26 23:48:43]	回到 v->event
[2015-10-26 23:48:43]	前往 v->event
[2015-10-26 23:48:43]	开赴 v->event
[2015-10-26 23:48:43]	驶向 v->event
[2015-10-26 23:48:43]	靠近 v->event
[2015-10-26 23:48:43]	在 d->event
[2015-10-26 23:48:43]	出现 v->event
[2015-10-26 23:48:43]	前往 v->event
[2015-10-26 23:48:46]	出发 vi->event
[2015-10-26 23:48:46]	起航 vi->event
[2015-10-26 23:48:46]	出港 vi->event
[2015-10-26 23:48:46]	离开 v->event
[2015-10-26 23:48:46]	撤出 v->event
[2015-10-26 23:48:46]	途径 n->event
[2015-10-26 23:48:46]	驶过 v->event
[2015-10-26 23:48:46]	通过 p->event
[2015-10-26 23:48:46]	抵达 v->event
[2015-10-26 23:48:46]	到达 v->event
[2015-10-26 23:48:46]	至 d->event
[2015-10-26 23:48:46]	赶到 v->event
[2015-10-26 23:48:46]	停留 vi->event
[2015-10-26 23:48:46]	停靠 v->event
[2015-10-26 23:48:46]	访问 v->event
[2015-10-26 23:48:46]	到访 v->event
[2015-10-26 23:48:46]	返回 v->event
[2015-10-26 23:48:46]	回到 v->event
[2015-10-26 23:48:46]	前往 v->event
[2015-10-26 23:48:46]	开赴 v->event
[2015-10-26 23:48:46]	驶向 v->event
[2015-10-26 23:48:46]	靠近 v->event
[2015-10-26 23:48:46]	在 d->event
[2015-10-26 23:48:46]	出现 v->event
[2015-10-26 23:48:46]	前往 v->event
[2015-10-26 23:48:47]	出发 vi->event
[2015-10-26 23:48:47]	起航 vi->event
[2015-10-26 23:48:47]	出港 vi->event
[2015-10-26 23:48:47]	离开 v->event
[2015-10-26 23:48:47]	撤出 v->event
[2015-10-26 23:48:47]	途径 n->event
[2015-10-26 23:48:47]	驶过 v->event
[2015-10-26 23:48:47]	通过 p->event
[2015-10-26 23:48:47]	抵达 v->event
[2015-10-26 23:48:47]	到达 v->event
[2015-10-26 23:48:47]	至 d->event
[2015-10-26 23:48:47]	赶到 v->event
[2015-10-26 23:48:47]	停留 vi->event
[2015-10-26 23:48:47]	停靠 v->event
[2015-10-26 23:48:47]	访问 v->event
[2015-10-26 23:48:47]	到访 v->event
[2015-10-26 23:48:47]	返回 v->event
[2015-10-26 23:48:47]	回到 v->event
[2015-10-26 23:48:47]	前往 v->event
[2015-10-26 23:48:47]	开赴 v->event
[2015-10-26 23:48:47]	驶向 v->event
[2015-10-26 23:48:47]	靠近 v->event
[2015-10-26 23:48:47]	在 d->event
[2015-10-26 23:48:47]	出现 v->event
[2015-10-26 23:48:47]	前往 v->event
[2015-10-26 23:48:48]	出发 vi->event
[2015-10-26 23:48:48]	起航 vi->event
[2015-10-26 23:48:48]	出港 vi->event
[2015-10-26 23:48:48]	离开 v->event
[2015-10-26 23:48:48]	撤出 v->event
[2015-10-26 23:48:48]	途径 n->event
[2015-10-26 23:48:48]	驶过 v->event
[2015-10-26 23:48:48]	通过 p->event
[2015-10-26 23:48:48]	抵达 v->event
[2015-10-26 23:48:48]	到达 v->event
[2015-10-26 23:48:48]	至 d->event
[2015-10-26 23:48:48]	赶到 v->event
[2015-10-26 23:48:48]	停留 vi->event
[2015-10-26 23:48:48]	停靠 v->event
[2015-10-26 23:48:48]	访问 v->event
[2015-10-26 23:48:48]	到访 v->event
[2015-10-26 23:48:48]	返回 v->event
[2015-10-26 23:48:48]	回到 v->event
[2015-10-26 23:48:48]	前往 v->event
[2015-10-26 23:48:48]	开赴 v->event
[2015-10-26 23:48:48]	驶向 v->event
[2015-10-26 23:48:48]	靠近 v->event
[2015-10-26 23:48:48]	在 d->event
[2015-10-26 23:48:48]	出现 v->event
[2015-10-26 23:48:48]	前往 v->event
[2015-10-26 23:48:48]	出发 vi->event
[2015-10-26 23:48:48]	起航 vi->event
[2015-10-26 23:48:48]	出港 vi->event
[2015-10-26 23:48:48]	离开 v->event
[2015-10-26 23:48:48]	撤出 v->event
[2015-10-26 23:48:48]	途径 n->event
[2015-10-26 23:48:48]	驶过 v->event
[2015-10-26 23:48:48]	通过 p->event
[2015-10-26 23:48:48]	抵达 v->event
[2015-10-26 23:48:48]	到达 v->event
[2015-10-26 23:48:48]	至 d->event
[2015-10-26 23:48:48]	赶到 v->event
[2015-10-26 23:48:48]	停留 vi->event
[2015-10-26 23:48:48]	停靠 v->event
[2015-10-26 23:48:48]	访问 v->event
[2015-10-26 23:48:48]	到访 v->event
[2015-10-26 23:48:48]	返回 v->event
[2015-10-26 23:48:48]	回到 v->event
[2015-10-26 23:48:48]	前往 v->event
[2015-10-26 23:48:48]	开赴 v->event
[2015-10-26 23:48:48]	驶向 v->event
[2015-10-26 23:48:48]	靠近 v->event
[2015-10-26 23:48:48]	在 d->event
[2015-10-26 23:48:48]	出现 v->event
[2015-10-26 23:48:48]	前往 v->event
[2015-10-26 23:48:49]	出发 vi->event
[2015-10-26 23:48:49]	起航 vi->event
[2015-10-26 23:48:49]	出港 vi->event
[2015-10-26 23:48:49]	离开 v->event
[2015-10-26 23:48:49]	撤出 v->event
[2015-10-26 23:48:49]	途径 n->event
[2015-10-26 23:48:49]	驶过 v->event
[2015-10-26 23:48:49]	通过 p->event
[2015-10-26 23:48:49]	抵达 v->event
[2015-10-26 23:48:49]	到达 v->event
[2015-10-26 23:48:49]	至 d->event
[2015-10-26 23:48:49]	赶到 v->event
[2015-10-26 23:48:49]	停留 vi->event
[2015-10-26 23:48:49]	停靠 v->event
[2015-10-26 23:48:49]	访问 v->event
[2015-10-26 23:48:49]	到访 v->event
[2015-10-26 23:48:49]	返回 v->event
[2015-10-26 23:48:49]	回到 v->event
[2015-10-26 23:48:49]	前往 v->event
[2015-10-26 23:48:49]	开赴 v->event
[2015-10-26 23:48:49]	驶向 v->event
[2015-10-26 23:48:49]	靠近 v->event
[2015-10-26 23:48:49]	在 d->event
[2015-10-26 23:48:49]	出现 v->event
[2015-10-26 23:48:49]	前往 v->event
[2015-10-26 23:48:49]	出发 vi->event
[2015-10-26 23:48:49]	起航 vi->event
[2015-10-26 23:48:49]	出港 vi->event
[2015-10-26 23:48:49]	离开 v->event
[2015-10-26 23:48:49]	撤出 v->event
[2015-10-26 23:48:49]	途径 n->event
[2015-10-26 23:48:49]	驶过 v->event
[2015-10-26 23:48:49]	通过 p->event
[2015-10-26 23:48:49]	抵达 v->event
[2015-10-26 23:48:49]	到达 v->event
[2015-10-26 23:48:49]	至 d->event
[2015-10-26 23:48:49]	赶到 v->event
[2015-10-26 23:48:49]	停留 vi->event
[2015-10-26 23:48:49]	停靠 v->event
[2015-10-26 23:48:49]	访问 v->event
[2015-10-26 23:48:49]	到访 v->event
[2015-10-26 23:48:49]	返回 v->event
[2015-10-26 23:48:49]	回到 v->event
[2015-10-26 23:48:49]	前往 v->event
[2015-10-26 23:48:49]	开赴 v->event
[2015-10-26 23:48:49]	驶向 v->event
[2015-10-26 23:48:49]	靠近 v->event
[2015-10-26 23:48:49]	在 d->event
[2015-10-26 23:48:49]	出现 v->event
[2015-10-26 23:48:49]	前往 v->event
[2015-10-26 23:50:00]	出发 vi->event
[2015-10-26 23:50:00]	起航 vi->event
[2015-10-26 23:50:00]	出港 vi->event
[2015-10-26 23:50:00]	离开 v->event
[2015-10-26 23:50:00]	撤出 v->event
[2015-10-26 23:50:00]	途径 n->event
[2015-10-26 23:50:00]	驶过 v->event
[2015-10-26 23:50:00]	通过 p->event
[2015-10-26 23:50:00]	抵达 v->event
[2015-10-26 23:50:00]	到达 v->event
[2015-10-26 23:50:00]	至 d->event
[2015-10-26 23:50:00]	赶到 v->event
[2015-10-26 23:50:00]	停留 vi->event
[2015-10-26 23:50:00]	停靠 v->event
[2015-10-26 23:50:00]	访问 v->event
[2015-10-26 23:50:00]	到访 v->event
[2015-10-26 23:50:00]	返回 v->event
[2015-10-26 23:50:00]	回到 v->event
[2015-10-26 23:50:00]	前往 v->event
[2015-10-26 23:50:00]	开赴 v->event
[2015-10-26 23:50:00]	驶向 v->event
[2015-10-26 23:50:00]	靠近 v->event
[2015-10-26 23:50:00]	在 d->event
[2015-10-26 23:50:00]	出现 v->event
[2015-10-26 23:50:00]	前往 v->event
[2015-10-26 23:50:02]	出发 vi->event
[2015-10-26 23:50:02]	起航 vi->event
[2015-10-26 23:50:02]	出港 vi->event
[2015-10-26 23:50:02]	离开 v->event
[2015-10-26 23:50:02]	撤出 v->event
[2015-10-26 23:50:02]	途径 n->event
[2015-10-26 23:50:02]	驶过 v->event
[2015-10-26 23:50:02]	通过 p->event
[2015-10-26 23:50:02]	抵达 v->event
[2015-10-26 23:50:02]	到达 v->event
[2015-10-26 23:50:02]	至 d->event
[2015-10-26 23:50:02]	赶到 v->event
[2015-10-26 23:50:02]	停留 vi->event
[2015-10-26 23:50:02]	停靠 v->event
[2015-10-26 23:50:02]	访问 v->event
[2015-10-26 23:50:02]	到访 v->event
[2015-10-26 23:50:02]	返回 v->event
[2015-10-26 23:50:02]	回到 v->event
[2015-10-26 23:50:02]	前往 v->event
[2015-10-26 23:50:02]	开赴 v->event
[2015-10-26 23:50:02]	驶向 v->event
[2015-10-26 23:50:02]	靠近 v->event
[2015-10-26 23:50:02]	在 d->event
[2015-10-26 23:50:02]	出现 v->event
[2015-10-26 23:50:02]	前往 v->event
[2015-10-26 23:50:03]	出发 vi->event
[2015-10-26 23:50:03]	起航 vi->event
[2015-10-26 23:50:03]	出港 vi->event
[2015-10-26 23:50:03]	离开 v->event
[2015-10-26 23:50:03]	撤出 v->event
[2015-10-26 23:50:03]	途径 n->event
[2015-10-26 23:50:03]	驶过 v->event
[2015-10-26 23:50:03]	通过 p->event
[2015-10-26 23:50:03]	抵达 v->event
[2015-10-26 23:50:03]	到达 v->event
[2015-10-26 23:50:03]	至 d->event
[2015-10-26 23:50:03]	赶到 v->event
[2015-10-26 23:50:03]	停留 vi->event
[2015-10-26 23:50:03]	停靠 v->event
[2015-10-26 23:50:03]	访问 v->event
[2015-10-26 23:50:03]	到访 v->event
[2015-10-26 23:50:03]	返回 v->event
[2015-10-26 23:50:03]	回到 v->event
[2015-10-26 23:50:03]	前往 v->event
[2015-10-26 23:50:03]	开赴 v->event
[2015-10-26 23:50:03]	驶向 v->event
[2015-10-26 23:50:03]	靠近 v->event
[2015-10-26 23:50:03]	在 d->event
[2015-10-26 23:50:03]	出现 v->event
[2015-10-26 23:50:03]	前往 v->event
[2015-10-26 23:51:23]	出发 vi->event
[2015-10-26 23:51:23]	起航 vi->event
[2015-10-26 23:51:23]	出港 vi->event
[2015-10-26 23:51:23]	离开 v->event
[2015-10-26 23:51:23]	撤出 v->event
[2015-10-26 23:51:23]	途径 n->event
[2015-10-26 23:51:23]	驶过 v->event
[2015-10-26 23:51:23]	通过 p->event
[2015-10-26 23:51:23]	抵达 v->event
[2015-10-26 23:51:23]	到达 v->event
[2015-10-26 23:51:23]	至 d->event
[2015-10-26 23:51:23]	赶到 v->event
[2015-10-26 23:51:23]	停留 vi->event
[2015-10-26 23:51:23]	停靠 v->event
[2015-10-26 23:51:23]	访问 v->event
[2015-10-26 23:51:23]	到访 v->event
[2015-10-26 23:51:23]	返回 v->event
[2015-10-26 23:51:23]	回到 v->event
[2015-10-26 23:51:23]	前往 v->event
[2015-10-26 23:51:23]	开赴 v->event
[2015-10-26 23:51:23]	驶向 v->event
[2015-10-26 23:51:23]	靠近 v->event
[2015-10-26 23:51:23]	在 d->event
[2015-10-26 23:51:23]	出现 v->event
[2015-10-26 23:51:23]	前往 v->event
[2015-10-26 23:51:25]	出发 vi->event
[2015-10-26 23:51:25]	起航 vi->event
[2015-10-26 23:51:25]	出港 vi->event
[2015-10-26 23:51:25]	离开 v->event
[2015-10-26 23:51:25]	撤出 v->event
[2015-10-26 23:51:25]	途径 n->event
[2015-10-26 23:51:25]	驶过 v->event
[2015-10-26 23:51:25]	通过 p->event
[2015-10-26 23:51:25]	抵达 v->event
[2015-10-26 23:51:25]	到达 v->event
[2015-10-26 23:51:25]	至 d->event
[2015-10-26 23:51:25]	赶到 v->event
[2015-10-26 23:51:25]	停留 vi->event
[2015-10-26 23:51:25]	停靠 v->event
[2015-10-26 23:51:25]	访问 v->event
[2015-10-26 23:51:25]	到访 v->event
[2015-10-26 23:51:25]	返回 v->event
[2015-10-26 23:51:25]	回到 v->event
[2015-10-26 23:51:25]	前往 v->event
[2015-10-26 23:51:25]	开赴 v->event
[2015-10-26 23:51:25]	驶向 v->event
[2015-10-26 23:51:25]	靠近 v->event
[2015-10-26 23:51:25]	在 d->event
[2015-10-26 23:51:25]	出现 v->event
[2015-10-26 23:51:25]	前往 v->event
[2015-10-26 23:51:27]	出发 vi->event
[2015-10-26 23:51:27]	起航 vi->event
[2015-10-26 23:51:27]	出港 vi->event
[2015-10-26 23:51:27]	离开 v->event
[2015-10-26 23:51:27]	撤出 v->event
[2015-10-26 23:51:27]	途径 n->event
[2015-10-26 23:51:27]	驶过 v->event
[2015-10-26 23:51:27]	通过 p->event
[2015-10-26 23:51:27]	抵达 v->event
[2015-10-26 23:51:27]	到达 v->event
[2015-10-26 23:51:27]	至 d->event
[2015-10-26 23:51:27]	赶到 v->event
[2015-10-26 23:51:27]	停留 vi->event
[2015-10-26 23:51:27]	停靠 v->event
[2015-10-26 23:51:27]	访问 v->event
[2015-10-26 23:51:27]	到访 v->event
[2015-10-26 23:51:27]	返回 v->event
[2015-10-26 23:51:27]	回到 v->event
[2015-10-26 23:51:27]	前往 v->event
[2015-10-26 23:51:27]	开赴 v->event
[2015-10-26 23:51:27]	驶向 v->event
[2015-10-26 23:51:27]	靠近 v->event
[2015-10-26 23:51:27]	在 d->event
[2015-10-26 23:51:27]	出现 v->event
[2015-10-26 23:51:27]	前往 v->event
[2015-10-26 23:51:28]	出发 vi->event
[2015-10-26 23:51:28]	起航 vi->event
[2015-10-26 23:51:28]	出港 vi->event
[2015-10-26 23:51:28]	离开 v->event
[2015-10-26 23:51:28]	撤出 v->event
[2015-10-26 23:51:28]	途径 n->event
[2015-10-26 23:51:28]	驶过 v->event
[2015-10-26 23:51:28]	通过 p->event
[2015-10-26 23:51:28]	抵达 v->event
[2015-10-26 23:51:28]	到达 v->event
[2015-10-26 23:51:28]	至 d->event
[2015-10-26 23:51:28]	赶到 v->event
[2015-10-26 23:51:28]	停留 vi->event
[2015-10-26 23:51:28]	停靠 v->event
[2015-10-26 23:51:28]	访问 v->event
[2015-10-26 23:51:28]	到访 v->event
[2015-10-26 23:51:28]	返回 v->event
[2015-10-26 23:51:28]	回到 v->event
[2015-10-26 23:51:28]	前往 v->event
[2015-10-26 23:51:28]	开赴 v->event
[2015-10-26 23:51:28]	驶向 v->event
[2015-10-26 23:51:28]	靠近 v->event
[2015-10-26 23:51:28]	在 d->event
[2015-10-26 23:51:28]	出现 v->event
[2015-10-26 23:51:28]	前往 v->event
[2015-10-26 23:51:29]	出发 vi->event
[2015-10-26 23:51:29]	起航 vi->event
[2015-10-26 23:51:29]	出港 vi->event
[2015-10-26 23:51:29]	离开 v->event
[2015-10-26 23:51:29]	撤出 v->event
[2015-10-26 23:51:29]	途径 n->event
[2015-10-26 23:51:29]	驶过 v->event
[2015-10-26 23:51:29]	通过 p->event
[2015-10-26 23:51:29]	抵达 v->event
[2015-10-26 23:51:29]	到达 v->event
[2015-10-26 23:51:29]	至 d->event
[2015-10-26 23:51:29]	赶到 v->event
[2015-10-26 23:51:29]	停留 vi->event
[2015-10-26 23:51:29]	停靠 v->event
[2015-10-26 23:51:29]	访问 v->event
[2015-10-26 23:51:29]	到访 v->event
[2015-10-26 23:51:29]	返回 v->event
[2015-10-26 23:51:29]	回到 v->event
[2015-10-26 23:51:29]	前往 v->event
[2015-10-26 23:51:29]	开赴 v->event
[2015-10-26 23:51:29]	驶向 v->event
[2015-10-26 23:51:29]	靠近 v->event
[2015-10-26 23:51:29]	在 d->event
[2015-10-26 23:51:29]	出现 v->event
[2015-10-26 23:51:29]	前往 v->event
[2015-10-26 23:51:56]	出发 vi->event
[2015-10-26 23:51:56]	起航 vi->event
[2015-10-26 23:51:56]	出港 vi->event
[2015-10-26 23:51:56]	离开 v->event
[2015-10-26 23:51:56]	撤出 v->event
[2015-10-26 23:51:56]	途径 n->event
[2015-10-26 23:51:56]	驶过 v->event
[2015-10-26 23:51:56]	通过 p->event
[2015-10-26 23:51:56]	抵达 v->event
[2015-10-26 23:51:56]	到达 v->event
[2015-10-26 23:51:56]	至 d->event
[2015-10-26 23:51:56]	赶到 v->event
[2015-10-26 23:51:56]	停留 vi->event
[2015-10-26 23:51:56]	停靠 v->event
[2015-10-26 23:51:56]	访问 v->event
[2015-10-26 23:51:56]	到访 v->event
[2015-10-26 23:51:56]	返回 v->event
[2015-10-26 23:51:56]	回到 v->event
[2015-10-26 23:51:56]	前往 v->event
[2015-10-26 23:51:56]	开赴 v->event
[2015-10-26 23:51:56]	驶向 v->event
[2015-10-26 23:51:56]	靠近 v->event
[2015-10-26 23:51:56]	在 d->event
[2015-10-26 23:51:56]	出现 v->event
[2015-10-26 23:51:56]	前往 v->event
[2015-10-26 23:51:59]	出发 vi->event
[2015-10-26 23:51:59]	起航 vi->event
[2015-10-26 23:51:59]	出港 vi->event
[2015-10-26 23:51:59]	离开 v->event
[2015-10-26 23:51:59]	撤出 v->event
[2015-10-26 23:51:59]	途径 n->event
[2015-10-26 23:51:59]	驶过 v->event
[2015-10-26 23:51:59]	通过 p->event
[2015-10-26 23:51:59]	抵达 v->event
[2015-10-26 23:51:59]	到达 v->event
[2015-10-26 23:51:59]	至 d->event
[2015-10-26 23:51:59]	赶到 v->event
[2015-10-26 23:51:59]	停留 vi->event
[2015-10-26 23:51:59]	停靠 v->event
[2015-10-26 23:51:59]	访问 v->event
[2015-10-26 23:51:59]	到访 v->event
[2015-10-26 23:51:59]	返回 v->event
[2015-10-26 23:51:59]	回到 v->event
[2015-10-26 23:51:59]	前往 v->event
[2015-10-26 23:51:59]	开赴 v->event
[2015-10-26 23:51:59]	驶向 v->event
[2015-10-26 23:51:59]	靠近 v->event
[2015-10-26 23:51:59]	在 d->event
[2015-10-26 23:51:59]	出现 v->event
[2015-10-26 23:51:59]	前往 v->event
[2015-10-26 23:52:00]	出发 vi->event
[2015-10-26 23:52:00]	起航 vi->event
[2015-10-26 23:52:00]	出港 vi->event
[2015-10-26 23:52:00]	离开 v->event
[2015-10-26 23:52:00]	撤出 v->event
[2015-10-26 23:52:00]	途径 n->event
[2015-10-26 23:52:00]	驶过 v->event
[2015-10-26 23:52:00]	通过 p->event
[2015-10-26 23:52:00]	抵达 v->event
[2015-10-26 23:52:00]	到达 v->event
[2015-10-26 23:52:00]	至 d->event
[2015-10-26 23:52:00]	赶到 v->event
[2015-10-26 23:52:00]	停留 vi->event
[2015-10-26 23:52:00]	停靠 v->event
[2015-10-26 23:52:00]	访问 v->event
[2015-10-26 23:52:00]	到访 v->event
[2015-10-26 23:52:00]	返回 v->event
[2015-10-26 23:52:00]	回到 v->event
[2015-10-26 23:52:00]	前往 v->event
[2015-10-26 23:52:00]	开赴 v->event
[2015-10-26 23:52:00]	驶向 v->event
[2015-10-26 23:52:00]	靠近 v->event
[2015-10-26 23:52:00]	在 d->event
[2015-10-26 23:52:00]	出现 v->event
[2015-10-26 23:52:00]	前往 v->event
[2015-10-26 23:52:00]	出发 vi->event
[2015-10-26 23:52:00]	起航 vi->event
[2015-10-26 23:52:00]	出港 vi->event
[2015-10-26 23:52:00]	离开 v->event
[2015-10-26 23:52:00]	撤出 v->event
[2015-10-26 23:52:00]	途径 n->event
[2015-10-26 23:52:00]	驶过 v->event
[2015-10-26 23:52:00]	通过 p->event
[2015-10-26 23:52:00]	抵达 v->event
[2015-10-26 23:52:00]	到达 v->event
[2015-10-26 23:52:00]	至 d->event
[2015-10-26 23:52:00]	赶到 v->event
[2015-10-26 23:52:00]	停留 vi->event
[2015-10-26 23:52:00]	停靠 v->event
[2015-10-26 23:52:00]	访问 v->event
[2015-10-26 23:52:00]	到访 v->event
[2015-10-26 23:52:00]	返回 v->event
[2015-10-26 23:52:00]	回到 v->event
[2015-10-26 23:52:00]	前往 v->event
[2015-10-26 23:52:00]	开赴 v->event
[2015-10-26 23:52:00]	驶向 v->event
[2015-10-26 23:52:00]	靠近 v->event
[2015-10-26 23:52:00]	在 d->event
[2015-10-26 23:52:00]	出现 v->event
[2015-10-26 23:52:00]	前往 v->event
[2015-10-26 23:54:47]	出发 vi->event
[2015-10-26 23:54:47]	起航 vi->event
[2015-10-26 23:54:47]	出港 vi->event
[2015-10-26 23:54:47]	离开 v->event
[2015-10-26 23:54:47]	撤出 v->event
[2015-10-26 23:54:47]	途径 n->event
[2015-10-26 23:54:47]	驶过 v->event
[2015-10-26 23:54:47]	通过 p->event
[2015-10-26 23:54:47]	抵达 v->event
[2015-10-26 23:54:47]	到达 v->event
[2015-10-26 23:54:47]	至 d->event
[2015-10-26 23:54:47]	赶到 v->event
[2015-10-26 23:54:47]	停留 vi->event
[2015-10-26 23:54:47]	停靠 v->event
[2015-10-26 23:54:47]	访问 v->event
[2015-10-26 23:54:47]	到访 v->event
[2015-10-26 23:54:47]	返回 v->event
[2015-10-26 23:54:47]	回到 v->event
[2015-10-26 23:54:47]	前往 v->event
[2015-10-26 23:54:47]	开赴 v->event
[2015-10-26 23:54:47]	驶向 v->event
[2015-10-26 23:54:47]	靠近 v->event
[2015-10-26 23:54:47]	在 d->event
[2015-10-26 23:54:47]	出现 v->event
[2015-10-26 23:54:47]	前往 v->event
[2015-10-26 23:54:47]	驶离 v->event
[2015-10-26 23:54:47]	驻扎 v->event
[2015-10-26 23:54:47]	驶入 v->event
[2015-10-26 23:54:49]	出发 vi->event
[2015-10-26 23:54:49]	起航 vi->event
[2015-10-26 23:54:49]	出港 vi->event
[2015-10-26 23:54:49]	离开 v->event
[2015-10-26 23:54:49]	撤出 v->event
[2015-10-26 23:54:49]	途径 n->event
[2015-10-26 23:54:49]	驶过 v->event
[2015-10-26 23:54:49]	通过 p->event
[2015-10-26 23:54:49]	抵达 v->event
[2015-10-26 23:54:49]	到达 v->event
[2015-10-26 23:54:49]	至 d->event
[2015-10-26 23:54:49]	赶到 v->event
[2015-10-26 23:54:49]	停留 vi->event
[2015-10-26 23:54:49]	停靠 v->event
[2015-10-26 23:54:49]	访问 v->event
[2015-10-26 23:54:49]	到访 v->event
[2015-10-26 23:54:49]	返回 v->event
[2015-10-26 23:54:49]	回到 v->event
[2015-10-26 23:54:49]	前往 v->event
[2015-10-26 23:54:49]	开赴 v->event
[2015-10-26 23:54:49]	驶向 v->event
[2015-10-26 23:54:49]	靠近 v->event
[2015-10-26 23:54:49]	在 d->event
[2015-10-26 23:54:49]	出现 v->event
[2015-10-26 23:54:49]	前往 v->event
[2015-10-26 23:54:49]	驶离 v->event
[2015-10-26 23:54:49]	驻扎 v->event
[2015-10-26 23:54:49]	驶入 v->event
[2015-10-26 23:54:50]	出发 vi->event
[2015-10-26 23:54:50]	起航 vi->event
[2015-10-26 23:54:50]	出港 vi->event
[2015-10-26 23:54:50]	离开 v->event
[2015-10-26 23:54:50]	撤出 v->event
[2015-10-26 23:54:50]	途径 n->event
[2015-10-26 23:54:50]	驶过 v->event
[2015-10-26 23:54:50]	通过 p->event
[2015-10-26 23:54:50]	抵达 v->event
[2015-10-26 23:54:50]	到达 v->event
[2015-10-26 23:54:50]	至 d->event
[2015-10-26 23:54:50]	赶到 v->event
[2015-10-26 23:54:50]	停留 vi->event
[2015-10-26 23:54:50]	停靠 v->event
[2015-10-26 23:54:50]	访问 v->event
[2015-10-26 23:54:50]	到访 v->event
[2015-10-26 23:54:50]	返回 v->event
[2015-10-26 23:54:50]	回到 v->event
[2015-10-26 23:54:50]	前往 v->event
[2015-10-26 23:54:50]	开赴 v->event
[2015-10-26 23:54:50]	驶向 v->event
[2015-10-26 23:54:50]	靠近 v->event
[2015-10-26 23:54:50]	在 d->event
[2015-10-26 23:54:50]	出现 v->event
[2015-10-26 23:54:50]	前往 v->event
[2015-10-26 23:54:50]	驶离 v->event
[2015-10-26 23:54:50]	驻扎 v->event
[2015-10-26 23:54:50]	驶入 v->event
[2015-10-26 23:54:51]	出发 vi->event
[2015-10-26 23:54:51]	起航 vi->event
[2015-10-26 23:54:51]	出港 vi->event
[2015-10-26 23:54:51]	离开 v->event
[2015-10-26 23:54:51]	撤出 v->event
[2015-10-26 23:54:51]	途径 n->event
[2015-10-26 23:54:51]	驶过 v->event
[2015-10-26 23:54:51]	通过 p->event
[2015-10-26 23:54:51]	抵达 v->event
[2015-10-26 23:54:51]	到达 v->event
[2015-10-26 23:54:51]	至 d->event
[2015-10-26 23:54:51]	赶到 v->event
[2015-10-26 23:54:51]	停留 vi->event
[2015-10-26 23:54:51]	停靠 v->event
[2015-10-26 23:54:51]	访问 v->event
[2015-10-26 23:54:51]	到访 v->event
[2015-10-26 23:54:51]	返回 v->event
[2015-10-26 23:54:51]	回到 v->event
[2015-10-26 23:54:51]	前往 v->event
[2015-10-26 23:54:51]	开赴 v->event
[2015-10-26 23:54:51]	驶向 v->event
[2015-10-26 23:54:51]	靠近 v->event
[2015-10-26 23:54:51]	在 d->event
[2015-10-26 23:54:51]	出现 v->event
[2015-10-26 23:54:51]	前往 v->event
[2015-10-26 23:54:51]	驶离 v->event
[2015-10-26 23:54:51]	驻扎 v->event
[2015-10-26 23:54:51]	驶入 v->event
[2015-10-26 23:54:52]	出发 vi->event
[2015-10-26 23:54:52]	起航 vi->event
[2015-10-26 23:54:52]	出港 vi->event
[2015-10-26 23:54:52]	离开 v->event
[2015-10-26 23:54:52]	撤出 v->event
[2015-10-26 23:54:52]	途径 n->event
[2015-10-26 23:54:52]	驶过 v->event
[2015-10-26 23:54:52]	通过 p->event
[2015-10-26 23:54:52]	抵达 v->event
[2015-10-26 23:54:52]	到达 v->event
[2015-10-26 23:54:52]	至 d->event
[2015-10-26 23:54:52]	赶到 v->event
[2015-10-26 23:54:52]	停留 vi->event
[2015-10-26 23:54:52]	停靠 v->event
[2015-10-26 23:54:52]	访问 v->event
[2015-10-26 23:54:52]	到访 v->event
[2015-10-26 23:54:52]	返回 v->event
[2015-10-26 23:54:52]	回到 v->event
[2015-10-26 23:54:52]	前往 v->event
[2015-10-26 23:54:52]	开赴 v->event
[2015-10-26 23:54:52]	驶向 v->event
[2015-10-26 23:54:52]	靠近 v->event
[2015-10-26 23:54:52]	在 d->event
[2015-10-26 23:54:52]	出现 v->event
[2015-10-26 23:54:52]	前往 v->event
[2015-10-26 23:54:52]	驶离 v->event
[2015-10-26 23:54:52]	驻扎 v->event
[2015-10-26 23:54:52]	驶入 v->event
[2015-10-26 23:55:16]	出发 vi->event
[2015-10-26 23:55:16]	起航 vi->event
[2015-10-26 23:55:16]	出港 vi->event
[2015-10-26 23:55:16]	离开 v->event
[2015-10-26 23:55:16]	撤出 v->event
[2015-10-26 23:55:16]	途径 n->event
[2015-10-26 23:55:16]	驶过 v->event
[2015-10-26 23:55:16]	通过 p->event
[2015-10-26 23:55:16]	抵达 v->event
[2015-10-26 23:55:16]	到达 v->event
[2015-10-26 23:55:16]	至 d->event
[2015-10-26 23:55:16]	赶到 v->event
[2015-10-26 23:55:16]	停留 vi->event
[2015-10-26 23:55:16]	停靠 v->event
[2015-10-26 23:55:16]	访问 v->event
[2015-10-26 23:55:16]	到访 v->event
[2015-10-26 23:55:16]	返回 v->event
[2015-10-26 23:55:16]	回到 v->event
[2015-10-26 23:55:16]	前往 v->event
[2015-10-26 23:55:16]	开赴 v->event
[2015-10-26 23:55:16]	驶向 v->event
[2015-10-26 23:55:16]	靠近 v->event
[2015-10-26 23:55:16]	在 d->event
[2015-10-26 23:55:16]	出现 v->event
[2015-10-26 23:55:16]	前往 v->event
[2015-10-26 23:55:16]	驶离 v->event
[2015-10-26 23:55:16]	驻扎 v->event
[2015-10-26 23:55:16]	驶入 v->event
[2015-10-26 23:55:20]	出发 vi->event
[2015-10-26 23:55:20]	起航 vi->event
[2015-10-26 23:55:20]	出港 vi->event
[2015-10-26 23:55:20]	离开 v->event
[2015-10-26 23:55:20]	撤出 v->event
[2015-10-26 23:55:20]	途径 n->event
[2015-10-26 23:55:20]	驶过 v->event
[2015-10-26 23:55:20]	通过 p->event
[2015-10-26 23:55:20]	抵达 v->event
[2015-10-26 23:55:20]	到达 v->event
[2015-10-26 23:55:20]	至 d->event
[2015-10-26 23:55:20]	赶到 v->event
[2015-10-26 23:55:20]	停留 vi->event
[2015-10-26 23:55:20]	停靠 v->event
[2015-10-26 23:55:20]	访问 v->event
[2015-10-26 23:55:20]	到访 v->event
[2015-10-26 23:55:20]	返回 v->event
[2015-10-26 23:55:20]	回到 v->event
[2015-10-26 23:55:20]	前往 v->event
[2015-10-26 23:55:20]	开赴 v->event
[2015-10-26 23:55:20]	驶向 v->event
[2015-10-26 23:55:20]	靠近 v->event
[2015-10-26 23:55:20]	在 d->event
[2015-10-26 23:55:20]	出现 v->event
[2015-10-26 23:55:20]	前往 v->event
[2015-10-26 23:55:20]	驶离 v->event
[2015-10-26 23:55:20]	驻扎 v->event
[2015-10-26 23:55:20]	驶入 v->event
[2015-10-26 23:56:10]	出发 vi->event
[2015-10-26 23:56:10]	起航 vi->event
[2015-10-26 23:56:10]	出港 vi->event
[2015-10-26 23:56:10]	离开 v->event
[2015-10-26 23:56:10]	撤出 v->event
[2015-10-26 23:56:10]	途径 n->event
[2015-10-26 23:56:10]	驶过 v->event
[2015-10-26 23:56:10]	通过 p->event
[2015-10-26 23:56:10]	抵达 v->event
[2015-10-26 23:56:10]	到达 v->event
[2015-10-26 23:56:10]	至 d->event
[2015-10-26 23:56:10]	赶到 v->event
[2015-10-26 23:56:10]	停留 vi->event
[2015-10-26 23:56:10]	停靠 v->event
[2015-10-26 23:56:10]	访问 v->event
[2015-10-26 23:56:10]	到访 v->event
[2015-10-26 23:56:10]	返回 v->event
[2015-10-26 23:56:10]	回到 v->event
[2015-10-26 23:56:10]	前往 v->event
[2015-10-26 23:56:10]	开赴 v->event
[2015-10-26 23:56:10]	驶向 v->event
[2015-10-26 23:56:10]	靠近 v->event
[2015-10-26 23:56:10]	在 d->event
[2015-10-26 23:56:10]	出现 v->event
[2015-10-26 23:56:10]	前往 v->event
[2015-10-26 23:56:10]	驶离 v->event
[2015-10-26 23:56:10]	驻扎 v->event
[2015-10-26 23:56:10]	驶入 v->event
[2015-10-26 23:57:16]	出发 vi->event
[2015-10-26 23:57:16]	起航 vi->event
[2015-10-26 23:57:16]	出港 vi->event
[2015-10-26 23:57:16]	离开 v->event
[2015-10-26 23:57:16]	撤出 v->event
[2015-10-26 23:57:16]	途径 n->event
[2015-10-26 23:57:16]	驶过 v->event
[2015-10-26 23:57:16]	通过 p->event
[2015-10-26 23:57:16]	抵达 v->event
[2015-10-26 23:57:16]	到达 v->event
[2015-10-26 23:57:16]	至 d->event
[2015-10-26 23:57:16]	赶到 v->event
[2015-10-26 23:57:16]	停留 vi->event
[2015-10-26 23:57:16]	停靠 v->event
[2015-10-26 23:57:16]	访问 v->event
[2015-10-26 23:57:16]	到访 v->event
[2015-10-26 23:57:16]	返回 v->event
[2015-10-26 23:57:16]	回到 v->event
[2015-10-26 23:57:16]	前往 v->event
[2015-10-26 23:57:16]	开赴 v->event
[2015-10-26 23:57:16]	驶向 v->event
[2015-10-26 23:57:16]	靠近 v->event
[2015-10-26 23:57:16]	在 d->event
[2015-10-26 23:57:16]	出现 v->event
[2015-10-26 23:57:16]	前往 v->event
[2015-10-26 23:57:16]	驶离 v->event
[2015-10-26 23:57:16]	驻扎 v->event
[2015-10-26 23:57:16]	驶入 v->event
[2015-10-26 23:59:26]	出发 vi->event
[2015-10-26 23:59:26]	起航 vi->event
[2015-10-26 23:59:26]	出港 vi->event
[2015-10-26 23:59:26]	离开 v->event
[2015-10-26 23:59:26]	撤出 v->event
[2015-10-26 23:59:26]	途径 n->event
[2015-10-26 23:59:26]	驶过 v->event
[2015-10-26 23:59:26]	通过 p->event
[2015-10-26 23:59:26]	抵达 v->event
[2015-10-26 23:59:26]	到达 v->event
[2015-10-26 23:59:26]	至 d->event
[2015-10-26 23:59:26]	赶到 v->event
[2015-10-26 23:59:26]	停留 vi->event
[2015-10-26 23:59:26]	停靠 v->event
[2015-10-26 23:59:26]	访问 v->event
[2015-10-26 23:59:26]	到访 v->event
[2015-10-26 23:59:26]	返回 v->event
[2015-10-26 23:59:26]	回到 v->event
[2015-10-26 23:59:26]	前往 v->event
[2015-10-26 23:59:26]	开赴 v->event
[2015-10-26 23:59:26]	驶向 v->event
[2015-10-26 23:59:26]	靠近 v->event
[2015-10-26 23:59:26]	在 d->event
[2015-10-26 23:59:26]	出现 v->event
[2015-10-26 23:59:26]	前往 v->event
[2015-10-26 23:59:26]	驶离 v->event
[2015-10-26 23:59:26]	驻扎 v->event
[2015-10-26 23:59:26]	驶入 v->event
[2015-10-26 23:59:28]	出发 vi->event
[2015-10-26 23:59:28]	起航 vi->event
[2015-10-26 23:59:28]	出港 vi->event
[2015-10-26 23:59:28]	离开 v->event
[2015-10-26 23:59:28]	撤出 v->event
[2015-10-26 23:59:28]	途径 n->event
[2015-10-26 23:59:28]	驶过 v->event
[2015-10-26 23:59:28]	通过 p->event
[2015-10-26 23:59:28]	抵达 v->event
[2015-10-26 23:59:28]	到达 v->event
[2015-10-26 23:59:28]	至 d->event
[2015-10-26 23:59:28]	赶到 v->event
[2015-10-26 23:59:28]	停留 vi->event
[2015-10-26 23:59:28]	停靠 v->event
[2015-10-26 23:59:28]	访问 v->event
[2015-10-26 23:59:28]	到访 v->event
[2015-10-26 23:59:28]	返回 v->event
[2015-10-26 23:59:28]	回到 v->event
[2015-10-26 23:59:28]	前往 v->event
[2015-10-26 23:59:28]	开赴 v->event
[2015-10-26 23:59:28]	驶向 v->event
[2015-10-26 23:59:28]	靠近 v->event
[2015-10-26 23:59:28]	在 d->event
[2015-10-26 23:59:28]	出现 v->event
[2015-10-26 23:59:28]	前往 v->event
[2015-10-26 23:59:28]	驶离 v->event
[2015-10-26 23:59:28]	驻扎 v->event
[2015-10-26 23:59:28]	驶入 v->event
[2015-10-26 23:59:30]	出发 vi->event
[2015-10-26 23:59:30]	起航 vi->event
[2015-10-26 23:59:30]	出港 vi->event
[2015-10-26 23:59:30]	离开 v->event
[2015-10-26 23:59:30]	撤出 v->event
[2015-10-26 23:59:30]	途径 n->event
[2015-10-26 23:59:30]	驶过 v->event
[2015-10-26 23:59:30]	通过 p->event
[2015-10-26 23:59:30]	抵达 v->event
[2015-10-26 23:59:30]	到达 v->event
[2015-10-26 23:59:30]	至 d->event
[2015-10-26 23:59:30]	赶到 v->event
[2015-10-26 23:59:30]	停留 vi->event
[2015-10-26 23:59:30]	停靠 v->event
[2015-10-26 23:59:30]	访问 v->event
[2015-10-26 23:59:30]	到访 v->event
[2015-10-26 23:59:30]	返回 v->event
[2015-10-26 23:59:30]	回到 v->event
[2015-10-26 23:59:30]	前往 v->event
[2015-10-26 23:59:30]	开赴 v->event
[2015-10-26 23:59:30]	驶向 v->event
[2015-10-26 23:59:30]	靠近 v->event
[2015-10-26 23:59:30]	在 d->event
[2015-10-26 23:59:30]	出现 v->event
[2015-10-26 23:59:30]	前往 v->event
[2015-10-26 23:59:30]	驶离 v->event
[2015-10-26 23:59:30]	驻扎 v->event
[2015-10-26 23:59:30]	驶入 v->event
[2015-10-26 23:59:30]	出发 vi->event
[2015-10-26 23:59:30]	起航 vi->event
[2015-10-26 23:59:30]	出港 vi->event
[2015-10-26 23:59:30]	离开 v->event
[2015-10-26 23:59:30]	撤出 v->event
[2015-10-26 23:59:30]	途径 n->event
[2015-10-26 23:59:30]	驶过 v->event
[2015-10-26 23:59:30]	通过 p->event
[2015-10-26 23:59:30]	抵达 v->event
[2015-10-26 23:59:30]	到达 v->event
[2015-10-26 23:59:30]	至 d->event
[2015-10-26 23:59:30]	赶到 v->event
[2015-10-26 23:59:30]	停留 vi->event
[2015-10-26 23:59:30]	停靠 v->event
[2015-10-26 23:59:30]	访问 v->event
[2015-10-26 23:59:30]	到访 v->event
[2015-10-26 23:59:30]	返回 v->event
[2015-10-26 23:59:30]	回到 v->event
[2015-10-26 23:59:30]	前往 v->event
[2015-10-26 23:59:30]	开赴 v->event
[2015-10-26 23:59:30]	驶向 v->event
[2015-10-26 23:59:30]	靠近 v->event
[2015-10-26 23:59:30]	在 d->event
[2015-10-26 23:59:30]	出现 v->event
[2015-10-26 23:59:30]	前往 v->event
[2015-10-26 23:59:30]	驶离 v->event
[2015-10-26 23:59:30]	驻扎 v->event
[2015-10-26 23:59:30]	驶入 v->event
[2015-10-26 23:59:31]	出发 vi->event
[2015-10-26 23:59:31]	起航 vi->event
[2015-10-26 23:59:31]	出港 vi->event
[2015-10-26 23:59:31]	离开 v->event
[2015-10-26 23:59:31]	撤出 v->event
[2015-10-26 23:59:31]	途径 n->event
[2015-10-26 23:59:31]	驶过 v->event
[2015-10-26 23:59:31]	通过 p->event
[2015-10-26 23:59:31]	抵达 v->event
[2015-10-26 23:59:31]	到达 v->event
[2015-10-26 23:59:31]	至 d->event
[2015-10-26 23:59:31]	赶到 v->event
[2015-10-26 23:59:31]	停留 vi->event
[2015-10-26 23:59:31]	停靠 v->event
[2015-10-26 23:59:31]	访问 v->event
[2015-10-26 23:59:31]	到访 v->event
[2015-10-26 23:59:31]	返回 v->event
[2015-10-26 23:59:31]	回到 v->event
[2015-10-26 23:59:31]	前往 v->event
[2015-10-26 23:59:31]	开赴 v->event
[2015-10-26 23:59:31]	驶向 v->event
[2015-10-26 23:59:31]	靠近 v->event
[2015-10-26 23:59:31]	在 d->event
[2015-10-26 23:59:31]	出现 v->event
[2015-10-26 23:59:31]	前往 v->event
[2015-10-26 23:59:31]	驶离 v->event
[2015-10-26 23:59:31]	驻扎 v->event
[2015-10-26 23:59:31]	驶入 v->event
[2015-10-26 23:59:54]	出发 vi->event
[2015-10-26 23:59:54]	起航 vi->event
[2015-10-26 23:59:54]	出港 vi->event
[2015-10-26 23:59:54]	离开 v->event
[2015-10-26 23:59:54]	撤出 v->event
[2015-10-26 23:59:54]	途径 n->event
[2015-10-26 23:59:54]	驶过 v->event
[2015-10-26 23:59:54]	通过 p->event
[2015-10-26 23:59:54]	抵达 v->event
[2015-10-26 23:59:54]	到达 v->event
[2015-10-26 23:59:54]	至 d->event
[2015-10-26 23:59:54]	赶到 v->event
[2015-10-26 23:59:54]	停留 vi->event
[2015-10-26 23:59:54]	停靠 v->event
[2015-10-26 23:59:54]	访问 v->event
[2015-10-26 23:59:54]	到访 v->event
[2015-10-26 23:59:54]	返回 v->event
[2015-10-26 23:59:54]	回到 v->event
[2015-10-26 23:59:54]	前往 v->event
[2015-10-26 23:59:54]	开赴 v->event
[2015-10-26 23:59:54]	驶向 v->event
[2015-10-26 23:59:54]	靠近 v->event
[2015-10-26 23:59:54]	在 d->event
[2015-10-26 23:59:54]	出现 v->event
[2015-10-26 23:59:54]	前往 v->event
[2015-10-26 23:59:54]	驶离 v->event
[2015-10-26 23:59:54]	驻扎 v->event
[2015-10-26 23:59:54]	驶入 v->event
