[2015-10-14 00:25:30]	出发 vi->event
[2015-10-14 00:25:30]	起航 vi->event
[2015-10-14 00:25:30]	出港 vi->event
[2015-10-14 00:25:30]	离开 v->event
[2015-10-14 00:25:30]	撤出 v->event
[2015-10-14 00:25:30]	途径 n->event
[2015-10-14 00:25:30]	驶过 v->event
[2015-10-14 00:25:30]	通过 p->event
[2015-10-14 00:25:30]	抵达 v->event
[2015-10-14 00:25:30]	到达 v->event
[2015-10-14 00:25:30]	至 d->event
[2015-10-14 00:25:30]	赶到 v->event
[2015-10-14 00:25:30]	停留 vi->event
[2015-10-14 00:25:30]	停靠 v->event
[2015-10-14 00:25:30]	访问 v->event
[2015-10-14 00:25:30]	到访 v->event
[2015-10-14 00:25:30]	返回 v->event
[2015-10-14 00:25:30]	回到 v->event
[2015-10-14 00:25:30]	前往 v->event
[2015-10-14 00:25:30]	开赴 v->event
[2015-10-14 00:25:30]	驶向 v->event
[2015-10-14 00:25:30]	靠近 v->event
[2015-10-14 00:25:30]	在 d->event
[2015-10-14 00:25:30]	出现 v->event
[2015-10-14 00:25:49]	出发 vi->event
[2015-10-14 00:25:49]	起航 vi->event
[2015-10-14 00:25:49]	出港 vi->event
[2015-10-14 00:25:49]	离开 v->event
[2015-10-14 00:25:49]	撤出 v->event
[2015-10-14 00:25:49]	途径 n->event
[2015-10-14 00:25:49]	驶过 v->event
[2015-10-14 00:25:49]	通过 p->event
[2015-10-14 00:25:49]	抵达 v->event
[2015-10-14 00:25:49]	到达 v->event
[2015-10-14 00:25:49]	至 d->event
[2015-10-14 00:25:49]	赶到 v->event
[2015-10-14 00:25:49]	停留 vi->event
[2015-10-14 00:25:49]	停靠 v->event
[2015-10-14 00:25:49]	访问 v->event
[2015-10-14 00:25:49]	到访 v->event
[2015-10-14 00:25:49]	返回 v->event
[2015-10-14 00:25:49]	回到 v->event
[2015-10-14 00:25:49]	前往 v->event
[2015-10-14 00:25:49]	开赴 v->event
[2015-10-14 00:25:49]	驶向 v->event
[2015-10-14 00:25:49]	靠近 v->event
[2015-10-14 00:25:49]	在 d->event
[2015-10-14 00:25:49]	出现 v->event
[2015-10-14 00:26:01]	出发 vi->event
[2015-10-14 00:26:01]	起航 vi->event
[2015-10-14 00:26:01]	出港 vi->event
[2015-10-14 00:26:01]	离开 v->event
[2015-10-14 00:26:01]	撤出 v->event
[2015-10-14 00:26:01]	途径 n->event
[2015-10-14 00:26:01]	驶过 v->event
[2015-10-14 00:26:01]	通过 p->event
[2015-10-14 00:26:01]	抵达 v->event
[2015-10-14 00:26:01]	到达 v->event
[2015-10-14 00:26:01]	至 d->event
[2015-10-14 00:26:01]	赶到 v->event
[2015-10-14 00:26:01]	停留 vi->event
[2015-10-14 00:26:01]	停靠 v->event
[2015-10-14 00:26:01]	访问 v->event
[2015-10-14 00:26:01]	到访 v->event
[2015-10-14 00:26:01]	返回 v->event
[2015-10-14 00:26:01]	回到 v->event
[2015-10-14 00:26:01]	前往 v->event
[2015-10-14 00:26:01]	开赴 v->event
[2015-10-14 00:26:01]	驶向 v->event
[2015-10-14 00:26:01]	靠近 v->event
[2015-10-14 00:26:01]	在 d->event
[2015-10-14 00:26:01]	出现 v->event
[2015-10-14 00:46:09]	出发 vi->event
[2015-10-14 00:46:09]	起航 vi->event
[2015-10-14 00:46:09]	出港 vi->event
[2015-10-14 00:46:09]	离开 v->event
[2015-10-14 00:46:09]	撤出 v->event
[2015-10-14 00:46:09]	途径 n->event
[2015-10-14 00:46:09]	驶过 v->event
[2015-10-14 00:46:09]	通过 p->event
[2015-10-14 00:46:09]	抵达 v->event
[2015-10-14 00:46:09]	到达 v->event
[2015-10-14 00:46:09]	至 d->event
[2015-10-14 00:46:09]	赶到 v->event
[2015-10-14 00:46:09]	停留 vi->event
[2015-10-14 00:46:09]	停靠 v->event
[2015-10-14 00:46:09]	访问 v->event
[2015-10-14 00:46:09]	到访 v->event
[2015-10-14 00:46:09]	返回 v->event
[2015-10-14 00:46:09]	回到 v->event
[2015-10-14 00:46:09]	前往 v->event
[2015-10-14 00:46:09]	开赴 v->event
[2015-10-14 00:46:09]	驶向 v->event
[2015-10-14 00:46:09]	靠近 v->event
[2015-10-14 00:46:09]	在 d->event
[2015-10-14 00:46:09]	出现 v->event
[2015-10-14 00:48:30]	出发 vi->event
[2015-10-14 00:48:30]	起航 vi->event
[2015-10-14 00:48:30]	出港 vi->event
[2015-10-14 00:48:30]	离开 v->event
[2015-10-14 00:48:30]	撤出 v->event
[2015-10-14 00:48:30]	途径 n->event
[2015-10-14 00:48:30]	驶过 v->event
[2015-10-14 00:48:30]	通过 p->event
[2015-10-14 00:48:30]	抵达 v->event
[2015-10-14 00:48:30]	到达 v->event
[2015-10-14 00:48:30]	至 d->event
[2015-10-14 00:48:30]	赶到 v->event
[2015-10-14 00:48:30]	停留 vi->event
[2015-10-14 00:48:30]	停靠 v->event
[2015-10-14 00:48:30]	访问 v->event
[2015-10-14 00:48:30]	到访 v->event
[2015-10-14 00:48:30]	返回 v->event
[2015-10-14 00:48:30]	回到 v->event
[2015-10-14 00:48:30]	前往 v->event
[2015-10-14 00:48:30]	开赴 v->event
[2015-10-14 00:48:30]	驶向 v->event
[2015-10-14 00:48:30]	靠近 v->event
[2015-10-14 00:48:30]	在 d->event
[2015-10-14 00:48:30]	出现 v->event
[2015-10-14 00:51:10]	出发 vi->event
[2015-10-14 00:51:10]	起航 vi->event
[2015-10-14 00:51:10]	出港 vi->event
[2015-10-14 00:51:10]	离开 v->event
[2015-10-14 00:51:10]	撤出 v->event
[2015-10-14 00:51:10]	途径 n->event
[2015-10-14 00:51:10]	驶过 v->event
[2015-10-14 00:51:10]	通过 p->event
[2015-10-14 00:51:10]	抵达 v->event
[2015-10-14 00:51:10]	到达 v->event
[2015-10-14 00:51:10]	至 d->event
[2015-10-14 00:51:10]	赶到 v->event
[2015-10-14 00:51:10]	停留 vi->event
[2015-10-14 00:51:10]	停靠 v->event
[2015-10-14 00:51:10]	访问 v->event
[2015-10-14 00:51:10]	到访 v->event
[2015-10-14 00:51:10]	返回 v->event
[2015-10-14 00:51:10]	回到 v->event
[2015-10-14 00:51:10]	前往 v->event
[2015-10-14 00:51:10]	开赴 v->event
[2015-10-14 00:51:10]	驶向 v->event
[2015-10-14 00:51:10]	靠近 v->event
[2015-10-14 00:51:10]	在 d->event
[2015-10-14 00:51:10]	出现 v->event
[2015-10-14 00:52:38]	出发 vi->event
[2015-10-14 00:52:38]	起航 vi->event
[2015-10-14 00:52:38]	出港 vi->event
[2015-10-14 00:52:38]	离开 v->event
[2015-10-14 00:52:38]	撤出 v->event
[2015-10-14 00:52:38]	途径 n->event
[2015-10-14 00:52:38]	驶过 v->event
[2015-10-14 00:52:38]	通过 p->event
[2015-10-14 00:52:38]	抵达 v->event
[2015-10-14 00:52:38]	到达 v->event
[2015-10-14 00:52:38]	至 d->event
[2015-10-14 00:52:38]	赶到 v->event
[2015-10-14 00:52:38]	停留 vi->event
[2015-10-14 00:52:38]	停靠 v->event
[2015-10-14 00:52:38]	访问 v->event
[2015-10-14 00:52:38]	到访 v->event
[2015-10-14 00:52:38]	返回 v->event
[2015-10-14 00:52:38]	回到 v->event
[2015-10-14 00:52:38]	前往 v->event
[2015-10-14 00:52:38]	开赴 v->event
[2015-10-14 00:52:38]	驶向 v->event
[2015-10-14 00:52:38]	靠近 v->event
[2015-10-14 00:52:38]	在 d->event
[2015-10-14 00:52:38]	出现 v->event
[2015-10-14 00:53:46]	出发 vi->event
[2015-10-14 00:53:46]	起航 vi->event
[2015-10-14 00:53:46]	出港 vi->event
[2015-10-14 00:53:46]	离开 v->event
[2015-10-14 00:53:46]	撤出 v->event
[2015-10-14 00:53:46]	途径 n->event
[2015-10-14 00:53:46]	驶过 v->event
[2015-10-14 00:53:46]	通过 p->event
[2015-10-14 00:53:46]	抵达 v->event
[2015-10-14 00:53:46]	到达 v->event
[2015-10-14 00:53:46]	至 d->event
[2015-10-14 00:53:46]	赶到 v->event
[2015-10-14 00:53:46]	停留 vi->event
[2015-10-14 00:53:46]	停靠 v->event
[2015-10-14 00:53:46]	访问 v->event
[2015-10-14 00:53:46]	到访 v->event
[2015-10-14 00:53:46]	返回 v->event
[2015-10-14 00:53:46]	回到 v->event
[2015-10-14 00:53:46]	前往 v->event
[2015-10-14 00:53:46]	开赴 v->event
[2015-10-14 00:53:46]	驶向 v->event
[2015-10-14 00:53:46]	靠近 v->event
[2015-10-14 00:53:46]	在 d->event
[2015-10-14 00:53:46]	出现 v->event
[2015-10-14 01:10:29]	出发 vi->event
[2015-10-14 01:10:29]	起航 vi->event
[2015-10-14 01:10:29]	出港 vi->event
[2015-10-14 01:10:29]	离开 v->event
[2015-10-14 01:10:29]	撤出 v->event
[2015-10-14 01:10:29]	途径 n->event
[2015-10-14 01:10:29]	驶过 v->event
[2015-10-14 01:10:29]	通过 p->event
[2015-10-14 01:10:29]	抵达 v->event
[2015-10-14 01:10:29]	到达 v->event
[2015-10-14 01:10:29]	至 d->event
[2015-10-14 01:10:29]	赶到 v->event
[2015-10-14 01:10:29]	停留 vi->event
[2015-10-14 01:10:29]	停靠 v->event
[2015-10-14 01:10:29]	访问 v->event
[2015-10-14 01:10:29]	到访 v->event
[2015-10-14 01:10:29]	返回 v->event
[2015-10-14 01:10:29]	回到 v->event
[2015-10-14 01:10:29]	前往 v->event
[2015-10-14 01:10:29]	开赴 v->event
[2015-10-14 01:10:29]	驶向 v->event
[2015-10-14 01:10:29]	靠近 v->event
[2015-10-14 01:10:29]	在 d->event
[2015-10-14 01:10:29]	出现 v->event
[2015-10-14 13:25:10]	出发 vi->event
[2015-10-14 13:25:10]	起航 vi->event
[2015-10-14 13:25:10]	出港 vi->event
[2015-10-14 13:25:10]	离开 v->event
[2015-10-14 13:25:10]	撤出 v->event
[2015-10-14 13:25:10]	途径 n->event
[2015-10-14 13:25:10]	驶过 v->event
[2015-10-14 13:25:10]	通过 p->event
[2015-10-14 13:25:10]	抵达 v->event
[2015-10-14 13:25:10]	到达 v->event
[2015-10-14 13:25:10]	至 d->event
[2015-10-14 13:25:10]	赶到 v->event
[2015-10-14 13:25:10]	停留 vi->event
[2015-10-14 13:25:10]	停靠 v->event
[2015-10-14 13:25:10]	访问 v->event
[2015-10-14 13:25:10]	到访 v->event
[2015-10-14 13:25:10]	返回 v->event
[2015-10-14 13:25:10]	回到 v->event
[2015-10-14 13:25:10]	前往 v->event
[2015-10-14 13:25:10]	开赴 v->event
[2015-10-14 13:25:10]	驶向 v->event
[2015-10-14 13:25:10]	靠近 v->event
[2015-10-14 13:25:10]	在 d->event
[2015-10-14 13:25:10]	出现 v->event
[2015-10-14 13:58:04]	出发 vi->event
[2015-10-14 13:58:04]	起航 vi->event
[2015-10-14 13:58:04]	出港 vi->event
[2015-10-14 13:58:04]	离开 v->event
[2015-10-14 13:58:04]	撤出 v->event
[2015-10-14 13:58:04]	途径 n->event
[2015-10-14 13:58:04]	驶过 v->event
[2015-10-14 13:58:04]	通过 p->event
[2015-10-14 13:58:04]	抵达 v->event
[2015-10-14 13:58:04]	到达 v->event
[2015-10-14 13:58:04]	至 d->event
[2015-10-14 13:58:04]	赶到 v->event
[2015-10-14 13:58:04]	停留 vi->event
[2015-10-14 13:58:04]	停靠 v->event
[2015-10-14 13:58:04]	访问 v->event
[2015-10-14 13:58:04]	到访 v->event
[2015-10-14 13:58:04]	返回 v->event
[2015-10-14 13:58:04]	回到 v->event
[2015-10-14 13:58:04]	前往 v->event
[2015-10-14 13:58:04]	开赴 v->event
[2015-10-14 13:58:04]	驶向 v->event
[2015-10-14 13:58:04]	靠近 v->event
[2015-10-14 13:58:04]	在 d->event
[2015-10-14 13:58:04]	出现 v->event
[2015-10-14 14:04:35]	出发 vi->event
[2015-10-14 14:04:35]	起航 vi->event
[2015-10-14 14:04:35]	出港 vi->event
[2015-10-14 14:04:35]	离开 v->event
[2015-10-14 14:04:35]	撤出 v->event
[2015-10-14 14:04:35]	途径 n->event
[2015-10-14 14:04:35]	驶过 v->event
[2015-10-14 14:04:35]	通过 p->event
[2015-10-14 14:04:35]	抵达 v->event
[2015-10-14 14:04:35]	到达 v->event
[2015-10-14 14:04:35]	至 d->event
[2015-10-14 14:04:35]	赶到 v->event
[2015-10-14 14:04:35]	停留 vi->event
[2015-10-14 14:04:35]	停靠 v->event
[2015-10-14 14:04:35]	访问 v->event
[2015-10-14 14:04:35]	到访 v->event
[2015-10-14 14:04:35]	返回 v->event
[2015-10-14 14:04:35]	回到 v->event
[2015-10-14 14:04:35]	前往 v->event
[2015-10-14 14:04:35]	开赴 v->event
[2015-10-14 14:04:35]	驶向 v->event
[2015-10-14 14:04:35]	靠近 v->event
[2015-10-14 14:04:35]	在 d->event
[2015-10-14 14:04:35]	出现 v->event
[2015-10-14 14:06:06]	出发 vi->event
[2015-10-14 14:06:06]	起航 vi->event
[2015-10-14 14:06:06]	出港 vi->event
[2015-10-14 14:06:06]	离开 v->event
[2015-10-14 14:06:06]	撤出 v->event
[2015-10-14 14:06:06]	途径 n->event
[2015-10-14 14:06:06]	驶过 v->event
[2015-10-14 14:06:06]	通过 p->event
[2015-10-14 14:06:06]	抵达 v->event
[2015-10-14 14:06:06]	到达 v->event
[2015-10-14 14:06:06]	至 d->event
[2015-10-14 14:06:06]	赶到 v->event
[2015-10-14 14:06:06]	停留 vi->event
[2015-10-14 14:06:06]	停靠 v->event
[2015-10-14 14:06:06]	访问 v->event
[2015-10-14 14:06:06]	到访 v->event
[2015-10-14 14:06:06]	返回 v->event
[2015-10-14 14:06:06]	回到 v->event
[2015-10-14 14:06:06]	前往 v->event
[2015-10-14 14:06:06]	开赴 v->event
[2015-10-14 14:06:06]	驶向 v->event
[2015-10-14 14:06:06]	靠近 v->event
[2015-10-14 14:06:06]	在 d->event
[2015-10-14 14:06:06]	出现 v->event
[2015-10-14 14:07:54]	出发 vi->event
[2015-10-14 14:07:54]	起航 vi->event
[2015-10-14 14:07:54]	出港 vi->event
[2015-10-14 14:07:54]	离开 v->event
[2015-10-14 14:07:54]	撤出 v->event
[2015-10-14 14:07:54]	途径 n->event
[2015-10-14 14:07:54]	驶过 v->event
[2015-10-14 14:07:54]	通过 p->event
[2015-10-14 14:07:54]	抵达 v->event
[2015-10-14 14:07:54]	到达 v->event
[2015-10-14 14:07:54]	至 d->event
[2015-10-14 14:07:54]	赶到 v->event
[2015-10-14 14:07:54]	停留 vi->event
[2015-10-14 14:07:54]	停靠 v->event
[2015-10-14 14:07:54]	访问 v->event
[2015-10-14 14:07:54]	到访 v->event
[2015-10-14 14:07:54]	返回 v->event
[2015-10-14 14:07:54]	回到 v->event
[2015-10-14 14:07:54]	前往 v->event
[2015-10-14 14:07:54]	开赴 v->event
[2015-10-14 14:07:54]	驶向 v->event
[2015-10-14 14:07:54]	靠近 v->event
[2015-10-14 14:07:54]	在 d->event
[2015-10-14 14:07:54]	出现 v->event
[2015-10-14 14:08:15]	出发 vi->event
[2015-10-14 14:08:15]	起航 vi->event
[2015-10-14 14:08:15]	出港 vi->event
[2015-10-14 14:08:15]	离开 v->event
[2015-10-14 14:08:15]	撤出 v->event
[2015-10-14 14:08:15]	途径 n->event
[2015-10-14 14:08:15]	驶过 v->event
[2015-10-14 14:08:15]	通过 p->event
[2015-10-14 14:08:15]	抵达 v->event
[2015-10-14 14:08:15]	到达 v->event
[2015-10-14 14:08:15]	至 d->event
[2015-10-14 14:08:15]	赶到 v->event
[2015-10-14 14:08:15]	停留 vi->event
[2015-10-14 14:08:15]	停靠 v->event
[2015-10-14 14:08:15]	访问 v->event
[2015-10-14 14:08:15]	到访 v->event
[2015-10-14 14:08:15]	返回 v->event
[2015-10-14 14:08:15]	回到 v->event
[2015-10-14 14:08:15]	前往 v->event
[2015-10-14 14:08:15]	开赴 v->event
[2015-10-14 14:08:15]	驶向 v->event
[2015-10-14 14:08:15]	靠近 v->event
[2015-10-14 14:08:15]	在 d->event
[2015-10-14 14:08:15]	出现 v->event
[2015-10-14 14:08:34]	出发 vi->event
[2015-10-14 14:08:34]	起航 vi->event
[2015-10-14 14:08:34]	出港 vi->event
[2015-10-14 14:08:34]	离开 v->event
[2015-10-14 14:08:34]	撤出 v->event
[2015-10-14 14:08:34]	途径 n->event
[2015-10-14 14:08:34]	驶过 v->event
[2015-10-14 14:08:34]	通过 p->event
[2015-10-14 14:08:34]	抵达 v->event
[2015-10-14 14:08:34]	到达 v->event
[2015-10-14 14:08:34]	至 d->event
[2015-10-14 14:08:34]	赶到 v->event
[2015-10-14 14:08:34]	停留 vi->event
[2015-10-14 14:08:34]	停靠 v->event
[2015-10-14 14:08:34]	访问 v->event
[2015-10-14 14:08:34]	到访 v->event
[2015-10-14 14:08:34]	返回 v->event
[2015-10-14 14:08:34]	回到 v->event
[2015-10-14 14:08:34]	前往 v->event
[2015-10-14 14:08:34]	开赴 v->event
[2015-10-14 14:08:34]	驶向 v->event
[2015-10-14 14:08:34]	靠近 v->event
[2015-10-14 14:08:34]	在 d->event
[2015-10-14 14:08:34]	出现 v->event
[2015-10-14 14:08:34]	出发 vi->event
[2015-10-14 14:08:34]	起航 vi->event
[2015-10-14 14:08:34]	出港 vi->event
[2015-10-14 14:08:34]	离开 v->event
[2015-10-14 14:08:34]	撤出 v->event
[2015-10-14 14:08:34]	途径 n->event
[2015-10-14 14:08:34]	驶过 v->event
[2015-10-14 14:08:34]	通过 p->event
[2015-10-14 14:08:34]	抵达 v->event
[2015-10-14 14:08:34]	到达 v->event
[2015-10-14 14:08:34]	至 d->event
[2015-10-14 14:08:34]	赶到 v->event
[2015-10-14 14:08:34]	停留 vi->event
[2015-10-14 14:08:34]	停靠 v->event
[2015-10-14 14:08:34]	访问 v->event
[2015-10-14 14:08:34]	到访 v->event
[2015-10-14 14:08:34]	返回 v->event
[2015-10-14 14:08:34]	回到 v->event
[2015-10-14 14:08:34]	前往 v->event
[2015-10-14 14:08:34]	开赴 v->event
[2015-10-14 14:08:34]	驶向 v->event
[2015-10-14 14:08:34]	靠近 v->event
[2015-10-14 14:08:34]	在 d->event
[2015-10-14 14:08:34]	出现 v->event
[2015-10-14 14:09:23]	出发 vi->event
[2015-10-14 14:09:23]	起航 vi->event
[2015-10-14 14:09:23]	出港 vi->event
[2015-10-14 14:09:23]	离开 v->event
[2015-10-14 14:09:23]	撤出 v->event
[2015-10-14 14:09:23]	途径 n->event
[2015-10-14 14:09:23]	驶过 v->event
[2015-10-14 14:09:23]	通过 p->event
[2015-10-14 14:09:23]	抵达 v->event
[2015-10-14 14:09:23]	到达 v->event
[2015-10-14 14:09:23]	至 d->event
[2015-10-14 14:09:23]	赶到 v->event
[2015-10-14 14:09:23]	停留 vi->event
[2015-10-14 14:09:23]	停靠 v->event
[2015-10-14 14:09:23]	访问 v->event
[2015-10-14 14:09:23]	到访 v->event
[2015-10-14 14:09:23]	返回 v->event
[2015-10-14 14:09:23]	回到 v->event
[2015-10-14 14:09:23]	前往 v->event
[2015-10-14 14:09:23]	开赴 v->event
[2015-10-14 14:09:23]	驶向 v->event
[2015-10-14 14:09:23]	靠近 v->event
[2015-10-14 14:09:23]	在 d->event
[2015-10-14 14:09:23]	出现 v->event
[2015-10-14 14:11:01]	出发 vi->event
[2015-10-14 14:11:01]	起航 vi->event
[2015-10-14 14:11:01]	出港 vi->event
[2015-10-14 14:11:01]	离开 v->event
[2015-10-14 14:11:01]	撤出 v->event
[2015-10-14 14:11:01]	途径 n->event
[2015-10-14 14:11:01]	驶过 v->event
[2015-10-14 14:11:01]	通过 p->event
[2015-10-14 14:11:01]	抵达 v->event
[2015-10-14 14:11:01]	到达 v->event
[2015-10-14 14:11:01]	至 d->event
[2015-10-14 14:11:01]	赶到 v->event
[2015-10-14 14:11:01]	停留 vi->event
[2015-10-14 14:11:01]	停靠 v->event
[2015-10-14 14:11:01]	访问 v->event
[2015-10-14 14:11:01]	到访 v->event
[2015-10-14 14:11:01]	返回 v->event
[2015-10-14 14:11:01]	回到 v->event
[2015-10-14 14:11:01]	前往 v->event
[2015-10-14 14:11:01]	开赴 v->event
[2015-10-14 14:11:01]	驶向 v->event
[2015-10-14 14:11:01]	靠近 v->event
[2015-10-14 14:11:01]	在 d->event
[2015-10-14 14:11:01]	出现 v->event
[2015-10-14 14:15:39]	出发 vi->event
[2015-10-14 14:15:39]	起航 vi->event
[2015-10-14 14:15:39]	出港 vi->event
[2015-10-14 14:15:39]	离开 v->event
[2015-10-14 14:15:39]	撤出 v->event
[2015-10-14 14:15:39]	途径 n->event
[2015-10-14 14:15:39]	驶过 v->event
[2015-10-14 14:15:39]	通过 p->event
[2015-10-14 14:15:39]	抵达 v->event
[2015-10-14 14:15:39]	到达 v->event
[2015-10-14 14:15:39]	至 d->event
[2015-10-14 14:15:39]	赶到 v->event
[2015-10-14 14:15:39]	停留 vi->event
[2015-10-14 14:15:39]	停靠 v->event
[2015-10-14 14:15:39]	访问 v->event
[2015-10-14 14:15:39]	到访 v->event
[2015-10-14 14:15:39]	返回 v->event
[2015-10-14 14:15:39]	回到 v->event
[2015-10-14 14:15:39]	前往 v->event
[2015-10-14 14:15:39]	开赴 v->event
[2015-10-14 14:15:39]	驶向 v->event
[2015-10-14 14:15:39]	靠近 v->event
[2015-10-14 14:15:39]	在 d->event
[2015-10-14 14:15:39]	出现 v->event
[2015-10-14 14:16:44]	出发 vi->event
[2015-10-14 14:16:44]	起航 vi->event
[2015-10-14 14:16:44]	出港 vi->event
[2015-10-14 14:16:44]	离开 v->event
[2015-10-14 14:16:44]	撤出 v->event
[2015-10-14 14:16:44]	途径 n->event
[2015-10-14 14:16:44]	驶过 v->event
[2015-10-14 14:16:44]	通过 p->event
[2015-10-14 14:16:44]	抵达 v->event
[2015-10-14 14:16:44]	到达 v->event
[2015-10-14 14:16:44]	至 d->event
[2015-10-14 14:16:44]	赶到 v->event
[2015-10-14 14:16:44]	停留 vi->event
[2015-10-14 14:16:44]	停靠 v->event
[2015-10-14 14:16:44]	访问 v->event
[2015-10-14 14:16:44]	到访 v->event
[2015-10-14 14:16:44]	返回 v->event
[2015-10-14 14:16:44]	回到 v->event
[2015-10-14 14:16:44]	前往 v->event
[2015-10-14 14:16:44]	开赴 v->event
[2015-10-14 14:16:44]	驶向 v->event
[2015-10-14 14:16:44]	靠近 v->event
[2015-10-14 14:16:44]	在 d->event
[2015-10-14 14:16:44]	出现 v->event
[2015-10-14 14:18:17]	出发 vi->event
[2015-10-14 14:18:17]	起航 vi->event
[2015-10-14 14:18:17]	出港 vi->event
[2015-10-14 14:18:17]	离开 v->event
[2015-10-14 14:18:17]	撤出 v->event
[2015-10-14 14:18:17]	途径 n->event
[2015-10-14 14:18:17]	驶过 v->event
[2015-10-14 14:18:17]	通过 p->event
[2015-10-14 14:18:17]	抵达 v->event
[2015-10-14 14:18:17]	到达 v->event
[2015-10-14 14:18:17]	至 d->event
[2015-10-14 14:18:17]	赶到 v->event
[2015-10-14 14:18:17]	停留 vi->event
[2015-10-14 14:18:17]	停靠 v->event
[2015-10-14 14:18:17]	访问 v->event
[2015-10-14 14:18:17]	到访 v->event
[2015-10-14 14:18:17]	返回 v->event
[2015-10-14 14:18:17]	回到 v->event
[2015-10-14 14:18:17]	前往 v->event
[2015-10-14 14:18:17]	开赴 v->event
[2015-10-14 14:18:17]	驶向 v->event
[2015-10-14 14:18:17]	靠近 v->event
[2015-10-14 14:18:17]	在 d->event
[2015-10-14 14:18:17]	出现 v->event
[2015-10-14 14:18:40]	出发 vi->event
[2015-10-14 14:18:40]	起航 vi->event
[2015-10-14 14:18:40]	出港 vi->event
[2015-10-14 14:18:40]	离开 v->event
[2015-10-14 14:18:40]	撤出 v->event
[2015-10-14 14:18:40]	途径 n->event
[2015-10-14 14:18:40]	驶过 v->event
[2015-10-14 14:18:40]	通过 p->event
[2015-10-14 14:18:40]	抵达 v->event
[2015-10-14 14:18:40]	到达 v->event
[2015-10-14 14:18:40]	至 d->event
[2015-10-14 14:18:40]	赶到 v->event
[2015-10-14 14:18:40]	停留 vi->event
[2015-10-14 14:18:40]	停靠 v->event
[2015-10-14 14:18:40]	访问 v->event
[2015-10-14 14:18:40]	到访 v->event
[2015-10-14 14:18:40]	返回 v->event
[2015-10-14 14:18:40]	回到 v->event
[2015-10-14 14:18:40]	前往 v->event
[2015-10-14 14:18:40]	开赴 v->event
[2015-10-14 14:18:40]	驶向 v->event
[2015-10-14 14:18:40]	靠近 v->event
[2015-10-14 14:18:40]	在 d->event
[2015-10-14 14:18:40]	出现 v->event
[2015-10-14 14:21:35]	出发 vi->event
[2015-10-14 14:21:35]	起航 vi->event
[2015-10-14 14:21:35]	出港 vi->event
[2015-10-14 14:21:35]	离开 v->event
[2015-10-14 14:21:35]	撤出 v->event
[2015-10-14 14:21:35]	途径 n->event
[2015-10-14 14:21:35]	驶过 v->event
[2015-10-14 14:21:35]	通过 p->event
[2015-10-14 14:21:35]	抵达 v->event
[2015-10-14 14:21:35]	到达 v->event
[2015-10-14 14:21:35]	至 d->event
[2015-10-14 14:21:35]	赶到 v->event
[2015-10-14 14:21:35]	停留 vi->event
[2015-10-14 14:21:35]	停靠 v->event
[2015-10-14 14:21:35]	访问 v->event
[2015-10-14 14:21:35]	到访 v->event
[2015-10-14 14:21:35]	返回 v->event
[2015-10-14 14:21:35]	回到 v->event
[2015-10-14 14:21:35]	前往 v->event
[2015-10-14 14:21:35]	开赴 v->event
[2015-10-14 14:21:35]	驶向 v->event
[2015-10-14 14:21:35]	靠近 v->event
[2015-10-14 14:21:35]	在 d->event
[2015-10-14 14:21:35]	出现 v->event
[2015-10-14 14:21:36]	出发 vi->event
[2015-10-14 14:21:36]	起航 vi->event
[2015-10-14 14:21:36]	出港 vi->event
[2015-10-14 14:21:36]	离开 v->event
[2015-10-14 14:21:36]	撤出 v->event
[2015-10-14 14:21:36]	途径 n->event
[2015-10-14 14:21:36]	驶过 v->event
[2015-10-14 14:21:36]	通过 p->event
[2015-10-14 14:21:36]	抵达 v->event
[2015-10-14 14:21:36]	到达 v->event
[2015-10-14 14:21:36]	至 d->event
[2015-10-14 14:21:36]	赶到 v->event
[2015-10-14 14:21:36]	停留 vi->event
[2015-10-14 14:21:36]	停靠 v->event
[2015-10-14 14:21:36]	访问 v->event
[2015-10-14 14:21:36]	到访 v->event
[2015-10-14 14:21:36]	返回 v->event
[2015-10-14 14:21:36]	回到 v->event
[2015-10-14 14:21:36]	前往 v->event
[2015-10-14 14:21:36]	开赴 v->event
[2015-10-14 14:21:36]	驶向 v->event
[2015-10-14 14:21:36]	靠近 v->event
[2015-10-14 14:21:36]	在 d->event
[2015-10-14 14:21:36]	出现 v->event
[2015-10-14 14:23:04]	出发 vi->event
[2015-10-14 14:23:04]	起航 vi->event
[2015-10-14 14:23:04]	出港 vi->event
[2015-10-14 14:23:04]	离开 v->event
[2015-10-14 14:23:04]	撤出 v->event
[2015-10-14 14:23:04]	途径 n->event
[2015-10-14 14:23:04]	驶过 v->event
[2015-10-14 14:23:04]	通过 p->event
[2015-10-14 14:23:04]	抵达 v->event
[2015-10-14 14:23:04]	到达 v->event
[2015-10-14 14:23:04]	至 d->event
[2015-10-14 14:23:04]	赶到 v->event
[2015-10-14 14:23:04]	停留 vi->event
[2015-10-14 14:23:04]	停靠 v->event
[2015-10-14 14:23:04]	访问 v->event
[2015-10-14 14:23:04]	到访 v->event
[2015-10-14 14:23:04]	返回 v->event
[2015-10-14 14:23:04]	回到 v->event
[2015-10-14 14:23:04]	前往 v->event
[2015-10-14 14:23:04]	开赴 v->event
[2015-10-14 14:23:04]	驶向 v->event
[2015-10-14 14:23:04]	靠近 v->event
[2015-10-14 14:23:04]	在 d->event
[2015-10-14 14:23:04]	出现 v->event
[2015-10-14 14:23:05]	出发 vi->event
[2015-10-14 14:23:05]	起航 vi->event
[2015-10-14 14:23:05]	出港 vi->event
[2015-10-14 14:23:05]	离开 v->event
[2015-10-14 14:23:05]	撤出 v->event
[2015-10-14 14:23:05]	途径 n->event
[2015-10-14 14:23:05]	驶过 v->event
[2015-10-14 14:23:05]	通过 p->event
[2015-10-14 14:23:05]	抵达 v->event
[2015-10-14 14:23:05]	到达 v->event
[2015-10-14 14:23:05]	至 d->event
[2015-10-14 14:23:05]	赶到 v->event
[2015-10-14 14:23:05]	停留 vi->event
[2015-10-14 14:23:05]	停靠 v->event
[2015-10-14 14:23:05]	访问 v->event
[2015-10-14 14:23:05]	到访 v->event
[2015-10-14 14:23:05]	返回 v->event
[2015-10-14 14:23:05]	回到 v->event
[2015-10-14 14:23:05]	前往 v->event
[2015-10-14 14:23:05]	开赴 v->event
[2015-10-14 14:23:05]	驶向 v->event
[2015-10-14 14:23:05]	靠近 v->event
[2015-10-14 14:23:05]	在 d->event
[2015-10-14 14:23:05]	出现 v->event
[2015-10-14 14:23:11]	出发 vi->event
[2015-10-14 14:23:11]	起航 vi->event
[2015-10-14 14:23:11]	出港 vi->event
[2015-10-14 14:23:11]	离开 v->event
[2015-10-14 14:23:11]	撤出 v->event
[2015-10-14 14:23:11]	途径 n->event
[2015-10-14 14:23:11]	驶过 v->event
[2015-10-14 14:23:11]	通过 p->event
[2015-10-14 14:23:11]	抵达 v->event
[2015-10-14 14:23:11]	到达 v->event
[2015-10-14 14:23:11]	至 d->event
[2015-10-14 14:23:11]	赶到 v->event
[2015-10-14 14:23:11]	停留 vi->event
[2015-10-14 14:23:11]	停靠 v->event
[2015-10-14 14:23:11]	访问 v->event
[2015-10-14 14:23:11]	到访 v->event
[2015-10-14 14:23:11]	返回 v->event
[2015-10-14 14:23:11]	回到 v->event
[2015-10-14 14:23:11]	前往 v->event
[2015-10-14 14:23:11]	开赴 v->event
[2015-10-14 14:23:11]	驶向 v->event
[2015-10-14 14:23:11]	靠近 v->event
[2015-10-14 14:23:11]	在 d->event
[2015-10-14 14:23:11]	出现 v->event
[2015-10-14 14:23:12]	出发 vi->event
[2015-10-14 14:23:12]	起航 vi->event
[2015-10-14 14:23:12]	出港 vi->event
[2015-10-14 14:23:12]	离开 v->event
[2015-10-14 14:23:12]	撤出 v->event
[2015-10-14 14:23:12]	途径 n->event
[2015-10-14 14:23:12]	驶过 v->event
[2015-10-14 14:23:12]	通过 p->event
[2015-10-14 14:23:12]	抵达 v->event
[2015-10-14 14:23:12]	到达 v->event
[2015-10-14 14:23:12]	至 d->event
[2015-10-14 14:23:12]	赶到 v->event
[2015-10-14 14:23:12]	停留 vi->event
[2015-10-14 14:23:12]	停靠 v->event
[2015-10-14 14:23:12]	访问 v->event
[2015-10-14 14:23:12]	到访 v->event
[2015-10-14 14:23:12]	返回 v->event
[2015-10-14 14:23:12]	回到 v->event
[2015-10-14 14:23:12]	前往 v->event
[2015-10-14 14:23:12]	开赴 v->event
[2015-10-14 14:23:12]	驶向 v->event
[2015-10-14 14:23:12]	靠近 v->event
[2015-10-14 14:23:12]	在 d->event
[2015-10-14 14:23:12]	出现 v->event
[2015-10-14 14:24:47]	出发 vi->event
[2015-10-14 14:24:47]	起航 vi->event
[2015-10-14 14:24:47]	出港 vi->event
[2015-10-14 14:24:47]	离开 v->event
[2015-10-14 14:24:47]	撤出 v->event
[2015-10-14 14:24:47]	途径 n->event
[2015-10-14 14:24:47]	驶过 v->event
[2015-10-14 14:24:47]	通过 p->event
[2015-10-14 14:24:47]	抵达 v->event
[2015-10-14 14:24:47]	到达 v->event
[2015-10-14 14:24:47]	至 d->event
[2015-10-14 14:24:47]	赶到 v->event
[2015-10-14 14:24:47]	停留 vi->event
[2015-10-14 14:24:47]	停靠 v->event
[2015-10-14 14:24:47]	访问 v->event
[2015-10-14 14:24:47]	到访 v->event
[2015-10-14 14:24:47]	返回 v->event
[2015-10-14 14:24:47]	回到 v->event
[2015-10-14 14:24:47]	前往 v->event
[2015-10-14 14:24:47]	开赴 v->event
[2015-10-14 14:24:47]	驶向 v->event
[2015-10-14 14:24:47]	靠近 v->event
[2015-10-14 14:24:47]	在 d->event
[2015-10-14 14:24:47]	出现 v->event
[2015-10-14 14:24:52]	出发 vi->event
[2015-10-14 14:24:52]	起航 vi->event
[2015-10-14 14:24:52]	出港 vi->event
[2015-10-14 14:24:52]	离开 v->event
[2015-10-14 14:24:52]	撤出 v->event
[2015-10-14 14:24:52]	途径 n->event
[2015-10-14 14:24:52]	驶过 v->event
[2015-10-14 14:24:52]	通过 p->event
[2015-10-14 14:24:52]	抵达 v->event
[2015-10-14 14:24:52]	到达 v->event
[2015-10-14 14:24:52]	至 d->event
[2015-10-14 14:24:52]	赶到 v->event
[2015-10-14 14:24:52]	停留 vi->event
[2015-10-14 14:24:52]	停靠 v->event
[2015-10-14 14:24:52]	访问 v->event
[2015-10-14 14:24:52]	到访 v->event
[2015-10-14 14:24:52]	返回 v->event
[2015-10-14 14:24:52]	回到 v->event
[2015-10-14 14:24:52]	前往 v->event
[2015-10-14 14:24:52]	开赴 v->event
[2015-10-14 14:24:52]	驶向 v->event
[2015-10-14 14:24:52]	靠近 v->event
[2015-10-14 14:24:52]	在 d->event
[2015-10-14 14:24:52]	出现 v->event
[2015-10-14 14:25:56]	出发 vi->event
[2015-10-14 14:25:56]	起航 vi->event
[2015-10-14 14:25:56]	出港 vi->event
[2015-10-14 14:25:56]	离开 v->event
[2015-10-14 14:25:56]	撤出 v->event
[2015-10-14 14:25:56]	途径 n->event
[2015-10-14 14:25:56]	驶过 v->event
[2015-10-14 14:25:56]	通过 p->event
[2015-10-14 14:25:56]	抵达 v->event
[2015-10-14 14:25:56]	到达 v->event
[2015-10-14 14:25:56]	至 d->event
[2015-10-14 14:25:56]	赶到 v->event
[2015-10-14 14:25:56]	停留 vi->event
[2015-10-14 14:25:56]	停靠 v->event
[2015-10-14 14:25:56]	访问 v->event
[2015-10-14 14:25:56]	到访 v->event
[2015-10-14 14:25:56]	返回 v->event
[2015-10-14 14:25:56]	回到 v->event
[2015-10-14 14:25:56]	前往 v->event
[2015-10-14 14:25:56]	开赴 v->event
[2015-10-14 14:25:56]	驶向 v->event
[2015-10-14 14:25:56]	靠近 v->event
[2015-10-14 14:25:56]	在 d->event
[2015-10-14 14:25:56]	出现 v->event
[2015-10-14 14:25:57]	出发 vi->event
[2015-10-14 14:25:57]	起航 vi->event
[2015-10-14 14:25:57]	出港 vi->event
[2015-10-14 14:25:57]	离开 v->event
[2015-10-14 14:25:57]	撤出 v->event
[2015-10-14 14:25:57]	途径 n->event
[2015-10-14 14:25:57]	驶过 v->event
[2015-10-14 14:25:57]	通过 p->event
[2015-10-14 14:25:57]	抵达 v->event
[2015-10-14 14:25:57]	到达 v->event
[2015-10-14 14:25:57]	至 d->event
[2015-10-14 14:25:57]	赶到 v->event
[2015-10-14 14:25:57]	停留 vi->event
[2015-10-14 14:25:57]	停靠 v->event
[2015-10-14 14:25:57]	访问 v->event
[2015-10-14 14:25:57]	到访 v->event
[2015-10-14 14:25:57]	返回 v->event
[2015-10-14 14:25:57]	回到 v->event
[2015-10-14 14:25:57]	前往 v->event
[2015-10-14 14:25:57]	开赴 v->event
[2015-10-14 14:25:57]	驶向 v->event
[2015-10-14 14:25:57]	靠近 v->event
[2015-10-14 14:25:57]	在 d->event
[2015-10-14 14:25:57]	出现 v->event
[2015-10-14 14:27:11]	出发 vi->event
[2015-10-14 14:27:11]	起航 vi->event
[2015-10-14 14:27:11]	出港 vi->event
[2015-10-14 14:27:11]	离开 v->event
[2015-10-14 14:27:11]	撤出 v->event
[2015-10-14 14:27:11]	途径 n->event
[2015-10-14 14:27:11]	驶过 v->event
[2015-10-14 14:27:11]	通过 p->event
[2015-10-14 14:27:11]	抵达 v->event
[2015-10-14 14:27:11]	到达 v->event
[2015-10-14 14:27:11]	至 d->event
[2015-10-14 14:27:11]	赶到 v->event
[2015-10-14 14:27:11]	停留 vi->event
[2015-10-14 14:27:11]	停靠 v->event
[2015-10-14 14:27:11]	访问 v->event
[2015-10-14 14:27:11]	到访 v->event
[2015-10-14 14:27:11]	返回 v->event
[2015-10-14 14:27:11]	回到 v->event
[2015-10-14 14:27:11]	前往 v->event
[2015-10-14 14:27:11]	开赴 v->event
[2015-10-14 14:27:11]	驶向 v->event
[2015-10-14 14:27:11]	靠近 v->event
[2015-10-14 14:27:11]	在 d->event
[2015-10-14 14:27:11]	出现 v->event
[2015-10-14 14:27:38]	出发 vi->event
[2015-10-14 14:27:38]	起航 vi->event
[2015-10-14 14:27:38]	出港 vi->event
[2015-10-14 14:27:38]	离开 v->event
[2015-10-14 14:27:38]	撤出 v->event
[2015-10-14 14:27:38]	途径 n->event
[2015-10-14 14:27:38]	驶过 v->event
[2015-10-14 14:27:38]	通过 p->event
[2015-10-14 14:27:38]	抵达 v->event
[2015-10-14 14:27:38]	到达 v->event
[2015-10-14 14:27:38]	至 d->event
[2015-10-14 14:27:38]	赶到 v->event
[2015-10-14 14:27:38]	停留 vi->event
[2015-10-14 14:27:38]	停靠 v->event
[2015-10-14 14:27:38]	访问 v->event
[2015-10-14 14:27:38]	到访 v->event
[2015-10-14 14:27:38]	返回 v->event
[2015-10-14 14:27:38]	回到 v->event
[2015-10-14 14:27:38]	前往 v->event
[2015-10-14 14:27:38]	开赴 v->event
[2015-10-14 14:27:38]	驶向 v->event
[2015-10-14 14:27:38]	靠近 v->event
[2015-10-14 14:27:38]	在 d->event
[2015-10-14 14:27:38]	出现 v->event
[2015-10-14 14:28:13]	出发 vi->event
[2015-10-14 14:28:13]	起航 vi->event
[2015-10-14 14:28:13]	出港 vi->event
[2015-10-14 14:28:13]	离开 v->event
[2015-10-14 14:28:13]	撤出 v->event
[2015-10-14 14:28:13]	途径 n->event
[2015-10-14 14:28:13]	驶过 v->event
[2015-10-14 14:28:13]	通过 p->event
[2015-10-14 14:28:13]	抵达 v->event
[2015-10-14 14:28:13]	到达 v->event
[2015-10-14 14:28:13]	至 d->event
[2015-10-14 14:28:13]	赶到 v->event
[2015-10-14 14:28:13]	停留 vi->event
[2015-10-14 14:28:13]	停靠 v->event
[2015-10-14 14:28:13]	访问 v->event
[2015-10-14 14:28:13]	到访 v->event
[2015-10-14 14:28:13]	返回 v->event
[2015-10-14 14:28:13]	回到 v->event
[2015-10-14 14:28:13]	前往 v->event
[2015-10-14 14:28:13]	开赴 v->event
[2015-10-14 14:28:13]	驶向 v->event
[2015-10-14 14:28:13]	靠近 v->event
[2015-10-14 14:28:13]	在 d->event
[2015-10-14 14:28:13]	出现 v->event
[2015-10-14 14:28:17]	出发 vi->event
[2015-10-14 14:28:17]	起航 vi->event
[2015-10-14 14:28:17]	出港 vi->event
[2015-10-14 14:28:17]	离开 v->event
[2015-10-14 14:28:17]	撤出 v->event
[2015-10-14 14:28:17]	途径 n->event
[2015-10-14 14:28:17]	驶过 v->event
[2015-10-14 14:28:17]	通过 p->event
[2015-10-14 14:28:17]	抵达 v->event
[2015-10-14 14:28:17]	到达 v->event
[2015-10-14 14:28:17]	至 d->event
[2015-10-14 14:28:17]	赶到 v->event
[2015-10-14 14:28:17]	停留 vi->event
[2015-10-14 14:28:17]	停靠 v->event
[2015-10-14 14:28:17]	访问 v->event
[2015-10-14 14:28:17]	到访 v->event
[2015-10-14 14:28:17]	返回 v->event
[2015-10-14 14:28:17]	回到 v->event
[2015-10-14 14:28:17]	前往 v->event
[2015-10-14 14:28:17]	开赴 v->event
[2015-10-14 14:28:17]	驶向 v->event
[2015-10-14 14:28:17]	靠近 v->event
[2015-10-14 14:28:17]	在 d->event
[2015-10-14 14:28:17]	出现 v->event
[2015-10-14 14:28:54]	出发 vi->event
[2015-10-14 14:28:54]	起航 vi->event
[2015-10-14 14:28:54]	出港 vi->event
[2015-10-14 14:28:54]	离开 v->event
[2015-10-14 14:28:54]	撤出 v->event
[2015-10-14 14:28:54]	途径 n->event
[2015-10-14 14:28:54]	驶过 v->event
[2015-10-14 14:28:54]	通过 p->event
[2015-10-14 14:28:54]	抵达 v->event
[2015-10-14 14:28:54]	到达 v->event
[2015-10-14 14:28:54]	至 d->event
[2015-10-14 14:28:54]	赶到 v->event
[2015-10-14 14:28:54]	停留 vi->event
[2015-10-14 14:28:54]	停靠 v->event
[2015-10-14 14:28:54]	访问 v->event
[2015-10-14 14:28:54]	到访 v->event
[2015-10-14 14:28:54]	返回 v->event
[2015-10-14 14:28:54]	回到 v->event
[2015-10-14 14:28:54]	前往 v->event
[2015-10-14 14:28:54]	开赴 v->event
[2015-10-14 14:28:54]	驶向 v->event
[2015-10-14 14:28:54]	靠近 v->event
[2015-10-14 14:28:54]	在 d->event
[2015-10-14 14:28:54]	出现 v->event
[2015-10-14 14:28:55]	出发 vi->event
[2015-10-14 14:28:55]	起航 vi->event
[2015-10-14 14:28:55]	出港 vi->event
[2015-10-14 14:28:55]	离开 v->event
[2015-10-14 14:28:55]	撤出 v->event
[2015-10-14 14:28:55]	途径 n->event
[2015-10-14 14:28:55]	驶过 v->event
[2015-10-14 14:28:55]	通过 p->event
[2015-10-14 14:28:55]	抵达 v->event
[2015-10-14 14:28:55]	到达 v->event
[2015-10-14 14:28:55]	至 d->event
[2015-10-14 14:28:55]	赶到 v->event
[2015-10-14 14:28:55]	停留 vi->event
[2015-10-14 14:28:55]	停靠 v->event
[2015-10-14 14:28:55]	访问 v->event
[2015-10-14 14:28:55]	到访 v->event
[2015-10-14 14:28:55]	返回 v->event
[2015-10-14 14:28:55]	回到 v->event
[2015-10-14 14:28:55]	前往 v->event
[2015-10-14 14:28:55]	开赴 v->event
[2015-10-14 14:28:55]	驶向 v->event
[2015-10-14 14:28:55]	靠近 v->event
[2015-10-14 14:28:55]	在 d->event
[2015-10-14 14:28:55]	出现 v->event
[2015-10-14 14:29:59]	出发 vi->event
[2015-10-14 14:29:59]	起航 vi->event
[2015-10-14 14:29:59]	出港 vi->event
[2015-10-14 14:29:59]	离开 v->event
[2015-10-14 14:29:59]	撤出 v->event
[2015-10-14 14:29:59]	途径 n->event
[2015-10-14 14:29:59]	驶过 v->event
[2015-10-14 14:29:59]	通过 p->event
[2015-10-14 14:29:59]	抵达 v->event
[2015-10-14 14:29:59]	到达 v->event
[2015-10-14 14:29:59]	至 d->event
[2015-10-14 14:29:59]	赶到 v->event
[2015-10-14 14:29:59]	停留 vi->event
[2015-10-14 14:29:59]	停靠 v->event
[2015-10-14 14:29:59]	访问 v->event
[2015-10-14 14:29:59]	到访 v->event
[2015-10-14 14:29:59]	返回 v->event
[2015-10-14 14:29:59]	回到 v->event
[2015-10-14 14:29:59]	前往 v->event
[2015-10-14 14:29:59]	开赴 v->event
[2015-10-14 14:29:59]	驶向 v->event
[2015-10-14 14:29:59]	靠近 v->event
[2015-10-14 14:29:59]	在 d->event
[2015-10-14 14:29:59]	出现 v->event
[2015-10-14 14:30:03]	出发 vi->event
[2015-10-14 14:30:03]	起航 vi->event
[2015-10-14 14:30:03]	出港 vi->event
[2015-10-14 14:30:03]	离开 v->event
[2015-10-14 14:30:03]	撤出 v->event
[2015-10-14 14:30:03]	途径 n->event
[2015-10-14 14:30:03]	驶过 v->event
[2015-10-14 14:30:03]	通过 p->event
[2015-10-14 14:30:03]	抵达 v->event
[2015-10-14 14:30:03]	到达 v->event
[2015-10-14 14:30:03]	至 d->event
[2015-10-14 14:30:03]	赶到 v->event
[2015-10-14 14:30:03]	停留 vi->event
[2015-10-14 14:30:03]	停靠 v->event
[2015-10-14 14:30:03]	访问 v->event
[2015-10-14 14:30:03]	到访 v->event
[2015-10-14 14:30:03]	返回 v->event
[2015-10-14 14:30:03]	回到 v->event
[2015-10-14 14:30:03]	前往 v->event
[2015-10-14 14:30:03]	开赴 v->event
[2015-10-14 14:30:03]	驶向 v->event
[2015-10-14 14:30:03]	靠近 v->event
[2015-10-14 14:30:03]	在 d->event
[2015-10-14 14:30:03]	出现 v->event
[2015-10-14 14:30:17]	出发 vi->event
[2015-10-14 14:30:17]	起航 vi->event
[2015-10-14 14:30:17]	出港 vi->event
[2015-10-14 14:30:17]	离开 v->event
[2015-10-14 14:30:17]	撤出 v->event
[2015-10-14 14:30:17]	途径 n->event
[2015-10-14 14:30:17]	驶过 v->event
[2015-10-14 14:30:17]	通过 p->event
[2015-10-14 14:30:17]	抵达 v->event
[2015-10-14 14:30:17]	到达 v->event
[2015-10-14 14:30:17]	至 d->event
[2015-10-14 14:30:17]	赶到 v->event
[2015-10-14 14:30:17]	停留 vi->event
[2015-10-14 14:30:17]	停靠 v->event
[2015-10-14 14:30:17]	访问 v->event
[2015-10-14 14:30:17]	到访 v->event
[2015-10-14 14:30:17]	返回 v->event
[2015-10-14 14:30:17]	回到 v->event
[2015-10-14 14:30:17]	前往 v->event
[2015-10-14 14:30:17]	开赴 v->event
[2015-10-14 14:30:17]	驶向 v->event
[2015-10-14 14:30:17]	靠近 v->event
[2015-10-14 14:30:17]	在 d->event
[2015-10-14 14:30:17]	出现 v->event
[2015-10-14 14:30:20]	出发 vi->event
[2015-10-14 14:30:20]	起航 vi->event
[2015-10-14 14:30:20]	出港 vi->event
[2015-10-14 14:30:20]	离开 v->event
[2015-10-14 14:30:20]	撤出 v->event
[2015-10-14 14:30:20]	途径 n->event
[2015-10-14 14:30:20]	驶过 v->event
[2015-10-14 14:30:20]	通过 p->event
[2015-10-14 14:30:20]	抵达 v->event
[2015-10-14 14:30:20]	到达 v->event
[2015-10-14 14:30:20]	至 d->event
[2015-10-14 14:30:20]	赶到 v->event
[2015-10-14 14:30:20]	停留 vi->event
[2015-10-14 14:30:20]	停靠 v->event
[2015-10-14 14:30:20]	访问 v->event
[2015-10-14 14:30:20]	到访 v->event
[2015-10-14 14:30:20]	返回 v->event
[2015-10-14 14:30:20]	回到 v->event
[2015-10-14 14:30:20]	前往 v->event
[2015-10-14 14:30:20]	开赴 v->event
[2015-10-14 14:30:20]	驶向 v->event
[2015-10-14 14:30:20]	靠近 v->event
[2015-10-14 14:30:20]	在 d->event
[2015-10-14 14:30:20]	出现 v->event
[2015-10-14 14:34:45]	出发 vi->event
[2015-10-14 14:34:45]	起航 vi->event
[2015-10-14 14:34:45]	出港 vi->event
[2015-10-14 14:34:45]	离开 v->event
[2015-10-14 14:34:45]	撤出 v->event
[2015-10-14 14:34:45]	途径 n->event
[2015-10-14 14:34:45]	驶过 v->event
[2015-10-14 14:34:45]	通过 p->event
[2015-10-14 14:34:45]	抵达 v->event
[2015-10-14 14:34:45]	到达 v->event
[2015-10-14 14:34:45]	至 d->event
[2015-10-14 14:34:45]	赶到 v->event
[2015-10-14 14:34:45]	停留 vi->event
[2015-10-14 14:34:45]	停靠 v->event
[2015-10-14 14:34:45]	访问 v->event
[2015-10-14 14:34:45]	到访 v->event
[2015-10-14 14:34:45]	返回 v->event
[2015-10-14 14:34:45]	回到 v->event
[2015-10-14 14:34:45]	前往 v->event
[2015-10-14 14:34:45]	开赴 v->event
[2015-10-14 14:34:45]	驶向 v->event
[2015-10-14 14:34:45]	靠近 v->event
[2015-10-14 14:34:45]	在 d->event
[2015-10-14 14:34:45]	出现 v->event
[2015-10-14 14:34:49]	出发 vi->event
[2015-10-14 14:34:49]	起航 vi->event
[2015-10-14 14:34:49]	出港 vi->event
[2015-10-14 14:34:49]	离开 v->event
[2015-10-14 14:34:49]	撤出 v->event
[2015-10-14 14:34:49]	途径 n->event
[2015-10-14 14:34:49]	驶过 v->event
[2015-10-14 14:34:49]	通过 p->event
[2015-10-14 14:34:49]	抵达 v->event
[2015-10-14 14:34:49]	到达 v->event
[2015-10-14 14:34:49]	至 d->event
[2015-10-14 14:34:49]	赶到 v->event
[2015-10-14 14:34:49]	停留 vi->event
[2015-10-14 14:34:49]	停靠 v->event
[2015-10-14 14:34:49]	访问 v->event
[2015-10-14 14:34:49]	到访 v->event
[2015-10-14 14:34:49]	返回 v->event
[2015-10-14 14:34:49]	回到 v->event
[2015-10-14 14:34:49]	前往 v->event
[2015-10-14 14:34:49]	开赴 v->event
[2015-10-14 14:34:49]	驶向 v->event
[2015-10-14 14:34:49]	靠近 v->event
[2015-10-14 14:34:49]	在 d->event
[2015-10-14 14:34:49]	出现 v->event
[2015-10-14 14:35:54]	出发 vi->event
[2015-10-14 14:35:54]	起航 vi->event
[2015-10-14 14:35:54]	出港 vi->event
[2015-10-14 14:35:54]	离开 v->event
[2015-10-14 14:35:54]	撤出 v->event
[2015-10-14 14:35:54]	途径 n->event
[2015-10-14 14:35:54]	驶过 v->event
[2015-10-14 14:35:54]	通过 p->event
[2015-10-14 14:35:54]	抵达 v->event
[2015-10-14 14:35:54]	到达 v->event
[2015-10-14 14:35:54]	至 d->event
[2015-10-14 14:35:54]	赶到 v->event
[2015-10-14 14:35:54]	停留 vi->event
[2015-10-14 14:35:54]	停靠 v->event
[2015-10-14 14:35:54]	访问 v->event
[2015-10-14 14:35:54]	到访 v->event
[2015-10-14 14:35:54]	返回 v->event
[2015-10-14 14:35:54]	回到 v->event
[2015-10-14 14:35:54]	前往 v->event
[2015-10-14 14:35:54]	开赴 v->event
[2015-10-14 14:35:54]	驶向 v->event
[2015-10-14 14:35:54]	靠近 v->event
[2015-10-14 14:35:54]	在 d->event
[2015-10-14 14:35:54]	出现 v->event
[2015-10-14 14:35:57]	出发 vi->event
[2015-10-14 14:35:57]	起航 vi->event
[2015-10-14 14:35:57]	出港 vi->event
[2015-10-14 14:35:57]	离开 v->event
[2015-10-14 14:35:57]	撤出 v->event
[2015-10-14 14:35:57]	途径 n->event
[2015-10-14 14:35:57]	驶过 v->event
[2015-10-14 14:35:57]	通过 p->event
[2015-10-14 14:35:57]	抵达 v->event
[2015-10-14 14:35:57]	到达 v->event
[2015-10-14 14:35:57]	至 d->event
[2015-10-14 14:35:57]	赶到 v->event
[2015-10-14 14:35:57]	停留 vi->event
[2015-10-14 14:35:57]	停靠 v->event
[2015-10-14 14:35:57]	访问 v->event
[2015-10-14 14:35:57]	到访 v->event
[2015-10-14 14:35:57]	返回 v->event
[2015-10-14 14:35:57]	回到 v->event
[2015-10-14 14:35:57]	前往 v->event
[2015-10-14 14:35:57]	开赴 v->event
[2015-10-14 14:35:57]	驶向 v->event
[2015-10-14 14:35:57]	靠近 v->event
[2015-10-14 14:35:57]	在 d->event
[2015-10-14 14:35:57]	出现 v->event
[2015-10-14 14:48:45]	出发 vi->event
[2015-10-14 14:48:45]	起航 vi->event
[2015-10-14 14:48:45]	出港 vi->event
[2015-10-14 14:48:45]	离开 v->event
[2015-10-14 14:48:45]	撤出 v->event
[2015-10-14 14:48:45]	途径 n->event
[2015-10-14 14:48:45]	驶过 v->event
[2015-10-14 14:48:45]	通过 p->event
[2015-10-14 14:48:45]	抵达 v->event
[2015-10-14 14:48:45]	到达 v->event
[2015-10-14 14:48:45]	至 d->event
[2015-10-14 14:48:45]	赶到 v->event
[2015-10-14 14:48:45]	停留 vi->event
[2015-10-14 14:48:45]	停靠 v->event
[2015-10-14 14:48:45]	访问 v->event
[2015-10-14 14:48:45]	到访 v->event
[2015-10-14 14:48:45]	返回 v->event
[2015-10-14 14:48:45]	回到 v->event
[2015-10-14 14:48:45]	前往 v->event
[2015-10-14 14:48:45]	开赴 v->event
[2015-10-14 14:48:45]	驶向 v->event
[2015-10-14 14:48:45]	靠近 v->event
[2015-10-14 14:48:45]	在 d->event
[2015-10-14 14:48:45]	出现 v->event
[2015-10-14 14:48:48]	出发 vi->event
[2015-10-14 14:48:48]	起航 vi->event
[2015-10-14 14:48:48]	出港 vi->event
[2015-10-14 14:48:48]	离开 v->event
[2015-10-14 14:48:48]	撤出 v->event
[2015-10-14 14:48:48]	途径 n->event
[2015-10-14 14:48:48]	驶过 v->event
[2015-10-14 14:48:48]	通过 p->event
[2015-10-14 14:48:48]	抵达 v->event
[2015-10-14 14:48:48]	到达 v->event
[2015-10-14 14:48:48]	至 d->event
[2015-10-14 14:48:48]	赶到 v->event
[2015-10-14 14:48:48]	停留 vi->event
[2015-10-14 14:48:48]	停靠 v->event
[2015-10-14 14:48:48]	访问 v->event
[2015-10-14 14:48:48]	到访 v->event
[2015-10-14 14:48:48]	返回 v->event
[2015-10-14 14:48:48]	回到 v->event
[2015-10-14 14:48:48]	前往 v->event
[2015-10-14 14:48:48]	开赴 v->event
[2015-10-14 14:48:48]	驶向 v->event
[2015-10-14 14:48:48]	靠近 v->event
[2015-10-14 14:48:48]	在 d->event
[2015-10-14 14:48:48]	出现 v->event
[2015-10-14 14:49:39]	出发 vi->event
[2015-10-14 14:49:39]	起航 vi->event
[2015-10-14 14:49:39]	出港 vi->event
[2015-10-14 14:49:39]	离开 v->event
[2015-10-14 14:49:39]	撤出 v->event
[2015-10-14 14:49:39]	途径 n->event
[2015-10-14 14:49:39]	驶过 v->event
[2015-10-14 14:49:39]	通过 p->event
[2015-10-14 14:49:39]	抵达 v->event
[2015-10-14 14:49:39]	到达 v->event
[2015-10-14 14:49:39]	至 d->event
[2015-10-14 14:49:39]	赶到 v->event
[2015-10-14 14:49:39]	停留 vi->event
[2015-10-14 14:49:39]	停靠 v->event
[2015-10-14 14:49:39]	访问 v->event
[2015-10-14 14:49:39]	到访 v->event
[2015-10-14 14:49:39]	返回 v->event
[2015-10-14 14:49:39]	回到 v->event
[2015-10-14 14:49:39]	前往 v->event
[2015-10-14 14:49:39]	开赴 v->event
[2015-10-14 14:49:39]	驶向 v->event
[2015-10-14 14:49:39]	靠近 v->event
[2015-10-14 14:49:39]	在 d->event
[2015-10-14 14:49:39]	出现 v->event
[2015-10-14 14:49:42]	出发 vi->event
[2015-10-14 14:49:42]	起航 vi->event
[2015-10-14 14:49:42]	出港 vi->event
[2015-10-14 14:49:42]	离开 v->event
[2015-10-14 14:49:42]	撤出 v->event
[2015-10-14 14:49:42]	途径 n->event
[2015-10-14 14:49:42]	驶过 v->event
[2015-10-14 14:49:42]	通过 p->event
[2015-10-14 14:49:42]	抵达 v->event
[2015-10-14 14:49:42]	到达 v->event
[2015-10-14 14:49:42]	至 d->event
[2015-10-14 14:49:42]	赶到 v->event
[2015-10-14 14:49:42]	停留 vi->event
[2015-10-14 14:49:42]	停靠 v->event
[2015-10-14 14:49:42]	访问 v->event
[2015-10-14 14:49:42]	到访 v->event
[2015-10-14 14:49:42]	返回 v->event
[2015-10-14 14:49:42]	回到 v->event
[2015-10-14 14:49:42]	前往 v->event
[2015-10-14 14:49:42]	开赴 v->event
[2015-10-14 14:49:42]	驶向 v->event
[2015-10-14 14:49:42]	靠近 v->event
[2015-10-14 14:49:42]	在 d->event
[2015-10-14 14:49:42]	出现 v->event
[2015-10-14 14:49:58]	出发 vi->event
[2015-10-14 14:49:58]	起航 vi->event
[2015-10-14 14:49:58]	出港 vi->event
[2015-10-14 14:49:58]	离开 v->event
[2015-10-14 14:49:58]	撤出 v->event
[2015-10-14 14:49:58]	途径 n->event
[2015-10-14 14:49:58]	驶过 v->event
[2015-10-14 14:49:58]	通过 p->event
[2015-10-14 14:49:58]	抵达 v->event
[2015-10-14 14:49:58]	到达 v->event
[2015-10-14 14:49:58]	至 d->event
[2015-10-14 14:49:58]	赶到 v->event
[2015-10-14 14:49:58]	停留 vi->event
[2015-10-14 14:49:58]	停靠 v->event
[2015-10-14 14:49:58]	访问 v->event
[2015-10-14 14:49:58]	到访 v->event
[2015-10-14 14:49:58]	返回 v->event
[2015-10-14 14:49:58]	回到 v->event
[2015-10-14 14:49:58]	前往 v->event
[2015-10-14 14:49:58]	开赴 v->event
[2015-10-14 14:49:58]	驶向 v->event
[2015-10-14 14:49:58]	靠近 v->event
[2015-10-14 14:49:58]	在 d->event
[2015-10-14 14:49:58]	出现 v->event
[2015-10-14 14:50:00]	出发 vi->event
[2015-10-14 14:50:00]	起航 vi->event
[2015-10-14 14:50:00]	出港 vi->event
[2015-10-14 14:50:00]	离开 v->event
[2015-10-14 14:50:00]	撤出 v->event
[2015-10-14 14:50:00]	途径 n->event
[2015-10-14 14:50:00]	驶过 v->event
[2015-10-14 14:50:00]	通过 p->event
[2015-10-14 14:50:00]	抵达 v->event
[2015-10-14 14:50:00]	到达 v->event
[2015-10-14 14:50:00]	至 d->event
[2015-10-14 14:50:00]	赶到 v->event
[2015-10-14 14:50:00]	停留 vi->event
[2015-10-14 14:50:00]	停靠 v->event
[2015-10-14 14:50:00]	访问 v->event
[2015-10-14 14:50:00]	到访 v->event
[2015-10-14 14:50:00]	返回 v->event
[2015-10-14 14:50:00]	回到 v->event
[2015-10-14 14:50:00]	前往 v->event
[2015-10-14 14:50:00]	开赴 v->event
[2015-10-14 14:50:00]	驶向 v->event
[2015-10-14 14:50:00]	靠近 v->event
[2015-10-14 14:50:00]	在 d->event
[2015-10-14 14:50:00]	出现 v->event
[2015-10-14 14:58:47]	出发 vi->event
[2015-10-14 14:58:47]	起航 vi->event
[2015-10-14 14:58:47]	出港 vi->event
[2015-10-14 14:58:47]	离开 v->event
[2015-10-14 14:58:47]	撤出 v->event
[2015-10-14 14:58:47]	途径 n->event
[2015-10-14 14:58:47]	驶过 v->event
[2015-10-14 14:58:47]	通过 p->event
[2015-10-14 14:58:47]	抵达 v->event
[2015-10-14 14:58:47]	到达 v->event
[2015-10-14 14:58:47]	至 d->event
[2015-10-14 14:58:47]	赶到 v->event
[2015-10-14 14:58:47]	停留 vi->event
[2015-10-14 14:58:47]	停靠 v->event
[2015-10-14 14:58:47]	访问 v->event
[2015-10-14 14:58:47]	到访 v->event
[2015-10-14 14:58:47]	返回 v->event
[2015-10-14 14:58:47]	回到 v->event
[2015-10-14 14:58:47]	前往 v->event
[2015-10-14 14:58:47]	开赴 v->event
[2015-10-14 14:58:47]	驶向 v->event
[2015-10-14 14:58:47]	靠近 v->event
[2015-10-14 14:58:47]	在 d->event
[2015-10-14 14:58:47]	出现 v->event
[2015-10-14 14:58:52]	出发 vi->event
[2015-10-14 14:58:52]	起航 vi->event
[2015-10-14 14:58:52]	出港 vi->event
[2015-10-14 14:58:52]	离开 v->event
[2015-10-14 14:58:52]	撤出 v->event
[2015-10-14 14:58:52]	途径 n->event
[2015-10-14 14:58:52]	驶过 v->event
[2015-10-14 14:58:52]	通过 p->event
[2015-10-14 14:58:52]	抵达 v->event
[2015-10-14 14:58:52]	到达 v->event
[2015-10-14 14:58:52]	至 d->event
[2015-10-14 14:58:52]	赶到 v->event
[2015-10-14 14:58:52]	停留 vi->event
[2015-10-14 14:58:52]	停靠 v->event
[2015-10-14 14:58:52]	访问 v->event
[2015-10-14 14:58:52]	到访 v->event
[2015-10-14 14:58:52]	返回 v->event
[2015-10-14 14:58:52]	回到 v->event
[2015-10-14 14:58:52]	前往 v->event
[2015-10-14 14:58:52]	开赴 v->event
[2015-10-14 14:58:52]	驶向 v->event
[2015-10-14 14:58:52]	靠近 v->event
[2015-10-14 14:58:52]	在 d->event
[2015-10-14 14:58:52]	出现 v->event
[2015-10-14 15:02:50]	出发 vi->event
[2015-10-14 15:02:50]	起航 vi->event
[2015-10-14 15:02:50]	出港 vi->event
[2015-10-14 15:02:50]	离开 v->event
[2015-10-14 15:02:50]	撤出 v->event
[2015-10-14 15:02:50]	途径 n->event
[2015-10-14 15:02:50]	驶过 v->event
[2015-10-14 15:02:50]	通过 p->event
[2015-10-14 15:02:50]	抵达 v->event
[2015-10-14 15:02:50]	到达 v->event
[2015-10-14 15:02:50]	至 d->event
[2015-10-14 15:02:50]	赶到 v->event
[2015-10-14 15:02:50]	停留 vi->event
[2015-10-14 15:02:50]	停靠 v->event
[2015-10-14 15:02:50]	访问 v->event
[2015-10-14 15:02:50]	到访 v->event
[2015-10-14 15:02:50]	返回 v->event
[2015-10-14 15:02:50]	回到 v->event
[2015-10-14 15:02:50]	前往 v->event
[2015-10-14 15:02:50]	开赴 v->event
[2015-10-14 15:02:50]	驶向 v->event
[2015-10-14 15:02:50]	靠近 v->event
[2015-10-14 15:02:50]	在 d->event
[2015-10-14 15:02:50]	出现 v->event
[2015-10-14 15:02:52]	出发 vi->event
[2015-10-14 15:02:52]	起航 vi->event
[2015-10-14 15:02:52]	出港 vi->event
[2015-10-14 15:02:52]	离开 v->event
[2015-10-14 15:02:52]	撤出 v->event
[2015-10-14 15:02:52]	途径 n->event
[2015-10-14 15:02:52]	驶过 v->event
[2015-10-14 15:02:52]	通过 p->event
[2015-10-14 15:02:52]	抵达 v->event
[2015-10-14 15:02:52]	到达 v->event
[2015-10-14 15:02:52]	至 d->event
[2015-10-14 15:02:52]	赶到 v->event
[2015-10-14 15:02:52]	停留 vi->event
[2015-10-14 15:02:52]	停靠 v->event
[2015-10-14 15:02:52]	访问 v->event
[2015-10-14 15:02:52]	到访 v->event
[2015-10-14 15:02:52]	返回 v->event
[2015-10-14 15:02:52]	回到 v->event
[2015-10-14 15:02:52]	前往 v->event
[2015-10-14 15:02:52]	开赴 v->event
[2015-10-14 15:02:52]	驶向 v->event
[2015-10-14 15:02:52]	靠近 v->event
[2015-10-14 15:02:52]	在 d->event
[2015-10-14 15:02:52]	出现 v->event
[2015-10-14 15:05:37]	出发 vi->event
[2015-10-14 15:05:37]	起航 vi->event
[2015-10-14 15:05:37]	出港 vi->event
[2015-10-14 15:05:37]	离开 v->event
[2015-10-14 15:05:37]	撤出 v->event
[2015-10-14 15:05:37]	途径 n->event
[2015-10-14 15:05:37]	驶过 v->event
[2015-10-14 15:05:37]	通过 p->event
[2015-10-14 15:05:37]	抵达 v->event
[2015-10-14 15:05:37]	到达 v->event
[2015-10-14 15:05:37]	至 d->event
[2015-10-14 15:05:37]	赶到 v->event
[2015-10-14 15:05:37]	停留 vi->event
[2015-10-14 15:05:37]	停靠 v->event
[2015-10-14 15:05:37]	访问 v->event
[2015-10-14 15:05:37]	到访 v->event
[2015-10-14 15:05:37]	返回 v->event
[2015-10-14 15:05:37]	回到 v->event
[2015-10-14 15:05:37]	前往 v->event
[2015-10-14 15:05:37]	开赴 v->event
[2015-10-14 15:05:37]	驶向 v->event
[2015-10-14 15:05:37]	靠近 v->event
[2015-10-14 15:05:37]	在 d->event
[2015-10-14 15:05:37]	出现 v->event
[2015-10-14 15:05:37]	出发 vi->event
[2015-10-14 15:05:37]	起航 vi->event
[2015-10-14 15:05:37]	出港 vi->event
[2015-10-14 15:05:37]	离开 v->event
[2015-10-14 15:05:37]	撤出 v->event
[2015-10-14 15:05:37]	途径 n->event
[2015-10-14 15:05:37]	驶过 v->event
[2015-10-14 15:05:37]	通过 p->event
[2015-10-14 15:05:37]	抵达 v->event
[2015-10-14 15:05:37]	到达 v->event
[2015-10-14 15:05:37]	至 d->event
[2015-10-14 15:05:37]	赶到 v->event
[2015-10-14 15:05:37]	停留 vi->event
[2015-10-14 15:05:37]	停靠 v->event
[2015-10-14 15:05:37]	访问 v->event
[2015-10-14 15:05:37]	到访 v->event
[2015-10-14 15:05:37]	返回 v->event
[2015-10-14 15:05:37]	回到 v->event
[2015-10-14 15:05:37]	前往 v->event
[2015-10-14 15:05:37]	开赴 v->event
[2015-10-14 15:05:37]	驶向 v->event
[2015-10-14 15:05:37]	靠近 v->event
[2015-10-14 15:05:37]	在 d->event
[2015-10-14 15:05:37]	出现 v->event
[2015-10-14 15:06:50]	出发 vi->event
[2015-10-14 15:06:50]	起航 vi->event
[2015-10-14 15:06:50]	出港 vi->event
[2015-10-14 15:06:50]	离开 v->event
[2015-10-14 15:06:50]	撤出 v->event
[2015-10-14 15:06:50]	途径 n->event
[2015-10-14 15:06:50]	驶过 v->event
[2015-10-14 15:06:50]	通过 p->event
[2015-10-14 15:06:50]	抵达 v->event
[2015-10-14 15:06:50]	到达 v->event
[2015-10-14 15:06:50]	至 d->event
[2015-10-14 15:06:50]	赶到 v->event
[2015-10-14 15:06:50]	停留 vi->event
[2015-10-14 15:06:50]	停靠 v->event
[2015-10-14 15:06:50]	访问 v->event
[2015-10-14 15:06:50]	到访 v->event
[2015-10-14 15:06:50]	返回 v->event
[2015-10-14 15:06:50]	回到 v->event
[2015-10-14 15:06:50]	前往 v->event
[2015-10-14 15:06:50]	开赴 v->event
[2015-10-14 15:06:50]	驶向 v->event
[2015-10-14 15:06:50]	靠近 v->event
[2015-10-14 15:06:50]	在 d->event
[2015-10-14 15:06:50]	出现 v->event
[2015-10-14 15:06:51]	出发 vi->event
[2015-10-14 15:06:51]	起航 vi->event
[2015-10-14 15:06:51]	出港 vi->event
[2015-10-14 15:06:51]	离开 v->event
[2015-10-14 15:06:51]	撤出 v->event
[2015-10-14 15:06:51]	途径 n->event
[2015-10-14 15:06:51]	驶过 v->event
[2015-10-14 15:06:51]	通过 p->event
[2015-10-14 15:06:51]	抵达 v->event
[2015-10-14 15:06:51]	到达 v->event
[2015-10-14 15:06:51]	至 d->event
[2015-10-14 15:06:51]	赶到 v->event
[2015-10-14 15:06:51]	停留 vi->event
[2015-10-14 15:06:51]	停靠 v->event
[2015-10-14 15:06:51]	访问 v->event
[2015-10-14 15:06:51]	到访 v->event
[2015-10-14 15:06:51]	返回 v->event
[2015-10-14 15:06:51]	回到 v->event
[2015-10-14 15:06:51]	前往 v->event
[2015-10-14 15:06:51]	开赴 v->event
[2015-10-14 15:06:51]	驶向 v->event
[2015-10-14 15:06:51]	靠近 v->event
[2015-10-14 15:06:51]	在 d->event
[2015-10-14 15:06:51]	出现 v->event
[2015-10-14 15:26:36]	出发 vi->event
[2015-10-14 15:26:36]	起航 vi->event
[2015-10-14 15:26:36]	出港 vi->event
[2015-10-14 15:26:36]	离开 v->event
[2015-10-14 15:26:36]	撤出 v->event
[2015-10-14 15:26:36]	途径 n->event
[2015-10-14 15:26:36]	驶过 v->event
[2015-10-14 15:26:36]	通过 p->event
[2015-10-14 15:26:36]	抵达 v->event
[2015-10-14 15:26:36]	到达 v->event
[2015-10-14 15:26:36]	至 d->event
[2015-10-14 15:26:36]	赶到 v->event
[2015-10-14 15:26:36]	停留 vi->event
[2015-10-14 15:26:36]	停靠 v->event
[2015-10-14 15:26:36]	访问 v->event
[2015-10-14 15:26:36]	到访 v->event
[2015-10-14 15:26:36]	返回 v->event
[2015-10-14 15:26:36]	回到 v->event
[2015-10-14 15:26:36]	前往 v->event
[2015-10-14 15:26:36]	开赴 v->event
[2015-10-14 15:26:36]	驶向 v->event
[2015-10-14 15:26:36]	靠近 v->event
[2015-10-14 15:26:36]	在 d->event
[2015-10-14 15:26:36]	出现 v->event
[2015-10-14 15:26:37]	出发 vi->event
[2015-10-14 15:26:37]	起航 vi->event
[2015-10-14 15:26:37]	出港 vi->event
[2015-10-14 15:26:37]	离开 v->event
[2015-10-14 15:26:37]	撤出 v->event
[2015-10-14 15:26:37]	途径 n->event
[2015-10-14 15:26:37]	驶过 v->event
[2015-10-14 15:26:37]	通过 p->event
[2015-10-14 15:26:37]	抵达 v->event
[2015-10-14 15:26:37]	到达 v->event
[2015-10-14 15:26:37]	至 d->event
[2015-10-14 15:26:37]	赶到 v->event
[2015-10-14 15:26:37]	停留 vi->event
[2015-10-14 15:26:37]	停靠 v->event
[2015-10-14 15:26:37]	访问 v->event
[2015-10-14 15:26:37]	到访 v->event
[2015-10-14 15:26:37]	返回 v->event
[2015-10-14 15:26:37]	回到 v->event
[2015-10-14 15:26:37]	前往 v->event
[2015-10-14 15:26:37]	开赴 v->event
[2015-10-14 15:26:37]	驶向 v->event
[2015-10-14 15:26:37]	靠近 v->event
[2015-10-14 15:26:37]	在 d->event
[2015-10-14 15:26:37]	出现 v->event
[2015-10-14 15:27:02]	出发 vi->event
[2015-10-14 15:27:02]	起航 vi->event
[2015-10-14 15:27:02]	出港 vi->event
[2015-10-14 15:27:02]	离开 v->event
[2015-10-14 15:27:02]	撤出 v->event
[2015-10-14 15:27:02]	途径 n->event
[2015-10-14 15:27:02]	驶过 v->event
[2015-10-14 15:27:02]	通过 p->event
[2015-10-14 15:27:02]	抵达 v->event
[2015-10-14 15:27:02]	到达 v->event
[2015-10-14 15:27:02]	至 d->event
[2015-10-14 15:27:02]	赶到 v->event
[2015-10-14 15:27:02]	停留 vi->event
[2015-10-14 15:27:02]	停靠 v->event
[2015-10-14 15:27:02]	访问 v->event
[2015-10-14 15:27:02]	到访 v->event
[2015-10-14 15:27:02]	返回 v->event
[2015-10-14 15:27:02]	回到 v->event
[2015-10-14 15:27:02]	前往 v->event
[2015-10-14 15:27:02]	开赴 v->event
[2015-10-14 15:27:02]	驶向 v->event
[2015-10-14 15:27:02]	靠近 v->event
[2015-10-14 15:27:02]	在 d->event
[2015-10-14 15:27:02]	出现 v->event
[2015-10-14 15:27:03]	出发 vi->event
[2015-10-14 15:27:03]	起航 vi->event
[2015-10-14 15:27:03]	出港 vi->event
[2015-10-14 15:27:03]	离开 v->event
[2015-10-14 15:27:03]	撤出 v->event
[2015-10-14 15:27:03]	途径 n->event
[2015-10-14 15:27:03]	驶过 v->event
[2015-10-14 15:27:03]	通过 p->event
[2015-10-14 15:27:03]	抵达 v->event
[2015-10-14 15:27:03]	到达 v->event
[2015-10-14 15:27:03]	至 d->event
[2015-10-14 15:27:03]	赶到 v->event
[2015-10-14 15:27:03]	停留 vi->event
[2015-10-14 15:27:03]	停靠 v->event
[2015-10-14 15:27:03]	访问 v->event
[2015-10-14 15:27:03]	到访 v->event
[2015-10-14 15:27:03]	返回 v->event
[2015-10-14 15:27:03]	回到 v->event
[2015-10-14 15:27:03]	前往 v->event
[2015-10-14 15:27:03]	开赴 v->event
[2015-10-14 15:27:03]	驶向 v->event
[2015-10-14 15:27:03]	靠近 v->event
[2015-10-14 15:27:03]	在 d->event
[2015-10-14 15:27:03]	出现 v->event
[2015-10-14 15:42:52]	出发 vi->event
[2015-10-14 15:42:52]	起航 vi->event
[2015-10-14 15:42:52]	出港 vi->event
[2015-10-14 15:42:52]	离开 v->event
[2015-10-14 15:42:52]	撤出 v->event
[2015-10-14 15:42:52]	途径 n->event
[2015-10-14 15:42:52]	驶过 v->event
[2015-10-14 15:42:52]	通过 p->event
[2015-10-14 15:42:52]	抵达 v->event
[2015-10-14 15:42:52]	到达 v->event
[2015-10-14 15:42:52]	至 d->event
[2015-10-14 15:42:52]	赶到 v->event
[2015-10-14 15:42:52]	停留 vi->event
[2015-10-14 15:42:52]	停靠 v->event
[2015-10-14 15:42:52]	访问 v->event
[2015-10-14 15:42:52]	到访 v->event
[2015-10-14 15:42:52]	返回 v->event
[2015-10-14 15:42:52]	回到 v->event
[2015-10-14 15:42:52]	前往 v->event
[2015-10-14 15:42:52]	开赴 v->event
[2015-10-14 15:42:52]	驶向 v->event
[2015-10-14 15:42:52]	靠近 v->event
[2015-10-14 15:42:52]	在 d->event
[2015-10-14 15:42:52]	出现 v->event
[2015-10-14 15:42:53]	出发 vi->event
[2015-10-14 15:42:53]	起航 vi->event
[2015-10-14 15:42:53]	出港 vi->event
[2015-10-14 15:42:53]	离开 v->event
[2015-10-14 15:42:53]	撤出 v->event
[2015-10-14 15:42:53]	途径 n->event
[2015-10-14 15:42:53]	驶过 v->event
[2015-10-14 15:42:53]	通过 p->event
[2015-10-14 15:42:53]	抵达 v->event
[2015-10-14 15:42:53]	到达 v->event
[2015-10-14 15:42:53]	至 d->event
[2015-10-14 15:42:53]	赶到 v->event
[2015-10-14 15:42:53]	停留 vi->event
[2015-10-14 15:42:53]	停靠 v->event
[2015-10-14 15:42:53]	访问 v->event
[2015-10-14 15:42:53]	到访 v->event
[2015-10-14 15:42:53]	返回 v->event
[2015-10-14 15:42:53]	回到 v->event
[2015-10-14 15:42:53]	前往 v->event
[2015-10-14 15:42:53]	开赴 v->event
[2015-10-14 15:42:53]	驶向 v->event
[2015-10-14 15:42:53]	靠近 v->event
[2015-10-14 15:42:53]	在 d->event
[2015-10-14 15:42:53]	出现 v->event
[2015-10-14 15:45:03]	出发 vi->event
[2015-10-14 15:45:03]	起航 vi->event
[2015-10-14 15:45:03]	出港 vi->event
[2015-10-14 15:45:03]	离开 v->event
[2015-10-14 15:45:03]	撤出 v->event
[2015-10-14 15:45:03]	途径 n->event
[2015-10-14 15:45:03]	驶过 v->event
[2015-10-14 15:45:03]	通过 p->event
[2015-10-14 15:45:03]	抵达 v->event
[2015-10-14 15:45:03]	到达 v->event
[2015-10-14 15:45:03]	至 d->event
[2015-10-14 15:45:03]	赶到 v->event
[2015-10-14 15:45:03]	停留 vi->event
[2015-10-14 15:45:03]	停靠 v->event
[2015-10-14 15:45:03]	访问 v->event
[2015-10-14 15:45:03]	到访 v->event
[2015-10-14 15:45:03]	返回 v->event
[2015-10-14 15:45:03]	回到 v->event
[2015-10-14 15:45:03]	前往 v->event
[2015-10-14 15:45:03]	开赴 v->event
[2015-10-14 15:45:03]	驶向 v->event
[2015-10-14 15:45:03]	靠近 v->event
[2015-10-14 15:45:03]	在 d->event
[2015-10-14 15:45:03]	出现 v->event
[2015-10-14 15:45:04]	出发 vi->event
[2015-10-14 15:45:04]	起航 vi->event
[2015-10-14 15:45:04]	出港 vi->event
[2015-10-14 15:45:04]	离开 v->event
[2015-10-14 15:45:04]	撤出 v->event
[2015-10-14 15:45:04]	途径 n->event
[2015-10-14 15:45:04]	驶过 v->event
[2015-10-14 15:45:04]	通过 p->event
[2015-10-14 15:45:04]	抵达 v->event
[2015-10-14 15:45:04]	到达 v->event
[2015-10-14 15:45:04]	至 d->event
[2015-10-14 15:45:04]	赶到 v->event
[2015-10-14 15:45:04]	停留 vi->event
[2015-10-14 15:45:04]	停靠 v->event
[2015-10-14 15:45:04]	访问 v->event
[2015-10-14 15:45:04]	到访 v->event
[2015-10-14 15:45:04]	返回 v->event
[2015-10-14 15:45:04]	回到 v->event
[2015-10-14 15:45:04]	前往 v->event
[2015-10-14 15:45:04]	开赴 v->event
[2015-10-14 15:45:04]	驶向 v->event
[2015-10-14 15:45:04]	靠近 v->event
[2015-10-14 15:45:04]	在 d->event
[2015-10-14 15:45:04]	出现 v->event
[2015-10-14 15:45:16]	出发 vi->event
[2015-10-14 15:45:16]	起航 vi->event
[2015-10-14 15:45:16]	出港 vi->event
[2015-10-14 15:45:16]	离开 v->event
[2015-10-14 15:45:16]	撤出 v->event
[2015-10-14 15:45:16]	途径 n->event
[2015-10-14 15:45:16]	驶过 v->event
[2015-10-14 15:45:16]	通过 p->event
[2015-10-14 15:45:16]	抵达 v->event
[2015-10-14 15:45:16]	到达 v->event
[2015-10-14 15:45:16]	至 d->event
[2015-10-14 15:45:16]	赶到 v->event
[2015-10-14 15:45:16]	停留 vi->event
[2015-10-14 15:45:16]	停靠 v->event
[2015-10-14 15:45:16]	访问 v->event
[2015-10-14 15:45:16]	到访 v->event
[2015-10-14 15:45:16]	返回 v->event
[2015-10-14 15:45:16]	回到 v->event
[2015-10-14 15:45:16]	前往 v->event
[2015-10-14 15:45:16]	开赴 v->event
[2015-10-14 15:45:16]	驶向 v->event
[2015-10-14 15:45:16]	靠近 v->event
[2015-10-14 15:45:16]	在 d->event
[2015-10-14 15:45:16]	出现 v->event
[2015-10-14 15:45:17]	出发 vi->event
[2015-10-14 15:45:17]	起航 vi->event
[2015-10-14 15:45:17]	出港 vi->event
[2015-10-14 15:45:17]	离开 v->event
[2015-10-14 15:45:17]	撤出 v->event
[2015-10-14 15:45:17]	途径 n->event
[2015-10-14 15:45:17]	驶过 v->event
[2015-10-14 15:45:17]	通过 p->event
[2015-10-14 15:45:17]	抵达 v->event
[2015-10-14 15:45:17]	到达 v->event
[2015-10-14 15:45:17]	至 d->event
[2015-10-14 15:45:17]	赶到 v->event
[2015-10-14 15:45:17]	停留 vi->event
[2015-10-14 15:45:17]	停靠 v->event
[2015-10-14 15:45:17]	访问 v->event
[2015-10-14 15:45:17]	到访 v->event
[2015-10-14 15:45:17]	返回 v->event
[2015-10-14 15:45:17]	回到 v->event
[2015-10-14 15:45:17]	前往 v->event
[2015-10-14 15:45:17]	开赴 v->event
[2015-10-14 15:45:17]	驶向 v->event
[2015-10-14 15:45:17]	靠近 v->event
[2015-10-14 15:45:17]	在 d->event
[2015-10-14 15:45:17]	出现 v->event
[2015-10-14 15:45:24]	出发 vi->event
[2015-10-14 15:45:24]	起航 vi->event
[2015-10-14 15:45:24]	出港 vi->event
[2015-10-14 15:45:24]	离开 v->event
[2015-10-14 15:45:24]	撤出 v->event
[2015-10-14 15:45:24]	途径 n->event
[2015-10-14 15:45:24]	驶过 v->event
[2015-10-14 15:45:24]	通过 p->event
[2015-10-14 15:45:24]	抵达 v->event
[2015-10-14 15:45:24]	到达 v->event
[2015-10-14 15:45:24]	至 d->event
[2015-10-14 15:45:24]	赶到 v->event
[2015-10-14 15:45:24]	停留 vi->event
[2015-10-14 15:45:24]	停靠 v->event
[2015-10-14 15:45:24]	访问 v->event
[2015-10-14 15:45:24]	到访 v->event
[2015-10-14 15:45:24]	返回 v->event
[2015-10-14 15:45:24]	回到 v->event
[2015-10-14 15:45:24]	前往 v->event
[2015-10-14 15:45:24]	开赴 v->event
[2015-10-14 15:45:24]	驶向 v->event
[2015-10-14 15:45:24]	靠近 v->event
[2015-10-14 15:45:24]	在 d->event
[2015-10-14 15:45:24]	出现 v->event
[2015-10-14 15:45:25]	出发 vi->event
[2015-10-14 15:45:25]	起航 vi->event
[2015-10-14 15:45:25]	出港 vi->event
[2015-10-14 15:45:25]	离开 v->event
[2015-10-14 15:45:25]	撤出 v->event
[2015-10-14 15:45:25]	途径 n->event
[2015-10-14 15:45:25]	驶过 v->event
[2015-10-14 15:45:25]	通过 p->event
[2015-10-14 15:45:25]	抵达 v->event
[2015-10-14 15:45:25]	到达 v->event
[2015-10-14 15:45:25]	至 d->event
[2015-10-14 15:45:25]	赶到 v->event
[2015-10-14 15:45:25]	停留 vi->event
[2015-10-14 15:45:25]	停靠 v->event
[2015-10-14 15:45:25]	访问 v->event
[2015-10-14 15:45:25]	到访 v->event
[2015-10-14 15:45:25]	返回 v->event
[2015-10-14 15:45:25]	回到 v->event
[2015-10-14 15:45:25]	前往 v->event
[2015-10-14 15:45:25]	开赴 v->event
[2015-10-14 15:45:25]	驶向 v->event
[2015-10-14 15:45:25]	靠近 v->event
[2015-10-14 15:45:25]	在 d->event
[2015-10-14 15:45:25]	出现 v->event
[2015-10-14 15:46:51]	出发 vi->event
[2015-10-14 15:46:51]	起航 vi->event
[2015-10-14 15:46:51]	出港 vi->event
[2015-10-14 15:46:51]	离开 v->event
[2015-10-14 15:46:51]	撤出 v->event
[2015-10-14 15:46:51]	途径 n->event
[2015-10-14 15:46:51]	驶过 v->event
[2015-10-14 15:46:51]	通过 p->event
[2015-10-14 15:46:51]	抵达 v->event
[2015-10-14 15:46:51]	到达 v->event
[2015-10-14 15:46:51]	至 d->event
[2015-10-14 15:46:51]	赶到 v->event
[2015-10-14 15:46:51]	停留 vi->event
[2015-10-14 15:46:51]	停靠 v->event
[2015-10-14 15:46:51]	访问 v->event
[2015-10-14 15:46:51]	到访 v->event
[2015-10-14 15:46:51]	返回 v->event
[2015-10-14 15:46:51]	回到 v->event
[2015-10-14 15:46:51]	前往 v->event
[2015-10-14 15:46:51]	开赴 v->event
[2015-10-14 15:46:51]	驶向 v->event
[2015-10-14 15:46:51]	靠近 v->event
[2015-10-14 15:46:51]	在 d->event
[2015-10-14 15:46:51]	出现 v->event
[2015-10-14 15:46:55]	出发 vi->event
[2015-10-14 15:46:55]	起航 vi->event
[2015-10-14 15:46:55]	出港 vi->event
[2015-10-14 15:46:55]	离开 v->event
[2015-10-14 15:46:55]	撤出 v->event
[2015-10-14 15:46:55]	途径 n->event
[2015-10-14 15:46:55]	驶过 v->event
[2015-10-14 15:46:55]	通过 p->event
[2015-10-14 15:46:55]	抵达 v->event
[2015-10-14 15:46:55]	到达 v->event
[2015-10-14 15:46:55]	至 d->event
[2015-10-14 15:46:55]	赶到 v->event
[2015-10-14 15:46:55]	停留 vi->event
[2015-10-14 15:46:55]	停靠 v->event
[2015-10-14 15:46:55]	访问 v->event
[2015-10-14 15:46:55]	到访 v->event
[2015-10-14 15:46:55]	返回 v->event
[2015-10-14 15:46:55]	回到 v->event
[2015-10-14 15:46:55]	前往 v->event
[2015-10-14 15:46:55]	开赴 v->event
[2015-10-14 15:46:55]	驶向 v->event
[2015-10-14 15:46:55]	靠近 v->event
[2015-10-14 15:46:55]	在 d->event
[2015-10-14 15:46:55]	出现 v->event
[2015-10-14 15:47:34]	出发 vi->event
[2015-10-14 15:47:34]	起航 vi->event
[2015-10-14 15:47:34]	出港 vi->event
[2015-10-14 15:47:34]	离开 v->event
[2015-10-14 15:47:34]	撤出 v->event
[2015-10-14 15:47:34]	途径 n->event
[2015-10-14 15:47:34]	驶过 v->event
[2015-10-14 15:47:34]	通过 p->event
[2015-10-14 15:47:34]	抵达 v->event
[2015-10-14 15:47:34]	到达 v->event
[2015-10-14 15:47:34]	至 d->event
[2015-10-14 15:47:34]	赶到 v->event
[2015-10-14 15:47:34]	停留 vi->event
[2015-10-14 15:47:34]	停靠 v->event
[2015-10-14 15:47:34]	访问 v->event
[2015-10-14 15:47:34]	到访 v->event
[2015-10-14 15:47:34]	返回 v->event
[2015-10-14 15:47:34]	回到 v->event
[2015-10-14 15:47:34]	前往 v->event
[2015-10-14 15:47:34]	开赴 v->event
[2015-10-14 15:47:34]	驶向 v->event
[2015-10-14 15:47:34]	靠近 v->event
[2015-10-14 15:47:34]	在 d->event
[2015-10-14 15:47:34]	出现 v->event
[2015-10-14 15:47:37]	出发 vi->event
[2015-10-14 15:47:37]	起航 vi->event
[2015-10-14 15:47:37]	出港 vi->event
[2015-10-14 15:47:37]	离开 v->event
[2015-10-14 15:47:37]	撤出 v->event
[2015-10-14 15:47:37]	途径 n->event
[2015-10-14 15:47:37]	驶过 v->event
[2015-10-14 15:47:37]	通过 p->event
[2015-10-14 15:47:37]	抵达 v->event
[2015-10-14 15:47:37]	到达 v->event
[2015-10-14 15:47:37]	至 d->event
[2015-10-14 15:47:37]	赶到 v->event
[2015-10-14 15:47:37]	停留 vi->event
[2015-10-14 15:47:37]	停靠 v->event
[2015-10-14 15:47:37]	访问 v->event
[2015-10-14 15:47:37]	到访 v->event
[2015-10-14 15:47:37]	返回 v->event
[2015-10-14 15:47:37]	回到 v->event
[2015-10-14 15:47:37]	前往 v->event
[2015-10-14 15:47:37]	开赴 v->event
[2015-10-14 15:47:37]	驶向 v->event
[2015-10-14 15:47:37]	靠近 v->event
[2015-10-14 15:47:37]	在 d->event
[2015-10-14 15:47:37]	出现 v->event
[2015-10-14 15:47:49]	出发 vi->event
[2015-10-14 15:47:49]	起航 vi->event
[2015-10-14 15:47:49]	出港 vi->event
[2015-10-14 15:47:49]	离开 v->event
[2015-10-14 15:47:49]	撤出 v->event
[2015-10-14 15:47:49]	途径 n->event
[2015-10-14 15:47:49]	驶过 v->event
[2015-10-14 15:47:49]	通过 p->event
[2015-10-14 15:47:49]	抵达 v->event
[2015-10-14 15:47:49]	到达 v->event
[2015-10-14 15:47:49]	至 d->event
[2015-10-14 15:47:49]	赶到 v->event
[2015-10-14 15:47:49]	停留 vi->event
[2015-10-14 15:47:49]	停靠 v->event
[2015-10-14 15:47:49]	访问 v->event
[2015-10-14 15:47:49]	到访 v->event
[2015-10-14 15:47:49]	返回 v->event
[2015-10-14 15:47:49]	回到 v->event
[2015-10-14 15:47:49]	前往 v->event
[2015-10-14 15:47:49]	开赴 v->event
[2015-10-14 15:47:49]	驶向 v->event
[2015-10-14 15:47:49]	靠近 v->event
[2015-10-14 15:47:49]	在 d->event
[2015-10-14 15:47:49]	出现 v->event
[2015-10-14 15:47:50]	出发 vi->event
[2015-10-14 15:47:50]	起航 vi->event
[2015-10-14 15:47:50]	出港 vi->event
[2015-10-14 15:47:50]	离开 v->event
[2015-10-14 15:47:50]	撤出 v->event
[2015-10-14 15:47:50]	途径 n->event
[2015-10-14 15:47:50]	驶过 v->event
[2015-10-14 15:47:50]	通过 p->event
[2015-10-14 15:47:50]	抵达 v->event
[2015-10-14 15:47:50]	到达 v->event
[2015-10-14 15:47:50]	至 d->event
[2015-10-14 15:47:50]	赶到 v->event
[2015-10-14 15:47:50]	停留 vi->event
[2015-10-14 15:47:50]	停靠 v->event
[2015-10-14 15:47:50]	访问 v->event
[2015-10-14 15:47:50]	到访 v->event
[2015-10-14 15:47:50]	返回 v->event
[2015-10-14 15:47:50]	回到 v->event
[2015-10-14 15:47:50]	前往 v->event
[2015-10-14 15:47:50]	开赴 v->event
[2015-10-14 15:47:50]	驶向 v->event
[2015-10-14 15:47:50]	靠近 v->event
[2015-10-14 15:47:50]	在 d->event
[2015-10-14 15:47:50]	出现 v->event
[2015-10-14 15:48:15]	出发 vi->event
[2015-10-14 15:48:15]	起航 vi->event
[2015-10-14 15:48:15]	出港 vi->event
[2015-10-14 15:48:15]	离开 v->event
[2015-10-14 15:48:15]	撤出 v->event
[2015-10-14 15:48:15]	途径 n->event
[2015-10-14 15:48:15]	驶过 v->event
[2015-10-14 15:48:15]	通过 p->event
[2015-10-14 15:48:15]	抵达 v->event
[2015-10-14 15:48:15]	到达 v->event
[2015-10-14 15:48:15]	至 d->event
[2015-10-14 15:48:15]	赶到 v->event
[2015-10-14 15:48:15]	停留 vi->event
[2015-10-14 15:48:15]	停靠 v->event
[2015-10-14 15:48:15]	访问 v->event
[2015-10-14 15:48:15]	到访 v->event
[2015-10-14 15:48:15]	返回 v->event
[2015-10-14 15:48:15]	回到 v->event
[2015-10-14 15:48:15]	前往 v->event
[2015-10-14 15:48:15]	开赴 v->event
[2015-10-14 15:48:15]	驶向 v->event
[2015-10-14 15:48:15]	靠近 v->event
[2015-10-14 15:48:15]	在 d->event
[2015-10-14 15:48:15]	出现 v->event
[2015-10-14 15:48:17]	出发 vi->event
[2015-10-14 15:48:17]	起航 vi->event
[2015-10-14 15:48:17]	出港 vi->event
[2015-10-14 15:48:17]	离开 v->event
[2015-10-14 15:48:17]	撤出 v->event
[2015-10-14 15:48:17]	途径 n->event
[2015-10-14 15:48:17]	驶过 v->event
[2015-10-14 15:48:17]	通过 p->event
[2015-10-14 15:48:17]	抵达 v->event
[2015-10-14 15:48:17]	到达 v->event
[2015-10-14 15:48:17]	至 d->event
[2015-10-14 15:48:17]	赶到 v->event
[2015-10-14 15:48:17]	停留 vi->event
[2015-10-14 15:48:17]	停靠 v->event
[2015-10-14 15:48:17]	访问 v->event
[2015-10-14 15:48:17]	到访 v->event
[2015-10-14 15:48:17]	返回 v->event
[2015-10-14 15:48:17]	回到 v->event
[2015-10-14 15:48:17]	前往 v->event
[2015-10-14 15:48:17]	开赴 v->event
[2015-10-14 15:48:17]	驶向 v->event
[2015-10-14 15:48:17]	靠近 v->event
[2015-10-14 15:48:17]	在 d->event
[2015-10-14 15:48:17]	出现 v->event
[2015-10-14 15:48:26]	出发 vi->event
[2015-10-14 15:48:26]	起航 vi->event
[2015-10-14 15:48:26]	出港 vi->event
[2015-10-14 15:48:26]	离开 v->event
[2015-10-14 15:48:26]	撤出 v->event
[2015-10-14 15:48:26]	途径 n->event
[2015-10-14 15:48:26]	驶过 v->event
[2015-10-14 15:48:26]	通过 p->event
[2015-10-14 15:48:26]	抵达 v->event
[2015-10-14 15:48:26]	到达 v->event
[2015-10-14 15:48:26]	至 d->event
[2015-10-14 15:48:26]	赶到 v->event
[2015-10-14 15:48:26]	停留 vi->event
[2015-10-14 15:48:26]	停靠 v->event
[2015-10-14 15:48:26]	访问 v->event
[2015-10-14 15:48:27]	到访 v->event
[2015-10-14 15:48:27]	返回 v->event
[2015-10-14 15:48:27]	回到 v->event
[2015-10-14 15:48:27]	前往 v->event
[2015-10-14 15:48:27]	开赴 v->event
[2015-10-14 15:48:27]	驶向 v->event
[2015-10-14 15:48:27]	靠近 v->event
[2015-10-14 15:48:27]	在 d->event
[2015-10-14 15:48:27]	出现 v->event
[2015-10-14 15:48:28]	出发 vi->event
[2015-10-14 15:48:28]	起航 vi->event
[2015-10-14 15:48:28]	出港 vi->event
[2015-10-14 15:48:28]	离开 v->event
[2015-10-14 15:48:28]	撤出 v->event
[2015-10-14 15:48:28]	途径 n->event
[2015-10-14 15:48:28]	驶过 v->event
[2015-10-14 15:48:28]	通过 p->event
[2015-10-14 15:48:28]	抵达 v->event
[2015-10-14 15:48:28]	到达 v->event
[2015-10-14 15:48:28]	至 d->event
[2015-10-14 15:48:28]	赶到 v->event
[2015-10-14 15:48:28]	停留 vi->event
[2015-10-14 15:48:28]	停靠 v->event
[2015-10-14 15:48:28]	访问 v->event
[2015-10-14 15:48:28]	到访 v->event
[2015-10-14 15:48:28]	返回 v->event
[2015-10-14 15:48:28]	回到 v->event
[2015-10-14 15:48:28]	前往 v->event
[2015-10-14 15:48:28]	开赴 v->event
[2015-10-14 15:48:28]	驶向 v->event
[2015-10-14 15:48:28]	靠近 v->event
[2015-10-14 15:48:28]	在 d->event
[2015-10-14 15:48:28]	出现 v->event
[2015-10-14 15:49:27]	出发 vi->event
[2015-10-14 15:49:27]	起航 vi->event
[2015-10-14 15:49:27]	出港 vi->event
[2015-10-14 15:49:27]	离开 v->event
[2015-10-14 15:49:27]	撤出 v->event
[2015-10-14 15:49:27]	途径 n->event
[2015-10-14 15:49:27]	驶过 v->event
[2015-10-14 15:49:27]	通过 p->event
[2015-10-14 15:49:27]	抵达 v->event
[2015-10-14 15:49:27]	到达 v->event
[2015-10-14 15:49:27]	至 d->event
[2015-10-14 15:49:27]	赶到 v->event
[2015-10-14 15:49:27]	停留 vi->event
[2015-10-14 15:49:27]	停靠 v->event
[2015-10-14 15:49:27]	访问 v->event
[2015-10-14 15:49:27]	到访 v->event
[2015-10-14 15:49:27]	返回 v->event
[2015-10-14 15:49:27]	回到 v->event
[2015-10-14 15:49:27]	前往 v->event
[2015-10-14 15:49:27]	开赴 v->event
[2015-10-14 15:49:27]	驶向 v->event
[2015-10-14 15:49:27]	靠近 v->event
[2015-10-14 15:49:27]	在 d->event
[2015-10-14 15:49:27]	出现 v->event
[2015-10-14 15:49:28]	出发 vi->event
[2015-10-14 15:49:28]	起航 vi->event
[2015-10-14 15:49:28]	出港 vi->event
[2015-10-14 15:49:28]	离开 v->event
[2015-10-14 15:49:28]	撤出 v->event
[2015-10-14 15:49:28]	途径 n->event
[2015-10-14 15:49:28]	驶过 v->event
[2015-10-14 15:49:28]	通过 p->event
[2015-10-14 15:49:28]	抵达 v->event
[2015-10-14 15:49:28]	到达 v->event
[2015-10-14 15:49:28]	至 d->event
[2015-10-14 15:49:28]	赶到 v->event
[2015-10-14 15:49:28]	停留 vi->event
[2015-10-14 15:49:28]	停靠 v->event
[2015-10-14 15:49:28]	访问 v->event
[2015-10-14 15:49:28]	到访 v->event
[2015-10-14 15:49:28]	返回 v->event
[2015-10-14 15:49:28]	回到 v->event
[2015-10-14 15:49:28]	前往 v->event
[2015-10-14 15:49:28]	开赴 v->event
[2015-10-14 15:49:28]	驶向 v->event
[2015-10-14 15:49:28]	靠近 v->event
[2015-10-14 15:49:28]	在 d->event
[2015-10-14 15:49:28]	出现 v->event
[2015-10-14 15:49:36]	出发 vi->event
[2015-10-14 15:49:36]	起航 vi->event
[2015-10-14 15:49:36]	出港 vi->event
[2015-10-14 15:49:36]	离开 v->event
[2015-10-14 15:49:36]	撤出 v->event
[2015-10-14 15:49:36]	途径 n->event
[2015-10-14 15:49:36]	驶过 v->event
[2015-10-14 15:49:36]	通过 p->event
[2015-10-14 15:49:36]	抵达 v->event
[2015-10-14 15:49:36]	到达 v->event
[2015-10-14 15:49:36]	至 d->event
[2015-10-14 15:49:36]	赶到 v->event
[2015-10-14 15:49:36]	停留 vi->event
[2015-10-14 15:49:36]	停靠 v->event
[2015-10-14 15:49:36]	访问 v->event
[2015-10-14 15:49:36]	到访 v->event
[2015-10-14 15:49:36]	返回 v->event
[2015-10-14 15:49:36]	回到 v->event
[2015-10-14 15:49:36]	前往 v->event
[2015-10-14 15:49:36]	开赴 v->event
[2015-10-14 15:49:36]	驶向 v->event
[2015-10-14 15:49:36]	靠近 v->event
[2015-10-14 15:49:36]	在 d->event
[2015-10-14 15:49:36]	出现 v->event
[2015-10-14 15:49:37]	出发 vi->event
[2015-10-14 15:49:37]	起航 vi->event
[2015-10-14 15:49:37]	出港 vi->event
[2015-10-14 15:49:37]	离开 v->event
[2015-10-14 15:49:37]	撤出 v->event
[2015-10-14 15:49:37]	途径 n->event
[2015-10-14 15:49:37]	驶过 v->event
[2015-10-14 15:49:37]	通过 p->event
[2015-10-14 15:49:37]	抵达 v->event
[2015-10-14 15:49:37]	到达 v->event
[2015-10-14 15:49:37]	至 d->event
[2015-10-14 15:49:37]	赶到 v->event
[2015-10-14 15:49:37]	停留 vi->event
[2015-10-14 15:49:37]	停靠 v->event
[2015-10-14 15:49:37]	访问 v->event
[2015-10-14 15:49:37]	到访 v->event
[2015-10-14 15:49:37]	返回 v->event
[2015-10-14 15:49:37]	回到 v->event
[2015-10-14 15:49:37]	前往 v->event
[2015-10-14 15:49:37]	开赴 v->event
[2015-10-14 15:49:37]	驶向 v->event
[2015-10-14 15:49:37]	靠近 v->event
[2015-10-14 15:49:37]	在 d->event
[2015-10-14 15:49:37]	出现 v->event
[2015-10-14 15:50:11]	出发 vi->event
[2015-10-14 15:50:11]	起航 vi->event
[2015-10-14 15:50:11]	出港 vi->event
[2015-10-14 15:50:11]	离开 v->event
[2015-10-14 15:50:11]	撤出 v->event
[2015-10-14 15:50:11]	途径 n->event
[2015-10-14 15:50:11]	驶过 v->event
[2015-10-14 15:50:11]	通过 p->event
[2015-10-14 15:50:11]	抵达 v->event
[2015-10-14 15:50:11]	到达 v->event
[2015-10-14 15:50:11]	至 d->event
[2015-10-14 15:50:11]	赶到 v->event
[2015-10-14 15:50:11]	停留 vi->event
[2015-10-14 15:50:11]	停靠 v->event
[2015-10-14 15:50:11]	访问 v->event
[2015-10-14 15:50:11]	到访 v->event
[2015-10-14 15:50:11]	返回 v->event
[2015-10-14 15:50:11]	回到 v->event
[2015-10-14 15:50:11]	前往 v->event
[2015-10-14 15:50:11]	开赴 v->event
[2015-10-14 15:50:11]	驶向 v->event
[2015-10-14 15:50:11]	靠近 v->event
[2015-10-14 15:50:11]	在 d->event
[2015-10-14 15:50:11]	出现 v->event
[2015-10-14 15:50:11]	出发 vi->event
[2015-10-14 15:50:11]	起航 vi->event
[2015-10-14 15:50:11]	出港 vi->event
[2015-10-14 15:50:11]	离开 v->event
[2015-10-14 15:50:11]	撤出 v->event
[2015-10-14 15:50:11]	途径 n->event
[2015-10-14 15:50:11]	驶过 v->event
[2015-10-14 15:50:11]	通过 p->event
[2015-10-14 15:50:11]	抵达 v->event
[2015-10-14 15:50:11]	到达 v->event
[2015-10-14 15:50:11]	至 d->event
[2015-10-14 15:50:11]	赶到 v->event
[2015-10-14 15:50:11]	停留 vi->event
[2015-10-14 15:50:11]	停靠 v->event
[2015-10-14 15:50:11]	访问 v->event
[2015-10-14 15:50:11]	到访 v->event
[2015-10-14 15:50:11]	返回 v->event
[2015-10-14 15:50:11]	回到 v->event
[2015-10-14 15:50:11]	前往 v->event
[2015-10-14 15:50:11]	开赴 v->event
[2015-10-14 15:50:11]	驶向 v->event
[2015-10-14 15:50:11]	靠近 v->event
[2015-10-14 15:50:11]	在 d->event
[2015-10-14 15:50:11]	出现 v->event
[2015-10-14 15:50:19]	出发 vi->event
[2015-10-14 15:50:19]	起航 vi->event
[2015-10-14 15:50:19]	出港 vi->event
[2015-10-14 15:50:19]	离开 v->event
[2015-10-14 15:50:19]	撤出 v->event
[2015-10-14 15:50:19]	途径 n->event
[2015-10-14 15:50:19]	驶过 v->event
[2015-10-14 15:50:19]	通过 p->event
[2015-10-14 15:50:19]	抵达 v->event
[2015-10-14 15:50:19]	到达 v->event
[2015-10-14 15:50:19]	至 d->event
[2015-10-14 15:50:19]	赶到 v->event
[2015-10-14 15:50:19]	停留 vi->event
[2015-10-14 15:50:19]	停靠 v->event
[2015-10-14 15:50:19]	访问 v->event
[2015-10-14 15:50:19]	到访 v->event
[2015-10-14 15:50:19]	返回 v->event
[2015-10-14 15:50:19]	回到 v->event
[2015-10-14 15:50:19]	前往 v->event
[2015-10-14 15:50:19]	开赴 v->event
[2015-10-14 15:50:19]	驶向 v->event
[2015-10-14 15:50:19]	靠近 v->event
[2015-10-14 15:50:19]	在 d->event
[2015-10-14 15:50:19]	出现 v->event
[2015-10-14 15:50:19]	出发 vi->event
[2015-10-14 15:50:19]	起航 vi->event
[2015-10-14 15:50:19]	出港 vi->event
[2015-10-14 15:50:19]	离开 v->event
[2015-10-14 15:50:19]	撤出 v->event
[2015-10-14 15:50:19]	途径 n->event
[2015-10-14 15:50:19]	驶过 v->event
[2015-10-14 15:50:19]	通过 p->event
[2015-10-14 15:50:19]	抵达 v->event
[2015-10-14 15:50:19]	到达 v->event
[2015-10-14 15:50:19]	至 d->event
[2015-10-14 15:50:19]	赶到 v->event
[2015-10-14 15:50:19]	停留 vi->event
[2015-10-14 15:50:19]	停靠 v->event
[2015-10-14 15:50:19]	访问 v->event
[2015-10-14 15:50:19]	到访 v->event
[2015-10-14 15:50:19]	返回 v->event
[2015-10-14 15:50:19]	回到 v->event
[2015-10-14 15:50:19]	前往 v->event
[2015-10-14 15:50:19]	开赴 v->event
[2015-10-14 15:50:19]	驶向 v->event
[2015-10-14 15:50:19]	靠近 v->event
[2015-10-14 15:50:19]	在 d->event
[2015-10-14 15:50:19]	出现 v->event
[2015-10-14 15:51:02]	出发 vi->event
[2015-10-14 15:51:02]	起航 vi->event
[2015-10-14 15:51:02]	出港 vi->event
[2015-10-14 15:51:02]	离开 v->event
[2015-10-14 15:51:02]	撤出 v->event
[2015-10-14 15:51:02]	途径 n->event
[2015-10-14 15:51:02]	驶过 v->event
[2015-10-14 15:51:02]	通过 p->event
[2015-10-14 15:51:02]	抵达 v->event
[2015-10-14 15:51:02]	到达 v->event
[2015-10-14 15:51:02]	至 d->event
[2015-10-14 15:51:02]	赶到 v->event
[2015-10-14 15:51:02]	停留 vi->event
[2015-10-14 15:51:02]	停靠 v->event
[2015-10-14 15:51:02]	访问 v->event
[2015-10-14 15:51:02]	到访 v->event
[2015-10-14 15:51:02]	返回 v->event
[2015-10-14 15:51:02]	回到 v->event
[2015-10-14 15:51:02]	前往 v->event
[2015-10-14 15:51:02]	开赴 v->event
[2015-10-14 15:51:02]	驶向 v->event
[2015-10-14 15:51:02]	靠近 v->event
[2015-10-14 15:51:02]	在 d->event
[2015-10-14 15:51:02]	出现 v->event
[2015-10-14 15:51:02]	出发 vi->event
[2015-10-14 15:51:02]	起航 vi->event
[2015-10-14 15:51:02]	出港 vi->event
[2015-10-14 15:51:02]	离开 v->event
[2015-10-14 15:51:02]	撤出 v->event
[2015-10-14 15:51:02]	途径 n->event
[2015-10-14 15:51:02]	驶过 v->event
[2015-10-14 15:51:02]	通过 p->event
[2015-10-14 15:51:02]	抵达 v->event
[2015-10-14 15:51:02]	到达 v->event
[2015-10-14 15:51:02]	至 d->event
[2015-10-14 15:51:02]	赶到 v->event
[2015-10-14 15:51:02]	停留 vi->event
[2015-10-14 15:51:02]	停靠 v->event
[2015-10-14 15:51:02]	访问 v->event
[2015-10-14 15:51:02]	到访 v->event
[2015-10-14 15:51:02]	返回 v->event
[2015-10-14 15:51:02]	回到 v->event
[2015-10-14 15:51:02]	前往 v->event
[2015-10-14 15:51:02]	开赴 v->event
[2015-10-14 15:51:02]	驶向 v->event
[2015-10-14 15:51:02]	靠近 v->event
[2015-10-14 15:51:02]	在 d->event
[2015-10-14 15:51:02]	出现 v->event
