[2015-10-18 14:59:10]	出发 vi->event
[2015-10-18 14:59:10]	起航 vi->event
[2015-10-18 14:59:10]	出港 vi->event
[2015-10-18 14:59:10]	离开 v->event
[2015-10-18 14:59:10]	撤出 v->event
[2015-10-18 14:59:10]	途径 n->event
[2015-10-18 14:59:10]	驶过 v->event
[2015-10-18 14:59:10]	通过 p->event
[2015-10-18 14:59:10]	抵达 v->event
[2015-10-18 14:59:10]	到达 v->event
[2015-10-18 14:59:10]	至 d->event
[2015-10-18 14:59:10]	赶到 v->event
[2015-10-18 14:59:10]	停留 vi->event
[2015-10-18 14:59:10]	停靠 v->event
[2015-10-18 14:59:10]	访问 v->event
[2015-10-18 14:59:10]	到访 v->event
[2015-10-18 14:59:10]	返回 v->event
[2015-10-18 14:59:10]	回到 v->event
[2015-10-18 14:59:10]	前往 v->event
[2015-10-18 14:59:10]	开赴 v->event
[2015-10-18 14:59:10]	驶向 v->event
[2015-10-18 14:59:10]	靠近 v->event
[2015-10-18 14:59:10]	在 d->event
[2015-10-18 14:59:10]	出现 v->event
[2015-10-18 14:59:10]	出发 vi->event
[2015-10-18 14:59:10]	起航 vi->event
[2015-10-18 14:59:10]	出港 vi->event
[2015-10-18 14:59:10]	离开 v->event
[2015-10-18 14:59:10]	撤出 v->event
[2015-10-18 14:59:10]	途径 n->event
[2015-10-18 14:59:10]	驶过 v->event
[2015-10-18 14:59:10]	通过 p->event
[2015-10-18 14:59:10]	抵达 v->event
[2015-10-18 14:59:10]	到达 v->event
[2015-10-18 14:59:10]	至 d->event
[2015-10-18 14:59:10]	赶到 v->event
[2015-10-18 14:59:10]	停留 vi->event
[2015-10-18 14:59:10]	停靠 v->event
[2015-10-18 14:59:10]	访问 v->event
[2015-10-18 14:59:10]	到访 v->event
[2015-10-18 14:59:10]	返回 v->event
[2015-10-18 14:59:10]	回到 v->event
[2015-10-18 14:59:10]	前往 v->event
[2015-10-18 14:59:10]	开赴 v->event
[2015-10-18 14:59:10]	驶向 v->event
[2015-10-18 14:59:10]	靠近 v->event
[2015-10-18 14:59:10]	在 d->event
[2015-10-18 14:59:10]	出现 v->event
[2015-10-18 14:59:53]	出发 vi->event
[2015-10-18 14:59:53]	起航 vi->event
[2015-10-18 14:59:53]	出港 vi->event
[2015-10-18 14:59:53]	离开 v->event
[2015-10-18 14:59:53]	撤出 v->event
[2015-10-18 14:59:53]	途径 n->event
[2015-10-18 14:59:53]	驶过 v->event
[2015-10-18 14:59:53]	通过 p->event
[2015-10-18 14:59:53]	抵达 v->event
[2015-10-18 14:59:53]	到达 v->event
[2015-10-18 14:59:53]	至 d->event
[2015-10-18 14:59:53]	赶到 v->event
[2015-10-18 14:59:53]	停留 vi->event
[2015-10-18 14:59:53]	停靠 v->event
[2015-10-18 14:59:53]	访问 v->event
[2015-10-18 14:59:53]	到访 v->event
[2015-10-18 14:59:53]	返回 v->event
[2015-10-18 14:59:53]	回到 v->event
[2015-10-18 14:59:53]	前往 v->event
[2015-10-18 14:59:53]	开赴 v->event
[2015-10-18 14:59:53]	驶向 v->event
[2015-10-18 14:59:53]	靠近 v->event
[2015-10-18 14:59:53]	在 d->event
[2015-10-18 14:59:53]	出现 v->event
[2015-10-18 14:59:53]	出发 vi->event
[2015-10-18 14:59:53]	起航 vi->event
[2015-10-18 14:59:53]	出港 vi->event
[2015-10-18 14:59:53]	离开 v->event
[2015-10-18 14:59:53]	撤出 v->event
[2015-10-18 14:59:53]	途径 n->event
[2015-10-18 14:59:53]	驶过 v->event
[2015-10-18 14:59:53]	通过 p->event
[2015-10-18 14:59:53]	抵达 v->event
[2015-10-18 14:59:53]	到达 v->event
[2015-10-18 14:59:53]	至 d->event
[2015-10-18 14:59:53]	赶到 v->event
[2015-10-18 14:59:53]	停留 vi->event
[2015-10-18 14:59:53]	停靠 v->event
[2015-10-18 14:59:53]	访问 v->event
[2015-10-18 14:59:53]	到访 v->event
[2015-10-18 14:59:53]	返回 v->event
[2015-10-18 14:59:53]	回到 v->event
[2015-10-18 14:59:53]	前往 v->event
[2015-10-18 14:59:53]	开赴 v->event
[2015-10-18 14:59:53]	驶向 v->event
[2015-10-18 14:59:53]	靠近 v->event
[2015-10-18 14:59:53]	在 d->event
[2015-10-18 14:59:53]	出现 v->event
[2015-10-18 15:17:13]	出发 vi->event
[2015-10-18 15:17:13]	起航 vi->event
[2015-10-18 15:17:13]	出港 vi->event
[2015-10-18 15:17:13]	离开 v->event
[2015-10-18 15:17:13]	撤出 v->event
[2015-10-18 15:17:13]	途径 n->event
[2015-10-18 15:17:13]	驶过 v->event
[2015-10-18 15:17:13]	通过 p->event
[2015-10-18 15:17:13]	抵达 v->event
[2015-10-18 15:17:13]	到达 v->event
[2015-10-18 15:17:13]	至 d->event
[2015-10-18 15:17:13]	赶到 v->event
[2015-10-18 15:17:13]	停留 vi->event
[2015-10-18 15:17:13]	停靠 v->event
[2015-10-18 15:17:13]	访问 v->event
[2015-10-18 15:17:13]	到访 v->event
[2015-10-18 15:17:13]	返回 v->event
[2015-10-18 15:17:13]	回到 v->event
[2015-10-18 15:17:13]	前往 v->event
[2015-10-18 15:17:13]	开赴 v->event
[2015-10-18 15:17:13]	驶向 v->event
[2015-10-18 15:17:13]	靠近 v->event
[2015-10-18 15:17:13]	在 d->event
[2015-10-18 15:17:13]	出现 v->event
[2015-10-18 15:17:15]	出发 vi->event
[2015-10-18 15:17:15]	起航 vi->event
[2015-10-18 15:17:15]	出港 vi->event
[2015-10-18 15:17:15]	离开 v->event
[2015-10-18 15:17:15]	撤出 v->event
[2015-10-18 15:17:15]	途径 n->event
[2015-10-18 15:17:15]	驶过 v->event
[2015-10-18 15:17:15]	通过 p->event
[2015-10-18 15:17:15]	抵达 v->event
[2015-10-18 15:17:15]	到达 v->event
[2015-10-18 15:17:15]	至 d->event
[2015-10-18 15:17:15]	赶到 v->event
[2015-10-18 15:17:15]	停留 vi->event
[2015-10-18 15:17:15]	停靠 v->event
[2015-10-18 15:17:15]	访问 v->event
[2015-10-18 15:17:15]	到访 v->event
[2015-10-18 15:17:15]	返回 v->event
[2015-10-18 15:17:15]	回到 v->event
[2015-10-18 15:17:15]	前往 v->event
[2015-10-18 15:17:15]	开赴 v->event
[2015-10-18 15:17:15]	驶向 v->event
[2015-10-18 15:17:15]	靠近 v->event
[2015-10-18 15:17:15]	在 d->event
[2015-10-18 15:17:15]	出现 v->event
[2015-10-18 15:20:26]	出发 vi->event
[2015-10-18 15:20:26]	起航 vi->event
[2015-10-18 15:20:26]	出港 vi->event
[2015-10-18 15:20:26]	离开 v->event
[2015-10-18 15:20:26]	撤出 v->event
[2015-10-18 15:20:26]	途径 n->event
[2015-10-18 15:20:26]	驶过 v->event
[2015-10-18 15:20:26]	通过 p->event
[2015-10-18 15:20:26]	抵达 v->event
[2015-10-18 15:20:26]	到达 v->event
[2015-10-18 15:20:26]	至 d->event
[2015-10-18 15:20:26]	赶到 v->event
[2015-10-18 15:20:26]	停留 vi->event
[2015-10-18 15:20:26]	停靠 v->event
[2015-10-18 15:20:26]	访问 v->event
[2015-10-18 15:20:26]	到访 v->event
[2015-10-18 15:20:26]	返回 v->event
[2015-10-18 15:20:26]	回到 v->event
[2015-10-18 15:20:26]	前往 v->event
[2015-10-18 15:20:26]	开赴 v->event
[2015-10-18 15:20:26]	驶向 v->event
[2015-10-18 15:20:26]	靠近 v->event
[2015-10-18 15:20:26]	在 d->event
[2015-10-18 15:20:26]	出现 v->event
[2015-10-18 15:20:27]	出发 vi->event
[2015-10-18 15:20:27]	起航 vi->event
[2015-10-18 15:20:27]	出港 vi->event
[2015-10-18 15:20:27]	离开 v->event
[2015-10-18 15:20:27]	撤出 v->event
[2015-10-18 15:20:27]	途径 n->event
[2015-10-18 15:20:27]	驶过 v->event
[2015-10-18 15:20:27]	通过 p->event
[2015-10-18 15:20:27]	抵达 v->event
[2015-10-18 15:20:27]	到达 v->event
[2015-10-18 15:20:27]	至 d->event
[2015-10-18 15:20:27]	赶到 v->event
[2015-10-18 15:20:27]	停留 vi->event
[2015-10-18 15:20:27]	停靠 v->event
[2015-10-18 15:20:27]	访问 v->event
[2015-10-18 15:20:27]	到访 v->event
[2015-10-18 15:20:27]	返回 v->event
[2015-10-18 15:20:27]	回到 v->event
[2015-10-18 15:20:27]	前往 v->event
[2015-10-18 15:20:27]	开赴 v->event
[2015-10-18 15:20:27]	驶向 v->event
[2015-10-18 15:20:27]	靠近 v->event
[2015-10-18 15:20:27]	在 d->event
[2015-10-18 15:20:27]	出现 v->event
[2015-10-18 23:44:56]	出发 vi->event
[2015-10-18 23:44:56]	起航 vi->event
[2015-10-18 23:44:56]	出港 vi->event
[2015-10-18 23:44:56]	离开 v->event
[2015-10-18 23:44:56]	撤出 v->event
[2015-10-18 23:44:56]	途径 n->event
[2015-10-18 23:44:56]	驶过 v->event
[2015-10-18 23:44:56]	通过 p->event
[2015-10-18 23:44:56]	抵达 v->event
[2015-10-18 23:44:56]	到达 v->event
[2015-10-18 23:44:56]	至 d->event
[2015-10-18 23:44:56]	赶到 v->event
[2015-10-18 23:44:56]	停留 vi->event
[2015-10-18 23:44:56]	停靠 v->event
[2015-10-18 23:44:56]	访问 v->event
[2015-10-18 23:44:56]	到访 v->event
[2015-10-18 23:44:56]	返回 v->event
[2015-10-18 23:44:56]	回到 v->event
[2015-10-18 23:44:56]	前往 v->event
[2015-10-18 23:44:56]	开赴 v->event
[2015-10-18 23:44:56]	驶向 v->event
[2015-10-18 23:44:56]	靠近 v->event
[2015-10-18 23:44:56]	在 d->event
[2015-10-18 23:44:56]	出现 v->event
[2015-10-18 23:44:58]	出发 vi->event
[2015-10-18 23:44:58]	起航 vi->event
[2015-10-18 23:44:58]	出港 vi->event
[2015-10-18 23:44:58]	离开 v->event
[2015-10-18 23:44:58]	撤出 v->event
[2015-10-18 23:44:58]	途径 n->event
[2015-10-18 23:44:58]	驶过 v->event
[2015-10-18 23:44:58]	通过 p->event
[2015-10-18 23:44:58]	抵达 v->event
[2015-10-18 23:44:58]	到达 v->event
[2015-10-18 23:44:58]	至 d->event
[2015-10-18 23:44:58]	赶到 v->event
[2015-10-18 23:44:58]	停留 vi->event
[2015-10-18 23:44:58]	停靠 v->event
[2015-10-18 23:44:58]	访问 v->event
[2015-10-18 23:44:58]	到访 v->event
[2015-10-18 23:44:58]	返回 v->event
[2015-10-18 23:44:58]	回到 v->event
[2015-10-18 23:44:58]	前往 v->event
[2015-10-18 23:44:58]	开赴 v->event
[2015-10-18 23:44:58]	驶向 v->event
[2015-10-18 23:44:58]	靠近 v->event
[2015-10-18 23:44:58]	在 d->event
[2015-10-18 23:44:58]	出现 v->event
[2015-10-18 23:47:12]	出发 vi->event
[2015-10-18 23:47:12]	起航 vi->event
[2015-10-18 23:47:12]	出港 vi->event
[2015-10-18 23:47:12]	离开 v->event
[2015-10-18 23:47:12]	撤出 v->event
[2015-10-18 23:47:12]	途径 n->event
[2015-10-18 23:47:12]	驶过 v->event
[2015-10-18 23:47:12]	通过 p->event
[2015-10-18 23:47:12]	抵达 v->event
[2015-10-18 23:47:12]	到达 v->event
[2015-10-18 23:47:12]	至 d->event
[2015-10-18 23:47:12]	赶到 v->event
[2015-10-18 23:47:12]	停留 vi->event
[2015-10-18 23:47:12]	停靠 v->event
[2015-10-18 23:47:12]	访问 v->event
[2015-10-18 23:47:12]	到访 v->event
[2015-10-18 23:47:12]	返回 v->event
[2015-10-18 23:47:12]	回到 v->event
[2015-10-18 23:47:12]	前往 v->event
[2015-10-18 23:47:12]	开赴 v->event
[2015-10-18 23:47:12]	驶向 v->event
[2015-10-18 23:47:12]	靠近 v->event
[2015-10-18 23:47:12]	在 d->event
[2015-10-18 23:47:12]	出现 v->event
[2015-10-18 23:47:13]	出发 vi->event
[2015-10-18 23:47:13]	起航 vi->event
[2015-10-18 23:47:13]	出港 vi->event
[2015-10-18 23:47:13]	离开 v->event
[2015-10-18 23:47:13]	撤出 v->event
[2015-10-18 23:47:13]	途径 n->event
[2015-10-18 23:47:13]	驶过 v->event
[2015-10-18 23:47:13]	通过 p->event
[2015-10-18 23:47:13]	抵达 v->event
[2015-10-18 23:47:13]	到达 v->event
[2015-10-18 23:47:13]	至 d->event
[2015-10-18 23:47:13]	赶到 v->event
[2015-10-18 23:47:13]	停留 vi->event
[2015-10-18 23:47:13]	停靠 v->event
[2015-10-18 23:47:13]	访问 v->event
[2015-10-18 23:47:13]	到访 v->event
[2015-10-18 23:47:13]	返回 v->event
[2015-10-18 23:47:13]	回到 v->event
[2015-10-18 23:47:13]	前往 v->event
[2015-10-18 23:47:13]	开赴 v->event
[2015-10-18 23:47:13]	驶向 v->event
[2015-10-18 23:47:13]	靠近 v->event
[2015-10-18 23:47:13]	在 d->event
[2015-10-18 23:47:13]	出现 v->event
[2015-10-18 23:47:54]	出发 vi->event
[2015-10-18 23:47:54]	起航 vi->event
[2015-10-18 23:47:54]	出港 vi->event
[2015-10-18 23:47:54]	离开 v->event
[2015-10-18 23:47:54]	撤出 v->event
[2015-10-18 23:47:54]	途径 n->event
[2015-10-18 23:47:54]	驶过 v->event
[2015-10-18 23:47:54]	通过 p->event
[2015-10-18 23:47:54]	抵达 v->event
[2015-10-18 23:47:54]	到达 v->event
[2015-10-18 23:47:54]	至 d->event
[2015-10-18 23:47:54]	赶到 v->event
[2015-10-18 23:47:54]	停留 vi->event
[2015-10-18 23:47:54]	停靠 v->event
[2015-10-18 23:47:54]	访问 v->event
[2015-10-18 23:47:54]	到访 v->event
[2015-10-18 23:47:54]	返回 v->event
[2015-10-18 23:47:54]	回到 v->event
[2015-10-18 23:47:54]	前往 v->event
[2015-10-18 23:47:54]	开赴 v->event
[2015-10-18 23:47:54]	驶向 v->event
[2015-10-18 23:47:54]	靠近 v->event
[2015-10-18 23:47:54]	在 d->event
[2015-10-18 23:47:54]	出现 v->event
[2015-10-18 23:48:55]	出发 vi->event
[2015-10-18 23:48:55]	起航 vi->event
[2015-10-18 23:48:55]	出港 vi->event
[2015-10-18 23:48:55]	离开 v->event
[2015-10-18 23:48:55]	撤出 v->event
[2015-10-18 23:48:55]	途径 n->event
[2015-10-18 23:48:55]	驶过 v->event
[2015-10-18 23:48:55]	通过 p->event
[2015-10-18 23:48:55]	抵达 v->event
[2015-10-18 23:48:55]	到达 v->event
[2015-10-18 23:48:55]	至 d->event
[2015-10-18 23:48:55]	赶到 v->event
[2015-10-18 23:48:55]	停留 vi->event
[2015-10-18 23:48:55]	停靠 v->event
[2015-10-18 23:48:55]	访问 v->event
[2015-10-18 23:48:55]	到访 v->event
[2015-10-18 23:48:55]	返回 v->event
[2015-10-18 23:48:55]	回到 v->event
[2015-10-18 23:48:55]	前往 v->event
[2015-10-18 23:48:55]	开赴 v->event
[2015-10-18 23:48:55]	驶向 v->event
[2015-10-18 23:48:55]	靠近 v->event
[2015-10-18 23:48:55]	在 d->event
[2015-10-18 23:48:55]	出现 v->event
[2015-10-18 23:50:38]	出发 vi->event
[2015-10-18 23:50:38]	起航 vi->event
[2015-10-18 23:50:38]	出港 vi->event
[2015-10-18 23:50:38]	离开 v->event
[2015-10-18 23:50:38]	撤出 v->event
[2015-10-18 23:50:38]	途径 n->event
[2015-10-18 23:50:38]	驶过 v->event
[2015-10-18 23:50:38]	通过 p->event
[2015-10-18 23:50:38]	抵达 v->event
[2015-10-18 23:50:38]	到达 v->event
[2015-10-18 23:50:38]	至 d->event
[2015-10-18 23:50:38]	赶到 v->event
[2015-10-18 23:50:38]	停留 vi->event
[2015-10-18 23:50:38]	停靠 v->event
[2015-10-18 23:50:38]	访问 v->event
[2015-10-18 23:50:38]	到访 v->event
[2015-10-18 23:50:38]	返回 v->event
[2015-10-18 23:50:38]	回到 v->event
[2015-10-18 23:50:38]	前往 v->event
[2015-10-18 23:50:38]	开赴 v->event
[2015-10-18 23:50:38]	驶向 v->event
[2015-10-18 23:50:38]	靠近 v->event
[2015-10-18 23:50:38]	在 d->event
[2015-10-18 23:50:38]	出现 v->event
[2015-10-18 23:51:05]	出发 vi->event
[2015-10-18 23:51:05]	起航 vi->event
[2015-10-18 23:51:05]	出港 vi->event
[2015-10-18 23:51:05]	离开 v->event
[2015-10-18 23:51:05]	撤出 v->event
[2015-10-18 23:51:05]	途径 n->event
[2015-10-18 23:51:05]	驶过 v->event
[2015-10-18 23:51:05]	通过 p->event
[2015-10-18 23:51:05]	抵达 v->event
[2015-10-18 23:51:05]	到达 v->event
[2015-10-18 23:51:05]	至 d->event
[2015-10-18 23:51:05]	赶到 v->event
[2015-10-18 23:51:05]	停留 vi->event
[2015-10-18 23:51:05]	停靠 v->event
[2015-10-18 23:51:05]	访问 v->event
[2015-10-18 23:51:05]	到访 v->event
[2015-10-18 23:51:05]	返回 v->event
[2015-10-18 23:51:05]	回到 v->event
[2015-10-18 23:51:05]	前往 v->event
[2015-10-18 23:51:05]	开赴 v->event
[2015-10-18 23:51:05]	驶向 v->event
[2015-10-18 23:51:05]	靠近 v->event
[2015-10-18 23:51:05]	在 d->event
[2015-10-18 23:51:05]	出现 v->event
[2015-10-18 23:53:14]	出发 vi->event
[2015-10-18 23:53:14]	起航 vi->event
[2015-10-18 23:53:14]	出港 vi->event
[2015-10-18 23:53:14]	离开 v->event
[2015-10-18 23:53:14]	撤出 v->event
[2015-10-18 23:53:14]	途径 n->event
[2015-10-18 23:53:14]	驶过 v->event
[2015-10-18 23:53:14]	通过 p->event
[2015-10-18 23:53:14]	抵达 v->event
[2015-10-18 23:53:14]	到达 v->event
[2015-10-18 23:53:14]	至 d->event
[2015-10-18 23:53:14]	赶到 v->event
[2015-10-18 23:53:14]	停留 vi->event
[2015-10-18 23:53:14]	停靠 v->event
[2015-10-18 23:53:14]	访问 v->event
[2015-10-18 23:53:14]	到访 v->event
[2015-10-18 23:53:14]	返回 v->event
[2015-10-18 23:53:14]	回到 v->event
[2015-10-18 23:53:14]	前往 v->event
[2015-10-18 23:53:14]	开赴 v->event
[2015-10-18 23:53:14]	驶向 v->event
[2015-10-18 23:53:14]	靠近 v->event
[2015-10-18 23:53:14]	在 d->event
[2015-10-18 23:53:14]	出现 v->event
[2015-10-18 23:53:18]	出发 vi->event
[2015-10-18 23:53:18]	起航 vi->event
[2015-10-18 23:53:18]	出港 vi->event
[2015-10-18 23:53:18]	离开 v->event
[2015-10-18 23:53:18]	撤出 v->event
[2015-10-18 23:53:18]	途径 n->event
[2015-10-18 23:53:18]	驶过 v->event
[2015-10-18 23:53:18]	通过 p->event
[2015-10-18 23:53:18]	抵达 v->event
[2015-10-18 23:53:18]	到达 v->event
[2015-10-18 23:53:18]	至 d->event
[2015-10-18 23:53:18]	赶到 v->event
[2015-10-18 23:53:18]	停留 vi->event
[2015-10-18 23:53:18]	停靠 v->event
[2015-10-18 23:53:18]	访问 v->event
[2015-10-18 23:53:18]	到访 v->event
[2015-10-18 23:53:18]	返回 v->event
[2015-10-18 23:53:18]	回到 v->event
[2015-10-18 23:53:18]	前往 v->event
[2015-10-18 23:53:18]	开赴 v->event
[2015-10-18 23:53:18]	驶向 v->event
[2015-10-18 23:53:18]	靠近 v->event
[2015-10-18 23:53:18]	在 d->event
[2015-10-18 23:53:18]	出现 v->event
