[2015-12-01 21:14:27]	出发 vi->event
[2015-12-01 21:14:27]	起航 vi->event
[2015-12-01 21:14:27]	出港 vi->event
[2015-12-01 21:14:27]	离开 v->event
[2015-12-01 21:14:27]	撤出 v->event
[2015-12-01 21:14:27]	途径 n->event
[2015-12-01 21:14:27]	驶过 v->event
[2015-12-01 21:14:27]	通过 p->event
[2015-12-01 21:14:27]	抵达 v->event
[2015-12-01 21:14:27]	到达 v->event
[2015-12-01 21:14:27]	至 d->event
[2015-12-01 21:14:27]	赶到 v->event
[2015-12-01 21:14:27]	停留 vi->event
[2015-12-01 21:14:27]	停靠 v->event
[2015-12-01 21:14:27]	访问 v->event
[2015-12-01 21:14:27]	到访 v->event
[2015-12-01 21:14:27]	返回 v->event
[2015-12-01 21:14:27]	回到 v->event
[2015-12-01 21:14:27]	前往 v->event
[2015-12-01 21:14:27]	开赴 v->event
[2015-12-01 21:14:27]	驶向 v->event
[2015-12-01 21:14:27]	靠近 v->event
[2015-12-01 21:14:27]	在 d->event
[2015-12-01 21:14:27]	出现 v->event
[2015-12-01 21:14:27]	前往 v->event
[2015-12-01 21:14:27]	驶离 v->event
[2015-12-01 21:14:27]	驻扎 v->event
[2015-12-01 21:14:27]	驶入 v->event
[2015-12-01 21:14:27]	出发 vi->event
[2015-12-01 21:14:27]	起航 vi->event
[2015-12-01 21:14:27]	出港 vi->event
[2015-12-01 21:14:27]	离开 v->event
[2015-12-01 21:14:27]	撤出 v->event
[2015-12-01 21:14:27]	途径 n->event
[2015-12-01 21:14:27]	驶过 v->event
[2015-12-01 21:14:27]	通过 p->event
[2015-12-01 21:14:27]	抵达 v->event
[2015-12-01 21:14:27]	到达 v->event
[2015-12-01 21:14:27]	至 d->event
[2015-12-01 21:14:27]	赶到 v->event
[2015-12-01 21:14:27]	停留 vi->event
[2015-12-01 21:14:27]	停靠 v->event
[2015-12-01 21:14:27]	访问 v->event
[2015-12-01 21:14:27]	到访 v->event
[2015-12-01 21:14:27]	返回 v->event
[2015-12-01 21:14:27]	回到 v->event
[2015-12-01 21:14:27]	前往 v->event
[2015-12-01 21:14:27]	开赴 v->event
[2015-12-01 21:14:27]	驶向 v->event
[2015-12-01 21:14:27]	靠近 v->event
[2015-12-01 21:14:27]	在 d->event
[2015-12-01 21:14:27]	出现 v->event
[2015-12-01 21:14:27]	前往 v->event
[2015-12-01 21:14:27]	驶离 v->event
[2015-12-01 21:14:27]	驻扎 v->event
[2015-12-01 21:14:27]	驶入 v->event
[2015-12-01 21:14:46]	出发 vi->event
[2015-12-01 21:14:46]	起航 vi->event
[2015-12-01 21:14:46]	出港 vi->event
[2015-12-01 21:14:46]	离开 v->event
[2015-12-01 21:14:46]	撤出 v->event
[2015-12-01 21:14:46]	途径 n->event
[2015-12-01 21:14:46]	驶过 v->event
[2015-12-01 21:14:46]	通过 p->event
[2015-12-01 21:14:46]	抵达 v->event
[2015-12-01 21:14:46]	到达 v->event
[2015-12-01 21:14:46]	至 d->event
[2015-12-01 21:14:46]	赶到 v->event
[2015-12-01 21:14:46]	停留 vi->event
[2015-12-01 21:14:46]	停靠 v->event
[2015-12-01 21:14:46]	访问 v->event
[2015-12-01 21:14:46]	到访 v->event
[2015-12-01 21:14:46]	返回 v->event
[2015-12-01 21:14:46]	回到 v->event
[2015-12-01 21:14:46]	前往 v->event
[2015-12-01 21:14:46]	开赴 v->event
[2015-12-01 21:14:46]	驶向 v->event
[2015-12-01 21:14:46]	靠近 v->event
[2015-12-01 21:14:46]	在 d->event
[2015-12-01 21:14:46]	出现 v->event
[2015-12-01 21:14:46]	前往 v->event
[2015-12-01 21:14:46]	驶离 v->event
[2015-12-01 21:14:46]	驻扎 v->event
[2015-12-01 21:14:46]	驶入 v->event
[2015-12-01 21:14:46]	出发 vi->event
[2015-12-01 21:14:46]	起航 vi->event
[2015-12-01 21:14:46]	出港 vi->event
[2015-12-01 21:14:46]	离开 v->event
[2015-12-01 21:14:46]	撤出 v->event
[2015-12-01 21:14:46]	途径 n->event
[2015-12-01 21:14:46]	驶过 v->event
[2015-12-01 21:14:46]	通过 p->event
[2015-12-01 21:14:46]	抵达 v->event
[2015-12-01 21:14:46]	到达 v->event
[2015-12-01 21:14:46]	至 d->event
[2015-12-01 21:14:46]	赶到 v->event
[2015-12-01 21:14:46]	停留 vi->event
[2015-12-01 21:14:46]	停靠 v->event
[2015-12-01 21:14:46]	访问 v->event
[2015-12-01 21:14:46]	到访 v->event
[2015-12-01 21:14:46]	返回 v->event
[2015-12-01 21:14:46]	回到 v->event
[2015-12-01 21:14:46]	前往 v->event
[2015-12-01 21:14:46]	开赴 v->event
[2015-12-01 21:14:46]	驶向 v->event
[2015-12-01 21:14:46]	靠近 v->event
[2015-12-01 21:14:46]	在 d->event
[2015-12-01 21:14:46]	出现 v->event
[2015-12-01 21:14:46]	前往 v->event
[2015-12-01 21:14:46]	驶离 v->event
[2015-12-01 21:14:46]	驻扎 v->event
[2015-12-01 21:14:46]	驶入 v->event
[2015-12-01 21:19:32]	出发 vi->event
[2015-12-01 21:19:32]	起航 vi->event
[2015-12-01 21:19:32]	出港 vi->event
[2015-12-01 21:19:32]	离开 v->event
[2015-12-01 21:19:32]	撤出 v->event
[2015-12-01 21:19:32]	途径 n->event
[2015-12-01 21:19:32]	驶过 v->event
[2015-12-01 21:19:32]	通过 p->event
[2015-12-01 21:19:32]	抵达 v->event
[2015-12-01 21:19:32]	到达 v->event
[2015-12-01 21:19:32]	至 d->event
[2015-12-01 21:19:32]	赶到 v->event
[2015-12-01 21:19:32]	停留 vi->event
[2015-12-01 21:19:32]	停靠 v->event
[2015-12-01 21:19:32]	访问 v->event
[2015-12-01 21:19:32]	到访 v->event
[2015-12-01 21:19:32]	返回 v->event
[2015-12-01 21:19:32]	回到 v->event
[2015-12-01 21:19:32]	前往 v->event
[2015-12-01 21:19:32]	开赴 v->event
[2015-12-01 21:19:32]	驶向 v->event
[2015-12-01 21:19:32]	靠近 v->event
[2015-12-01 21:19:32]	在 d->event
[2015-12-01 21:19:32]	出现 v->event
[2015-12-01 21:19:32]	前往 v->event
[2015-12-01 21:19:32]	驶离 v->event
[2015-12-01 21:19:32]	驻扎 v->event
[2015-12-01 21:19:32]	驶入 v->event
[2015-12-01 21:19:32]	出发 vi->event
[2015-12-01 21:19:32]	起航 vi->event
[2015-12-01 21:19:32]	出港 vi->event
[2015-12-01 21:19:32]	离开 v->event
[2015-12-01 21:19:32]	撤出 v->event
[2015-12-01 21:19:32]	途径 n->event
[2015-12-01 21:19:32]	驶过 v->event
[2015-12-01 21:19:32]	通过 p->event
[2015-12-01 21:19:32]	抵达 v->event
[2015-12-01 21:19:32]	到达 v->event
[2015-12-01 21:19:32]	至 d->event
[2015-12-01 21:19:32]	赶到 v->event
[2015-12-01 21:19:32]	停留 vi->event
[2015-12-01 21:19:32]	停靠 v->event
[2015-12-01 21:19:32]	访问 v->event
[2015-12-01 21:19:32]	到访 v->event
[2015-12-01 21:19:32]	返回 v->event
[2015-12-01 21:19:32]	回到 v->event
[2015-12-01 21:19:32]	前往 v->event
[2015-12-01 21:19:32]	开赴 v->event
[2015-12-01 21:19:32]	驶向 v->event
[2015-12-01 21:19:32]	靠近 v->event
[2015-12-01 21:19:32]	在 d->event
[2015-12-01 21:19:32]	出现 v->event
[2015-12-01 21:19:32]	前往 v->event
[2015-12-01 21:19:32]	驶离 v->event
[2015-12-01 21:19:32]	驻扎 v->event
[2015-12-01 21:19:32]	驶入 v->event
[2015-12-01 21:38:14]	出发 vi->event
[2015-12-01 21:38:14]	起航 vi->event
[2015-12-01 21:38:14]	出港 vi->event
[2015-12-01 21:38:14]	离开 v->event
[2015-12-01 21:38:14]	撤出 v->event
[2015-12-01 21:38:14]	途径 n->event
[2015-12-01 21:38:14]	驶过 v->event
[2015-12-01 21:38:14]	通过 p->event
[2015-12-01 21:38:14]	抵达 v->event
[2015-12-01 21:38:14]	到达 v->event
[2015-12-01 21:38:14]	至 d->event
[2015-12-01 21:38:14]	赶到 v->event
[2015-12-01 21:38:14]	停留 vi->event
[2015-12-01 21:38:14]	停靠 v->event
[2015-12-01 21:38:14]	访问 v->event
[2015-12-01 21:38:14]	到访 v->event
[2015-12-01 21:38:14]	返回 v->event
[2015-12-01 21:38:14]	回到 v->event
[2015-12-01 21:38:14]	前往 v->event
[2015-12-01 21:38:14]	开赴 v->event
[2015-12-01 21:38:14]	驶向 v->event
[2015-12-01 21:38:14]	靠近 v->event
[2015-12-01 21:38:14]	在 d->event
[2015-12-01 21:38:14]	出现 v->event
[2015-12-01 21:38:14]	前往 v->event
[2015-12-01 21:38:14]	驶离 v->event
[2015-12-01 21:38:14]	驻扎 v->event
[2015-12-01 21:38:14]	驶入 v->event
[2015-12-01 21:38:14]	北部湾 n->ns
[2015-12-01 21:38:14]	日本 nsf->ns
[2015-12-01 21:38:14]	大西洋 nsf->ns
[2015-12-01 21:38:14]	北冰洋 nsf->ns
[2015-12-01 21:38:14]	印度洋 nsf->ns
[2015-12-01 21:38:14]	白令海 nsf->ns
[2015-12-01 21:38:14]	珊瑚海 nsf->ns
[2015-12-01 21:38:14]	鄂霍次克海 nsf->ns
[2015-12-01 21:38:14]	亚得里亚海 nsf->ns
[2015-12-01 21:38:14]	爱琴海 nsf->ns
[2015-12-01 21:38:14]	比斯开湾 nsf->ns
[2015-12-01 21:38:14]	芬迪湾 nsf->ns
[2015-12-01 21:38:14]	黑海 nsf->ns
[2015-12-01 21:38:14]	戴维斯海峡 nsf->ns
[2015-12-01 21:38:14]	英吉利海峡 nsf->ns
[2015-12-01 21:38:14]	几内亚湾 nsf->ns
[2015-12-01 21:38:14]	墨西哥湾 n->ns
[2015-12-01 21:38:14]	地中海 nsf->ns
[2015-12-01 21:38:14]	挪威海 nsf->ns
[2015-12-01 21:38:14]	亚速海 nsf->ns
[2015-12-01 21:38:14]	巴伦支海 nsf->ns
[2015-12-01 21:38:14]	波弗特海 nsf->ns
[2015-12-01 21:38:14]	白令海峡 nsf->ns
[2015-12-01 21:38:14]	死海 nsf->ns
[2015-12-01 21:38:14]	安道尔 nsf->ns
[2015-12-01 21:38:14]	阿拉伯联合酋长国 nsf->ns
[2015-12-01 21:38:14]	阿富汗 nsf->ns
[2015-12-01 21:38:14]	阿尔巴尼亚 nsf->ns
[2015-12-01 21:38:14]	安哥拉 nsf->ns
[2015-12-01 21:38:14]	安提瓜和巴布达 nsf->ns
[2015-12-01 21:38:14]	阿根廷 nsf->ns
[2015-12-01 21:38:14]	亚美尼亚 nsf->ns
[2015-12-01 21:38:14]	澳大利亚 nsf->ns
[2015-12-01 21:38:14]	奥地利 nsf->ns
[2015-12-01 21:38:14]	阿塞拜疆 nsf->ns
[2015-12-01 21:38:14]	巴哈马 nsf->ns
[2015-12-01 21:38:14]	巴林 nsf->ns
[2015-12-01 21:38:14]	孟加拉国 nsf->ns
[2015-12-01 21:38:14]	巴巴多斯 nsf->ns
[2015-12-01 21:38:14]	白俄罗斯 nsf->ns
[2015-12-01 21:38:14]	伯利兹 nsf->ns
[2015-12-01 21:38:14]	比利时 nsf->ns
[2015-12-01 21:38:14]	贝宁 nsf->ns
[2015-12-01 21:38:14]	百慕大 nsf->ns
[2015-12-01 21:38:14]	不丹 nsf->ns
[2015-12-01 21:38:14]	玻利维亚 nsf->ns
[2015-12-01 21:38:14]	博茨瓦纳 nsf->ns
[2015-12-01 21:38:14]	巴西 nsf->ns
[2015-12-01 21:38:14]	保加利亚 nsf->ns
[2015-12-01 21:38:14]	布基纳法索 nsf->ns
[2015-12-01 21:38:14]	布隆迪 nsf->ns
[2015-12-01 21:38:14]	加拿大 nsf->ns
[2015-12-01 21:38:14]	佛得角 nsf->ns
[2015-12-01 21:38:14]	中非共和国 nsf->ns
[2015-12-01 21:38:14]	智利 nsf->ns
[2015-12-01 21:38:14]	哥伦比亚 nsf->ns
[2015-12-01 21:38:14]	瑞士 nsf->ns
[2015-12-01 21:38:14]	刚果共和国 nsf->ns
[2015-12-01 21:38:14]	哥斯达黎加 nsf->ns
[2015-12-01 21:38:14]	科特迪瓦 nsf->ns
[2015-12-01 21:38:14]	古巴 nsf->ns
[2015-12-01 21:38:14]	塞浦路斯 nsf->ns
[2015-12-01 21:38:14]	捷克 nsf->ns
[2015-12-01 21:38:14]	丹麦 nsf->ns
[2015-12-01 21:38:14]	吉布提 nsf->ns
[2015-12-01 21:38:14]	多米尼加共和国 nsf->ns
[2015-12-01 21:38:14]	德国 nsf->ns
[2015-12-01 21:38:14]	多米尼加 nsf->ns
[2015-12-01 21:38:14]	阿尔及利亚 nsf->ns
[2015-12-01 21:38:14]	厄瓜多尔 nsf->ns
[2015-12-01 21:38:14]	埃及 nsf->ns
[2015-12-01 21:38:14]	西撒哈拉 nsf->ns
[2015-12-01 21:38:14]	西班牙 nsf->ns
[2015-12-01 21:38:14]	爱沙尼亚 nsf->ns
[2015-12-01 21:38:14]	埃塞俄比亚 nsf->ns
[2015-12-01 21:38:14]	芬兰 nsf->ns
[2015-12-01 21:38:14]	法国 nsf->ns
[2015-12-01 21:38:14]	赤道几内亚 nsf->ns
[2015-12-01 21:38:14]	冈比亚 nsf->ns
[2015-12-01 21:38:14]	格鲁吉亚 nsf->ns
[2015-12-01 21:38:14]	加纳 nsf->ns
[2015-12-01 21:38:14]	直布罗陀 nsf->ns
[2015-12-01 21:38:14]	格陵兰 n->ns
[2015-12-01 21:38:14]	格林纳达 n->ns
[2015-12-01 21:38:14]	关岛 nsf->ns
[2015-12-01 21:38:14]	危地马拉 nsf->ns
[2015-12-01 21:38:14]	几内亚 nsf->ns
[2015-12-01 21:38:14]	几内亚比绍 nsf->ns
[2015-12-01 21:38:14]	圭亚那 nsf->ns
[2015-12-01 21:38:14]	克罗地亚 nsf->ns
[2015-12-01 21:38:14]	海地 nsf->ns
[2015-12-01 21:38:14]	洪都拉斯 nsf->ns
[2015-12-01 21:38:14]	匈牙利 nsf->ns
[2015-12-01 21:38:14]	冰岛 nsf->ns
[2015-12-01 21:38:14]	印度 nsf->ns
[2015-12-01 21:38:14]	印度尼西亚 nsf->ns
[2015-12-01 21:38:14]	伊朗 nsf->ns
[2015-12-01 21:38:14]	伊拉克 nsf->ns
[2015-12-01 21:38:14]	以色列 nsf->ns
[2015-12-01 21:38:14]	意大利 nsf->ns
[2015-12-01 21:38:14]	牙买加 nsf->ns
[2015-12-01 21:38:14]	约旦 nsf->ns
[2015-12-01 21:38:14]	哈萨克斯坦 nsf->ns
[2015-12-01 21:38:14]	肯尼亚 nsf->ns
[2015-12-01 21:38:14]	基里巴斯 nsf->ns
[2015-12-01 21:38:14]	朝鲜 nsf->ns
[2015-12-01 21:38:14]	韩国 nsf->ns
[2015-12-01 21:38:14]	科摩罗 nsf->ns
[2015-12-01 21:38:14]	科威特 nsf->ns
[2015-12-01 21:38:14]	吉尔吉斯斯坦 nsf->ns
[2015-12-01 21:38:14]	开曼群岛 nsf->ns
[2015-12-01 21:38:14]	斯里兰卡 nsf->ns
[2015-12-01 21:38:14]	黎巴嫩 nsf->ns
[2015-12-01 21:38:14]	莱索托 nsf->ns
[2015-12-01 21:38:14]	利比里亚 nsf->ns
[2015-12-01 21:38:14]	利比亚 nsf->ns
[2015-12-01 21:38:14]	列支敦士登 nsf->ns
[2015-12-01 21:38:14]	立陶宛 nsf->ns
[2015-12-01 21:38:14]	卢森堡 nsf->ns
[2015-12-01 21:38:14]	圣卢西亚 nsf->ns
[2015-12-01 21:38:14]	马达加斯加 nsf->ns
[2015-12-01 21:38:14]	马来西亚 nsf->ns
[2015-12-01 21:38:14]	马尔代夫 nsf->ns
[2015-12-01 21:38:14]	马里 nrf->ns
[2015-12-01 21:38:14]	马耳他 nsf->ns
[2015-12-01 21:38:14]	毛里塔尼亚 nsf->ns
[2015-12-01 21:38:14]	毛里求斯 nsf->ns
[2015-12-01 21:38:14]	墨西哥 nsf->ns
[2015-12-01 21:38:14]	摩尔多瓦 nsf->ns
[2015-12-01 21:38:14]	蒙特塞拉特 nsf->ns
[2015-12-01 21:38:14]	摩洛哥 nsf->ns
[2015-12-01 21:38:14]	莫桑比克 nsf->ns
[2015-12-01 21:38:14]	纳米比亚 nsf->ns
[2015-12-01 21:38:14]	瑙鲁 n->ns
[2015-12-01 21:38:14]	荷兰 nsf->ns
[2015-12-01 21:38:14]	尼加拉瓜 nsf->ns
[2015-12-01 21:38:14]	尼日尔 nsf->ns
[2015-12-01 21:38:14]	尼日利亚 nsf->ns
[2015-12-01 21:38:14]	纽埃 n->ns
[2015-12-01 21:38:14]	挪威 nsf->ns
[2015-12-01 21:38:14]	巴基斯坦 nsf->ns
[2015-12-01 21:38:14]	巴拿马 nsf->ns
[2015-12-01 21:38:14]	巴布亚新几内亚 nsf->ns
[2015-12-01 21:38:14]	巴拉圭 nsf->ns
[2015-12-01 21:38:14]	菲律宾 nsf->ns
[2015-12-01 21:38:14]	波兰 nsf->ns
[2015-12-01 21:38:14]	葡萄牙 nsf->ns
[2015-12-01 21:38:14]	波多黎各 nsf->ns
[2015-12-01 21:38:14]	卡塔尔 nsf->ns
[2015-12-01 21:38:14]	罗马尼亚 nsf->ns
[2015-12-01 21:38:14]	罗马尼亚 nsf->ns
[2015-12-01 21:38:14]	卢旺达 nsf->ns
[2015-12-01 21:38:14]	萨尔瓦多 nsf->ns
[2015-12-01 21:38:14]	圣马力诺 nsf->ns
[2015-12-01 21:38:14]	圣多美和普林西比 nsf->ns
[2015-12-01 21:38:14]	沙特阿拉伯 nsf->ns
[2015-12-01 21:38:14]	塞内加尔 nsf->ns
[2015-12-01 21:38:14]	塞舌尔 nsf->ns
[2015-12-01 21:38:14]	塞拉利昂 nsf->ns
[2015-12-01 21:38:14]	斯洛伐克 nsf->ns
[2015-12-01 21:38:14]	斯洛文尼亚 nsf->ns
[2015-12-01 21:38:14]	所罗门群岛 nsf->ns
[2015-12-01 21:38:14]	索马里 nsf->ns
[2015-12-01 21:38:14]	苏丹 nrf->ns
[2015-12-01 21:38:14]	苏里南 nsf->ns
[2015-12-01 21:38:14]	斯威士兰 nsf->ns
[2015-12-01 21:38:14]	瑞典 nsf->ns
[2015-12-01 21:38:14]	叙利亚 nsf->ns
[2015-12-01 21:38:14]	塔吉克斯坦 nsf->ns
[2015-12-01 21:38:14]	坦桑尼亚 nsf->ns
[2015-12-01 21:38:14]	泰国 nsf->ns
[2015-12-01 21:38:14]	多哥 nsf->ns
[2015-12-01 21:38:14]	特立尼达和多巴哥 nz->ns
[2015-12-01 21:38:14]	突尼斯 nsf->ns
[2015-12-01 21:38:14]	土耳其 nsf->ns
[2015-12-01 21:38:14]	东帝汶 n->ns
[2015-12-01 21:38:14]	土库曼斯坦 nsf->ns
[2015-12-01 21:38:14]	图瓦卢 n->ns
[2015-12-01 21:38:14]	乌干达 nsf->ns
[2015-12-01 21:38:14]	乌克兰 nsf->ns
[2015-12-01 21:38:14]	美国 nsf->ns
[2015-12-01 21:38:14]	乌兹别克斯坦 nsf->ns
[2015-12-01 21:38:14]	梵蒂冈 nsf->ns
[2015-12-01 21:38:14]	委内瑞拉 nsf->ns
[2015-12-01 21:38:14]	越南 nsf->ns
[2015-12-01 21:38:14]	西萨摩亚 nsf->ns
[2015-12-01 21:38:14]	南非 nsf->ns
[2015-12-01 21:38:14]	扎伊尔 nsf->ns
[2015-12-01 21:38:14]	赞比亚 nsf->ns
[2015-12-01 21:38:14]	津巴布韦 nsf->ns
[2015-12-01 21:38:14]	亚拉巴马州 nsf->ns
[2015-12-01 21:38:14]	阿拉斯加州 nsf->ns
[2015-12-01 21:38:14]	亚利桑那州 nsf->ns
[2015-12-01 21:38:14]	阿肯色州 nsf->ns
[2015-12-01 21:38:14]	加利福尼亚州 nsf->ns
[2015-12-01 21:38:14]	科罗拉多州 nsf->ns
[2015-12-01 21:38:14]	康涅狄格州 nsf->ns
[2015-12-01 21:38:14]	特拉华州 nsf->ns
[2015-12-01 21:38:14]	佛罗里达州 nsf->ns
[2015-12-01 21:38:14]	佐治亚州 nsf->ns
[2015-12-01 21:38:14]	爱达荷州 nsf->ns
[2015-12-01 21:38:14]	伊利诺伊州 nsf->ns
[2015-12-01 21:38:14]	印第安纳州 nsf->ns
[2015-12-01 21:38:14]	堪萨斯州 nsf->ns
[2015-12-01 21:38:14]	肯塔基州 nsf->ns
[2015-12-01 21:38:14]	路易斯安那州 nsf->ns
[2015-12-01 21:38:14]	缅因州 nsf->ns
[2015-12-01 21:38:14]	马里兰州 nsf->ns
[2015-12-01 21:38:14]	马萨诸塞州 nsf->ns
[2015-12-01 21:38:14]	密歇根州 nsf->ns
[2015-12-01 21:38:14]	明尼苏达州 nsf->ns
[2015-12-01 21:38:14]	密西西比州 nsf->ns
[2015-12-01 21:38:14]	密苏里州 nsf->ns
[2015-12-01 21:38:14]	蒙大拿州 nsf->ns
[2015-12-01 21:38:14]	内华达州 nsf->ns
[2015-12-01 21:38:14]	新罕布什尔州 nsf->ns
[2015-12-01 21:38:14]	新泽西州 nsf->ns
[2015-12-01 21:38:14]	新墨西哥州 nsf->ns
[2015-12-01 21:38:14]	纽约州 nsf->ns
[2015-12-01 21:38:14]	北卡罗来纳州 nsf->ns
[2015-12-01 21:38:14]	北达科他州 nsf->ns
[2015-12-01 21:38:14]	俄亥俄州 nsf->ns
[2015-12-01 21:38:14]	俄克拉何马州 nsf->ns
[2015-12-01 21:38:14]	俄勒冈州 nsf->ns
[2015-12-01 21:38:14]	宾夕法尼亚州 nsf->ns
[2015-12-01 21:38:14]	南达科他州 nsf->ns
[2015-12-01 21:38:14]	田纳西州 nsf->ns
[2015-12-01 21:38:14]	得克萨斯州 nsf->ns
[2015-12-01 21:38:14]	犹他州 nsf->ns
[2015-12-01 21:38:14]	佛蒙特州 nsf->ns
[2015-12-01 21:38:14]	弗吉尼亚州 nsf->ns
[2015-12-01 21:38:14]	华盛顿州 nsf->ns
[2015-12-01 21:38:14]	西弗吉尼亚州 nsf->ns
[2015-12-01 21:38:14]	威斯康星州 nsf->ns
[2015-12-01 21:38:14]	怀俄明州 nsf->ns
[2015-12-01 21:38:14]	华盛顿 nrf->ns
[2015-12-01 21:38:14]	特区 n->ns
[2015-12-01 21:38:14]	华府 n->ns
[2015-12-01 21:38:14]	诺福克 nsf->ns
[2015-12-01 21:38:14]	檀香山 nsf->ns
[2015-12-01 21:38:14]	汉城 nsf->ns
[2015-12-01 21:38:14]	非洲 nsf->ns
[2015-12-01 21:38:14]	北美洲 nsf->ns
[2015-12-01 21:38:14]	南美洲 nsf->ns
[2015-12-01 21:38:14]	南极洲 nsf->ns
[2015-12-01 21:38:14]	大洋洲 nsf->ns
[2015-12-01 21:38:14]	马尼拉 nsf->ns
[2015-12-01 21:38:14]	东京湾 nsf->ns
[2015-12-01 21:38:14]	埃弗里特 nsf->ns
[2015-12-01 21:38:14]	永暑礁 n->ns
[2015-12-01 21:38:14]	阿拉伯海 nsf->ns
[2015-12-01 21:38:14]	阿曼湾 n->ns
[2015-12-01 21:38:14]	阿拉梅达 nsf->ns
[2015-12-01 21:38:14]	冲绳 nsf->ns
[2015-12-01 21:38:14]	冲绳县 nsf->ns
[2015-12-01 21:38:14]	东南亚 nsf->ns
[2015-12-01 21:38:14]	巴勒斯坦 nsf->ns
[2015-12-01 21:38:14]	波罗的海 nsf->ns
[2015-12-01 21:38:14]	俄罗斯 nsf->ns
[2015-12-01 21:38:14]	拉脱维亚 nsf->ns
[2015-12-01 21:38:14]	孟加拉湾 n->ns
[2015-12-01 21:38:14]	俾斯麦海 nsf->ns
[2015-12-01 21:38:14]	切萨皮克湾 nsf->ns
[2015-12-01 21:38:14]	达连湾 nsf->ns
[2015-12-01 21:38:14]	麦克卢尔海峡 nsf->ns
[2015-12-01 21:38:14]	赫卡特海峡 nsf->ns
[2015-12-01 21:38:14]	新几内亚岛 nsf->ns
[2015-12-01 21:38:14]	北海道 nsf->ns
[2015-12-01 21:38:14]	北海道 nsf->ns
[2015-12-01 21:38:14]	九州 n->ns
[2015-12-01 21:38:14]	本州 nsf->ns
[2015-12-01 21:38:14]	出发 vi->event
[2015-12-01 21:38:14]	起航 vi->event
[2015-12-01 21:38:14]	出港 vi->event
[2015-12-01 21:38:14]	离开 v->event
[2015-12-01 21:38:14]	撤出 v->event
[2015-12-01 21:38:14]	途径 n->event
[2015-12-01 21:38:14]	驶过 v->event
[2015-12-01 21:38:14]	通过 p->event
[2015-12-01 21:38:14]	抵达 v->event
[2015-12-01 21:38:14]	到达 v->event
[2015-12-01 21:38:14]	至 d->event
[2015-12-01 21:38:14]	赶到 v->event
[2015-12-01 21:38:14]	停留 vi->event
[2015-12-01 21:38:14]	停靠 v->event
[2015-12-01 21:38:14]	访问 v->event
[2015-12-01 21:38:14]	到访 v->event
[2015-12-01 21:38:14]	返回 v->event
[2015-12-01 21:38:14]	回到 v->event
[2015-12-01 21:38:14]	前往 v->event
[2015-12-01 21:38:14]	开赴 v->event
[2015-12-01 21:38:14]	驶向 v->event
[2015-12-01 21:38:14]	靠近 v->event
[2015-12-01 21:38:14]	在 d->event
[2015-12-01 21:38:14]	出现 v->event
[2015-12-01 21:38:14]	前往 v->event
[2015-12-01 21:38:14]	驶离 v->event
[2015-12-01 21:38:14]	驻扎 v->event
[2015-12-01 21:38:14]	驶入 v->event
[2015-12-01 21:38:14]	北部湾 n->ns
[2015-12-01 21:38:14]	日本 nsf->ns
[2015-12-01 21:38:14]	大西洋 nsf->ns
[2015-12-01 21:38:14]	北冰洋 nsf->ns
[2015-12-01 21:38:14]	印度洋 nsf->ns
[2015-12-01 21:38:14]	白令海 nsf->ns
[2015-12-01 21:38:14]	珊瑚海 nsf->ns
[2015-12-01 21:38:14]	鄂霍次克海 nsf->ns
[2015-12-01 21:38:14]	亚得里亚海 nsf->ns
[2015-12-01 21:38:14]	爱琴海 nsf->ns
[2015-12-01 21:38:14]	比斯开湾 nsf->ns
[2015-12-01 21:38:14]	芬迪湾 nsf->ns
[2015-12-01 21:38:14]	黑海 nsf->ns
[2015-12-01 21:38:14]	戴维斯海峡 nsf->ns
[2015-12-01 21:38:14]	英吉利海峡 nsf->ns
[2015-12-01 21:38:14]	几内亚湾 nsf->ns
[2015-12-01 21:38:14]	墨西哥湾 n->ns
[2015-12-01 21:38:14]	地中海 nsf->ns
[2015-12-01 21:38:14]	挪威海 nsf->ns
[2015-12-01 21:38:14]	亚速海 nsf->ns
[2015-12-01 21:38:14]	巴伦支海 nsf->ns
[2015-12-01 21:38:14]	波弗特海 nsf->ns
[2015-12-01 21:38:14]	白令海峡 nsf->ns
[2015-12-01 21:38:14]	死海 nsf->ns
[2015-12-01 21:38:14]	安道尔 nsf->ns
[2015-12-01 21:38:14]	阿拉伯联合酋长国 nsf->ns
[2015-12-01 21:38:14]	阿富汗 nsf->ns
[2015-12-01 21:38:14]	阿尔巴尼亚 nsf->ns
[2015-12-01 21:38:14]	安哥拉 nsf->ns
[2015-12-01 21:38:14]	安提瓜和巴布达 nsf->ns
[2015-12-01 21:38:14]	阿根廷 nsf->ns
[2015-12-01 21:38:14]	亚美尼亚 nsf->ns
[2015-12-01 21:38:14]	澳大利亚 nsf->ns
[2015-12-01 21:38:14]	奥地利 nsf->ns
[2015-12-01 21:38:14]	阿塞拜疆 nsf->ns
[2015-12-01 21:38:14]	巴哈马 nsf->ns
[2015-12-01 21:38:14]	巴林 nsf->ns
[2015-12-01 21:38:14]	孟加拉国 nsf->ns
[2015-12-01 21:38:14]	巴巴多斯 nsf->ns
[2015-12-01 21:38:14]	白俄罗斯 nsf->ns
[2015-12-01 21:38:14]	伯利兹 nsf->ns
[2015-12-01 21:38:14]	比利时 nsf->ns
[2015-12-01 21:38:14]	贝宁 nsf->ns
[2015-12-01 21:38:14]	百慕大 nsf->ns
[2015-12-01 21:38:14]	不丹 nsf->ns
[2015-12-01 21:38:14]	玻利维亚 nsf->ns
[2015-12-01 21:38:14]	博茨瓦纳 nsf->ns
[2015-12-01 21:38:14]	巴西 nsf->ns
[2015-12-01 21:38:14]	保加利亚 nsf->ns
[2015-12-01 21:38:14]	布基纳法索 nsf->ns
[2015-12-01 21:38:14]	布隆迪 nsf->ns
[2015-12-01 21:38:14]	加拿大 nsf->ns
[2015-12-01 21:38:14]	佛得角 nsf->ns
[2015-12-01 21:38:14]	中非共和国 nsf->ns
[2015-12-01 21:38:14]	智利 nsf->ns
[2015-12-01 21:38:14]	哥伦比亚 nsf->ns
[2015-12-01 21:38:14]	瑞士 nsf->ns
[2015-12-01 21:38:14]	刚果共和国 nsf->ns
[2015-12-01 21:38:14]	哥斯达黎加 nsf->ns
[2015-12-01 21:38:14]	科特迪瓦 nsf->ns
[2015-12-01 21:38:14]	古巴 nsf->ns
[2015-12-01 21:38:14]	塞浦路斯 nsf->ns
[2015-12-01 21:38:14]	捷克 nsf->ns
[2015-12-01 21:38:14]	丹麦 nsf->ns
[2015-12-01 21:38:14]	吉布提 nsf->ns
[2015-12-01 21:38:14]	多米尼加共和国 nsf->ns
[2015-12-01 21:38:14]	德国 nsf->ns
[2015-12-01 21:38:14]	多米尼加 nsf->ns
[2015-12-01 21:38:14]	阿尔及利亚 nsf->ns
[2015-12-01 21:38:14]	厄瓜多尔 nsf->ns
[2015-12-01 21:38:14]	埃及 nsf->ns
[2015-12-01 21:38:14]	西撒哈拉 nsf->ns
[2015-12-01 21:38:14]	西班牙 nsf->ns
[2015-12-01 21:38:14]	爱沙尼亚 nsf->ns
[2015-12-01 21:38:14]	埃塞俄比亚 nsf->ns
[2015-12-01 21:38:14]	芬兰 nsf->ns
[2015-12-01 21:38:14]	法国 nsf->ns
[2015-12-01 21:38:14]	赤道几内亚 nsf->ns
[2015-12-01 21:38:14]	冈比亚 nsf->ns
[2015-12-01 21:38:14]	格鲁吉亚 nsf->ns
[2015-12-01 21:38:14]	加纳 nsf->ns
[2015-12-01 21:38:14]	直布罗陀 nsf->ns
[2015-12-01 21:38:14]	格陵兰 n->ns
[2015-12-01 21:38:14]	格林纳达 n->ns
[2015-12-01 21:38:14]	关岛 nsf->ns
[2015-12-01 21:38:14]	危地马拉 nsf->ns
[2015-12-01 21:38:14]	几内亚 nsf->ns
[2015-12-01 21:38:14]	几内亚比绍 nsf->ns
[2015-12-01 21:38:14]	圭亚那 nsf->ns
[2015-12-01 21:38:14]	克罗地亚 nsf->ns
[2015-12-01 21:38:14]	海地 nsf->ns
[2015-12-01 21:38:14]	洪都拉斯 nsf->ns
[2015-12-01 21:38:14]	匈牙利 nsf->ns
[2015-12-01 21:38:14]	冰岛 nsf->ns
[2015-12-01 21:38:14]	印度 nsf->ns
[2015-12-01 21:38:14]	印度尼西亚 nsf->ns
[2015-12-01 21:38:14]	伊朗 nsf->ns
[2015-12-01 21:38:14]	伊拉克 nsf->ns
[2015-12-01 21:38:14]	以色列 nsf->ns
[2015-12-01 21:38:14]	意大利 nsf->ns
[2015-12-01 21:38:14]	牙买加 nsf->ns
[2015-12-01 21:38:14]	约旦 nsf->ns
[2015-12-01 21:38:14]	哈萨克斯坦 nsf->ns
[2015-12-01 21:38:14]	肯尼亚 nsf->ns
[2015-12-01 21:38:14]	基里巴斯 nsf->ns
[2015-12-01 21:38:14]	朝鲜 nsf->ns
[2015-12-01 21:38:14]	韩国 nsf->ns
[2015-12-01 21:38:14]	科摩罗 nsf->ns
[2015-12-01 21:38:14]	科威特 nsf->ns
[2015-12-01 21:38:14]	吉尔吉斯斯坦 nsf->ns
[2015-12-01 21:38:14]	开曼群岛 nsf->ns
[2015-12-01 21:38:14]	斯里兰卡 nsf->ns
[2015-12-01 21:38:14]	黎巴嫩 nsf->ns
[2015-12-01 21:38:14]	莱索托 nsf->ns
[2015-12-01 21:38:14]	利比里亚 nsf->ns
[2015-12-01 21:38:14]	利比亚 nsf->ns
[2015-12-01 21:38:14]	列支敦士登 nsf->ns
[2015-12-01 21:38:14]	立陶宛 nsf->ns
[2015-12-01 21:38:14]	卢森堡 nsf->ns
[2015-12-01 21:38:14]	圣卢西亚 nsf->ns
[2015-12-01 21:38:14]	马达加斯加 nsf->ns
[2015-12-01 21:38:14]	马来西亚 nsf->ns
[2015-12-01 21:38:14]	马尔代夫 nsf->ns
[2015-12-01 21:38:14]	马里 nrf->ns
[2015-12-01 21:38:14]	马耳他 nsf->ns
[2015-12-01 21:38:14]	毛里塔尼亚 nsf->ns
[2015-12-01 21:38:14]	毛里求斯 nsf->ns
[2015-12-01 21:38:14]	墨西哥 nsf->ns
[2015-12-01 21:38:14]	摩尔多瓦 nsf->ns
[2015-12-01 21:38:14]	蒙特塞拉特 nsf->ns
[2015-12-01 21:38:14]	摩洛哥 nsf->ns
[2015-12-01 21:38:14]	莫桑比克 nsf->ns
[2015-12-01 21:38:14]	纳米比亚 nsf->ns
[2015-12-01 21:38:14]	瑙鲁 n->ns
[2015-12-01 21:38:14]	荷兰 nsf->ns
[2015-12-01 21:38:14]	尼加拉瓜 nsf->ns
[2015-12-01 21:38:14]	尼日尔 nsf->ns
[2015-12-01 21:38:14]	尼日利亚 nsf->ns
[2015-12-01 21:38:14]	纽埃 n->ns
[2015-12-01 21:38:14]	挪威 nsf->ns
[2015-12-01 21:38:14]	巴基斯坦 nsf->ns
[2015-12-01 21:38:14]	巴拿马 nsf->ns
[2015-12-01 21:38:14]	巴布亚新几内亚 nsf->ns
[2015-12-01 21:38:14]	巴拉圭 nsf->ns
[2015-12-01 21:38:14]	菲律宾 nsf->ns
[2015-12-01 21:38:14]	波兰 nsf->ns
[2015-12-01 21:38:14]	葡萄牙 nsf->ns
[2015-12-01 21:38:14]	波多黎各 nsf->ns
[2015-12-01 21:38:14]	卡塔尔 nsf->ns
[2015-12-01 21:38:14]	罗马尼亚 nsf->ns
[2015-12-01 21:38:14]	罗马尼亚 nsf->ns
[2015-12-01 21:38:14]	卢旺达 nsf->ns
[2015-12-01 21:38:14]	萨尔瓦多 nsf->ns
[2015-12-01 21:38:14]	圣马力诺 nsf->ns
[2015-12-01 21:38:14]	圣多美和普林西比 nsf->ns
[2015-12-01 21:38:14]	沙特阿拉伯 nsf->ns
[2015-12-01 21:38:14]	塞内加尔 nsf->ns
[2015-12-01 21:38:14]	塞舌尔 nsf->ns
[2015-12-01 21:38:14]	塞拉利昂 nsf->ns
[2015-12-01 21:38:14]	斯洛伐克 nsf->ns
[2015-12-01 21:38:14]	斯洛文尼亚 nsf->ns
[2015-12-01 21:38:14]	所罗门群岛 nsf->ns
[2015-12-01 21:38:14]	索马里 nsf->ns
[2015-12-01 21:38:14]	苏丹 nrf->ns
[2015-12-01 21:38:14]	苏里南 nsf->ns
[2015-12-01 21:38:14]	斯威士兰 nsf->ns
[2015-12-01 21:38:14]	瑞典 nsf->ns
[2015-12-01 21:38:14]	叙利亚 nsf->ns
[2015-12-01 21:38:14]	塔吉克斯坦 nsf->ns
[2015-12-01 21:38:14]	坦桑尼亚 nsf->ns
[2015-12-01 21:38:14]	泰国 nsf->ns
[2015-12-01 21:38:14]	多哥 nsf->ns
[2015-12-01 21:38:14]	特立尼达和多巴哥 nz->ns
[2015-12-01 21:38:14]	突尼斯 nsf->ns
[2015-12-01 21:38:14]	土耳其 nsf->ns
[2015-12-01 21:38:14]	东帝汶 n->ns
[2015-12-01 21:38:14]	土库曼斯坦 nsf->ns
[2015-12-01 21:38:14]	图瓦卢 n->ns
[2015-12-01 21:38:14]	乌干达 nsf->ns
[2015-12-01 21:38:14]	乌克兰 nsf->ns
[2015-12-01 21:38:14]	美国 nsf->ns
[2015-12-01 21:38:14]	乌兹别克斯坦 nsf->ns
[2015-12-01 21:38:14]	梵蒂冈 nsf->ns
[2015-12-01 21:38:14]	委内瑞拉 nsf->ns
[2015-12-01 21:38:14]	越南 nsf->ns
[2015-12-01 21:38:14]	西萨摩亚 nsf->ns
[2015-12-01 21:38:14]	南非 nsf->ns
[2015-12-01 21:38:14]	扎伊尔 nsf->ns
[2015-12-01 21:38:14]	赞比亚 nsf->ns
[2015-12-01 21:38:14]	津巴布韦 nsf->ns
[2015-12-01 21:38:14]	亚拉巴马州 nsf->ns
[2015-12-01 21:38:14]	阿拉斯加州 nsf->ns
[2015-12-01 21:38:14]	亚利桑那州 nsf->ns
[2015-12-01 21:38:14]	阿肯色州 nsf->ns
[2015-12-01 21:38:14]	加利福尼亚州 nsf->ns
[2015-12-01 21:38:14]	科罗拉多州 nsf->ns
[2015-12-01 21:38:14]	康涅狄格州 nsf->ns
[2015-12-01 21:38:14]	特拉华州 nsf->ns
[2015-12-01 21:38:14]	佛罗里达州 nsf->ns
[2015-12-01 21:38:14]	佐治亚州 nsf->ns
[2015-12-01 21:38:14]	爱达荷州 nsf->ns
[2015-12-01 21:38:14]	伊利诺伊州 nsf->ns
[2015-12-01 21:38:14]	印第安纳州 nsf->ns
[2015-12-01 21:38:14]	堪萨斯州 nsf->ns
[2015-12-01 21:38:14]	肯塔基州 nsf->ns
[2015-12-01 21:38:14]	路易斯安那州 nsf->ns
[2015-12-01 21:38:14]	缅因州 nsf->ns
[2015-12-01 21:38:14]	马里兰州 nsf->ns
[2015-12-01 21:38:14]	马萨诸塞州 nsf->ns
[2015-12-01 21:38:14]	密歇根州 nsf->ns
[2015-12-01 21:38:14]	明尼苏达州 nsf->ns
[2015-12-01 21:38:14]	密西西比州 nsf->ns
[2015-12-01 21:38:14]	密苏里州 nsf->ns
[2015-12-01 21:38:14]	蒙大拿州 nsf->ns
[2015-12-01 21:38:14]	内华达州 nsf->ns
[2015-12-01 21:38:14]	新罕布什尔州 nsf->ns
[2015-12-01 21:38:14]	新泽西州 nsf->ns
[2015-12-01 21:38:14]	新墨西哥州 nsf->ns
[2015-12-01 21:38:14]	纽约州 nsf->ns
[2015-12-01 21:38:14]	北卡罗来纳州 nsf->ns
[2015-12-01 21:38:14]	北达科他州 nsf->ns
[2015-12-01 21:38:14]	俄亥俄州 nsf->ns
[2015-12-01 21:38:14]	俄克拉何马州 nsf->ns
[2015-12-01 21:38:14]	俄勒冈州 nsf->ns
[2015-12-01 21:38:14]	宾夕法尼亚州 nsf->ns
[2015-12-01 21:38:14]	南达科他州 nsf->ns
[2015-12-01 21:38:14]	田纳西州 nsf->ns
[2015-12-01 21:38:14]	得克萨斯州 nsf->ns
[2015-12-01 21:38:14]	犹他州 nsf->ns
[2015-12-01 21:38:14]	佛蒙特州 nsf->ns
[2015-12-01 21:38:14]	弗吉尼亚州 nsf->ns
[2015-12-01 21:38:14]	华盛顿州 nsf->ns
[2015-12-01 21:38:14]	西弗吉尼亚州 nsf->ns
[2015-12-01 21:38:14]	威斯康星州 nsf->ns
[2015-12-01 21:38:14]	怀俄明州 nsf->ns
[2015-12-01 21:38:14]	华盛顿 nrf->ns
[2015-12-01 21:38:14]	特区 n->ns
[2015-12-01 21:38:14]	华府 n->ns
[2015-12-01 21:38:14]	诺福克 nsf->ns
[2015-12-01 21:38:14]	檀香山 nsf->ns
[2015-12-01 21:38:14]	汉城 nsf->ns
[2015-12-01 21:38:14]	非洲 nsf->ns
[2015-12-01 21:38:14]	北美洲 nsf->ns
[2015-12-01 21:38:14]	南美洲 nsf->ns
[2015-12-01 21:38:14]	南极洲 nsf->ns
[2015-12-01 21:38:14]	大洋洲 nsf->ns
[2015-12-01 21:38:14]	马尼拉 nsf->ns
[2015-12-01 21:38:14]	东京湾 nsf->ns
[2015-12-01 21:38:14]	埃弗里特 nsf->ns
[2015-12-01 21:38:14]	永暑礁 n->ns
[2015-12-01 21:38:14]	阿拉伯海 nsf->ns
[2015-12-01 21:38:14]	阿曼湾 n->ns
[2015-12-01 21:38:14]	阿拉梅达 nsf->ns
[2015-12-01 21:38:14]	冲绳 nsf->ns
[2015-12-01 21:38:14]	冲绳县 nsf->ns
[2015-12-01 21:38:14]	东南亚 nsf->ns
[2015-12-01 21:38:14]	巴勒斯坦 nsf->ns
[2015-12-01 21:38:14]	波罗的海 nsf->ns
[2015-12-01 21:38:14]	俄罗斯 nsf->ns
[2015-12-01 21:38:14]	拉脱维亚 nsf->ns
[2015-12-01 21:38:14]	孟加拉湾 n->ns
[2015-12-01 21:38:14]	俾斯麦海 nsf->ns
[2015-12-01 21:38:14]	切萨皮克湾 nsf->ns
[2015-12-01 21:38:14]	达连湾 nsf->ns
[2015-12-01 21:38:14]	麦克卢尔海峡 nsf->ns
[2015-12-01 21:38:14]	赫卡特海峡 nsf->ns
[2015-12-01 21:38:14]	新几内亚岛 nsf->ns
[2015-12-01 21:38:14]	北海道 nsf->ns
[2015-12-01 21:38:14]	北海道 nsf->ns
[2015-12-01 21:38:14]	九州 n->ns
[2015-12-01 21:38:14]	本州 nsf->ns
[2015-12-01 21:38:26]	出发 vi->event
[2015-12-01 21:38:26]	起航 vi->event
[2015-12-01 21:38:26]	出港 vi->event
[2015-12-01 21:38:26]	离开 v->event
[2015-12-01 21:38:26]	撤出 v->event
[2015-12-01 21:38:26]	途径 n->event
[2015-12-01 21:38:26]	驶过 v->event
[2015-12-01 21:38:26]	通过 p->event
[2015-12-01 21:38:26]	抵达 v->event
[2015-12-01 21:38:26]	到达 v->event
[2015-12-01 21:38:26]	至 d->event
[2015-12-01 21:38:26]	赶到 v->event
[2015-12-01 21:38:26]	停留 vi->event
[2015-12-01 21:38:26]	停靠 v->event
[2015-12-01 21:38:26]	访问 v->event
[2015-12-01 21:38:26]	到访 v->event
[2015-12-01 21:38:26]	返回 v->event
[2015-12-01 21:38:26]	回到 v->event
[2015-12-01 21:38:26]	前往 v->event
[2015-12-01 21:38:26]	开赴 v->event
[2015-12-01 21:38:26]	驶向 v->event
[2015-12-01 21:38:26]	靠近 v->event
[2015-12-01 21:38:26]	在 d->event
[2015-12-01 21:38:26]	出现 v->event
[2015-12-01 21:38:26]	前往 v->event
[2015-12-01 21:38:26]	驶离 v->event
[2015-12-01 21:38:26]	驻扎 v->event
[2015-12-01 21:38:26]	驶入 v->event
[2015-12-01 21:38:26]	北部湾 n->ns
[2015-12-01 21:38:26]	日本 nsf->ns
[2015-12-01 21:38:26]	大西洋 nsf->ns
[2015-12-01 21:38:26]	北冰洋 nsf->ns
[2015-12-01 21:38:26]	印度洋 nsf->ns
[2015-12-01 21:38:26]	白令海 nsf->ns
[2015-12-01 21:38:26]	珊瑚海 nsf->ns
[2015-12-01 21:38:26]	鄂霍次克海 nsf->ns
[2015-12-01 21:38:26]	亚得里亚海 nsf->ns
[2015-12-01 21:38:26]	爱琴海 nsf->ns
[2015-12-01 21:38:26]	比斯开湾 nsf->ns
[2015-12-01 21:38:26]	芬迪湾 nsf->ns
[2015-12-01 21:38:26]	黑海 nsf->ns
[2015-12-01 21:38:26]	戴维斯海峡 nsf->ns
[2015-12-01 21:38:26]	英吉利海峡 nsf->ns
[2015-12-01 21:38:26]	几内亚湾 nsf->ns
[2015-12-01 21:38:26]	墨西哥湾 n->ns
[2015-12-01 21:38:26]	地中海 nsf->ns
[2015-12-01 21:38:26]	挪威海 nsf->ns
[2015-12-01 21:38:26]	亚速海 nsf->ns
[2015-12-01 21:38:26]	巴伦支海 nsf->ns
[2015-12-01 21:38:26]	波弗特海 nsf->ns
[2015-12-01 21:38:26]	白令海峡 nsf->ns
[2015-12-01 21:38:26]	死海 nsf->ns
[2015-12-01 21:38:26]	安道尔 nsf->ns
[2015-12-01 21:38:26]	阿拉伯联合酋长国 nsf->ns
[2015-12-01 21:38:26]	阿富汗 nsf->ns
[2015-12-01 21:38:26]	阿尔巴尼亚 nsf->ns
[2015-12-01 21:38:26]	安哥拉 nsf->ns
[2015-12-01 21:38:26]	安提瓜和巴布达 nsf->ns
[2015-12-01 21:38:26]	阿根廷 nsf->ns
[2015-12-01 21:38:26]	亚美尼亚 nsf->ns
[2015-12-01 21:38:26]	澳大利亚 nsf->ns
[2015-12-01 21:38:26]	奥地利 nsf->ns
[2015-12-01 21:38:26]	阿塞拜疆 nsf->ns
[2015-12-01 21:38:26]	巴哈马 nsf->ns
[2015-12-01 21:38:26]	巴林 nsf->ns
[2015-12-01 21:38:26]	孟加拉国 nsf->ns
[2015-12-01 21:38:26]	巴巴多斯 nsf->ns
[2015-12-01 21:38:26]	白俄罗斯 nsf->ns
[2015-12-01 21:38:26]	伯利兹 nsf->ns
[2015-12-01 21:38:26]	比利时 nsf->ns
[2015-12-01 21:38:26]	贝宁 nsf->ns
[2015-12-01 21:38:26]	百慕大 nsf->ns
[2015-12-01 21:38:26]	不丹 nsf->ns
[2015-12-01 21:38:26]	玻利维亚 nsf->ns
[2015-12-01 21:38:26]	博茨瓦纳 nsf->ns
[2015-12-01 21:38:26]	巴西 nsf->ns
[2015-12-01 21:38:26]	保加利亚 nsf->ns
[2015-12-01 21:38:26]	布基纳法索 nsf->ns
[2015-12-01 21:38:26]	布隆迪 nsf->ns
[2015-12-01 21:38:26]	加拿大 nsf->ns
[2015-12-01 21:38:26]	佛得角 nsf->ns
[2015-12-01 21:38:26]	中非共和国 nsf->ns
[2015-12-01 21:38:26]	智利 nsf->ns
[2015-12-01 21:38:26]	哥伦比亚 nsf->ns
[2015-12-01 21:38:26]	瑞士 nsf->ns
[2015-12-01 21:38:26]	刚果共和国 nsf->ns
[2015-12-01 21:38:26]	哥斯达黎加 nsf->ns
[2015-12-01 21:38:26]	科特迪瓦 nsf->ns
[2015-12-01 21:38:26]	古巴 nsf->ns
[2015-12-01 21:38:26]	塞浦路斯 nsf->ns
[2015-12-01 21:38:26]	捷克 nsf->ns
[2015-12-01 21:38:26]	丹麦 nsf->ns
[2015-12-01 21:38:26]	吉布提 nsf->ns
[2015-12-01 21:38:26]	多米尼加共和国 nsf->ns
[2015-12-01 21:38:26]	德国 nsf->ns
[2015-12-01 21:38:26]	多米尼加 nsf->ns
[2015-12-01 21:38:26]	阿尔及利亚 nsf->ns
[2015-12-01 21:38:26]	厄瓜多尔 nsf->ns
[2015-12-01 21:38:26]	埃及 nsf->ns
[2015-12-01 21:38:26]	西撒哈拉 nsf->ns
[2015-12-01 21:38:26]	西班牙 nsf->ns
[2015-12-01 21:38:26]	爱沙尼亚 nsf->ns
[2015-12-01 21:38:26]	埃塞俄比亚 nsf->ns
[2015-12-01 21:38:26]	芬兰 nsf->ns
[2015-12-01 21:38:26]	法国 nsf->ns
[2015-12-01 21:38:26]	赤道几内亚 nsf->ns
[2015-12-01 21:38:26]	冈比亚 nsf->ns
[2015-12-01 21:38:26]	格鲁吉亚 nsf->ns
[2015-12-01 21:38:26]	加纳 nsf->ns
[2015-12-01 21:38:26]	直布罗陀 nsf->ns
[2015-12-01 21:38:26]	格陵兰 n->ns
[2015-12-01 21:38:26]	格林纳达 n->ns
[2015-12-01 21:38:26]	关岛 nsf->ns
[2015-12-01 21:38:26]	危地马拉 nsf->ns
[2015-12-01 21:38:26]	几内亚 nsf->ns
[2015-12-01 21:38:26]	几内亚比绍 nsf->ns
[2015-12-01 21:38:26]	圭亚那 nsf->ns
[2015-12-01 21:38:26]	克罗地亚 nsf->ns
[2015-12-01 21:38:26]	海地 nsf->ns
[2015-12-01 21:38:26]	洪都拉斯 nsf->ns
[2015-12-01 21:38:26]	匈牙利 nsf->ns
[2015-12-01 21:38:26]	冰岛 nsf->ns
[2015-12-01 21:38:26]	印度 nsf->ns
[2015-12-01 21:38:26]	印度尼西亚 nsf->ns
[2015-12-01 21:38:26]	伊朗 nsf->ns
[2015-12-01 21:38:26]	伊拉克 nsf->ns
[2015-12-01 21:38:26]	以色列 nsf->ns
[2015-12-01 21:38:26]	意大利 nsf->ns
[2015-12-01 21:38:26]	牙买加 nsf->ns
[2015-12-01 21:38:26]	约旦 nsf->ns
[2015-12-01 21:38:26]	哈萨克斯坦 nsf->ns
[2015-12-01 21:38:26]	肯尼亚 nsf->ns
[2015-12-01 21:38:26]	基里巴斯 nsf->ns
[2015-12-01 21:38:26]	朝鲜 nsf->ns
[2015-12-01 21:38:26]	韩国 nsf->ns
[2015-12-01 21:38:26]	科摩罗 nsf->ns
[2015-12-01 21:38:26]	科威特 nsf->ns
[2015-12-01 21:38:26]	吉尔吉斯斯坦 nsf->ns
[2015-12-01 21:38:26]	开曼群岛 nsf->ns
[2015-12-01 21:38:26]	斯里兰卡 nsf->ns
[2015-12-01 21:38:26]	黎巴嫩 nsf->ns
[2015-12-01 21:38:26]	莱索托 nsf->ns
[2015-12-01 21:38:26]	利比里亚 nsf->ns
[2015-12-01 21:38:26]	利比亚 nsf->ns
[2015-12-01 21:38:26]	列支敦士登 nsf->ns
[2015-12-01 21:38:26]	立陶宛 nsf->ns
[2015-12-01 21:38:26]	卢森堡 nsf->ns
[2015-12-01 21:38:26]	圣卢西亚 nsf->ns
[2015-12-01 21:38:26]	马达加斯加 nsf->ns
[2015-12-01 21:38:26]	马来西亚 nsf->ns
[2015-12-01 21:38:26]	马尔代夫 nsf->ns
[2015-12-01 21:38:26]	马里 nrf->ns
[2015-12-01 21:38:26]	马耳他 nsf->ns
[2015-12-01 21:38:26]	毛里塔尼亚 nsf->ns
[2015-12-01 21:38:26]	毛里求斯 nsf->ns
[2015-12-01 21:38:26]	墨西哥 nsf->ns
[2015-12-01 21:38:26]	摩尔多瓦 nsf->ns
[2015-12-01 21:38:26]	蒙特塞拉特 nsf->ns
[2015-12-01 21:38:26]	摩洛哥 nsf->ns
[2015-12-01 21:38:26]	莫桑比克 nsf->ns
[2015-12-01 21:38:26]	纳米比亚 nsf->ns
[2015-12-01 21:38:26]	瑙鲁 n->ns
[2015-12-01 21:38:26]	荷兰 nsf->ns
[2015-12-01 21:38:26]	尼加拉瓜 nsf->ns
[2015-12-01 21:38:26]	尼日尔 nsf->ns
[2015-12-01 21:38:26]	尼日利亚 nsf->ns
[2015-12-01 21:38:26]	纽埃 n->ns
[2015-12-01 21:38:26]	挪威 nsf->ns
[2015-12-01 21:38:26]	巴基斯坦 nsf->ns
[2015-12-01 21:38:26]	巴拿马 nsf->ns
[2015-12-01 21:38:26]	巴布亚新几内亚 nsf->ns
[2015-12-01 21:38:26]	巴拉圭 nsf->ns
[2015-12-01 21:38:26]	菲律宾 nsf->ns
[2015-12-01 21:38:26]	波兰 nsf->ns
[2015-12-01 21:38:26]	葡萄牙 nsf->ns
[2015-12-01 21:38:26]	波多黎各 nsf->ns
[2015-12-01 21:38:26]	卡塔尔 nsf->ns
[2015-12-01 21:38:26]	罗马尼亚 nsf->ns
[2015-12-01 21:38:26]	罗马尼亚 nsf->ns
[2015-12-01 21:38:26]	卢旺达 nsf->ns
[2015-12-01 21:38:26]	萨尔瓦多 nsf->ns
[2015-12-01 21:38:26]	圣马力诺 nsf->ns
[2015-12-01 21:38:26]	圣多美和普林西比 nsf->ns
[2015-12-01 21:38:26]	沙特阿拉伯 nsf->ns
[2015-12-01 21:38:26]	塞内加尔 nsf->ns
[2015-12-01 21:38:26]	塞舌尔 nsf->ns
[2015-12-01 21:38:26]	塞拉利昂 nsf->ns
[2015-12-01 21:38:26]	斯洛伐克 nsf->ns
[2015-12-01 21:38:26]	斯洛文尼亚 nsf->ns
[2015-12-01 21:38:26]	所罗门群岛 nsf->ns
[2015-12-01 21:38:26]	索马里 nsf->ns
[2015-12-01 21:38:26]	苏丹 nrf->ns
[2015-12-01 21:38:26]	苏里南 nsf->ns
[2015-12-01 21:38:26]	斯威士兰 nsf->ns
[2015-12-01 21:38:26]	瑞典 nsf->ns
[2015-12-01 21:38:26]	叙利亚 nsf->ns
[2015-12-01 21:38:26]	塔吉克斯坦 nsf->ns
[2015-12-01 21:38:26]	坦桑尼亚 nsf->ns
[2015-12-01 21:38:26]	泰国 nsf->ns
[2015-12-01 21:38:26]	多哥 nsf->ns
[2015-12-01 21:38:26]	特立尼达和多巴哥 nz->ns
[2015-12-01 21:38:26]	突尼斯 nsf->ns
[2015-12-01 21:38:26]	土耳其 nsf->ns
[2015-12-01 21:38:26]	东帝汶 n->ns
[2015-12-01 21:38:26]	土库曼斯坦 nsf->ns
[2015-12-01 21:38:26]	图瓦卢 n->ns
[2015-12-01 21:38:26]	乌干达 nsf->ns
[2015-12-01 21:38:26]	乌克兰 nsf->ns
[2015-12-01 21:38:26]	美国 nsf->ns
[2015-12-01 21:38:26]	乌兹别克斯坦 nsf->ns
[2015-12-01 21:38:26]	梵蒂冈 nsf->ns
[2015-12-01 21:38:26]	委内瑞拉 nsf->ns
[2015-12-01 21:38:26]	越南 nsf->ns
[2015-12-01 21:38:26]	西萨摩亚 nsf->ns
[2015-12-01 21:38:26]	南非 nsf->ns
[2015-12-01 21:38:26]	扎伊尔 nsf->ns
[2015-12-01 21:38:26]	赞比亚 nsf->ns
[2015-12-01 21:38:26]	津巴布韦 nsf->ns
[2015-12-01 21:38:26]	亚拉巴马州 nsf->ns
[2015-12-01 21:38:26]	阿拉斯加州 nsf->ns
[2015-12-01 21:38:26]	亚利桑那州 nsf->ns
[2015-12-01 21:38:26]	阿肯色州 nsf->ns
[2015-12-01 21:38:26]	加利福尼亚州 nsf->ns
[2015-12-01 21:38:26]	科罗拉多州 nsf->ns
[2015-12-01 21:38:26]	康涅狄格州 nsf->ns
[2015-12-01 21:38:26]	特拉华州 nsf->ns
[2015-12-01 21:38:26]	佛罗里达州 nsf->ns
[2015-12-01 21:38:26]	佐治亚州 nsf->ns
[2015-12-01 21:38:26]	爱达荷州 nsf->ns
[2015-12-01 21:38:26]	伊利诺伊州 nsf->ns
[2015-12-01 21:38:26]	印第安纳州 nsf->ns
[2015-12-01 21:38:26]	堪萨斯州 nsf->ns
[2015-12-01 21:38:26]	肯塔基州 nsf->ns
[2015-12-01 21:38:26]	路易斯安那州 nsf->ns
[2015-12-01 21:38:26]	缅因州 nsf->ns
[2015-12-01 21:38:26]	马里兰州 nsf->ns
[2015-12-01 21:38:26]	马萨诸塞州 nsf->ns
[2015-12-01 21:38:26]	密歇根州 nsf->ns
[2015-12-01 21:38:26]	明尼苏达州 nsf->ns
[2015-12-01 21:38:26]	密西西比州 nsf->ns
[2015-12-01 21:38:26]	密苏里州 nsf->ns
[2015-12-01 21:38:26]	蒙大拿州 nsf->ns
[2015-12-01 21:38:26]	内华达州 nsf->ns
[2015-12-01 21:38:26]	新罕布什尔州 nsf->ns
[2015-12-01 21:38:26]	新泽西州 nsf->ns
[2015-12-01 21:38:26]	新墨西哥州 nsf->ns
[2015-12-01 21:38:26]	纽约州 nsf->ns
[2015-12-01 21:38:26]	北卡罗来纳州 nsf->ns
[2015-12-01 21:38:26]	北达科他州 nsf->ns
[2015-12-01 21:38:26]	俄亥俄州 nsf->ns
[2015-12-01 21:38:26]	俄克拉何马州 nsf->ns
[2015-12-01 21:38:26]	俄勒冈州 nsf->ns
[2015-12-01 21:38:26]	宾夕法尼亚州 nsf->ns
[2015-12-01 21:38:26]	南达科他州 nsf->ns
[2015-12-01 21:38:26]	田纳西州 nsf->ns
[2015-12-01 21:38:26]	得克萨斯州 nsf->ns
[2015-12-01 21:38:26]	犹他州 nsf->ns
[2015-12-01 21:38:26]	佛蒙特州 nsf->ns
[2015-12-01 21:38:26]	弗吉尼亚州 nsf->ns
[2015-12-01 21:38:26]	华盛顿州 nsf->ns
[2015-12-01 21:38:26]	西弗吉尼亚州 nsf->ns
[2015-12-01 21:38:26]	威斯康星州 nsf->ns
[2015-12-01 21:38:26]	怀俄明州 nsf->ns
[2015-12-01 21:38:26]	华盛顿 nrf->ns
[2015-12-01 21:38:26]	特区 n->ns
[2015-12-01 21:38:26]	华府 n->ns
[2015-12-01 21:38:26]	诺福克 nsf->ns
[2015-12-01 21:38:26]	檀香山 nsf->ns
[2015-12-01 21:38:26]	汉城 nsf->ns
[2015-12-01 21:38:26]	非洲 nsf->ns
[2015-12-01 21:38:26]	北美洲 nsf->ns
[2015-12-01 21:38:26]	南美洲 nsf->ns
[2015-12-01 21:38:26]	南极洲 nsf->ns
[2015-12-01 21:38:26]	大洋洲 nsf->ns
[2015-12-01 21:38:26]	马尼拉 nsf->ns
[2015-12-01 21:38:26]	东京湾 nsf->ns
[2015-12-01 21:38:26]	埃弗里特 nsf->ns
[2015-12-01 21:38:26]	永暑礁 n->ns
[2015-12-01 21:38:26]	阿拉伯海 nsf->ns
[2015-12-01 21:38:26]	阿曼湾 n->ns
[2015-12-01 21:38:26]	阿拉梅达 nsf->ns
[2015-12-01 21:38:26]	冲绳 nsf->ns
[2015-12-01 21:38:26]	冲绳县 nsf->ns
[2015-12-01 21:38:26]	东南亚 nsf->ns
[2015-12-01 21:38:26]	巴勒斯坦 nsf->ns
[2015-12-01 21:38:26]	波罗的海 nsf->ns
[2015-12-01 21:38:26]	俄罗斯 nsf->ns
[2015-12-01 21:38:26]	拉脱维亚 nsf->ns
[2015-12-01 21:38:26]	孟加拉湾 n->ns
[2015-12-01 21:38:26]	俾斯麦海 nsf->ns
[2015-12-01 21:38:26]	切萨皮克湾 nsf->ns
[2015-12-01 21:38:26]	达连湾 nsf->ns
[2015-12-01 21:38:26]	麦克卢尔海峡 nsf->ns
[2015-12-01 21:38:26]	赫卡特海峡 nsf->ns
[2015-12-01 21:38:26]	新几内亚岛 nsf->ns
[2015-12-01 21:38:26]	北海道 nsf->ns
[2015-12-01 21:38:26]	北海道 nsf->ns
[2015-12-01 21:38:26]	九州 n->ns
[2015-12-01 21:38:26]	本州 nsf->ns
[2015-12-01 21:38:26]	出发 vi->event
[2015-12-01 21:38:26]	起航 vi->event
[2015-12-01 21:38:26]	出港 vi->event
[2015-12-01 21:38:26]	离开 v->event
[2015-12-01 21:38:26]	撤出 v->event
[2015-12-01 21:38:26]	途径 n->event
[2015-12-01 21:38:26]	驶过 v->event
[2015-12-01 21:38:26]	通过 p->event
[2015-12-01 21:38:26]	抵达 v->event
[2015-12-01 21:38:26]	到达 v->event
[2015-12-01 21:38:26]	至 d->event
[2015-12-01 21:38:26]	赶到 v->event
[2015-12-01 21:38:26]	停留 vi->event
[2015-12-01 21:38:26]	停靠 v->event
[2015-12-01 21:38:26]	访问 v->event
[2015-12-01 21:38:26]	到访 v->event
[2015-12-01 21:38:26]	返回 v->event
[2015-12-01 21:38:26]	回到 v->event
[2015-12-01 21:38:26]	前往 v->event
[2015-12-01 21:38:26]	开赴 v->event
[2015-12-01 21:38:26]	驶向 v->event
[2015-12-01 21:38:26]	靠近 v->event
[2015-12-01 21:38:26]	在 d->event
[2015-12-01 21:38:26]	出现 v->event
[2015-12-01 21:38:26]	前往 v->event
[2015-12-01 21:38:26]	驶离 v->event
[2015-12-01 21:38:26]	驻扎 v->event
[2015-12-01 21:38:26]	驶入 v->event
[2015-12-01 21:38:26]	北部湾 n->ns
[2015-12-01 21:38:26]	日本 nsf->ns
[2015-12-01 21:38:26]	大西洋 nsf->ns
[2015-12-01 21:38:26]	北冰洋 nsf->ns
[2015-12-01 21:38:26]	印度洋 nsf->ns
[2015-12-01 21:38:26]	白令海 nsf->ns
[2015-12-01 21:38:26]	珊瑚海 nsf->ns
[2015-12-01 21:38:26]	鄂霍次克海 nsf->ns
[2015-12-01 21:38:26]	亚得里亚海 nsf->ns
[2015-12-01 21:38:26]	爱琴海 nsf->ns
[2015-12-01 21:38:26]	比斯开湾 nsf->ns
[2015-12-01 21:38:26]	芬迪湾 nsf->ns
[2015-12-01 21:38:26]	黑海 nsf->ns
[2015-12-01 21:38:26]	戴维斯海峡 nsf->ns
[2015-12-01 21:38:26]	英吉利海峡 nsf->ns
[2015-12-01 21:38:26]	几内亚湾 nsf->ns
[2015-12-01 21:38:26]	墨西哥湾 n->ns
[2015-12-01 21:38:26]	地中海 nsf->ns
[2015-12-01 21:38:26]	挪威海 nsf->ns
[2015-12-01 21:38:26]	亚速海 nsf->ns
[2015-12-01 21:38:26]	巴伦支海 nsf->ns
[2015-12-01 21:38:26]	波弗特海 nsf->ns
[2015-12-01 21:38:26]	白令海峡 nsf->ns
[2015-12-01 21:38:26]	死海 nsf->ns
[2015-12-01 21:38:26]	安道尔 nsf->ns
[2015-12-01 21:38:26]	阿拉伯联合酋长国 nsf->ns
[2015-12-01 21:38:26]	阿富汗 nsf->ns
[2015-12-01 21:38:26]	阿尔巴尼亚 nsf->ns
[2015-12-01 21:38:26]	安哥拉 nsf->ns
[2015-12-01 21:38:26]	安提瓜和巴布达 nsf->ns
[2015-12-01 21:38:26]	阿根廷 nsf->ns
[2015-12-01 21:38:26]	亚美尼亚 nsf->ns
[2015-12-01 21:38:26]	澳大利亚 nsf->ns
[2015-12-01 21:38:26]	奥地利 nsf->ns
[2015-12-01 21:38:26]	阿塞拜疆 nsf->ns
[2015-12-01 21:38:26]	巴哈马 nsf->ns
[2015-12-01 21:38:26]	巴林 nsf->ns
[2015-12-01 21:38:26]	孟加拉国 nsf->ns
[2015-12-01 21:38:26]	巴巴多斯 nsf->ns
[2015-12-01 21:38:26]	白俄罗斯 nsf->ns
[2015-12-01 21:38:26]	伯利兹 nsf->ns
[2015-12-01 21:38:26]	比利时 nsf->ns
[2015-12-01 21:38:26]	贝宁 nsf->ns
[2015-12-01 21:38:26]	百慕大 nsf->ns
[2015-12-01 21:38:26]	不丹 nsf->ns
[2015-12-01 21:38:26]	玻利维亚 nsf->ns
[2015-12-01 21:38:26]	博茨瓦纳 nsf->ns
[2015-12-01 21:38:26]	巴西 nsf->ns
[2015-12-01 21:38:26]	保加利亚 nsf->ns
[2015-12-01 21:38:26]	布基纳法索 nsf->ns
[2015-12-01 21:38:26]	布隆迪 nsf->ns
[2015-12-01 21:38:26]	加拿大 nsf->ns
[2015-12-01 21:38:26]	佛得角 nsf->ns
[2015-12-01 21:38:26]	中非共和国 nsf->ns
[2015-12-01 21:38:26]	智利 nsf->ns
[2015-12-01 21:38:26]	哥伦比亚 nsf->ns
[2015-12-01 21:38:26]	瑞士 nsf->ns
[2015-12-01 21:38:26]	刚果共和国 nsf->ns
[2015-12-01 21:38:26]	哥斯达黎加 nsf->ns
[2015-12-01 21:38:26]	科特迪瓦 nsf->ns
[2015-12-01 21:38:26]	古巴 nsf->ns
[2015-12-01 21:38:26]	塞浦路斯 nsf->ns
[2015-12-01 21:38:26]	捷克 nsf->ns
[2015-12-01 21:38:26]	丹麦 nsf->ns
[2015-12-01 21:38:26]	吉布提 nsf->ns
[2015-12-01 21:38:26]	多米尼加共和国 nsf->ns
[2015-12-01 21:38:26]	德国 nsf->ns
[2015-12-01 21:38:26]	多米尼加 nsf->ns
[2015-12-01 21:38:26]	阿尔及利亚 nsf->ns
[2015-12-01 21:38:26]	厄瓜多尔 nsf->ns
[2015-12-01 21:38:26]	埃及 nsf->ns
[2015-12-01 21:38:26]	西撒哈拉 nsf->ns
[2015-12-01 21:38:26]	西班牙 nsf->ns
[2015-12-01 21:38:26]	爱沙尼亚 nsf->ns
[2015-12-01 21:38:26]	埃塞俄比亚 nsf->ns
[2015-12-01 21:38:26]	芬兰 nsf->ns
[2015-12-01 21:38:26]	法国 nsf->ns
[2015-12-01 21:38:26]	赤道几内亚 nsf->ns
[2015-12-01 21:38:26]	冈比亚 nsf->ns
[2015-12-01 21:38:26]	格鲁吉亚 nsf->ns
[2015-12-01 21:38:26]	加纳 nsf->ns
[2015-12-01 21:38:26]	直布罗陀 nsf->ns
[2015-12-01 21:38:26]	格陵兰 n->ns
[2015-12-01 21:38:26]	格林纳达 n->ns
[2015-12-01 21:38:26]	关岛 nsf->ns
[2015-12-01 21:38:26]	危地马拉 nsf->ns
[2015-12-01 21:38:26]	几内亚 nsf->ns
[2015-12-01 21:38:26]	几内亚比绍 nsf->ns
[2015-12-01 21:38:26]	圭亚那 nsf->ns
[2015-12-01 21:38:26]	克罗地亚 nsf->ns
[2015-12-01 21:38:26]	海地 nsf->ns
[2015-12-01 21:38:26]	洪都拉斯 nsf->ns
[2015-12-01 21:38:26]	匈牙利 nsf->ns
[2015-12-01 21:38:26]	冰岛 nsf->ns
[2015-12-01 21:38:26]	印度 nsf->ns
[2015-12-01 21:38:26]	印度尼西亚 nsf->ns
[2015-12-01 21:38:26]	伊朗 nsf->ns
[2015-12-01 21:38:26]	伊拉克 nsf->ns
[2015-12-01 21:38:26]	以色列 nsf->ns
[2015-12-01 21:38:26]	意大利 nsf->ns
[2015-12-01 21:38:26]	牙买加 nsf->ns
[2015-12-01 21:38:26]	约旦 nsf->ns
[2015-12-01 21:38:26]	哈萨克斯坦 nsf->ns
[2015-12-01 21:38:26]	肯尼亚 nsf->ns
[2015-12-01 21:38:26]	基里巴斯 nsf->ns
[2015-12-01 21:38:26]	朝鲜 nsf->ns
[2015-12-01 21:38:26]	韩国 nsf->ns
[2015-12-01 21:38:26]	科摩罗 nsf->ns
[2015-12-01 21:38:26]	科威特 nsf->ns
[2015-12-01 21:38:26]	吉尔吉斯斯坦 nsf->ns
[2015-12-01 21:38:26]	开曼群岛 nsf->ns
[2015-12-01 21:38:26]	斯里兰卡 nsf->ns
[2015-12-01 21:38:26]	黎巴嫩 nsf->ns
[2015-12-01 21:38:26]	莱索托 nsf->ns
[2015-12-01 21:38:26]	利比里亚 nsf->ns
[2015-12-01 21:38:26]	利比亚 nsf->ns
[2015-12-01 21:38:26]	列支敦士登 nsf->ns
[2015-12-01 21:38:26]	立陶宛 nsf->ns
[2015-12-01 21:38:26]	卢森堡 nsf->ns
[2015-12-01 21:38:26]	圣卢西亚 nsf->ns
[2015-12-01 21:38:26]	马达加斯加 nsf->ns
[2015-12-01 21:38:26]	马来西亚 nsf->ns
[2015-12-01 21:38:26]	马尔代夫 nsf->ns
[2015-12-01 21:38:26]	马里 nrf->ns
[2015-12-01 21:38:26]	马耳他 nsf->ns
[2015-12-01 21:38:26]	毛里塔尼亚 nsf->ns
[2015-12-01 21:38:26]	毛里求斯 nsf->ns
[2015-12-01 21:38:26]	墨西哥 nsf->ns
[2015-12-01 21:38:26]	摩尔多瓦 nsf->ns
[2015-12-01 21:38:26]	蒙特塞拉特 nsf->ns
[2015-12-01 21:38:26]	摩洛哥 nsf->ns
[2015-12-01 21:38:26]	莫桑比克 nsf->ns
[2015-12-01 21:38:26]	纳米比亚 nsf->ns
[2015-12-01 21:38:26]	瑙鲁 n->ns
[2015-12-01 21:38:26]	荷兰 nsf->ns
[2015-12-01 21:38:26]	尼加拉瓜 nsf->ns
[2015-12-01 21:38:26]	尼日尔 nsf->ns
[2015-12-01 21:38:26]	尼日利亚 nsf->ns
[2015-12-01 21:38:26]	纽埃 n->ns
[2015-12-01 21:38:26]	挪威 nsf->ns
[2015-12-01 21:38:26]	巴基斯坦 nsf->ns
[2015-12-01 21:38:26]	巴拿马 nsf->ns
[2015-12-01 21:38:26]	巴布亚新几内亚 nsf->ns
[2015-12-01 21:38:26]	巴拉圭 nsf->ns
[2015-12-01 21:38:26]	菲律宾 nsf->ns
[2015-12-01 21:38:26]	波兰 nsf->ns
[2015-12-01 21:38:26]	葡萄牙 nsf->ns
[2015-12-01 21:38:26]	波多黎各 nsf->ns
[2015-12-01 21:38:26]	卡塔尔 nsf->ns
[2015-12-01 21:38:26]	罗马尼亚 nsf->ns
[2015-12-01 21:38:26]	罗马尼亚 nsf->ns
[2015-12-01 21:38:26]	卢旺达 nsf->ns
[2015-12-01 21:38:26]	萨尔瓦多 nsf->ns
[2015-12-01 21:38:26]	圣马力诺 nsf->ns
[2015-12-01 21:38:26]	圣多美和普林西比 nsf->ns
[2015-12-01 21:38:26]	沙特阿拉伯 nsf->ns
[2015-12-01 21:38:26]	塞内加尔 nsf->ns
[2015-12-01 21:38:26]	塞舌尔 nsf->ns
[2015-12-01 21:38:26]	塞拉利昂 nsf->ns
[2015-12-01 21:38:26]	斯洛伐克 nsf->ns
[2015-12-01 21:38:26]	斯洛文尼亚 nsf->ns
[2015-12-01 21:38:26]	所罗门群岛 nsf->ns
[2015-12-01 21:38:26]	索马里 nsf->ns
[2015-12-01 21:38:26]	苏丹 nrf->ns
[2015-12-01 21:38:26]	苏里南 nsf->ns
[2015-12-01 21:38:26]	斯威士兰 nsf->ns
[2015-12-01 21:38:26]	瑞典 nsf->ns
[2015-12-01 21:38:26]	叙利亚 nsf->ns
[2015-12-01 21:38:26]	塔吉克斯坦 nsf->ns
[2015-12-01 21:38:26]	坦桑尼亚 nsf->ns
[2015-12-01 21:38:26]	泰国 nsf->ns
[2015-12-01 21:38:26]	多哥 nsf->ns
[2015-12-01 21:38:26]	特立尼达和多巴哥 nz->ns
[2015-12-01 21:38:26]	突尼斯 nsf->ns
[2015-12-01 21:38:26]	土耳其 nsf->ns
[2015-12-01 21:38:26]	东帝汶 n->ns
[2015-12-01 21:38:26]	土库曼斯坦 nsf->ns
[2015-12-01 21:38:26]	图瓦卢 n->ns
[2015-12-01 21:38:26]	乌干达 nsf->ns
[2015-12-01 21:38:26]	乌克兰 nsf->ns
[2015-12-01 21:38:26]	美国 nsf->ns
[2015-12-01 21:38:26]	乌兹别克斯坦 nsf->ns
[2015-12-01 21:38:26]	梵蒂冈 nsf->ns
[2015-12-01 21:38:26]	委内瑞拉 nsf->ns
[2015-12-01 21:38:26]	越南 nsf->ns
[2015-12-01 21:38:26]	西萨摩亚 nsf->ns
[2015-12-01 21:38:26]	南非 nsf->ns
[2015-12-01 21:38:26]	扎伊尔 nsf->ns
[2015-12-01 21:38:26]	赞比亚 nsf->ns
[2015-12-01 21:38:26]	津巴布韦 nsf->ns
[2015-12-01 21:38:26]	亚拉巴马州 nsf->ns
[2015-12-01 21:38:26]	阿拉斯加州 nsf->ns
[2015-12-01 21:38:26]	亚利桑那州 nsf->ns
[2015-12-01 21:38:26]	阿肯色州 nsf->ns
[2015-12-01 21:38:26]	加利福尼亚州 nsf->ns
[2015-12-01 21:38:26]	科罗拉多州 nsf->ns
[2015-12-01 21:38:26]	康涅狄格州 nsf->ns
[2015-12-01 21:38:26]	特拉华州 nsf->ns
[2015-12-01 21:38:26]	佛罗里达州 nsf->ns
[2015-12-01 21:38:26]	佐治亚州 nsf->ns
[2015-12-01 21:38:26]	爱达荷州 nsf->ns
[2015-12-01 21:38:26]	伊利诺伊州 nsf->ns
[2015-12-01 21:38:26]	印第安纳州 nsf->ns
[2015-12-01 21:38:26]	堪萨斯州 nsf->ns
[2015-12-01 21:38:26]	肯塔基州 nsf->ns
[2015-12-01 21:38:26]	路易斯安那州 nsf->ns
[2015-12-01 21:38:26]	缅因州 nsf->ns
[2015-12-01 21:38:26]	马里兰州 nsf->ns
[2015-12-01 21:38:26]	马萨诸塞州 nsf->ns
[2015-12-01 21:38:26]	密歇根州 nsf->ns
[2015-12-01 21:38:26]	明尼苏达州 nsf->ns
[2015-12-01 21:38:26]	密西西比州 nsf->ns
[2015-12-01 21:38:26]	密苏里州 nsf->ns
[2015-12-01 21:38:26]	蒙大拿州 nsf->ns
[2015-12-01 21:38:26]	内华达州 nsf->ns
[2015-12-01 21:38:26]	新罕布什尔州 nsf->ns
[2015-12-01 21:38:26]	新泽西州 nsf->ns
[2015-12-01 21:38:26]	新墨西哥州 nsf->ns
[2015-12-01 21:38:26]	纽约州 nsf->ns
[2015-12-01 21:38:26]	北卡罗来纳州 nsf->ns
[2015-12-01 21:38:26]	北达科他州 nsf->ns
[2015-12-01 21:38:26]	俄亥俄州 nsf->ns
[2015-12-01 21:38:26]	俄克拉何马州 nsf->ns
[2015-12-01 21:38:26]	俄勒冈州 nsf->ns
[2015-12-01 21:38:26]	宾夕法尼亚州 nsf->ns
[2015-12-01 21:38:26]	南达科他州 nsf->ns
[2015-12-01 21:38:26]	田纳西州 nsf->ns
[2015-12-01 21:38:26]	得克萨斯州 nsf->ns
[2015-12-01 21:38:26]	犹他州 nsf->ns
[2015-12-01 21:38:26]	佛蒙特州 nsf->ns
[2015-12-01 21:38:26]	弗吉尼亚州 nsf->ns
[2015-12-01 21:38:26]	华盛顿州 nsf->ns
[2015-12-01 21:38:26]	西弗吉尼亚州 nsf->ns
[2015-12-01 21:38:26]	威斯康星州 nsf->ns
[2015-12-01 21:38:26]	怀俄明州 nsf->ns
[2015-12-01 21:38:26]	华盛顿 nrf->ns
[2015-12-01 21:38:26]	特区 n->ns
[2015-12-01 21:38:26]	华府 n->ns
[2015-12-01 21:38:26]	诺福克 nsf->ns
[2015-12-01 21:38:26]	檀香山 nsf->ns
[2015-12-01 21:38:26]	汉城 nsf->ns
[2015-12-01 21:38:26]	非洲 nsf->ns
[2015-12-01 21:38:26]	北美洲 nsf->ns
[2015-12-01 21:38:26]	南美洲 nsf->ns
[2015-12-01 21:38:26]	南极洲 nsf->ns
[2015-12-01 21:38:26]	大洋洲 nsf->ns
[2015-12-01 21:38:26]	马尼拉 nsf->ns
[2015-12-01 21:38:26]	东京湾 nsf->ns
[2015-12-01 21:38:26]	埃弗里特 nsf->ns
[2015-12-01 21:38:26]	永暑礁 n->ns
[2015-12-01 21:38:26]	阿拉伯海 nsf->ns
[2015-12-01 21:38:26]	阿曼湾 n->ns
[2015-12-01 21:38:26]	阿拉梅达 nsf->ns
[2015-12-01 21:38:26]	冲绳 nsf->ns
[2015-12-01 21:38:26]	冲绳县 nsf->ns
[2015-12-01 21:38:26]	东南亚 nsf->ns
[2015-12-01 21:38:26]	巴勒斯坦 nsf->ns
[2015-12-01 21:38:26]	波罗的海 nsf->ns
[2015-12-01 21:38:26]	俄罗斯 nsf->ns
[2015-12-01 21:38:26]	拉脱维亚 nsf->ns
[2015-12-01 21:38:26]	孟加拉湾 n->ns
[2015-12-01 21:38:26]	俾斯麦海 nsf->ns
[2015-12-01 21:38:26]	切萨皮克湾 nsf->ns
[2015-12-01 21:38:26]	达连湾 nsf->ns
[2015-12-01 21:38:26]	麦克卢尔海峡 nsf->ns
[2015-12-01 21:38:26]	赫卡特海峡 nsf->ns
[2015-12-01 21:38:26]	新几内亚岛 nsf->ns
[2015-12-01 21:38:26]	北海道 nsf->ns
[2015-12-01 21:38:26]	北海道 nsf->ns
[2015-12-01 21:38:26]	九州 n->ns
[2015-12-01 21:38:26]	本州 nsf->ns
[2015-12-01 21:38:27]	出发 vi->event
[2015-12-01 21:38:27]	起航 vi->event
[2015-12-01 21:38:27]	出港 vi->event
[2015-12-01 21:38:27]	离开 v->event
[2015-12-01 21:38:27]	撤出 v->event
[2015-12-01 21:38:27]	途径 n->event
[2015-12-01 21:38:27]	驶过 v->event
[2015-12-01 21:38:27]	通过 p->event
[2015-12-01 21:38:27]	抵达 v->event
[2015-12-01 21:38:27]	到达 v->event
[2015-12-01 21:38:27]	至 d->event
[2015-12-01 21:38:27]	赶到 v->event
[2015-12-01 21:38:27]	停留 vi->event
[2015-12-01 21:38:27]	停靠 v->event
[2015-12-01 21:38:27]	访问 v->event
[2015-12-01 21:38:27]	到访 v->event
[2015-12-01 21:38:27]	返回 v->event
[2015-12-01 21:38:27]	回到 v->event
[2015-12-01 21:38:27]	前往 v->event
[2015-12-01 21:38:27]	开赴 v->event
[2015-12-01 21:38:27]	驶向 v->event
[2015-12-01 21:38:27]	靠近 v->event
[2015-12-01 21:38:27]	在 d->event
[2015-12-01 21:38:27]	出现 v->event
[2015-12-01 21:38:27]	前往 v->event
[2015-12-01 21:38:27]	驶离 v->event
[2015-12-01 21:38:27]	驻扎 v->event
[2015-12-01 21:38:27]	驶入 v->event
[2015-12-01 21:38:27]	北部湾 n->ns
[2015-12-01 21:38:27]	日本 nsf->ns
[2015-12-01 21:38:27]	大西洋 nsf->ns
[2015-12-01 21:38:27]	北冰洋 nsf->ns
[2015-12-01 21:38:27]	印度洋 nsf->ns
[2015-12-01 21:38:27]	白令海 nsf->ns
[2015-12-01 21:38:27]	珊瑚海 nsf->ns
[2015-12-01 21:38:27]	鄂霍次克海 nsf->ns
[2015-12-01 21:38:27]	亚得里亚海 nsf->ns
[2015-12-01 21:38:27]	爱琴海 nsf->ns
[2015-12-01 21:38:27]	比斯开湾 nsf->ns
[2015-12-01 21:38:27]	芬迪湾 nsf->ns
[2015-12-01 21:38:27]	黑海 nsf->ns
[2015-12-01 21:38:27]	戴维斯海峡 nsf->ns
[2015-12-01 21:38:27]	英吉利海峡 nsf->ns
[2015-12-01 21:38:27]	几内亚湾 nsf->ns
[2015-12-01 21:38:27]	墨西哥湾 n->ns
[2015-12-01 21:38:27]	地中海 nsf->ns
[2015-12-01 21:38:27]	挪威海 nsf->ns
[2015-12-01 21:38:27]	亚速海 nsf->ns
[2015-12-01 21:38:27]	巴伦支海 nsf->ns
[2015-12-01 21:38:27]	波弗特海 nsf->ns
[2015-12-01 21:38:27]	白令海峡 nsf->ns
[2015-12-01 21:38:27]	死海 nsf->ns
[2015-12-01 21:38:27]	安道尔 nsf->ns
[2015-12-01 21:38:27]	阿拉伯联合酋长国 nsf->ns
[2015-12-01 21:38:27]	阿富汗 nsf->ns
[2015-12-01 21:38:27]	阿尔巴尼亚 nsf->ns
[2015-12-01 21:38:27]	安哥拉 nsf->ns
[2015-12-01 21:38:27]	安提瓜和巴布达 nsf->ns
[2015-12-01 21:38:27]	阿根廷 nsf->ns
[2015-12-01 21:38:27]	亚美尼亚 nsf->ns
[2015-12-01 21:38:27]	澳大利亚 nsf->ns
[2015-12-01 21:38:27]	奥地利 nsf->ns
[2015-12-01 21:38:27]	阿塞拜疆 nsf->ns
[2015-12-01 21:38:27]	巴哈马 nsf->ns
[2015-12-01 21:38:27]	巴林 nsf->ns
[2015-12-01 21:38:27]	孟加拉国 nsf->ns
[2015-12-01 21:38:27]	巴巴多斯 nsf->ns
[2015-12-01 21:38:27]	白俄罗斯 nsf->ns
[2015-12-01 21:38:27]	伯利兹 nsf->ns
[2015-12-01 21:38:27]	比利时 nsf->ns
[2015-12-01 21:38:27]	贝宁 nsf->ns
[2015-12-01 21:38:27]	百慕大 nsf->ns
[2015-12-01 21:38:27]	不丹 nsf->ns
[2015-12-01 21:38:27]	玻利维亚 nsf->ns
[2015-12-01 21:38:27]	博茨瓦纳 nsf->ns
[2015-12-01 21:38:27]	巴西 nsf->ns
[2015-12-01 21:38:27]	保加利亚 nsf->ns
[2015-12-01 21:38:27]	布基纳法索 nsf->ns
[2015-12-01 21:38:27]	布隆迪 nsf->ns
[2015-12-01 21:38:27]	加拿大 nsf->ns
[2015-12-01 21:38:27]	佛得角 nsf->ns
[2015-12-01 21:38:27]	中非共和国 nsf->ns
[2015-12-01 21:38:27]	智利 nsf->ns
[2015-12-01 21:38:27]	哥伦比亚 nsf->ns
[2015-12-01 21:38:27]	瑞士 nsf->ns
[2015-12-01 21:38:27]	刚果共和国 nsf->ns
[2015-12-01 21:38:27]	哥斯达黎加 nsf->ns
[2015-12-01 21:38:27]	科特迪瓦 nsf->ns
[2015-12-01 21:38:27]	古巴 nsf->ns
[2015-12-01 21:38:27]	塞浦路斯 nsf->ns
[2015-12-01 21:38:27]	捷克 nsf->ns
[2015-12-01 21:38:27]	丹麦 nsf->ns
[2015-12-01 21:38:27]	吉布提 nsf->ns
[2015-12-01 21:38:27]	多米尼加共和国 nsf->ns
[2015-12-01 21:38:27]	德国 nsf->ns
[2015-12-01 21:38:27]	多米尼加 nsf->ns
[2015-12-01 21:38:27]	阿尔及利亚 nsf->ns
[2015-12-01 21:38:27]	厄瓜多尔 nsf->ns
[2015-12-01 21:38:27]	埃及 nsf->ns
[2015-12-01 21:38:27]	西撒哈拉 nsf->ns
[2015-12-01 21:38:27]	西班牙 nsf->ns
[2015-12-01 21:38:27]	爱沙尼亚 nsf->ns
[2015-12-01 21:38:27]	埃塞俄比亚 nsf->ns
[2015-12-01 21:38:27]	芬兰 nsf->ns
[2015-12-01 21:38:27]	法国 nsf->ns
[2015-12-01 21:38:27]	赤道几内亚 nsf->ns
[2015-12-01 21:38:27]	冈比亚 nsf->ns
[2015-12-01 21:38:27]	格鲁吉亚 nsf->ns
[2015-12-01 21:38:27]	加纳 nsf->ns
[2015-12-01 21:38:27]	直布罗陀 nsf->ns
[2015-12-01 21:38:27]	格陵兰 n->ns
[2015-12-01 21:38:27]	格林纳达 n->ns
[2015-12-01 21:38:27]	关岛 nsf->ns
[2015-12-01 21:38:27]	危地马拉 nsf->ns
[2015-12-01 21:38:27]	几内亚 nsf->ns
[2015-12-01 21:38:27]	几内亚比绍 nsf->ns
[2015-12-01 21:38:27]	圭亚那 nsf->ns
[2015-12-01 21:38:27]	克罗地亚 nsf->ns
[2015-12-01 21:38:27]	海地 nsf->ns
[2015-12-01 21:38:27]	洪都拉斯 nsf->ns
[2015-12-01 21:38:27]	匈牙利 nsf->ns
[2015-12-01 21:38:27]	冰岛 nsf->ns
[2015-12-01 21:38:27]	印度 nsf->ns
[2015-12-01 21:38:27]	印度尼西亚 nsf->ns
[2015-12-01 21:38:27]	伊朗 nsf->ns
[2015-12-01 21:38:27]	伊拉克 nsf->ns
[2015-12-01 21:38:27]	以色列 nsf->ns
[2015-12-01 21:38:27]	意大利 nsf->ns
[2015-12-01 21:38:27]	牙买加 nsf->ns
[2015-12-01 21:38:27]	约旦 nsf->ns
[2015-12-01 21:38:27]	哈萨克斯坦 nsf->ns
[2015-12-01 21:38:27]	肯尼亚 nsf->ns
[2015-12-01 21:38:27]	基里巴斯 nsf->ns
[2015-12-01 21:38:27]	朝鲜 nsf->ns
[2015-12-01 21:38:27]	韩国 nsf->ns
[2015-12-01 21:38:27]	科摩罗 nsf->ns
[2015-12-01 21:38:27]	科威特 nsf->ns
[2015-12-01 21:38:27]	吉尔吉斯斯坦 nsf->ns
[2015-12-01 21:38:27]	开曼群岛 nsf->ns
[2015-12-01 21:38:27]	斯里兰卡 nsf->ns
[2015-12-01 21:38:27]	黎巴嫩 nsf->ns
[2015-12-01 21:38:27]	莱索托 nsf->ns
[2015-12-01 21:38:27]	利比里亚 nsf->ns
[2015-12-01 21:38:27]	利比亚 nsf->ns
[2015-12-01 21:38:27]	列支敦士登 nsf->ns
[2015-12-01 21:38:27]	立陶宛 nsf->ns
[2015-12-01 21:38:27]	卢森堡 nsf->ns
[2015-12-01 21:38:27]	圣卢西亚 nsf->ns
[2015-12-01 21:38:27]	马达加斯加 nsf->ns
[2015-12-01 21:38:27]	马来西亚 nsf->ns
[2015-12-01 21:38:27]	马尔代夫 nsf->ns
[2015-12-01 21:38:27]	马里 nrf->ns
[2015-12-01 21:38:27]	马耳他 nsf->ns
[2015-12-01 21:38:27]	毛里塔尼亚 nsf->ns
[2015-12-01 21:38:27]	毛里求斯 nsf->ns
[2015-12-01 21:38:27]	墨西哥 nsf->ns
[2015-12-01 21:38:27]	摩尔多瓦 nsf->ns
[2015-12-01 21:38:27]	蒙特塞拉特 nsf->ns
[2015-12-01 21:38:27]	摩洛哥 nsf->ns
[2015-12-01 21:38:27]	莫桑比克 nsf->ns
[2015-12-01 21:38:27]	纳米比亚 nsf->ns
[2015-12-01 21:38:27]	瑙鲁 n->ns
[2015-12-01 21:38:27]	荷兰 nsf->ns
[2015-12-01 21:38:27]	尼加拉瓜 nsf->ns
[2015-12-01 21:38:27]	尼日尔 nsf->ns
[2015-12-01 21:38:27]	尼日利亚 nsf->ns
[2015-12-01 21:38:27]	纽埃 n->ns
[2015-12-01 21:38:27]	挪威 nsf->ns
[2015-12-01 21:38:27]	巴基斯坦 nsf->ns
[2015-12-01 21:38:27]	巴拿马 nsf->ns
[2015-12-01 21:38:27]	巴布亚新几内亚 nsf->ns
[2015-12-01 21:38:27]	巴拉圭 nsf->ns
[2015-12-01 21:38:27]	菲律宾 nsf->ns
[2015-12-01 21:38:27]	波兰 nsf->ns
[2015-12-01 21:38:27]	葡萄牙 nsf->ns
[2015-12-01 21:38:27]	波多黎各 nsf->ns
[2015-12-01 21:38:27]	卡塔尔 nsf->ns
[2015-12-01 21:38:27]	罗马尼亚 nsf->ns
[2015-12-01 21:38:27]	罗马尼亚 nsf->ns
[2015-12-01 21:38:27]	卢旺达 nsf->ns
[2015-12-01 21:38:27]	萨尔瓦多 nsf->ns
[2015-12-01 21:38:27]	圣马力诺 nsf->ns
[2015-12-01 21:38:27]	圣多美和普林西比 nsf->ns
[2015-12-01 21:38:27]	沙特阿拉伯 nsf->ns
[2015-12-01 21:38:27]	塞内加尔 nsf->ns
[2015-12-01 21:38:27]	塞舌尔 nsf->ns
[2015-12-01 21:38:27]	塞拉利昂 nsf->ns
[2015-12-01 21:38:27]	斯洛伐克 nsf->ns
[2015-12-01 21:38:27]	斯洛文尼亚 nsf->ns
[2015-12-01 21:38:27]	所罗门群岛 nsf->ns
[2015-12-01 21:38:27]	索马里 nsf->ns
[2015-12-01 21:38:27]	苏丹 nrf->ns
[2015-12-01 21:38:27]	苏里南 nsf->ns
[2015-12-01 21:38:27]	斯威士兰 nsf->ns
[2015-12-01 21:38:27]	瑞典 nsf->ns
[2015-12-01 21:38:27]	叙利亚 nsf->ns
[2015-12-01 21:38:27]	塔吉克斯坦 nsf->ns
[2015-12-01 21:38:27]	坦桑尼亚 nsf->ns
[2015-12-01 21:38:27]	泰国 nsf->ns
[2015-12-01 21:38:27]	多哥 nsf->ns
[2015-12-01 21:38:27]	特立尼达和多巴哥 nz->ns
[2015-12-01 21:38:27]	突尼斯 nsf->ns
[2015-12-01 21:38:27]	土耳其 nsf->ns
[2015-12-01 21:38:27]	东帝汶 n->ns
[2015-12-01 21:38:27]	土库曼斯坦 nsf->ns
[2015-12-01 21:38:27]	图瓦卢 n->ns
[2015-12-01 21:38:27]	乌干达 nsf->ns
[2015-12-01 21:38:27]	乌克兰 nsf->ns
[2015-12-01 21:38:27]	美国 nsf->ns
[2015-12-01 21:38:27]	乌兹别克斯坦 nsf->ns
[2015-12-01 21:38:27]	梵蒂冈 nsf->ns
[2015-12-01 21:38:27]	委内瑞拉 nsf->ns
[2015-12-01 21:38:27]	越南 nsf->ns
[2015-12-01 21:38:27]	西萨摩亚 nsf->ns
[2015-12-01 21:38:27]	南非 nsf->ns
[2015-12-01 21:38:27]	扎伊尔 nsf->ns
[2015-12-01 21:38:27]	赞比亚 nsf->ns
[2015-12-01 21:38:27]	津巴布韦 nsf->ns
[2015-12-01 21:38:27]	亚拉巴马州 nsf->ns
[2015-12-01 21:38:27]	阿拉斯加州 nsf->ns
[2015-12-01 21:38:27]	亚利桑那州 nsf->ns
[2015-12-01 21:38:27]	阿肯色州 nsf->ns
[2015-12-01 21:38:27]	加利福尼亚州 nsf->ns
[2015-12-01 21:38:27]	科罗拉多州 nsf->ns
[2015-12-01 21:38:27]	康涅狄格州 nsf->ns
[2015-12-01 21:38:27]	特拉华州 nsf->ns
[2015-12-01 21:38:27]	佛罗里达州 nsf->ns
[2015-12-01 21:38:27]	佐治亚州 nsf->ns
[2015-12-01 21:38:27]	爱达荷州 nsf->ns
[2015-12-01 21:38:27]	伊利诺伊州 nsf->ns
[2015-12-01 21:38:27]	印第安纳州 nsf->ns
[2015-12-01 21:38:27]	堪萨斯州 nsf->ns
[2015-12-01 21:38:27]	肯塔基州 nsf->ns
[2015-12-01 21:38:27]	路易斯安那州 nsf->ns
[2015-12-01 21:38:27]	缅因州 nsf->ns
[2015-12-01 21:38:27]	马里兰州 nsf->ns
[2015-12-01 21:38:27]	马萨诸塞州 nsf->ns
[2015-12-01 21:38:27]	密歇根州 nsf->ns
[2015-12-01 21:38:27]	明尼苏达州 nsf->ns
[2015-12-01 21:38:27]	密西西比州 nsf->ns
[2015-12-01 21:38:27]	密苏里州 nsf->ns
[2015-12-01 21:38:27]	蒙大拿州 nsf->ns
[2015-12-01 21:38:27]	内华达州 nsf->ns
[2015-12-01 21:38:27]	新罕布什尔州 nsf->ns
[2015-12-01 21:38:27]	新泽西州 nsf->ns
[2015-12-01 21:38:27]	新墨西哥州 nsf->ns
[2015-12-01 21:38:27]	纽约州 nsf->ns
[2015-12-01 21:38:27]	北卡罗来纳州 nsf->ns
[2015-12-01 21:38:27]	北达科他州 nsf->ns
[2015-12-01 21:38:27]	俄亥俄州 nsf->ns
[2015-12-01 21:38:27]	俄克拉何马州 nsf->ns
[2015-12-01 21:38:27]	俄勒冈州 nsf->ns
[2015-12-01 21:38:27]	宾夕法尼亚州 nsf->ns
[2015-12-01 21:38:27]	南达科他州 nsf->ns
[2015-12-01 21:38:27]	田纳西州 nsf->ns
[2015-12-01 21:38:27]	得克萨斯州 nsf->ns
[2015-12-01 21:38:27]	犹他州 nsf->ns
[2015-12-01 21:38:27]	佛蒙特州 nsf->ns
[2015-12-01 21:38:27]	弗吉尼亚州 nsf->ns
[2015-12-01 21:38:27]	华盛顿州 nsf->ns
[2015-12-01 21:38:27]	西弗吉尼亚州 nsf->ns
[2015-12-01 21:38:27]	威斯康星州 nsf->ns
[2015-12-01 21:38:27]	怀俄明州 nsf->ns
[2015-12-01 21:38:27]	华盛顿 nrf->ns
[2015-12-01 21:38:27]	特区 n->ns
[2015-12-01 21:38:27]	华府 n->ns
[2015-12-01 21:38:27]	诺福克 nsf->ns
[2015-12-01 21:38:27]	檀香山 nsf->ns
[2015-12-01 21:38:27]	汉城 nsf->ns
[2015-12-01 21:38:27]	非洲 nsf->ns
[2015-12-01 21:38:27]	北美洲 nsf->ns
[2015-12-01 21:38:27]	南美洲 nsf->ns
[2015-12-01 21:38:27]	南极洲 nsf->ns
[2015-12-01 21:38:27]	大洋洲 nsf->ns
[2015-12-01 21:38:27]	马尼拉 nsf->ns
[2015-12-01 21:38:27]	东京湾 nsf->ns
[2015-12-01 21:38:27]	埃弗里特 nsf->ns
[2015-12-01 21:38:27]	永暑礁 n->ns
[2015-12-01 21:38:27]	阿拉伯海 nsf->ns
[2015-12-01 21:38:27]	阿曼湾 n->ns
[2015-12-01 21:38:27]	阿拉梅达 nsf->ns
[2015-12-01 21:38:27]	冲绳 nsf->ns
[2015-12-01 21:38:27]	冲绳县 nsf->ns
[2015-12-01 21:38:27]	东南亚 nsf->ns
[2015-12-01 21:38:27]	巴勒斯坦 nsf->ns
[2015-12-01 21:38:27]	波罗的海 nsf->ns
[2015-12-01 21:38:27]	俄罗斯 nsf->ns
[2015-12-01 21:38:27]	拉脱维亚 nsf->ns
[2015-12-01 21:38:27]	孟加拉湾 n->ns
[2015-12-01 21:38:27]	俾斯麦海 nsf->ns
[2015-12-01 21:38:27]	切萨皮克湾 nsf->ns
[2015-12-01 21:38:27]	达连湾 nsf->ns
[2015-12-01 21:38:27]	麦克卢尔海峡 nsf->ns
[2015-12-01 21:38:27]	赫卡特海峡 nsf->ns
[2015-12-01 21:38:27]	新几内亚岛 nsf->ns
[2015-12-01 21:38:27]	北海道 nsf->ns
[2015-12-01 21:38:27]	北海道 nsf->ns
[2015-12-01 21:38:27]	九州 n->ns
[2015-12-01 21:38:27]	本州 nsf->ns
