[2015-10-19 00:01:03]	出发 vi->event
[2015-10-19 00:01:03]	起航 vi->event
[2015-10-19 00:01:03]	出港 vi->event
[2015-10-19 00:01:03]	离开 v->event
[2015-10-19 00:01:03]	撤出 v->event
[2015-10-19 00:01:03]	途径 n->event
[2015-10-19 00:01:03]	驶过 v->event
[2015-10-19 00:01:03]	通过 p->event
[2015-10-19 00:01:03]	抵达 v->event
[2015-10-19 00:01:03]	到达 v->event
[2015-10-19 00:01:03]	至 d->event
[2015-10-19 00:01:03]	赶到 v->event
[2015-10-19 00:01:03]	停留 vi->event
[2015-10-19 00:01:03]	停靠 v->event
[2015-10-19 00:01:03]	访问 v->event
[2015-10-19 00:01:03]	到访 v->event
[2015-10-19 00:01:03]	返回 v->event
[2015-10-19 00:01:03]	回到 v->event
[2015-10-19 00:01:03]	前往 v->event
[2015-10-19 00:01:03]	开赴 v->event
[2015-10-19 00:01:03]	驶向 v->event
[2015-10-19 00:01:03]	靠近 v->event
[2015-10-19 00:01:03]	在 d->event
[2015-10-19 00:01:03]	出现 v->event
[2015-10-19 00:01:22]	出发 vi->event
[2015-10-19 00:01:22]	起航 vi->event
[2015-10-19 00:01:22]	出港 vi->event
[2015-10-19 00:01:22]	离开 v->event
[2015-10-19 00:01:22]	撤出 v->event
[2015-10-19 00:01:22]	途径 n->event
[2015-10-19 00:01:22]	驶过 v->event
[2015-10-19 00:01:22]	通过 p->event
[2015-10-19 00:01:22]	抵达 v->event
[2015-10-19 00:01:22]	到达 v->event
[2015-10-19 00:01:22]	至 d->event
[2015-10-19 00:01:22]	赶到 v->event
[2015-10-19 00:01:22]	停留 vi->event
[2015-10-19 00:01:22]	停靠 v->event
[2015-10-19 00:01:22]	访问 v->event
[2015-10-19 00:01:22]	到访 v->event
[2015-10-19 00:01:22]	返回 v->event
[2015-10-19 00:01:22]	回到 v->event
[2015-10-19 00:01:22]	前往 v->event
[2015-10-19 00:01:22]	开赴 v->event
[2015-10-19 00:01:22]	驶向 v->event
[2015-10-19 00:01:22]	靠近 v->event
[2015-10-19 00:01:22]	在 d->event
[2015-10-19 00:01:22]	出现 v->event
[2015-10-19 00:01:29]	出发 vi->event
[2015-10-19 00:01:29]	起航 vi->event
[2015-10-19 00:01:29]	出港 vi->event
[2015-10-19 00:01:29]	离开 v->event
[2015-10-19 00:01:29]	撤出 v->event
[2015-10-19 00:01:29]	途径 n->event
[2015-10-19 00:01:29]	驶过 v->event
[2015-10-19 00:01:29]	通过 p->event
[2015-10-19 00:01:29]	抵达 v->event
[2015-10-19 00:01:29]	到达 v->event
[2015-10-19 00:01:29]	至 d->event
[2015-10-19 00:01:29]	赶到 v->event
[2015-10-19 00:01:29]	停留 vi->event
[2015-10-19 00:01:29]	停靠 v->event
[2015-10-19 00:01:29]	访问 v->event
[2015-10-19 00:01:29]	到访 v->event
[2015-10-19 00:01:29]	返回 v->event
[2015-10-19 00:01:29]	回到 v->event
[2015-10-19 00:01:29]	前往 v->event
[2015-10-19 00:01:29]	开赴 v->event
[2015-10-19 00:01:29]	驶向 v->event
[2015-10-19 00:01:29]	靠近 v->event
[2015-10-19 00:01:29]	在 d->event
[2015-10-19 00:01:29]	出现 v->event
[2015-10-19 00:03:33]	出发 vi->event
[2015-10-19 00:03:33]	起航 vi->event
[2015-10-19 00:03:33]	出港 vi->event
[2015-10-19 00:03:33]	离开 v->event
[2015-10-19 00:03:33]	撤出 v->event
[2015-10-19 00:03:33]	途径 n->event
[2015-10-19 00:03:33]	驶过 v->event
[2015-10-19 00:03:33]	通过 p->event
[2015-10-19 00:03:33]	抵达 v->event
[2015-10-19 00:03:33]	到达 v->event
[2015-10-19 00:03:33]	至 d->event
[2015-10-19 00:03:33]	赶到 v->event
[2015-10-19 00:03:33]	停留 vi->event
[2015-10-19 00:03:33]	停靠 v->event
[2015-10-19 00:03:33]	访问 v->event
[2015-10-19 00:03:33]	到访 v->event
[2015-10-19 00:03:33]	返回 v->event
[2015-10-19 00:03:33]	回到 v->event
[2015-10-19 00:03:33]	前往 v->event
[2015-10-19 00:03:33]	开赴 v->event
[2015-10-19 00:03:33]	驶向 v->event
[2015-10-19 00:03:33]	靠近 v->event
[2015-10-19 00:03:33]	在 d->event
[2015-10-19 00:03:33]	出现 v->event
[2015-10-19 00:03:38]	出发 vi->event
[2015-10-19 00:03:38]	起航 vi->event
[2015-10-19 00:03:38]	出港 vi->event
[2015-10-19 00:03:38]	离开 v->event
[2015-10-19 00:03:38]	撤出 v->event
[2015-10-19 00:03:38]	途径 n->event
[2015-10-19 00:03:38]	驶过 v->event
[2015-10-19 00:03:38]	通过 p->event
[2015-10-19 00:03:38]	抵达 v->event
[2015-10-19 00:03:38]	到达 v->event
[2015-10-19 00:03:38]	至 d->event
[2015-10-19 00:03:38]	赶到 v->event
[2015-10-19 00:03:38]	停留 vi->event
[2015-10-19 00:03:38]	停靠 v->event
[2015-10-19 00:03:38]	访问 v->event
[2015-10-19 00:03:38]	到访 v->event
[2015-10-19 00:03:38]	返回 v->event
[2015-10-19 00:03:38]	回到 v->event
[2015-10-19 00:03:38]	前往 v->event
[2015-10-19 00:03:38]	开赴 v->event
[2015-10-19 00:03:38]	驶向 v->event
[2015-10-19 00:03:38]	靠近 v->event
[2015-10-19 00:03:38]	在 d->event
[2015-10-19 00:03:38]	出现 v->event
[2015-10-19 00:04:05]	出发 vi->event
[2015-10-19 00:04:05]	起航 vi->event
[2015-10-19 00:04:05]	出港 vi->event
[2015-10-19 00:04:05]	离开 v->event
[2015-10-19 00:04:05]	撤出 v->event
[2015-10-19 00:04:05]	途径 n->event
[2015-10-19 00:04:05]	驶过 v->event
[2015-10-19 00:04:05]	通过 p->event
[2015-10-19 00:04:05]	抵达 v->event
[2015-10-19 00:04:05]	到达 v->event
[2015-10-19 00:04:05]	至 d->event
[2015-10-19 00:04:05]	赶到 v->event
[2015-10-19 00:04:05]	停留 vi->event
[2015-10-19 00:04:05]	停靠 v->event
[2015-10-19 00:04:05]	访问 v->event
[2015-10-19 00:04:05]	到访 v->event
[2015-10-19 00:04:05]	返回 v->event
[2015-10-19 00:04:05]	回到 v->event
[2015-10-19 00:04:05]	前往 v->event
[2015-10-19 00:04:05]	开赴 v->event
[2015-10-19 00:04:05]	驶向 v->event
[2015-10-19 00:04:05]	靠近 v->event
[2015-10-19 00:04:05]	在 d->event
[2015-10-19 00:04:05]	出现 v->event
[2015-10-19 00:04:08]	出发 vi->event
[2015-10-19 00:04:08]	起航 vi->event
[2015-10-19 00:04:08]	出港 vi->event
[2015-10-19 00:04:08]	离开 v->event
[2015-10-19 00:04:08]	撤出 v->event
[2015-10-19 00:04:08]	途径 n->event
[2015-10-19 00:04:08]	驶过 v->event
[2015-10-19 00:04:08]	通过 p->event
[2015-10-19 00:04:08]	抵达 v->event
[2015-10-19 00:04:08]	到达 v->event
[2015-10-19 00:04:08]	至 d->event
[2015-10-19 00:04:08]	赶到 v->event
[2015-10-19 00:04:08]	停留 vi->event
[2015-10-19 00:04:08]	停靠 v->event
[2015-10-19 00:04:08]	访问 v->event
[2015-10-19 00:04:08]	到访 v->event
[2015-10-19 00:04:08]	返回 v->event
[2015-10-19 00:04:08]	回到 v->event
[2015-10-19 00:04:08]	前往 v->event
[2015-10-19 00:04:08]	开赴 v->event
[2015-10-19 00:04:08]	驶向 v->event
[2015-10-19 00:04:08]	靠近 v->event
[2015-10-19 00:04:08]	在 d->event
[2015-10-19 00:04:08]	出现 v->event
[2015-10-19 00:05:27]	出发 vi->event
[2015-10-19 00:05:27]	起航 vi->event
[2015-10-19 00:05:27]	出港 vi->event
[2015-10-19 00:05:27]	离开 v->event
[2015-10-19 00:05:27]	撤出 v->event
[2015-10-19 00:05:27]	途径 n->event
[2015-10-19 00:05:27]	驶过 v->event
[2015-10-19 00:05:27]	通过 p->event
[2015-10-19 00:05:27]	抵达 v->event
[2015-10-19 00:05:27]	到达 v->event
[2015-10-19 00:05:27]	至 d->event
[2015-10-19 00:05:27]	赶到 v->event
[2015-10-19 00:05:27]	停留 vi->event
[2015-10-19 00:05:27]	停靠 v->event
[2015-10-19 00:05:27]	访问 v->event
[2015-10-19 00:05:27]	到访 v->event
[2015-10-19 00:05:27]	返回 v->event
[2015-10-19 00:05:27]	回到 v->event
[2015-10-19 00:05:27]	前往 v->event
[2015-10-19 00:05:27]	开赴 v->event
[2015-10-19 00:05:27]	驶向 v->event
[2015-10-19 00:05:27]	靠近 v->event
[2015-10-19 00:05:27]	在 d->event
[2015-10-19 00:05:27]	出现 v->event
[2015-10-19 00:05:29]	出发 vi->event
[2015-10-19 00:05:29]	起航 vi->event
[2015-10-19 00:05:29]	出港 vi->event
[2015-10-19 00:05:29]	离开 v->event
[2015-10-19 00:05:29]	撤出 v->event
[2015-10-19 00:05:29]	途径 n->event
[2015-10-19 00:05:29]	驶过 v->event
[2015-10-19 00:05:29]	通过 p->event
[2015-10-19 00:05:29]	抵达 v->event
[2015-10-19 00:05:29]	到达 v->event
[2015-10-19 00:05:29]	至 d->event
[2015-10-19 00:05:29]	赶到 v->event
[2015-10-19 00:05:29]	停留 vi->event
[2015-10-19 00:05:29]	停靠 v->event
[2015-10-19 00:05:29]	访问 v->event
[2015-10-19 00:05:29]	到访 v->event
[2015-10-19 00:05:29]	返回 v->event
[2015-10-19 00:05:29]	回到 v->event
[2015-10-19 00:05:29]	前往 v->event
[2015-10-19 00:05:29]	开赴 v->event
[2015-10-19 00:05:29]	驶向 v->event
[2015-10-19 00:05:29]	靠近 v->event
[2015-10-19 00:05:29]	在 d->event
[2015-10-19 00:05:29]	出现 v->event
[2015-10-19 00:06:15]	出发 vi->event
[2015-10-19 00:06:15]	起航 vi->event
[2015-10-19 00:06:15]	出港 vi->event
[2015-10-19 00:06:15]	离开 v->event
[2015-10-19 00:06:15]	撤出 v->event
[2015-10-19 00:06:15]	途径 n->event
[2015-10-19 00:06:15]	驶过 v->event
[2015-10-19 00:06:15]	通过 p->event
[2015-10-19 00:06:15]	抵达 v->event
[2015-10-19 00:06:15]	到达 v->event
[2015-10-19 00:06:15]	至 d->event
[2015-10-19 00:06:15]	赶到 v->event
[2015-10-19 00:06:15]	停留 vi->event
[2015-10-19 00:06:15]	停靠 v->event
[2015-10-19 00:06:15]	访问 v->event
[2015-10-19 00:06:15]	到访 v->event
[2015-10-19 00:06:15]	返回 v->event
[2015-10-19 00:06:15]	回到 v->event
[2015-10-19 00:06:15]	前往 v->event
[2015-10-19 00:06:15]	开赴 v->event
[2015-10-19 00:06:15]	驶向 v->event
[2015-10-19 00:06:15]	靠近 v->event
[2015-10-19 00:06:15]	在 d->event
[2015-10-19 00:06:15]	出现 v->event
[2015-10-19 00:06:16]	出发 vi->event
[2015-10-19 00:06:16]	起航 vi->event
[2015-10-19 00:06:16]	出港 vi->event
[2015-10-19 00:06:16]	离开 v->event
[2015-10-19 00:06:17]	撤出 v->event
[2015-10-19 00:06:17]	途径 n->event
[2015-10-19 00:06:17]	驶过 v->event
[2015-10-19 00:06:17]	通过 p->event
[2015-10-19 00:06:17]	抵达 v->event
[2015-10-19 00:06:17]	到达 v->event
[2015-10-19 00:06:17]	至 d->event
[2015-10-19 00:06:17]	赶到 v->event
[2015-10-19 00:06:17]	停留 vi->event
[2015-10-19 00:06:17]	停靠 v->event
[2015-10-19 00:06:17]	访问 v->event
[2015-10-19 00:06:17]	到访 v->event
[2015-10-19 00:06:17]	返回 v->event
[2015-10-19 00:06:17]	回到 v->event
[2015-10-19 00:06:17]	前往 v->event
[2015-10-19 00:06:17]	开赴 v->event
[2015-10-19 00:06:17]	驶向 v->event
[2015-10-19 00:06:17]	靠近 v->event
[2015-10-19 00:06:17]	在 d->event
[2015-10-19 00:06:17]	出现 v->event
[2015-10-19 00:07:05]	出发 vi->event
[2015-10-19 00:07:05]	起航 vi->event
[2015-10-19 00:07:05]	出港 vi->event
[2015-10-19 00:07:05]	离开 v->event
[2015-10-19 00:07:05]	撤出 v->event
[2015-10-19 00:07:05]	途径 n->event
[2015-10-19 00:07:05]	驶过 v->event
[2015-10-19 00:07:05]	通过 p->event
[2015-10-19 00:07:05]	抵达 v->event
[2015-10-19 00:07:05]	到达 v->event
[2015-10-19 00:07:05]	至 d->event
[2015-10-19 00:07:05]	赶到 v->event
[2015-10-19 00:07:05]	停留 vi->event
[2015-10-19 00:07:05]	停靠 v->event
[2015-10-19 00:07:05]	访问 v->event
[2015-10-19 00:07:05]	到访 v->event
[2015-10-19 00:07:05]	返回 v->event
[2015-10-19 00:07:05]	回到 v->event
[2015-10-19 00:07:05]	前往 v->event
[2015-10-19 00:07:05]	开赴 v->event
[2015-10-19 00:07:05]	驶向 v->event
[2015-10-19 00:07:05]	靠近 v->event
[2015-10-19 00:07:05]	在 d->event
[2015-10-19 00:07:05]	出现 v->event
[2015-10-19 00:07:06]	出发 vi->event
[2015-10-19 00:07:06]	起航 vi->event
[2015-10-19 00:07:06]	出港 vi->event
[2015-10-19 00:07:06]	离开 v->event
[2015-10-19 00:07:06]	撤出 v->event
[2015-10-19 00:07:06]	途径 n->event
[2015-10-19 00:07:06]	驶过 v->event
[2015-10-19 00:07:06]	通过 p->event
[2015-10-19 00:07:06]	抵达 v->event
[2015-10-19 00:07:06]	到达 v->event
[2015-10-19 00:07:06]	至 d->event
[2015-10-19 00:07:06]	赶到 v->event
[2015-10-19 00:07:06]	停留 vi->event
[2015-10-19 00:07:06]	停靠 v->event
[2015-10-19 00:07:06]	访问 v->event
[2015-10-19 00:07:06]	到访 v->event
[2015-10-19 00:07:06]	返回 v->event
[2015-10-19 00:07:06]	回到 v->event
[2015-10-19 00:07:06]	前往 v->event
[2015-10-19 00:07:06]	开赴 v->event
[2015-10-19 00:07:06]	驶向 v->event
[2015-10-19 00:07:06]	靠近 v->event
[2015-10-19 00:07:06]	在 d->event
[2015-10-19 00:07:06]	出现 v->event
[2015-10-19 00:07:32]	出发 vi->event
[2015-10-19 00:07:32]	起航 vi->event
[2015-10-19 00:07:32]	出港 vi->event
[2015-10-19 00:07:32]	离开 v->event
[2015-10-19 00:07:32]	撤出 v->event
[2015-10-19 00:07:32]	途径 n->event
[2015-10-19 00:07:32]	驶过 v->event
[2015-10-19 00:07:32]	通过 p->event
[2015-10-19 00:07:32]	抵达 v->event
[2015-10-19 00:07:32]	到达 v->event
[2015-10-19 00:07:32]	至 d->event
[2015-10-19 00:07:32]	赶到 v->event
[2015-10-19 00:07:32]	停留 vi->event
[2015-10-19 00:07:32]	停靠 v->event
[2015-10-19 00:07:32]	访问 v->event
[2015-10-19 00:07:32]	到访 v->event
[2015-10-19 00:07:32]	返回 v->event
[2015-10-19 00:07:32]	回到 v->event
[2015-10-19 00:07:32]	前往 v->event
[2015-10-19 00:07:32]	开赴 v->event
[2015-10-19 00:07:32]	驶向 v->event
[2015-10-19 00:07:32]	靠近 v->event
[2015-10-19 00:07:32]	在 d->event
[2015-10-19 00:07:32]	出现 v->event
[2015-10-19 00:07:33]	出发 vi->event
[2015-10-19 00:07:33]	起航 vi->event
[2015-10-19 00:07:33]	出港 vi->event
[2015-10-19 00:07:33]	离开 v->event
[2015-10-19 00:07:33]	撤出 v->event
[2015-10-19 00:07:33]	途径 n->event
[2015-10-19 00:07:33]	驶过 v->event
[2015-10-19 00:07:33]	通过 p->event
[2015-10-19 00:07:33]	抵达 v->event
[2015-10-19 00:07:33]	到达 v->event
[2015-10-19 00:07:33]	至 d->event
[2015-10-19 00:07:33]	赶到 v->event
[2015-10-19 00:07:33]	停留 vi->event
[2015-10-19 00:07:33]	停靠 v->event
[2015-10-19 00:07:33]	访问 v->event
[2015-10-19 00:07:33]	到访 v->event
[2015-10-19 00:07:33]	返回 v->event
[2015-10-19 00:07:33]	回到 v->event
[2015-10-19 00:07:33]	前往 v->event
[2015-10-19 00:07:33]	开赴 v->event
[2015-10-19 00:07:33]	驶向 v->event
[2015-10-19 00:07:33]	靠近 v->event
[2015-10-19 00:07:33]	在 d->event
[2015-10-19 00:07:33]	出现 v->event
[2015-10-19 00:07:34]	出发 vi->event
[2015-10-19 00:07:34]	起航 vi->event
[2015-10-19 00:07:34]	出港 vi->event
[2015-10-19 00:07:34]	离开 v->event
[2015-10-19 00:07:34]	撤出 v->event
[2015-10-19 00:07:34]	途径 n->event
[2015-10-19 00:07:34]	驶过 v->event
[2015-10-19 00:07:34]	通过 p->event
[2015-10-19 00:07:34]	抵达 v->event
[2015-10-19 00:07:34]	到达 v->event
[2015-10-19 00:07:34]	至 d->event
[2015-10-19 00:07:34]	赶到 v->event
[2015-10-19 00:07:34]	停留 vi->event
[2015-10-19 00:07:34]	停靠 v->event
[2015-10-19 00:07:34]	访问 v->event
[2015-10-19 00:07:34]	到访 v->event
[2015-10-19 00:07:34]	返回 v->event
[2015-10-19 00:07:34]	回到 v->event
[2015-10-19 00:07:34]	前往 v->event
[2015-10-19 00:07:34]	开赴 v->event
[2015-10-19 00:07:34]	驶向 v->event
[2015-10-19 00:07:34]	靠近 v->event
[2015-10-19 00:07:34]	在 d->event
[2015-10-19 00:07:34]	出现 v->event
[2015-10-19 00:07:35]	出发 vi->event
[2015-10-19 00:07:35]	起航 vi->event
[2015-10-19 00:07:35]	出港 vi->event
[2015-10-19 00:07:35]	离开 v->event
[2015-10-19 00:07:35]	撤出 v->event
[2015-10-19 00:07:35]	途径 n->event
[2015-10-19 00:07:35]	驶过 v->event
[2015-10-19 00:07:35]	通过 p->event
[2015-10-19 00:07:35]	抵达 v->event
[2015-10-19 00:07:35]	到达 v->event
[2015-10-19 00:07:35]	至 d->event
[2015-10-19 00:07:35]	赶到 v->event
[2015-10-19 00:07:35]	停留 vi->event
[2015-10-19 00:07:35]	停靠 v->event
[2015-10-19 00:07:35]	访问 v->event
[2015-10-19 00:07:35]	到访 v->event
[2015-10-19 00:07:35]	返回 v->event
[2015-10-19 00:07:35]	回到 v->event
[2015-10-19 00:07:35]	前往 v->event
[2015-10-19 00:07:35]	开赴 v->event
[2015-10-19 00:07:35]	驶向 v->event
[2015-10-19 00:07:35]	靠近 v->event
[2015-10-19 00:07:35]	在 d->event
[2015-10-19 00:07:35]	出现 v->event
[2015-10-19 00:07:36]	出发 vi->event
[2015-10-19 00:07:36]	起航 vi->event
[2015-10-19 00:07:36]	出港 vi->event
[2015-10-19 00:07:36]	离开 v->event
[2015-10-19 00:07:36]	撤出 v->event
[2015-10-19 00:07:36]	途径 n->event
[2015-10-19 00:07:36]	驶过 v->event
[2015-10-19 00:07:36]	通过 p->event
[2015-10-19 00:07:36]	抵达 v->event
[2015-10-19 00:07:36]	到达 v->event
[2015-10-19 00:07:36]	至 d->event
[2015-10-19 00:07:36]	赶到 v->event
[2015-10-19 00:07:36]	停留 vi->event
[2015-10-19 00:07:36]	停靠 v->event
[2015-10-19 00:07:36]	访问 v->event
[2015-10-19 00:07:36]	到访 v->event
[2015-10-19 00:07:36]	返回 v->event
[2015-10-19 00:07:36]	回到 v->event
[2015-10-19 00:07:36]	前往 v->event
[2015-10-19 00:07:36]	开赴 v->event
[2015-10-19 00:07:36]	驶向 v->event
[2015-10-19 00:07:36]	靠近 v->event
[2015-10-19 00:07:36]	在 d->event
[2015-10-19 00:07:36]	出现 v->event
[2015-10-19 00:08:26]	出发 vi->event
[2015-10-19 00:08:26]	起航 vi->event
[2015-10-19 00:08:26]	出港 vi->event
[2015-10-19 00:08:26]	离开 v->event
[2015-10-19 00:08:26]	撤出 v->event
[2015-10-19 00:08:26]	途径 n->event
[2015-10-19 00:08:26]	驶过 v->event
[2015-10-19 00:08:26]	通过 p->event
[2015-10-19 00:08:26]	抵达 v->event
[2015-10-19 00:08:26]	到达 v->event
[2015-10-19 00:08:26]	至 d->event
[2015-10-19 00:08:26]	赶到 v->event
[2015-10-19 00:08:26]	停留 vi->event
[2015-10-19 00:08:26]	停靠 v->event
[2015-10-19 00:08:26]	访问 v->event
[2015-10-19 00:08:26]	到访 v->event
[2015-10-19 00:08:26]	返回 v->event
[2015-10-19 00:08:26]	回到 v->event
[2015-10-19 00:08:26]	前往 v->event
[2015-10-19 00:08:26]	开赴 v->event
[2015-10-19 00:08:26]	驶向 v->event
[2015-10-19 00:08:26]	靠近 v->event
[2015-10-19 00:08:26]	在 d->event
[2015-10-19 00:08:26]	出现 v->event
[2015-10-19 00:08:27]	出发 vi->event
[2015-10-19 00:08:27]	起航 vi->event
[2015-10-19 00:08:27]	出港 vi->event
[2015-10-19 00:08:27]	离开 v->event
[2015-10-19 00:08:27]	撤出 v->event
[2015-10-19 00:08:27]	途径 n->event
[2015-10-19 00:08:27]	驶过 v->event
[2015-10-19 00:08:27]	通过 p->event
[2015-10-19 00:08:27]	抵达 v->event
[2015-10-19 00:08:27]	到达 v->event
[2015-10-19 00:08:27]	至 d->event
[2015-10-19 00:08:27]	赶到 v->event
[2015-10-19 00:08:27]	停留 vi->event
[2015-10-19 00:08:27]	停靠 v->event
[2015-10-19 00:08:27]	访问 v->event
[2015-10-19 00:08:27]	到访 v->event
[2015-10-19 00:08:27]	返回 v->event
[2015-10-19 00:08:27]	回到 v->event
[2015-10-19 00:08:27]	前往 v->event
[2015-10-19 00:08:27]	开赴 v->event
[2015-10-19 00:08:27]	驶向 v->event
[2015-10-19 00:08:27]	靠近 v->event
[2015-10-19 00:08:27]	在 d->event
[2015-10-19 00:08:27]	出现 v->event
[2015-10-19 00:08:28]	出发 vi->event
[2015-10-19 00:08:28]	起航 vi->event
[2015-10-19 00:08:28]	出港 vi->event
[2015-10-19 00:08:28]	离开 v->event
[2015-10-19 00:08:28]	撤出 v->event
[2015-10-19 00:08:28]	途径 n->event
[2015-10-19 00:08:28]	驶过 v->event
[2015-10-19 00:08:28]	通过 p->event
[2015-10-19 00:08:28]	抵达 v->event
[2015-10-19 00:08:28]	到达 v->event
[2015-10-19 00:08:28]	至 d->event
[2015-10-19 00:08:28]	赶到 v->event
[2015-10-19 00:08:28]	停留 vi->event
[2015-10-19 00:08:28]	停靠 v->event
[2015-10-19 00:08:28]	访问 v->event
[2015-10-19 00:08:28]	到访 v->event
[2015-10-19 00:08:28]	返回 v->event
[2015-10-19 00:08:28]	回到 v->event
[2015-10-19 00:08:28]	前往 v->event
[2015-10-19 00:08:28]	开赴 v->event
[2015-10-19 00:08:28]	驶向 v->event
[2015-10-19 00:08:28]	靠近 v->event
[2015-10-19 00:08:28]	在 d->event
[2015-10-19 00:08:28]	出现 v->event
[2015-10-19 00:08:29]	出发 vi->event
[2015-10-19 00:08:29]	起航 vi->event
[2015-10-19 00:08:29]	出港 vi->event
[2015-10-19 00:08:29]	离开 v->event
[2015-10-19 00:08:29]	撤出 v->event
[2015-10-19 00:08:29]	途径 n->event
[2015-10-19 00:08:29]	驶过 v->event
[2015-10-19 00:08:29]	通过 p->event
[2015-10-19 00:08:29]	抵达 v->event
[2015-10-19 00:08:29]	到达 v->event
[2015-10-19 00:08:29]	至 d->event
[2015-10-19 00:08:29]	赶到 v->event
[2015-10-19 00:08:29]	停留 vi->event
[2015-10-19 00:08:29]	停靠 v->event
[2015-10-19 00:08:29]	访问 v->event
[2015-10-19 00:08:29]	到访 v->event
[2015-10-19 00:08:29]	返回 v->event
[2015-10-19 00:08:29]	回到 v->event
[2015-10-19 00:08:29]	前往 v->event
[2015-10-19 00:08:29]	开赴 v->event
[2015-10-19 00:08:29]	驶向 v->event
[2015-10-19 00:08:29]	靠近 v->event
[2015-10-19 00:08:29]	在 d->event
[2015-10-19 00:08:29]	出现 v->event
[2015-10-19 00:08:50]	出发 vi->event
[2015-10-19 00:08:50]	起航 vi->event
[2015-10-19 00:08:50]	出港 vi->event
[2015-10-19 00:08:50]	离开 v->event
[2015-10-19 00:08:50]	撤出 v->event
[2015-10-19 00:08:50]	途径 n->event
[2015-10-19 00:08:50]	驶过 v->event
[2015-10-19 00:08:50]	通过 p->event
[2015-10-19 00:08:50]	抵达 v->event
[2015-10-19 00:08:50]	到达 v->event
[2015-10-19 00:08:50]	至 d->event
[2015-10-19 00:08:50]	赶到 v->event
[2015-10-19 00:08:50]	停留 vi->event
[2015-10-19 00:08:50]	停靠 v->event
[2015-10-19 00:08:50]	访问 v->event
[2015-10-19 00:08:50]	到访 v->event
[2015-10-19 00:08:50]	返回 v->event
[2015-10-19 00:08:50]	回到 v->event
[2015-10-19 00:08:50]	前往 v->event
[2015-10-19 00:08:50]	开赴 v->event
[2015-10-19 00:08:50]	驶向 v->event
[2015-10-19 00:08:50]	靠近 v->event
[2015-10-19 00:08:50]	在 d->event
[2015-10-19 00:08:50]	出现 v->event
[2015-10-19 00:08:52]	出发 vi->event
[2015-10-19 00:08:52]	起航 vi->event
[2015-10-19 00:08:52]	出港 vi->event
[2015-10-19 00:08:52]	离开 v->event
[2015-10-19 00:08:52]	撤出 v->event
[2015-10-19 00:08:52]	途径 n->event
[2015-10-19 00:08:52]	驶过 v->event
[2015-10-19 00:08:52]	通过 p->event
[2015-10-19 00:08:52]	抵达 v->event
[2015-10-19 00:08:52]	到达 v->event
[2015-10-19 00:08:52]	至 d->event
[2015-10-19 00:08:52]	赶到 v->event
[2015-10-19 00:08:52]	停留 vi->event
[2015-10-19 00:08:52]	停靠 v->event
[2015-10-19 00:08:52]	访问 v->event
[2015-10-19 00:08:52]	到访 v->event
[2015-10-19 00:08:52]	返回 v->event
[2015-10-19 00:08:52]	回到 v->event
[2015-10-19 00:08:52]	前往 v->event
[2015-10-19 00:08:52]	开赴 v->event
[2015-10-19 00:08:52]	驶向 v->event
[2015-10-19 00:08:52]	靠近 v->event
[2015-10-19 00:08:52]	在 d->event
[2015-10-19 00:08:52]	出现 v->event
[2015-10-19 00:08:53]	出发 vi->event
[2015-10-19 00:08:53]	起航 vi->event
[2015-10-19 00:08:53]	出港 vi->event
[2015-10-19 00:08:53]	离开 v->event
[2015-10-19 00:08:53]	撤出 v->event
[2015-10-19 00:08:53]	途径 n->event
[2015-10-19 00:08:53]	驶过 v->event
[2015-10-19 00:08:53]	通过 p->event
[2015-10-19 00:08:53]	抵达 v->event
[2015-10-19 00:08:53]	到达 v->event
[2015-10-19 00:08:53]	至 d->event
[2015-10-19 00:08:53]	赶到 v->event
[2015-10-19 00:08:53]	停留 vi->event
[2015-10-19 00:08:53]	停靠 v->event
[2015-10-19 00:08:53]	访问 v->event
[2015-10-19 00:08:53]	到访 v->event
[2015-10-19 00:08:53]	返回 v->event
[2015-10-19 00:08:53]	回到 v->event
[2015-10-19 00:08:53]	前往 v->event
[2015-10-19 00:08:53]	开赴 v->event
[2015-10-19 00:08:53]	驶向 v->event
[2015-10-19 00:08:53]	靠近 v->event
[2015-10-19 00:08:53]	在 d->event
[2015-10-19 00:08:53]	出现 v->event
[2015-10-19 00:08:53]	出发 vi->event
[2015-10-19 00:08:53]	起航 vi->event
[2015-10-19 00:08:53]	出港 vi->event
[2015-10-19 00:08:53]	离开 v->event
[2015-10-19 00:08:53]	撤出 v->event
[2015-10-19 00:08:53]	途径 n->event
[2015-10-19 00:08:53]	驶过 v->event
[2015-10-19 00:08:53]	通过 p->event
[2015-10-19 00:08:53]	抵达 v->event
[2015-10-19 00:08:53]	到达 v->event
[2015-10-19 00:08:53]	至 d->event
[2015-10-19 00:08:53]	赶到 v->event
[2015-10-19 00:08:53]	停留 vi->event
[2015-10-19 00:08:53]	停靠 v->event
[2015-10-19 00:08:53]	访问 v->event
[2015-10-19 00:08:53]	到访 v->event
[2015-10-19 00:08:53]	返回 v->event
[2015-10-19 00:08:53]	回到 v->event
[2015-10-19 00:08:53]	前往 v->event
[2015-10-19 00:08:53]	开赴 v->event
[2015-10-19 00:08:53]	驶向 v->event
[2015-10-19 00:08:53]	靠近 v->event
[2015-10-19 00:08:53]	在 d->event
[2015-10-19 00:08:53]	出现 v->event
