[2015-10-21 21:26:03]	出发 vi->event
[2015-10-21 21:26:03]	起航 vi->event
[2015-10-21 21:26:03]	出港 vi->event
[2015-10-21 21:26:03]	离开 v->event
[2015-10-21 21:26:03]	撤出 v->event
[2015-10-21 21:26:03]	途径 n->event
[2015-10-21 21:26:03]	驶过 v->event
[2015-10-21 21:26:03]	通过 p->event
[2015-10-21 21:26:03]	抵达 v->event
[2015-10-21 21:26:03]	到达 v->event
[2015-10-21 21:26:03]	至 d->event
[2015-10-21 21:26:03]	赶到 v->event
[2015-10-21 21:26:03]	停留 vi->event
[2015-10-21 21:26:03]	停靠 v->event
[2015-10-21 21:26:03]	访问 v->event
[2015-10-21 21:26:03]	到访 v->event
[2015-10-21 21:26:03]	返回 v->event
[2015-10-21 21:26:03]	回到 v->event
[2015-10-21 21:26:03]	前往 v->event
[2015-10-21 21:26:03]	开赴 v->event
[2015-10-21 21:26:03]	驶向 v->event
[2015-10-21 21:26:03]	靠近 v->event
[2015-10-21 21:26:03]	在 d->event
[2015-10-21 21:26:03]	出现 v->event
[2015-10-21 21:26:03]	前往 v->event
[2015-10-21 21:26:03]	出发 vi->event
[2015-10-21 21:26:03]	起航 vi->event
[2015-10-21 21:26:03]	出港 vi->event
[2015-10-21 21:26:03]	离开 v->event
[2015-10-21 21:26:03]	撤出 v->event
[2015-10-21 21:26:03]	途径 n->event
[2015-10-21 21:26:03]	驶过 v->event
[2015-10-21 21:26:03]	通过 p->event
[2015-10-21 21:26:03]	抵达 v->event
[2015-10-21 21:26:03]	到达 v->event
[2015-10-21 21:26:03]	至 d->event
[2015-10-21 21:26:03]	赶到 v->event
[2015-10-21 21:26:03]	停留 vi->event
[2015-10-21 21:26:03]	停靠 v->event
[2015-10-21 21:26:03]	访问 v->event
[2015-10-21 21:26:03]	到访 v->event
[2015-10-21 21:26:03]	返回 v->event
[2015-10-21 21:26:03]	回到 v->event
[2015-10-21 21:26:03]	前往 v->event
[2015-10-21 21:26:03]	开赴 v->event
[2015-10-21 21:26:03]	驶向 v->event
[2015-10-21 21:26:03]	靠近 v->event
[2015-10-21 21:26:03]	在 d->event
[2015-10-21 21:26:03]	出现 v->event
[2015-10-21 21:26:03]	前往 v->event
[2015-10-21 21:47:28]	出发 vi->event
[2015-10-21 21:47:28]	起航 vi->event
[2015-10-21 21:47:28]	出港 vi->event
[2015-10-21 21:47:28]	离开 v->event
[2015-10-21 21:47:28]	撤出 v->event
[2015-10-21 21:47:28]	途径 n->event
[2015-10-21 21:47:28]	驶过 v->event
[2015-10-21 21:47:28]	通过 p->event
[2015-10-21 21:47:28]	抵达 v->event
[2015-10-21 21:47:28]	到达 v->event
[2015-10-21 21:47:28]	至 d->event
[2015-10-21 21:47:28]	赶到 v->event
[2015-10-21 21:47:28]	停留 vi->event
[2015-10-21 21:47:28]	停靠 v->event
[2015-10-21 21:47:28]	访问 v->event
[2015-10-21 21:47:28]	到访 v->event
[2015-10-21 21:47:28]	返回 v->event
[2015-10-21 21:47:28]	回到 v->event
[2015-10-21 21:47:28]	前往 v->event
[2015-10-21 21:47:28]	开赴 v->event
[2015-10-21 21:47:28]	驶向 v->event
[2015-10-21 21:47:28]	靠近 v->event
[2015-10-21 21:47:28]	在 d->event
[2015-10-21 21:47:28]	出现 v->event
[2015-10-21 21:47:28]	前往 v->event
[2015-10-21 21:47:28]	出发 vi->event
[2015-10-21 21:47:28]	起航 vi->event
[2015-10-21 21:47:28]	出港 vi->event
[2015-10-21 21:47:28]	离开 v->event
[2015-10-21 21:47:28]	撤出 v->event
[2015-10-21 21:47:28]	途径 n->event
[2015-10-21 21:47:28]	驶过 v->event
[2015-10-21 21:47:28]	通过 p->event
[2015-10-21 21:47:28]	抵达 v->event
[2015-10-21 21:47:28]	到达 v->event
[2015-10-21 21:47:28]	至 d->event
[2015-10-21 21:47:28]	赶到 v->event
[2015-10-21 21:47:28]	停留 vi->event
[2015-10-21 21:47:28]	停靠 v->event
[2015-10-21 21:47:28]	访问 v->event
[2015-10-21 21:47:28]	到访 v->event
[2015-10-21 21:47:28]	返回 v->event
[2015-10-21 21:47:28]	回到 v->event
[2015-10-21 21:47:28]	前往 v->event
[2015-10-21 21:47:28]	开赴 v->event
[2015-10-21 21:47:28]	驶向 v->event
[2015-10-21 21:47:28]	靠近 v->event
[2015-10-21 21:47:28]	在 d->event
[2015-10-21 21:47:28]	出现 v->event
[2015-10-21 21:47:28]	前往 v->event
[2015-10-21 21:51:28]	出发 vi->event
[2015-10-21 21:51:28]	起航 vi->event
[2015-10-21 21:51:28]	出港 vi->event
[2015-10-21 21:51:28]	离开 v->event
[2015-10-21 21:51:28]	撤出 v->event
[2015-10-21 21:51:28]	途径 n->event
[2015-10-21 21:51:28]	驶过 v->event
[2015-10-21 21:51:28]	通过 p->event
[2015-10-21 21:51:28]	抵达 v->event
[2015-10-21 21:51:28]	到达 v->event
[2015-10-21 21:51:28]	至 d->event
[2015-10-21 21:51:28]	赶到 v->event
[2015-10-21 21:51:28]	停留 vi->event
[2015-10-21 21:51:28]	停靠 v->event
[2015-10-21 21:51:28]	访问 v->event
[2015-10-21 21:51:28]	到访 v->event
[2015-10-21 21:51:28]	返回 v->event
[2015-10-21 21:51:28]	回到 v->event
[2015-10-21 21:51:28]	前往 v->event
[2015-10-21 21:51:28]	开赴 v->event
[2015-10-21 21:51:28]	驶向 v->event
[2015-10-21 21:51:28]	靠近 v->event
[2015-10-21 21:51:28]	在 d->event
[2015-10-21 21:51:28]	出现 v->event
[2015-10-21 21:51:28]	前往 v->event
[2015-10-21 21:51:28]	出发 vi->event
[2015-10-21 21:51:28]	起航 vi->event
[2015-10-21 21:51:28]	出港 vi->event
[2015-10-21 21:51:28]	离开 v->event
[2015-10-21 21:51:28]	撤出 v->event
[2015-10-21 21:51:28]	途径 n->event
[2015-10-21 21:51:28]	驶过 v->event
[2015-10-21 21:51:28]	通过 p->event
[2015-10-21 21:51:28]	抵达 v->event
[2015-10-21 21:51:28]	到达 v->event
[2015-10-21 21:51:28]	至 d->event
[2015-10-21 21:51:28]	赶到 v->event
[2015-10-21 21:51:28]	停留 vi->event
[2015-10-21 21:51:28]	停靠 v->event
[2015-10-21 21:51:28]	访问 v->event
[2015-10-21 21:51:28]	到访 v->event
[2015-10-21 21:51:28]	返回 v->event
[2015-10-21 21:51:28]	回到 v->event
[2015-10-21 21:51:28]	前往 v->event
[2015-10-21 21:51:28]	开赴 v->event
[2015-10-21 21:51:28]	驶向 v->event
[2015-10-21 21:51:28]	靠近 v->event
[2015-10-21 21:51:28]	在 d->event
[2015-10-21 21:51:28]	出现 v->event
[2015-10-21 21:51:28]	前往 v->event
[2015-10-21 21:52:52]	出发 vi->event
[2015-10-21 21:52:52]	起航 vi->event
[2015-10-21 21:52:52]	出港 vi->event
[2015-10-21 21:52:52]	离开 v->event
[2015-10-21 21:52:52]	撤出 v->event
[2015-10-21 21:52:52]	途径 n->event
[2015-10-21 21:52:52]	驶过 v->event
[2015-10-21 21:52:52]	通过 p->event
[2015-10-21 21:52:52]	抵达 v->event
[2015-10-21 21:52:52]	到达 v->event
[2015-10-21 21:52:52]	至 d->event
[2015-10-21 21:52:52]	赶到 v->event
[2015-10-21 21:52:52]	停留 vi->event
[2015-10-21 21:52:52]	停靠 v->event
[2015-10-21 21:52:52]	访问 v->event
[2015-10-21 21:52:52]	到访 v->event
[2015-10-21 21:52:52]	返回 v->event
[2015-10-21 21:52:52]	回到 v->event
[2015-10-21 21:52:52]	前往 v->event
[2015-10-21 21:52:52]	开赴 v->event
[2015-10-21 21:52:52]	驶向 v->event
[2015-10-21 21:52:52]	靠近 v->event
[2015-10-21 21:52:52]	在 d->event
[2015-10-21 21:52:52]	出现 v->event
[2015-10-21 21:52:52]	前往 v->event
[2015-10-21 21:52:52]	出发 vi->event
[2015-10-21 21:52:52]	起航 vi->event
[2015-10-21 21:52:52]	出港 vi->event
[2015-10-21 21:52:52]	离开 v->event
[2015-10-21 21:52:52]	撤出 v->event
[2015-10-21 21:52:52]	途径 n->event
[2015-10-21 21:52:52]	驶过 v->event
[2015-10-21 21:52:52]	通过 p->event
[2015-10-21 21:52:52]	抵达 v->event
[2015-10-21 21:52:52]	到达 v->event
[2015-10-21 21:52:52]	至 d->event
[2015-10-21 21:52:52]	赶到 v->event
[2015-10-21 21:52:52]	停留 vi->event
[2015-10-21 21:52:52]	停靠 v->event
[2015-10-21 21:52:52]	访问 v->event
[2015-10-21 21:52:52]	到访 v->event
[2015-10-21 21:52:52]	返回 v->event
[2015-10-21 21:52:52]	回到 v->event
[2015-10-21 21:52:52]	前往 v->event
[2015-10-21 21:52:52]	开赴 v->event
[2015-10-21 21:52:52]	驶向 v->event
[2015-10-21 21:52:52]	靠近 v->event
[2015-10-21 21:52:52]	在 d->event
[2015-10-21 21:52:52]	出现 v->event
[2015-10-21 21:52:52]	前往 v->event
[2015-10-21 21:56:09]	出发 vi->event
[2015-10-21 21:56:09]	起航 vi->event
[2015-10-21 21:56:09]	出港 vi->event
[2015-10-21 21:56:09]	离开 v->event
[2015-10-21 21:56:09]	撤出 v->event
[2015-10-21 21:56:09]	途径 n->event
[2015-10-21 21:56:09]	驶过 v->event
[2015-10-21 21:56:09]	通过 p->event
[2015-10-21 21:56:09]	抵达 v->event
[2015-10-21 21:56:09]	到达 v->event
[2015-10-21 21:56:09]	至 d->event
[2015-10-21 21:56:09]	赶到 v->event
[2015-10-21 21:56:09]	停留 vi->event
[2015-10-21 21:56:09]	停靠 v->event
[2015-10-21 21:56:09]	访问 v->event
[2015-10-21 21:56:09]	到访 v->event
[2015-10-21 21:56:09]	返回 v->event
[2015-10-21 21:56:09]	回到 v->event
[2015-10-21 21:56:09]	前往 v->event
[2015-10-21 21:56:09]	开赴 v->event
[2015-10-21 21:56:09]	驶向 v->event
[2015-10-21 21:56:09]	靠近 v->event
[2015-10-21 21:56:09]	在 d->event
[2015-10-21 21:56:09]	出现 v->event
[2015-10-21 21:56:09]	前往 v->event
[2015-10-21 21:56:09]	出发 vi->event
[2015-10-21 21:56:09]	起航 vi->event
[2015-10-21 21:56:09]	出港 vi->event
[2015-10-21 21:56:09]	离开 v->event
[2015-10-21 21:56:09]	撤出 v->event
[2015-10-21 21:56:09]	途径 n->event
[2015-10-21 21:56:09]	驶过 v->event
[2015-10-21 21:56:09]	通过 p->event
[2015-10-21 21:56:09]	抵达 v->event
[2015-10-21 21:56:09]	到达 v->event
[2015-10-21 21:56:09]	至 d->event
[2015-10-21 21:56:09]	赶到 v->event
[2015-10-21 21:56:09]	停留 vi->event
[2015-10-21 21:56:09]	停靠 v->event
[2015-10-21 21:56:09]	访问 v->event
[2015-10-21 21:56:09]	到访 v->event
[2015-10-21 21:56:09]	返回 v->event
[2015-10-21 21:56:09]	回到 v->event
[2015-10-21 21:56:09]	前往 v->event
[2015-10-21 21:56:09]	开赴 v->event
[2015-10-21 21:56:09]	驶向 v->event
[2015-10-21 21:56:09]	靠近 v->event
[2015-10-21 21:56:09]	在 d->event
[2015-10-21 21:56:09]	出现 v->event
[2015-10-21 21:56:09]	前往 v->event
[2015-10-21 21:56:09]	出发 vi->event
[2015-10-21 21:56:09]	起航 vi->event
[2015-10-21 21:56:09]	出港 vi->event
[2015-10-21 21:56:09]	离开 v->event
[2015-10-21 21:56:09]	撤出 v->event
[2015-10-21 21:56:09]	途径 n->event
[2015-10-21 21:56:09]	驶过 v->event
[2015-10-21 21:56:09]	通过 p->event
[2015-10-21 21:56:09]	抵达 v->event
[2015-10-21 21:56:09]	到达 v->event
[2015-10-21 21:56:09]	至 d->event
[2015-10-21 21:56:09]	赶到 v->event
[2015-10-21 21:56:09]	停留 vi->event
[2015-10-21 21:56:09]	停靠 v->event
[2015-10-21 21:56:09]	访问 v->event
[2015-10-21 21:56:09]	到访 v->event
[2015-10-21 21:56:09]	返回 v->event
[2015-10-21 21:56:09]	回到 v->event
[2015-10-21 21:56:09]	前往 v->event
[2015-10-21 21:56:09]	开赴 v->event
[2015-10-21 21:56:09]	驶向 v->event
[2015-10-21 21:56:09]	靠近 v->event
[2015-10-21 21:56:09]	在 d->event
[2015-10-21 21:56:09]	出现 v->event
[2015-10-21 21:56:09]	前往 v->event
[2015-10-21 21:56:09]	出发 vi->event
[2015-10-21 21:56:09]	起航 vi->event
[2015-10-21 21:56:09]	出港 vi->event
[2015-10-21 21:56:09]	离开 v->event
[2015-10-21 21:56:09]	撤出 v->event
[2015-10-21 21:56:09]	途径 n->event
[2015-10-21 21:56:09]	驶过 v->event
[2015-10-21 21:56:09]	通过 p->event
[2015-10-21 21:56:09]	抵达 v->event
[2015-10-21 21:56:09]	到达 v->event
[2015-10-21 21:56:09]	至 d->event
[2015-10-21 21:56:09]	赶到 v->event
[2015-10-21 21:56:09]	停留 vi->event
[2015-10-21 21:56:09]	停靠 v->event
[2015-10-21 21:56:09]	访问 v->event
[2015-10-21 21:56:09]	到访 v->event
[2015-10-21 21:56:09]	返回 v->event
[2015-10-21 21:56:09]	回到 v->event
[2015-10-21 21:56:09]	前往 v->event
[2015-10-21 21:56:09]	开赴 v->event
[2015-10-21 21:56:09]	驶向 v->event
[2015-10-21 21:56:09]	靠近 v->event
[2015-10-21 21:56:09]	在 d->event
[2015-10-21 21:56:09]	出现 v->event
[2015-10-21 21:56:09]	前往 v->event
[2015-10-21 21:56:20]	出发 vi->event
[2015-10-21 21:56:20]	起航 vi->event
[2015-10-21 21:56:20]	出港 vi->event
[2015-10-21 21:56:20]	离开 v->event
[2015-10-21 21:56:20]	撤出 v->event
[2015-10-21 21:56:20]	途径 n->event
[2015-10-21 21:56:20]	驶过 v->event
[2015-10-21 21:56:20]	通过 p->event
[2015-10-21 21:56:20]	抵达 v->event
[2015-10-21 21:56:20]	到达 v->event
[2015-10-21 21:56:20]	至 d->event
[2015-10-21 21:56:20]	赶到 v->event
[2015-10-21 21:56:20]	停留 vi->event
[2015-10-21 21:56:20]	停靠 v->event
[2015-10-21 21:56:20]	访问 v->event
[2015-10-21 21:56:20]	到访 v->event
[2015-10-21 21:56:20]	返回 v->event
[2015-10-21 21:56:20]	回到 v->event
[2015-10-21 21:56:20]	前往 v->event
[2015-10-21 21:56:20]	开赴 v->event
[2015-10-21 21:56:20]	驶向 v->event
[2015-10-21 21:56:20]	靠近 v->event
[2015-10-21 21:56:20]	在 d->event
[2015-10-21 21:56:20]	出现 v->event
[2015-10-21 21:56:20]	前往 v->event
[2015-10-21 21:56:20]	出发 vi->event
[2015-10-21 21:56:20]	起航 vi->event
[2015-10-21 21:56:20]	出港 vi->event
[2015-10-21 21:56:20]	离开 v->event
[2015-10-21 21:56:20]	撤出 v->event
[2015-10-21 21:56:20]	途径 n->event
[2015-10-21 21:56:20]	驶过 v->event
[2015-10-21 21:56:20]	通过 p->event
[2015-10-21 21:56:20]	抵达 v->event
[2015-10-21 21:56:20]	到达 v->event
[2015-10-21 21:56:20]	至 d->event
[2015-10-21 21:56:20]	赶到 v->event
[2015-10-21 21:56:20]	停留 vi->event
[2015-10-21 21:56:20]	停靠 v->event
[2015-10-21 21:56:20]	访问 v->event
[2015-10-21 21:56:20]	到访 v->event
[2015-10-21 21:56:20]	返回 v->event
[2015-10-21 21:56:20]	回到 v->event
[2015-10-21 21:56:20]	前往 v->event
[2015-10-21 21:56:20]	开赴 v->event
[2015-10-21 21:56:20]	驶向 v->event
[2015-10-21 21:56:20]	靠近 v->event
[2015-10-21 21:56:20]	在 d->event
[2015-10-21 21:56:20]	出现 v->event
[2015-10-21 21:56:20]	前往 v->event
[2015-10-21 21:56:20]	出发 vi->event
[2015-10-21 21:56:20]	起航 vi->event
[2015-10-21 21:56:20]	出港 vi->event
[2015-10-21 21:56:20]	离开 v->event
[2015-10-21 21:56:20]	撤出 v->event
[2015-10-21 21:56:20]	途径 n->event
[2015-10-21 21:56:20]	驶过 v->event
[2015-10-21 21:56:20]	通过 p->event
[2015-10-21 21:56:20]	抵达 v->event
[2015-10-21 21:56:20]	到达 v->event
[2015-10-21 21:56:20]	至 d->event
[2015-10-21 21:56:20]	赶到 v->event
[2015-10-21 21:56:20]	停留 vi->event
[2015-10-21 21:56:20]	停靠 v->event
[2015-10-21 21:56:20]	访问 v->event
[2015-10-21 21:56:20]	到访 v->event
[2015-10-21 21:56:20]	返回 v->event
[2015-10-21 21:56:20]	回到 v->event
[2015-10-21 21:56:20]	前往 v->event
[2015-10-21 21:56:20]	开赴 v->event
[2015-10-21 21:56:20]	驶向 v->event
[2015-10-21 21:56:20]	靠近 v->event
[2015-10-21 21:56:20]	在 d->event
[2015-10-21 21:56:20]	出现 v->event
[2015-10-21 21:56:20]	前往 v->event
[2015-10-21 21:56:20]	出发 vi->event
[2015-10-21 21:56:20]	起航 vi->event
[2015-10-21 21:56:20]	出港 vi->event
[2015-10-21 21:56:20]	离开 v->event
[2015-10-21 21:56:20]	撤出 v->event
[2015-10-21 21:56:20]	途径 n->event
[2015-10-21 21:56:20]	驶过 v->event
[2015-10-21 21:56:20]	通过 p->event
[2015-10-21 21:56:20]	抵达 v->event
[2015-10-21 21:56:20]	到达 v->event
[2015-10-21 21:56:20]	至 d->event
[2015-10-21 21:56:20]	赶到 v->event
[2015-10-21 21:56:20]	停留 vi->event
[2015-10-21 21:56:20]	停靠 v->event
[2015-10-21 21:56:20]	访问 v->event
[2015-10-21 21:56:20]	到访 v->event
[2015-10-21 21:56:20]	返回 v->event
[2015-10-21 21:56:20]	回到 v->event
[2015-10-21 21:56:20]	前往 v->event
[2015-10-21 21:56:20]	开赴 v->event
[2015-10-21 21:56:20]	驶向 v->event
[2015-10-21 21:56:20]	靠近 v->event
[2015-10-21 21:56:20]	在 d->event
[2015-10-21 21:56:20]	出现 v->event
[2015-10-21 21:56:20]	前往 v->event
[2015-10-21 21:58:06]	出发 vi->event
[2015-10-21 21:58:06]	起航 vi->event
[2015-10-21 21:58:06]	出港 vi->event
[2015-10-21 21:58:06]	离开 v->event
[2015-10-21 21:58:06]	撤出 v->event
[2015-10-21 21:58:06]	途径 n->event
[2015-10-21 21:58:06]	驶过 v->event
[2015-10-21 21:58:06]	通过 p->event
[2015-10-21 21:58:06]	抵达 v->event
[2015-10-21 21:58:06]	到达 v->event
[2015-10-21 21:58:06]	至 d->event
[2015-10-21 21:58:06]	赶到 v->event
[2015-10-21 21:58:06]	停留 vi->event
[2015-10-21 21:58:06]	停靠 v->event
[2015-10-21 21:58:06]	访问 v->event
[2015-10-21 21:58:06]	到访 v->event
[2015-10-21 21:58:06]	返回 v->event
[2015-10-21 21:58:06]	回到 v->event
[2015-10-21 21:58:06]	前往 v->event
[2015-10-21 21:58:06]	开赴 v->event
[2015-10-21 21:58:06]	驶向 v->event
[2015-10-21 21:58:06]	靠近 v->event
[2015-10-21 21:58:06]	在 d->event
[2015-10-21 21:58:06]	出现 v->event
[2015-10-21 21:58:06]	前往 v->event
[2015-10-21 21:58:06]	出发 vi->event
[2015-10-21 21:58:06]	起航 vi->event
[2015-10-21 21:58:06]	出港 vi->event
[2015-10-21 21:58:06]	离开 v->event
[2015-10-21 21:58:06]	撤出 v->event
[2015-10-21 21:58:06]	途径 n->event
[2015-10-21 21:58:06]	驶过 v->event
[2015-10-21 21:58:06]	通过 p->event
[2015-10-21 21:58:06]	抵达 v->event
[2015-10-21 21:58:06]	到达 v->event
[2015-10-21 21:58:06]	至 d->event
[2015-10-21 21:58:06]	赶到 v->event
[2015-10-21 21:58:06]	停留 vi->event
[2015-10-21 21:58:06]	停靠 v->event
[2015-10-21 21:58:06]	访问 v->event
[2015-10-21 21:58:06]	到访 v->event
[2015-10-21 21:58:06]	返回 v->event
[2015-10-21 21:58:06]	回到 v->event
[2015-10-21 21:58:06]	前往 v->event
[2015-10-21 21:58:06]	开赴 v->event
[2015-10-21 21:58:06]	驶向 v->event
[2015-10-21 21:58:06]	靠近 v->event
[2015-10-21 21:58:06]	在 d->event
[2015-10-21 21:58:06]	出现 v->event
[2015-10-21 21:58:06]	前往 v->event
[2015-10-21 21:58:25]	出发 vi->event
[2015-10-21 21:58:25]	起航 vi->event
[2015-10-21 21:58:25]	出港 vi->event
[2015-10-21 21:58:25]	离开 v->event
[2015-10-21 21:58:25]	撤出 v->event
[2015-10-21 21:58:25]	途径 n->event
[2015-10-21 21:58:25]	驶过 v->event
[2015-10-21 21:58:25]	通过 p->event
[2015-10-21 21:58:25]	抵达 v->event
[2015-10-21 21:58:25]	到达 v->event
[2015-10-21 21:58:25]	至 d->event
[2015-10-21 21:58:25]	赶到 v->event
[2015-10-21 21:58:25]	停留 vi->event
[2015-10-21 21:58:25]	停靠 v->event
[2015-10-21 21:58:25]	访问 v->event
[2015-10-21 21:58:25]	到访 v->event
[2015-10-21 21:58:25]	返回 v->event
[2015-10-21 21:58:25]	回到 v->event
[2015-10-21 21:58:25]	前往 v->event
[2015-10-21 21:58:25]	开赴 v->event
[2015-10-21 21:58:25]	驶向 v->event
[2015-10-21 21:58:25]	靠近 v->event
[2015-10-21 21:58:25]	在 d->event
[2015-10-21 21:58:25]	出现 v->event
[2015-10-21 21:58:25]	前往 v->event
[2015-10-21 21:58:25]	出发 vi->event
[2015-10-21 21:58:25]	起航 vi->event
[2015-10-21 21:58:25]	出港 vi->event
[2015-10-21 21:58:25]	离开 v->event
[2015-10-21 21:58:25]	撤出 v->event
[2015-10-21 21:58:25]	途径 n->event
[2015-10-21 21:58:25]	驶过 v->event
[2015-10-21 21:58:25]	通过 p->event
[2015-10-21 21:58:25]	抵达 v->event
[2015-10-21 21:58:25]	到达 v->event
[2015-10-21 21:58:25]	至 d->event
[2015-10-21 21:58:25]	赶到 v->event
[2015-10-21 21:58:25]	停留 vi->event
[2015-10-21 21:58:25]	停靠 v->event
[2015-10-21 21:58:25]	访问 v->event
[2015-10-21 21:58:25]	到访 v->event
[2015-10-21 21:58:25]	返回 v->event
[2015-10-21 21:58:25]	回到 v->event
[2015-10-21 21:58:25]	前往 v->event
[2015-10-21 21:58:25]	开赴 v->event
[2015-10-21 21:58:25]	驶向 v->event
[2015-10-21 21:58:25]	靠近 v->event
[2015-10-21 21:58:25]	在 d->event
[2015-10-21 21:58:25]	出现 v->event
[2015-10-21 21:58:25]	前往 v->event
[2015-10-21 21:58:25]	出发 vi->event
[2015-10-21 21:58:25]	起航 vi->event
[2015-10-21 21:58:25]	出港 vi->event
[2015-10-21 21:58:25]	离开 v->event
[2015-10-21 21:58:25]	撤出 v->event
[2015-10-21 21:58:25]	途径 n->event
[2015-10-21 21:58:25]	驶过 v->event
[2015-10-21 21:58:25]	通过 p->event
[2015-10-21 21:58:25]	抵达 v->event
[2015-10-21 21:58:25]	到达 v->event
[2015-10-21 21:58:25]	至 d->event
[2015-10-21 21:58:25]	赶到 v->event
[2015-10-21 21:58:25]	停留 vi->event
[2015-10-21 21:58:25]	停靠 v->event
[2015-10-21 21:58:25]	访问 v->event
[2015-10-21 21:58:25]	到访 v->event
[2015-10-21 21:58:25]	返回 v->event
[2015-10-21 21:58:25]	回到 v->event
[2015-10-21 21:58:25]	前往 v->event
[2015-10-21 21:58:25]	开赴 v->event
[2015-10-21 21:58:25]	驶向 v->event
[2015-10-21 21:58:25]	靠近 v->event
[2015-10-21 21:58:25]	在 d->event
[2015-10-21 21:58:25]	出现 v->event
[2015-10-21 21:58:25]	前往 v->event
[2015-10-21 21:58:25]	出发 vi->event
[2015-10-21 21:58:25]	起航 vi->event
[2015-10-21 21:58:25]	出港 vi->event
[2015-10-21 21:58:25]	离开 v->event
[2015-10-21 21:58:25]	撤出 v->event
[2015-10-21 21:58:25]	途径 n->event
[2015-10-21 21:58:25]	驶过 v->event
[2015-10-21 21:58:25]	通过 p->event
[2015-10-21 21:58:25]	抵达 v->event
[2015-10-21 21:58:25]	到达 v->event
[2015-10-21 21:58:25]	至 d->event
[2015-10-21 21:58:25]	赶到 v->event
[2015-10-21 21:58:25]	停留 vi->event
[2015-10-21 21:58:25]	停靠 v->event
[2015-10-21 21:58:25]	访问 v->event
[2015-10-21 21:58:25]	到访 v->event
[2015-10-21 21:58:25]	返回 v->event
[2015-10-21 21:58:25]	回到 v->event
[2015-10-21 21:58:25]	前往 v->event
[2015-10-21 21:58:25]	开赴 v->event
[2015-10-21 21:58:25]	驶向 v->event
[2015-10-21 21:58:25]	靠近 v->event
[2015-10-21 21:58:25]	在 d->event
[2015-10-21 21:58:25]	出现 v->event
[2015-10-21 21:58:25]	前往 v->event
[2015-10-21 22:01:30]	出发 vi->event
[2015-10-21 22:01:30]	起航 vi->event
[2015-10-21 22:01:30]	出港 vi->event
[2015-10-21 22:01:30]	离开 v->event
[2015-10-21 22:01:30]	撤出 v->event
[2015-10-21 22:01:30]	途径 n->event
[2015-10-21 22:01:30]	驶过 v->event
[2015-10-21 22:01:30]	通过 p->event
[2015-10-21 22:01:30]	抵达 v->event
[2015-10-21 22:01:30]	到达 v->event
[2015-10-21 22:01:30]	至 d->event
[2015-10-21 22:01:30]	赶到 v->event
[2015-10-21 22:01:30]	停留 vi->event
[2015-10-21 22:01:30]	停靠 v->event
[2015-10-21 22:01:30]	访问 v->event
[2015-10-21 22:01:30]	到访 v->event
[2015-10-21 22:01:30]	返回 v->event
[2015-10-21 22:01:30]	回到 v->event
[2015-10-21 22:01:30]	前往 v->event
[2015-10-21 22:01:30]	开赴 v->event
[2015-10-21 22:01:30]	驶向 v->event
[2015-10-21 22:01:30]	靠近 v->event
[2015-10-21 22:01:30]	在 d->event
[2015-10-21 22:01:30]	出现 v->event
[2015-10-21 22:01:30]	前往 v->event
[2015-10-21 22:01:30]	出发 vi->event
[2015-10-21 22:01:30]	起航 vi->event
[2015-10-21 22:01:30]	出港 vi->event
[2015-10-21 22:01:30]	离开 v->event
[2015-10-21 22:01:30]	撤出 v->event
[2015-10-21 22:01:30]	途径 n->event
[2015-10-21 22:01:30]	驶过 v->event
[2015-10-21 22:01:30]	通过 p->event
[2015-10-21 22:01:30]	抵达 v->event
[2015-10-21 22:01:30]	到达 v->event
[2015-10-21 22:01:30]	至 d->event
[2015-10-21 22:01:30]	赶到 v->event
[2015-10-21 22:01:30]	停留 vi->event
[2015-10-21 22:01:30]	停靠 v->event
[2015-10-21 22:01:30]	访问 v->event
[2015-10-21 22:01:30]	到访 v->event
[2015-10-21 22:01:30]	返回 v->event
[2015-10-21 22:01:30]	回到 v->event
[2015-10-21 22:01:30]	前往 v->event
[2015-10-21 22:01:30]	开赴 v->event
[2015-10-21 22:01:30]	驶向 v->event
[2015-10-21 22:01:30]	靠近 v->event
[2015-10-21 22:01:30]	在 d->event
[2015-10-21 22:01:30]	出现 v->event
[2015-10-21 22:01:30]	前往 v->event
[2015-10-21 22:02:30]	出发 vi->event
[2015-10-21 22:02:30]	起航 vi->event
[2015-10-21 22:02:30]	出港 vi->event
[2015-10-21 22:02:30]	离开 v->event
[2015-10-21 22:02:30]	撤出 v->event
[2015-10-21 22:02:30]	途径 n->event
[2015-10-21 22:02:30]	驶过 v->event
[2015-10-21 22:02:30]	通过 p->event
[2015-10-21 22:02:30]	抵达 v->event
[2015-10-21 22:02:30]	到达 v->event
[2015-10-21 22:02:30]	至 d->event
[2015-10-21 22:02:30]	赶到 v->event
[2015-10-21 22:02:30]	停留 vi->event
[2015-10-21 22:02:30]	停靠 v->event
[2015-10-21 22:02:30]	访问 v->event
[2015-10-21 22:02:30]	到访 v->event
[2015-10-21 22:02:30]	返回 v->event
[2015-10-21 22:02:30]	回到 v->event
[2015-10-21 22:02:30]	前往 v->event
[2015-10-21 22:02:30]	开赴 v->event
[2015-10-21 22:02:30]	驶向 v->event
[2015-10-21 22:02:30]	靠近 v->event
[2015-10-21 22:02:30]	在 d->event
[2015-10-21 22:02:30]	出现 v->event
[2015-10-21 22:02:30]	前往 v->event
[2015-10-21 22:02:30]	出发 vi->event
[2015-10-21 22:02:30]	起航 vi->event
[2015-10-21 22:02:30]	出港 vi->event
[2015-10-21 22:02:30]	离开 v->event
[2015-10-21 22:02:30]	撤出 v->event
[2015-10-21 22:02:30]	途径 n->event
[2015-10-21 22:02:30]	驶过 v->event
[2015-10-21 22:02:30]	通过 p->event
[2015-10-21 22:02:30]	抵达 v->event
[2015-10-21 22:02:30]	到达 v->event
[2015-10-21 22:02:30]	至 d->event
[2015-10-21 22:02:30]	赶到 v->event
[2015-10-21 22:02:30]	停留 vi->event
[2015-10-21 22:02:30]	停靠 v->event
[2015-10-21 22:02:30]	访问 v->event
[2015-10-21 22:02:30]	到访 v->event
[2015-10-21 22:02:30]	返回 v->event
[2015-10-21 22:02:30]	回到 v->event
[2015-10-21 22:02:30]	前往 v->event
[2015-10-21 22:02:30]	开赴 v->event
[2015-10-21 22:02:30]	驶向 v->event
[2015-10-21 22:02:30]	靠近 v->event
[2015-10-21 22:02:30]	在 d->event
[2015-10-21 22:02:30]	出现 v->event
[2015-10-21 22:02:30]	前往 v->event
[2015-10-21 23:44:20]	出发 vi->event
[2015-10-21 23:44:20]	起航 vi->event
[2015-10-21 23:44:20]	出港 vi->event
[2015-10-21 23:44:20]	离开 v->event
[2015-10-21 23:44:20]	撤出 v->event
[2015-10-21 23:44:20]	途径 n->event
[2015-10-21 23:44:20]	驶过 v->event
[2015-10-21 23:44:20]	通过 p->event
[2015-10-21 23:44:20]	抵达 v->event
[2015-10-21 23:44:20]	到达 v->event
[2015-10-21 23:44:20]	至 d->event
[2015-10-21 23:44:20]	赶到 v->event
[2015-10-21 23:44:20]	停留 vi->event
[2015-10-21 23:44:20]	停靠 v->event
[2015-10-21 23:44:20]	访问 v->event
[2015-10-21 23:44:20]	到访 v->event
[2015-10-21 23:44:20]	返回 v->event
[2015-10-21 23:44:20]	回到 v->event
[2015-10-21 23:44:20]	前往 v->event
[2015-10-21 23:44:20]	开赴 v->event
[2015-10-21 23:44:20]	驶向 v->event
[2015-10-21 23:44:20]	靠近 v->event
[2015-10-21 23:44:20]	在 d->event
[2015-10-21 23:44:20]	出现 v->event
[2015-10-21 23:44:20]	前往 v->event
[2015-10-21 23:46:23]	出发 vi->event
[2015-10-21 23:46:23]	起航 vi->event
[2015-10-21 23:46:23]	出港 vi->event
[2015-10-21 23:46:23]	离开 v->event
[2015-10-21 23:46:23]	撤出 v->event
[2015-10-21 23:46:23]	途径 n->event
[2015-10-21 23:46:23]	驶过 v->event
[2015-10-21 23:46:23]	通过 p->event
[2015-10-21 23:46:23]	抵达 v->event
[2015-10-21 23:46:23]	到达 v->event
[2015-10-21 23:46:23]	至 d->event
[2015-10-21 23:46:23]	赶到 v->event
[2015-10-21 23:46:23]	停留 vi->event
[2015-10-21 23:46:23]	停靠 v->event
[2015-10-21 23:46:23]	访问 v->event
[2015-10-21 23:46:23]	到访 v->event
[2015-10-21 23:46:23]	返回 v->event
[2015-10-21 23:46:23]	回到 v->event
[2015-10-21 23:46:23]	前往 v->event
[2015-10-21 23:46:23]	开赴 v->event
[2015-10-21 23:46:23]	驶向 v->event
[2015-10-21 23:46:23]	靠近 v->event
[2015-10-21 23:46:23]	在 d->event
[2015-10-21 23:46:23]	出现 v->event
[2015-10-21 23:46:23]	前往 v->event
[2015-10-21 23:46:23]	出发 vi->event
[2015-10-21 23:46:23]	起航 vi->event
[2015-10-21 23:46:23]	出港 vi->event
[2015-10-21 23:46:23]	离开 v->event
[2015-10-21 23:46:23]	撤出 v->event
[2015-10-21 23:46:23]	途径 n->event
[2015-10-21 23:46:23]	驶过 v->event
[2015-10-21 23:46:23]	通过 p->event
[2015-10-21 23:46:23]	抵达 v->event
[2015-10-21 23:46:23]	到达 v->event
[2015-10-21 23:46:23]	至 d->event
[2015-10-21 23:46:23]	赶到 v->event
[2015-10-21 23:46:23]	停留 vi->event
[2015-10-21 23:46:23]	停靠 v->event
[2015-10-21 23:46:23]	访问 v->event
[2015-10-21 23:46:23]	到访 v->event
[2015-10-21 23:46:23]	返回 v->event
[2015-10-21 23:46:23]	回到 v->event
[2015-10-21 23:46:23]	前往 v->event
[2015-10-21 23:46:23]	开赴 v->event
[2015-10-21 23:46:23]	驶向 v->event
[2015-10-21 23:46:23]	靠近 v->event
[2015-10-21 23:46:23]	在 d->event
[2015-10-21 23:46:23]	出现 v->event
[2015-10-21 23:46:23]	前往 v->event
[2015-10-21 23:46:45]	出发 vi->event
[2015-10-21 23:46:45]	起航 vi->event
[2015-10-21 23:46:45]	出港 vi->event
[2015-10-21 23:46:45]	离开 v->event
[2015-10-21 23:46:45]	撤出 v->event
[2015-10-21 23:46:45]	途径 n->event
[2015-10-21 23:46:45]	驶过 v->event
[2015-10-21 23:46:45]	通过 p->event
[2015-10-21 23:46:45]	抵达 v->event
[2015-10-21 23:46:45]	到达 v->event
[2015-10-21 23:46:45]	至 d->event
[2015-10-21 23:46:45]	赶到 v->event
[2015-10-21 23:46:45]	停留 vi->event
[2015-10-21 23:46:45]	停靠 v->event
[2015-10-21 23:46:45]	访问 v->event
[2015-10-21 23:46:45]	到访 v->event
[2015-10-21 23:46:45]	返回 v->event
[2015-10-21 23:46:45]	回到 v->event
[2015-10-21 23:46:45]	前往 v->event
[2015-10-21 23:46:45]	开赴 v->event
[2015-10-21 23:46:45]	驶向 v->event
[2015-10-21 23:46:45]	靠近 v->event
[2015-10-21 23:46:45]	在 d->event
[2015-10-21 23:46:45]	出现 v->event
[2015-10-21 23:46:45]	前往 v->event
[2015-10-21 23:46:45]	出发 vi->event
[2015-10-21 23:46:45]	起航 vi->event
[2015-10-21 23:46:45]	出港 vi->event
[2015-10-21 23:46:45]	离开 v->event
[2015-10-21 23:46:45]	撤出 v->event
[2015-10-21 23:46:45]	途径 n->event
[2015-10-21 23:46:45]	驶过 v->event
[2015-10-21 23:46:45]	通过 p->event
[2015-10-21 23:46:45]	抵达 v->event
[2015-10-21 23:46:45]	到达 v->event
[2015-10-21 23:46:45]	至 d->event
[2015-10-21 23:46:45]	赶到 v->event
[2015-10-21 23:46:45]	停留 vi->event
[2015-10-21 23:46:45]	停靠 v->event
[2015-10-21 23:46:45]	访问 v->event
[2015-10-21 23:46:45]	到访 v->event
[2015-10-21 23:46:45]	返回 v->event
[2015-10-21 23:46:45]	回到 v->event
[2015-10-21 23:46:45]	前往 v->event
[2015-10-21 23:46:45]	开赴 v->event
[2015-10-21 23:46:45]	驶向 v->event
[2015-10-21 23:46:45]	靠近 v->event
[2015-10-21 23:46:45]	在 d->event
[2015-10-21 23:46:45]	出现 v->event
[2015-10-21 23:46:45]	前往 v->event
[2015-10-21 23:46:45]	出发 vi->event
[2015-10-21 23:46:45]	起航 vi->event
[2015-10-21 23:46:45]	出港 vi->event
[2015-10-21 23:46:45]	离开 v->event
[2015-10-21 23:46:45]	撤出 v->event
[2015-10-21 23:46:45]	途径 n->event
[2015-10-21 23:46:45]	驶过 v->event
[2015-10-21 23:46:45]	通过 p->event
[2015-10-21 23:46:45]	抵达 v->event
[2015-10-21 23:46:45]	到达 v->event
[2015-10-21 23:46:45]	至 d->event
[2015-10-21 23:46:45]	赶到 v->event
[2015-10-21 23:46:45]	停留 vi->event
[2015-10-21 23:46:45]	停靠 v->event
[2015-10-21 23:46:45]	访问 v->event
[2015-10-21 23:46:45]	到访 v->event
[2015-10-21 23:46:45]	返回 v->event
[2015-10-21 23:46:45]	回到 v->event
[2015-10-21 23:46:45]	前往 v->event
[2015-10-21 23:46:45]	开赴 v->event
[2015-10-21 23:46:45]	驶向 v->event
[2015-10-21 23:46:45]	靠近 v->event
[2015-10-21 23:46:45]	在 d->event
[2015-10-21 23:46:45]	出现 v->event
[2015-10-21 23:46:45]	前往 v->event
[2015-10-21 23:46:46]	出发 vi->event
[2015-10-21 23:46:46]	起航 vi->event
[2015-10-21 23:46:46]	出港 vi->event
[2015-10-21 23:46:46]	离开 v->event
[2015-10-21 23:46:46]	撤出 v->event
[2015-10-21 23:46:46]	途径 n->event
[2015-10-21 23:46:46]	驶过 v->event
[2015-10-21 23:46:46]	通过 p->event
[2015-10-21 23:46:46]	抵达 v->event
[2015-10-21 23:46:46]	到达 v->event
[2015-10-21 23:46:46]	至 d->event
[2015-10-21 23:46:46]	赶到 v->event
[2015-10-21 23:46:46]	停留 vi->event
[2015-10-21 23:46:46]	停靠 v->event
[2015-10-21 23:46:46]	访问 v->event
[2015-10-21 23:46:46]	到访 v->event
[2015-10-21 23:46:46]	返回 v->event
[2015-10-21 23:46:46]	回到 v->event
[2015-10-21 23:46:46]	前往 v->event
[2015-10-21 23:46:46]	开赴 v->event
[2015-10-21 23:46:46]	驶向 v->event
[2015-10-21 23:46:46]	靠近 v->event
[2015-10-21 23:46:46]	在 d->event
[2015-10-21 23:46:46]	出现 v->event
[2015-10-21 23:46:46]	前往 v->event
[2015-10-21 23:53:07]	出发 vi->event
[2015-10-21 23:53:07]	起航 vi->event
[2015-10-21 23:53:07]	出港 vi->event
[2015-10-21 23:53:07]	离开 v->event
[2015-10-21 23:53:07]	撤出 v->event
[2015-10-21 23:53:07]	途径 n->event
[2015-10-21 23:53:07]	驶过 v->event
[2015-10-21 23:53:07]	通过 p->event
[2015-10-21 23:53:07]	抵达 v->event
[2015-10-21 23:53:07]	到达 v->event
[2015-10-21 23:53:07]	至 d->event
[2015-10-21 23:53:07]	赶到 v->event
[2015-10-21 23:53:07]	停留 vi->event
[2015-10-21 23:53:07]	停靠 v->event
[2015-10-21 23:53:07]	访问 v->event
[2015-10-21 23:53:07]	到访 v->event
[2015-10-21 23:53:07]	返回 v->event
[2015-10-21 23:53:07]	回到 v->event
[2015-10-21 23:53:07]	前往 v->event
[2015-10-21 23:53:07]	开赴 v->event
[2015-10-21 23:53:07]	驶向 v->event
[2015-10-21 23:53:07]	靠近 v->event
[2015-10-21 23:53:07]	在 d->event
[2015-10-21 23:53:07]	出现 v->event
[2015-10-21 23:53:07]	前往 v->event
[2015-10-21 23:53:07]	出发 vi->event
[2015-10-21 23:53:07]	起航 vi->event
[2015-10-21 23:53:07]	出港 vi->event
[2015-10-21 23:53:07]	离开 v->event
[2015-10-21 23:53:07]	撤出 v->event
[2015-10-21 23:53:07]	途径 n->event
[2015-10-21 23:53:07]	驶过 v->event
[2015-10-21 23:53:07]	通过 p->event
[2015-10-21 23:53:07]	抵达 v->event
[2015-10-21 23:53:07]	到达 v->event
[2015-10-21 23:53:07]	至 d->event
[2015-10-21 23:53:07]	赶到 v->event
[2015-10-21 23:53:07]	停留 vi->event
[2015-10-21 23:53:07]	停靠 v->event
[2015-10-21 23:53:07]	访问 v->event
[2015-10-21 23:53:07]	到访 v->event
[2015-10-21 23:53:07]	返回 v->event
[2015-10-21 23:53:07]	回到 v->event
[2015-10-21 23:53:07]	前往 v->event
[2015-10-21 23:53:07]	开赴 v->event
[2015-10-21 23:53:07]	驶向 v->event
[2015-10-21 23:53:07]	靠近 v->event
[2015-10-21 23:53:07]	在 d->event
[2015-10-21 23:53:07]	出现 v->event
[2015-10-21 23:53:07]	前往 v->event
[2015-10-21 23:53:07]	出发 vi->event
[2015-10-21 23:53:07]	起航 vi->event
[2015-10-21 23:53:07]	出港 vi->event
[2015-10-21 23:53:07]	离开 v->event
[2015-10-21 23:53:07]	撤出 v->event
[2015-10-21 23:53:07]	途径 n->event
[2015-10-21 23:53:07]	驶过 v->event
[2015-10-21 23:53:07]	通过 p->event
[2015-10-21 23:53:07]	抵达 v->event
[2015-10-21 23:53:07]	到达 v->event
[2015-10-21 23:53:07]	至 d->event
[2015-10-21 23:53:07]	赶到 v->event
[2015-10-21 23:53:07]	停留 vi->event
[2015-10-21 23:53:07]	停靠 v->event
[2015-10-21 23:53:07]	访问 v->event
[2015-10-21 23:53:07]	到访 v->event
[2015-10-21 23:53:07]	返回 v->event
[2015-10-21 23:53:07]	回到 v->event
[2015-10-21 23:53:07]	前往 v->event
[2015-10-21 23:53:07]	开赴 v->event
[2015-10-21 23:53:07]	驶向 v->event
[2015-10-21 23:53:07]	靠近 v->event
[2015-10-21 23:53:07]	在 d->event
[2015-10-21 23:53:07]	出现 v->event
[2015-10-21 23:53:07]	前往 v->event
[2015-10-21 23:53:08]	出发 vi->event
[2015-10-21 23:53:08]	起航 vi->event
[2015-10-21 23:53:08]	出港 vi->event
[2015-10-21 23:53:08]	离开 v->event
[2015-10-21 23:53:08]	撤出 v->event
[2015-10-21 23:53:08]	途径 n->event
[2015-10-21 23:53:08]	驶过 v->event
[2015-10-21 23:53:08]	通过 p->event
[2015-10-21 23:53:08]	抵达 v->event
[2015-10-21 23:53:08]	到达 v->event
[2015-10-21 23:53:08]	至 d->event
[2015-10-21 23:53:08]	赶到 v->event
[2015-10-21 23:53:08]	停留 vi->event
[2015-10-21 23:53:08]	停靠 v->event
[2015-10-21 23:53:08]	访问 v->event
[2015-10-21 23:53:08]	到访 v->event
[2015-10-21 23:53:08]	返回 v->event
[2015-10-21 23:53:08]	回到 v->event
[2015-10-21 23:53:08]	前往 v->event
[2015-10-21 23:53:08]	开赴 v->event
[2015-10-21 23:53:08]	驶向 v->event
[2015-10-21 23:53:08]	靠近 v->event
[2015-10-21 23:53:08]	在 d->event
[2015-10-21 23:53:08]	出现 v->event
[2015-10-21 23:53:08]	前往 v->event
[2015-10-21 23:53:56]	出发 vi->event
[2015-10-21 23:53:56]	起航 vi->event
[2015-10-21 23:53:56]	出港 vi->event
[2015-10-21 23:53:56]	离开 v->event
[2015-10-21 23:53:56]	撤出 v->event
[2015-10-21 23:53:56]	途径 n->event
[2015-10-21 23:53:56]	驶过 v->event
[2015-10-21 23:53:56]	通过 p->event
[2015-10-21 23:53:56]	抵达 v->event
[2015-10-21 23:53:56]	到达 v->event
[2015-10-21 23:53:56]	至 d->event
[2015-10-21 23:53:56]	赶到 v->event
[2015-10-21 23:53:56]	停留 vi->event
[2015-10-21 23:53:56]	停靠 v->event
[2015-10-21 23:53:56]	访问 v->event
[2015-10-21 23:53:56]	到访 v->event
[2015-10-21 23:53:56]	返回 v->event
[2015-10-21 23:53:56]	回到 v->event
[2015-10-21 23:53:56]	前往 v->event
[2015-10-21 23:53:56]	开赴 v->event
[2015-10-21 23:53:56]	驶向 v->event
[2015-10-21 23:53:56]	靠近 v->event
[2015-10-21 23:53:56]	在 d->event
[2015-10-21 23:53:56]	出现 v->event
[2015-10-21 23:53:56]	前往 v->event
[2015-10-21 23:55:34]	出发 vi->event
[2015-10-21 23:55:34]	起航 vi->event
[2015-10-21 23:55:34]	出港 vi->event
[2015-10-21 23:55:34]	离开 v->event
[2015-10-21 23:55:34]	撤出 v->event
[2015-10-21 23:55:34]	途径 n->event
[2015-10-21 23:55:34]	驶过 v->event
[2015-10-21 23:55:34]	通过 p->event
[2015-10-21 23:55:34]	抵达 v->event
[2015-10-21 23:55:34]	到达 v->event
[2015-10-21 23:55:34]	至 d->event
[2015-10-21 23:55:34]	赶到 v->event
[2015-10-21 23:55:34]	停留 vi->event
[2015-10-21 23:55:34]	停靠 v->event
[2015-10-21 23:55:34]	访问 v->event
[2015-10-21 23:55:34]	到访 v->event
[2015-10-21 23:55:34]	返回 v->event
[2015-10-21 23:55:34]	回到 v->event
[2015-10-21 23:55:34]	前往 v->event
[2015-10-21 23:55:34]	开赴 v->event
[2015-10-21 23:55:34]	驶向 v->event
[2015-10-21 23:55:34]	靠近 v->event
[2015-10-21 23:55:34]	在 d->event
[2015-10-21 23:55:34]	出现 v->event
[2015-10-21 23:55:34]	前往 v->event
[2015-10-21 23:55:37]	出发 vi->event
[2015-10-21 23:55:37]	起航 vi->event
[2015-10-21 23:55:37]	出港 vi->event
[2015-10-21 23:55:37]	离开 v->event
[2015-10-21 23:55:37]	撤出 v->event
[2015-10-21 23:55:37]	途径 n->event
[2015-10-21 23:55:37]	驶过 v->event
[2015-10-21 23:55:37]	通过 p->event
[2015-10-21 23:55:37]	抵达 v->event
[2015-10-21 23:55:37]	到达 v->event
[2015-10-21 23:55:37]	至 d->event
[2015-10-21 23:55:37]	赶到 v->event
[2015-10-21 23:55:37]	停留 vi->event
[2015-10-21 23:55:37]	停靠 v->event
[2015-10-21 23:55:37]	访问 v->event
[2015-10-21 23:55:37]	到访 v->event
[2015-10-21 23:55:37]	返回 v->event
[2015-10-21 23:55:37]	回到 v->event
[2015-10-21 23:55:37]	前往 v->event
[2015-10-21 23:55:37]	开赴 v->event
[2015-10-21 23:55:37]	驶向 v->event
[2015-10-21 23:55:37]	靠近 v->event
[2015-10-21 23:55:37]	在 d->event
[2015-10-21 23:55:37]	出现 v->event
[2015-10-21 23:55:37]	前往 v->event
[2015-10-21 23:55:37]	出发 vi->event
[2015-10-21 23:55:37]	起航 vi->event
[2015-10-21 23:55:37]	出港 vi->event
[2015-10-21 23:55:37]	离开 v->event
[2015-10-21 23:55:37]	撤出 v->event
[2015-10-21 23:55:37]	途径 n->event
[2015-10-21 23:55:37]	驶过 v->event
[2015-10-21 23:55:37]	通过 p->event
[2015-10-21 23:55:37]	抵达 v->event
[2015-10-21 23:55:37]	到达 v->event
[2015-10-21 23:55:37]	至 d->event
[2015-10-21 23:55:37]	赶到 v->event
[2015-10-21 23:55:37]	停留 vi->event
[2015-10-21 23:55:37]	停靠 v->event
[2015-10-21 23:55:37]	访问 v->event
[2015-10-21 23:55:37]	到访 v->event
[2015-10-21 23:55:37]	返回 v->event
[2015-10-21 23:55:37]	回到 v->event
[2015-10-21 23:55:37]	前往 v->event
[2015-10-21 23:55:37]	开赴 v->event
[2015-10-21 23:55:37]	驶向 v->event
[2015-10-21 23:55:37]	靠近 v->event
[2015-10-21 23:55:37]	在 d->event
[2015-10-21 23:55:37]	出现 v->event
[2015-10-21 23:55:37]	前往 v->event
[2015-10-21 23:56:13]	出发 vi->event
[2015-10-21 23:56:13]	起航 vi->event
[2015-10-21 23:56:13]	出港 vi->event
[2015-10-21 23:56:13]	离开 v->event
[2015-10-21 23:56:13]	撤出 v->event
[2015-10-21 23:56:13]	途径 n->event
[2015-10-21 23:56:13]	驶过 v->event
[2015-10-21 23:56:13]	通过 p->event
[2015-10-21 23:56:13]	抵达 v->event
[2015-10-21 23:56:13]	到达 v->event
[2015-10-21 23:56:13]	至 d->event
[2015-10-21 23:56:13]	赶到 v->event
[2015-10-21 23:56:13]	停留 vi->event
[2015-10-21 23:56:13]	停靠 v->event
[2015-10-21 23:56:13]	访问 v->event
[2015-10-21 23:56:13]	到访 v->event
[2015-10-21 23:56:13]	返回 v->event
[2015-10-21 23:56:13]	回到 v->event
[2015-10-21 23:56:13]	前往 v->event
[2015-10-21 23:56:13]	开赴 v->event
[2015-10-21 23:56:13]	驶向 v->event
[2015-10-21 23:56:13]	靠近 v->event
[2015-10-21 23:56:13]	在 d->event
[2015-10-21 23:56:13]	出现 v->event
[2015-10-21 23:56:13]	前往 v->event
[2015-10-21 23:56:13]	出发 vi->event
[2015-10-21 23:56:13]	起航 vi->event
[2015-10-21 23:56:13]	出港 vi->event
[2015-10-21 23:56:13]	离开 v->event
[2015-10-21 23:56:13]	撤出 v->event
[2015-10-21 23:56:13]	途径 n->event
[2015-10-21 23:56:13]	驶过 v->event
[2015-10-21 23:56:13]	通过 p->event
[2015-10-21 23:56:13]	抵达 v->event
[2015-10-21 23:56:13]	到达 v->event
[2015-10-21 23:56:13]	至 d->event
[2015-10-21 23:56:13]	赶到 v->event
[2015-10-21 23:56:13]	停留 vi->event
[2015-10-21 23:56:13]	停靠 v->event
[2015-10-21 23:56:13]	访问 v->event
[2015-10-21 23:56:13]	到访 v->event
[2015-10-21 23:56:13]	返回 v->event
[2015-10-21 23:56:13]	回到 v->event
[2015-10-21 23:56:13]	前往 v->event
[2015-10-21 23:56:13]	开赴 v->event
[2015-10-21 23:56:13]	驶向 v->event
[2015-10-21 23:56:13]	靠近 v->event
[2015-10-21 23:56:13]	在 d->event
[2015-10-21 23:56:13]	出现 v->event
[2015-10-21 23:56:13]	前往 v->event
[2015-10-21 23:56:13]	出发 vi->event
[2015-10-21 23:56:13]	起航 vi->event
[2015-10-21 23:56:13]	出港 vi->event
[2015-10-21 23:56:13]	离开 v->event
[2015-10-21 23:56:13]	撤出 v->event
[2015-10-21 23:56:13]	途径 n->event
[2015-10-21 23:56:13]	驶过 v->event
[2015-10-21 23:56:13]	通过 p->event
[2015-10-21 23:56:13]	抵达 v->event
[2015-10-21 23:56:13]	到达 v->event
[2015-10-21 23:56:13]	至 d->event
[2015-10-21 23:56:13]	赶到 v->event
[2015-10-21 23:56:13]	停留 vi->event
[2015-10-21 23:56:13]	停靠 v->event
[2015-10-21 23:56:13]	访问 v->event
[2015-10-21 23:56:13]	到访 v->event
[2015-10-21 23:56:13]	返回 v->event
[2015-10-21 23:56:13]	回到 v->event
[2015-10-21 23:56:13]	前往 v->event
[2015-10-21 23:56:13]	开赴 v->event
[2015-10-21 23:56:13]	驶向 v->event
[2015-10-21 23:56:13]	靠近 v->event
[2015-10-21 23:56:13]	在 d->event
[2015-10-21 23:56:13]	出现 v->event
[2015-10-21 23:56:13]	前往 v->event
[2015-10-21 23:56:13]	出发 vi->event
[2015-10-21 23:56:13]	起航 vi->event
[2015-10-21 23:56:13]	出港 vi->event
[2015-10-21 23:56:13]	离开 v->event
[2015-10-21 23:56:13]	撤出 v->event
[2015-10-21 23:56:13]	途径 n->event
[2015-10-21 23:56:13]	驶过 v->event
[2015-10-21 23:56:13]	通过 p->event
[2015-10-21 23:56:13]	抵达 v->event
[2015-10-21 23:56:13]	到达 v->event
[2015-10-21 23:56:13]	至 d->event
[2015-10-21 23:56:13]	赶到 v->event
[2015-10-21 23:56:13]	停留 vi->event
[2015-10-21 23:56:13]	停靠 v->event
[2015-10-21 23:56:13]	访问 v->event
[2015-10-21 23:56:13]	到访 v->event
[2015-10-21 23:56:13]	返回 v->event
[2015-10-21 23:56:13]	回到 v->event
[2015-10-21 23:56:13]	前往 v->event
[2015-10-21 23:56:13]	开赴 v->event
[2015-10-21 23:56:13]	驶向 v->event
[2015-10-21 23:56:13]	靠近 v->event
[2015-10-21 23:56:13]	在 d->event
[2015-10-21 23:56:13]	出现 v->event
[2015-10-21 23:56:13]	前往 v->event
[2015-10-21 23:56:32]	出发 vi->event
[2015-10-21 23:56:32]	起航 vi->event
[2015-10-21 23:56:32]	出港 vi->event
[2015-10-21 23:56:32]	离开 v->event
[2015-10-21 23:56:32]	撤出 v->event
[2015-10-21 23:56:32]	途径 n->event
[2015-10-21 23:56:32]	驶过 v->event
[2015-10-21 23:56:32]	通过 p->event
[2015-10-21 23:56:32]	抵达 v->event
[2015-10-21 23:56:32]	到达 v->event
[2015-10-21 23:56:32]	至 d->event
[2015-10-21 23:56:32]	赶到 v->event
[2015-10-21 23:56:32]	停留 vi->event
[2015-10-21 23:56:32]	停靠 v->event
[2015-10-21 23:56:32]	访问 v->event
[2015-10-21 23:56:32]	到访 v->event
[2015-10-21 23:56:32]	返回 v->event
[2015-10-21 23:56:32]	回到 v->event
[2015-10-21 23:56:32]	前往 v->event
[2015-10-21 23:56:32]	开赴 v->event
[2015-10-21 23:56:32]	驶向 v->event
[2015-10-21 23:56:32]	靠近 v->event
[2015-10-21 23:56:32]	在 d->event
[2015-10-21 23:56:32]	出现 v->event
[2015-10-21 23:56:32]	前往 v->event
[2015-10-21 23:58:48]	出发 vi->event
[2015-10-21 23:58:48]	起航 vi->event
[2015-10-21 23:58:48]	出港 vi->event
[2015-10-21 23:58:48]	离开 v->event
[2015-10-21 23:58:48]	撤出 v->event
[2015-10-21 23:58:48]	途径 n->event
[2015-10-21 23:58:48]	驶过 v->event
[2015-10-21 23:58:48]	通过 p->event
[2015-10-21 23:58:48]	抵达 v->event
[2015-10-21 23:58:48]	到达 v->event
[2015-10-21 23:58:48]	至 d->event
[2015-10-21 23:58:48]	赶到 v->event
[2015-10-21 23:58:48]	停留 vi->event
[2015-10-21 23:58:48]	停靠 v->event
[2015-10-21 23:58:48]	访问 v->event
[2015-10-21 23:58:48]	到访 v->event
[2015-10-21 23:58:48]	返回 v->event
[2015-10-21 23:58:48]	回到 v->event
[2015-10-21 23:58:48]	前往 v->event
[2015-10-21 23:58:48]	开赴 v->event
[2015-10-21 23:58:48]	驶向 v->event
[2015-10-21 23:58:48]	靠近 v->event
[2015-10-21 23:58:48]	在 d->event
[2015-10-21 23:58:48]	出现 v->event
[2015-10-21 23:58:48]	前往 v->event
[2015-10-21 23:58:51]	出发 vi->event
[2015-10-21 23:58:51]	起航 vi->event
[2015-10-21 23:58:51]	出港 vi->event
[2015-10-21 23:58:51]	离开 v->event
[2015-10-21 23:58:51]	撤出 v->event
[2015-10-21 23:58:51]	途径 n->event
[2015-10-21 23:58:51]	驶过 v->event
[2015-10-21 23:58:51]	通过 p->event
[2015-10-21 23:58:51]	抵达 v->event
[2015-10-21 23:58:51]	到达 v->event
[2015-10-21 23:58:51]	至 d->event
[2015-10-21 23:58:51]	赶到 v->event
[2015-10-21 23:58:51]	停留 vi->event
[2015-10-21 23:58:51]	停靠 v->event
[2015-10-21 23:58:51]	访问 v->event
[2015-10-21 23:58:51]	到访 v->event
[2015-10-21 23:58:51]	返回 v->event
[2015-10-21 23:58:51]	回到 v->event
[2015-10-21 23:58:51]	前往 v->event
[2015-10-21 23:58:51]	开赴 v->event
[2015-10-21 23:58:51]	驶向 v->event
[2015-10-21 23:58:51]	靠近 v->event
[2015-10-21 23:58:51]	在 d->event
[2015-10-21 23:58:51]	出现 v->event
[2015-10-21 23:58:51]	前往 v->event
