[2015-10-20 16:28:40]	出发 vi->event
[2015-10-20 16:28:40]	起航 vi->event
[2015-10-20 16:28:40]	出港 vi->event
[2015-10-20 16:28:40]	离开 v->event
[2015-10-20 16:28:40]	撤出 v->event
[2015-10-20 16:28:40]	途径 n->event
[2015-10-20 16:28:40]	驶过 v->event
[2015-10-20 16:28:40]	通过 p->event
[2015-10-20 16:28:40]	抵达 v->event
[2015-10-20 16:28:40]	到达 v->event
[2015-10-20 16:28:40]	至 d->event
[2015-10-20 16:28:40]	赶到 v->event
[2015-10-20 16:28:40]	停留 vi->event
[2015-10-20 16:28:40]	停靠 v->event
[2015-10-20 16:28:40]	访问 v->event
[2015-10-20 16:28:40]	到访 v->event
[2015-10-20 16:28:40]	返回 v->event
[2015-10-20 16:28:40]	回到 v->event
[2015-10-20 16:28:40]	前往 v->event
[2015-10-20 16:28:40]	开赴 v->event
[2015-10-20 16:28:40]	驶向 v->event
[2015-10-20 16:28:40]	靠近 v->event
[2015-10-20 16:28:40]	在 d->event
[2015-10-20 16:28:40]	出现 v->event
[2015-10-20 16:28:42]	出发 vi->event
[2015-10-20 16:28:42]	起航 vi->event
[2015-10-20 16:28:42]	出港 vi->event
[2015-10-20 16:28:42]	离开 v->event
[2015-10-20 16:28:42]	撤出 v->event
[2015-10-20 16:28:42]	途径 n->event
[2015-10-20 16:28:42]	驶过 v->event
[2015-10-20 16:28:42]	通过 p->event
[2015-10-20 16:28:42]	抵达 v->event
[2015-10-20 16:28:42]	到达 v->event
[2015-10-20 16:28:42]	至 d->event
[2015-10-20 16:28:42]	赶到 v->event
[2015-10-20 16:28:42]	停留 vi->event
[2015-10-20 16:28:42]	停靠 v->event
[2015-10-20 16:28:42]	访问 v->event
[2015-10-20 16:28:42]	到访 v->event
[2015-10-20 16:28:42]	返回 v->event
[2015-10-20 16:28:42]	回到 v->event
[2015-10-20 16:28:42]	前往 v->event
[2015-10-20 16:28:42]	开赴 v->event
[2015-10-20 16:28:42]	驶向 v->event
[2015-10-20 16:28:42]	靠近 v->event
[2015-10-20 16:28:42]	在 d->event
[2015-10-20 16:28:42]	出现 v->event
[2015-10-20 16:30:11]	出发 vi->event
[2015-10-20 16:30:11]	起航 vi->event
[2015-10-20 16:30:11]	出港 vi->event
[2015-10-20 16:30:11]	离开 v->event
[2015-10-20 16:30:11]	撤出 v->event
[2015-10-20 16:30:11]	途径 n->event
[2015-10-20 16:30:11]	驶过 v->event
[2015-10-20 16:30:11]	通过 p->event
[2015-10-20 16:30:11]	抵达 v->event
[2015-10-20 16:30:11]	到达 v->event
[2015-10-20 16:30:11]	至 d->event
[2015-10-20 16:30:11]	赶到 v->event
[2015-10-20 16:30:11]	停留 vi->event
[2015-10-20 16:30:11]	停靠 v->event
[2015-10-20 16:30:11]	访问 v->event
[2015-10-20 16:30:11]	到访 v->event
[2015-10-20 16:30:11]	返回 v->event
[2015-10-20 16:30:11]	回到 v->event
[2015-10-20 16:30:11]	前往 v->event
[2015-10-20 16:30:11]	开赴 v->event
[2015-10-20 16:30:11]	驶向 v->event
[2015-10-20 16:30:11]	靠近 v->event
[2015-10-20 16:30:11]	在 d->event
[2015-10-20 16:30:11]	出现 v->event
[2015-10-20 16:30:12]	出发 vi->event
[2015-10-20 16:30:12]	起航 vi->event
[2015-10-20 16:30:12]	出港 vi->event
[2015-10-20 16:30:12]	离开 v->event
[2015-10-20 16:30:12]	撤出 v->event
[2015-10-20 16:30:12]	途径 n->event
[2015-10-20 16:30:12]	驶过 v->event
[2015-10-20 16:30:12]	通过 p->event
[2015-10-20 16:30:12]	抵达 v->event
[2015-10-20 16:30:12]	到达 v->event
[2015-10-20 16:30:12]	至 d->event
[2015-10-20 16:30:12]	赶到 v->event
[2015-10-20 16:30:12]	停留 vi->event
[2015-10-20 16:30:12]	停靠 v->event
[2015-10-20 16:30:12]	访问 v->event
[2015-10-20 16:30:12]	到访 v->event
[2015-10-20 16:30:12]	返回 v->event
[2015-10-20 16:30:12]	回到 v->event
[2015-10-20 16:30:12]	前往 v->event
[2015-10-20 16:30:12]	开赴 v->event
[2015-10-20 16:30:12]	驶向 v->event
[2015-10-20 16:30:12]	靠近 v->event
[2015-10-20 16:30:12]	在 d->event
[2015-10-20 16:30:12]	出现 v->event
[2015-10-20 16:30:39]	出发 vi->event
[2015-10-20 16:30:39]	起航 vi->event
[2015-10-20 16:30:39]	出港 vi->event
[2015-10-20 16:30:39]	离开 v->event
[2015-10-20 16:30:39]	撤出 v->event
[2015-10-20 16:30:39]	途径 n->event
[2015-10-20 16:30:39]	驶过 v->event
[2015-10-20 16:30:39]	通过 p->event
[2015-10-20 16:30:39]	抵达 v->event
[2015-10-20 16:30:39]	到达 v->event
[2015-10-20 16:30:39]	至 d->event
[2015-10-20 16:30:39]	赶到 v->event
[2015-10-20 16:30:39]	停留 vi->event
[2015-10-20 16:30:39]	停靠 v->event
[2015-10-20 16:30:39]	访问 v->event
[2015-10-20 16:30:39]	到访 v->event
[2015-10-20 16:30:39]	返回 v->event
[2015-10-20 16:30:39]	回到 v->event
[2015-10-20 16:30:39]	前往 v->event
[2015-10-20 16:30:39]	开赴 v->event
[2015-10-20 16:30:39]	驶向 v->event
[2015-10-20 16:30:39]	靠近 v->event
[2015-10-20 16:30:39]	在 d->event
[2015-10-20 16:30:39]	出现 v->event
[2015-10-20 16:30:40]	出发 vi->event
[2015-10-20 16:30:40]	起航 vi->event
[2015-10-20 16:30:40]	出港 vi->event
[2015-10-20 16:30:40]	离开 v->event
[2015-10-20 16:30:40]	撤出 v->event
[2015-10-20 16:30:40]	途径 n->event
[2015-10-20 16:30:40]	驶过 v->event
[2015-10-20 16:30:40]	通过 p->event
[2015-10-20 16:30:40]	抵达 v->event
[2015-10-20 16:30:40]	到达 v->event
[2015-10-20 16:30:40]	至 d->event
[2015-10-20 16:30:40]	赶到 v->event
[2015-10-20 16:30:40]	停留 vi->event
[2015-10-20 16:30:40]	停靠 v->event
[2015-10-20 16:30:40]	访问 v->event
[2015-10-20 16:30:40]	到访 v->event
[2015-10-20 16:30:40]	返回 v->event
[2015-10-20 16:30:40]	回到 v->event
[2015-10-20 16:30:40]	前往 v->event
[2015-10-20 16:30:40]	开赴 v->event
[2015-10-20 16:30:40]	驶向 v->event
[2015-10-20 16:30:40]	靠近 v->event
[2015-10-20 16:30:40]	在 d->event
[2015-10-20 16:30:40]	出现 v->event
[2015-10-20 16:30:41]	出发 vi->event
[2015-10-20 16:30:41]	起航 vi->event
[2015-10-20 16:30:41]	出港 vi->event
[2015-10-20 16:30:41]	离开 v->event
[2015-10-20 16:30:41]	撤出 v->event
[2015-10-20 16:30:41]	途径 n->event
[2015-10-20 16:30:41]	驶过 v->event
[2015-10-20 16:30:41]	通过 p->event
[2015-10-20 16:30:41]	抵达 v->event
[2015-10-20 16:30:41]	到达 v->event
[2015-10-20 16:30:41]	至 d->event
[2015-10-20 16:30:41]	赶到 v->event
[2015-10-20 16:30:41]	停留 vi->event
[2015-10-20 16:30:41]	停靠 v->event
[2015-10-20 16:30:41]	访问 v->event
[2015-10-20 16:30:41]	到访 v->event
[2015-10-20 16:30:41]	返回 v->event
[2015-10-20 16:30:41]	回到 v->event
[2015-10-20 16:30:41]	前往 v->event
[2015-10-20 16:30:41]	开赴 v->event
[2015-10-20 16:30:41]	驶向 v->event
[2015-10-20 16:30:41]	靠近 v->event
[2015-10-20 16:30:41]	在 d->event
[2015-10-20 16:30:41]	出现 v->event
[2015-10-20 16:30:43]	出发 vi->event
[2015-10-20 16:30:43]	起航 vi->event
[2015-10-20 16:30:43]	出港 vi->event
[2015-10-20 16:30:43]	离开 v->event
[2015-10-20 16:30:43]	撤出 v->event
[2015-10-20 16:30:43]	途径 n->event
[2015-10-20 16:30:43]	驶过 v->event
[2015-10-20 16:30:43]	通过 p->event
[2015-10-20 16:30:43]	抵达 v->event
[2015-10-20 16:30:43]	到达 v->event
[2015-10-20 16:30:43]	至 d->event
[2015-10-20 16:30:43]	赶到 v->event
[2015-10-20 16:30:43]	停留 vi->event
[2015-10-20 16:30:43]	停靠 v->event
[2015-10-20 16:30:43]	访问 v->event
[2015-10-20 16:30:43]	到访 v->event
[2015-10-20 16:30:43]	返回 v->event
[2015-10-20 16:30:43]	回到 v->event
[2015-10-20 16:30:43]	前往 v->event
[2015-10-20 16:30:43]	开赴 v->event
[2015-10-20 16:30:43]	驶向 v->event
[2015-10-20 16:30:43]	靠近 v->event
[2015-10-20 16:30:43]	在 d->event
[2015-10-20 16:30:43]	出现 v->event
[2015-10-20 16:32:07]	出发 vi->event
[2015-10-20 16:32:07]	起航 vi->event
[2015-10-20 16:32:07]	出港 vi->event
[2015-10-20 16:32:07]	离开 v->event
[2015-10-20 16:32:07]	撤出 v->event
[2015-10-20 16:32:07]	途径 n->event
[2015-10-20 16:32:07]	驶过 v->event
[2015-10-20 16:32:07]	通过 p->event
[2015-10-20 16:32:07]	抵达 v->event
[2015-10-20 16:32:07]	到达 v->event
[2015-10-20 16:32:07]	至 d->event
[2015-10-20 16:32:07]	赶到 v->event
[2015-10-20 16:32:07]	停留 vi->event
[2015-10-20 16:32:07]	停靠 v->event
[2015-10-20 16:32:07]	访问 v->event
[2015-10-20 16:32:07]	到访 v->event
[2015-10-20 16:32:07]	返回 v->event
[2015-10-20 16:32:07]	回到 v->event
[2015-10-20 16:32:07]	前往 v->event
[2015-10-20 16:32:07]	开赴 v->event
[2015-10-20 16:32:07]	驶向 v->event
[2015-10-20 16:32:07]	靠近 v->event
[2015-10-20 16:32:07]	在 d->event
[2015-10-20 16:32:07]	出现 v->event
[2015-10-20 16:32:08]	出发 vi->event
[2015-10-20 16:32:08]	起航 vi->event
[2015-10-20 16:32:08]	出港 vi->event
[2015-10-20 16:32:08]	离开 v->event
[2015-10-20 16:32:08]	撤出 v->event
[2015-10-20 16:32:08]	途径 n->event
[2015-10-20 16:32:08]	驶过 v->event
[2015-10-20 16:32:08]	通过 p->event
[2015-10-20 16:32:08]	抵达 v->event
[2015-10-20 16:32:08]	到达 v->event
[2015-10-20 16:32:08]	至 d->event
[2015-10-20 16:32:08]	赶到 v->event
[2015-10-20 16:32:08]	停留 vi->event
[2015-10-20 16:32:08]	停靠 v->event
[2015-10-20 16:32:08]	访问 v->event
[2015-10-20 16:32:08]	到访 v->event
[2015-10-20 16:32:08]	返回 v->event
[2015-10-20 16:32:08]	回到 v->event
[2015-10-20 16:32:08]	前往 v->event
[2015-10-20 16:32:08]	开赴 v->event
[2015-10-20 16:32:08]	驶向 v->event
[2015-10-20 16:32:08]	靠近 v->event
[2015-10-20 16:32:08]	在 d->event
[2015-10-20 16:32:08]	出现 v->event
[2015-10-20 16:32:08]	出发 vi->event
[2015-10-20 16:32:08]	起航 vi->event
[2015-10-20 16:32:08]	出港 vi->event
[2015-10-20 16:32:08]	离开 v->event
[2015-10-20 16:32:08]	撤出 v->event
[2015-10-20 16:32:08]	途径 n->event
[2015-10-20 16:32:08]	驶过 v->event
[2015-10-20 16:32:08]	通过 p->event
[2015-10-20 16:32:08]	抵达 v->event
[2015-10-20 16:32:08]	到达 v->event
[2015-10-20 16:32:08]	至 d->event
[2015-10-20 16:32:08]	赶到 v->event
[2015-10-20 16:32:08]	停留 vi->event
[2015-10-20 16:32:08]	停靠 v->event
[2015-10-20 16:32:08]	访问 v->event
[2015-10-20 16:32:08]	到访 v->event
[2015-10-20 16:32:08]	返回 v->event
[2015-10-20 16:32:08]	回到 v->event
[2015-10-20 16:32:08]	前往 v->event
[2015-10-20 16:32:08]	开赴 v->event
[2015-10-20 16:32:08]	驶向 v->event
[2015-10-20 16:32:08]	靠近 v->event
[2015-10-20 16:32:08]	在 d->event
[2015-10-20 16:32:08]	出现 v->event
[2015-10-20 16:32:09]	出发 vi->event
[2015-10-20 16:32:09]	起航 vi->event
[2015-10-20 16:32:09]	出港 vi->event
[2015-10-20 16:32:09]	离开 v->event
[2015-10-20 16:32:09]	撤出 v->event
[2015-10-20 16:32:09]	途径 n->event
[2015-10-20 16:32:09]	驶过 v->event
[2015-10-20 16:32:09]	通过 p->event
[2015-10-20 16:32:09]	抵达 v->event
[2015-10-20 16:32:09]	到达 v->event
[2015-10-20 16:32:09]	至 d->event
[2015-10-20 16:32:09]	赶到 v->event
[2015-10-20 16:32:09]	停留 vi->event
[2015-10-20 16:32:09]	停靠 v->event
[2015-10-20 16:32:09]	访问 v->event
[2015-10-20 16:32:09]	到访 v->event
[2015-10-20 16:32:09]	返回 v->event
[2015-10-20 16:32:09]	回到 v->event
[2015-10-20 16:32:09]	前往 v->event
[2015-10-20 16:32:09]	开赴 v->event
[2015-10-20 16:32:09]	驶向 v->event
[2015-10-20 16:32:09]	靠近 v->event
[2015-10-20 16:32:09]	在 d->event
[2015-10-20 16:32:09]	出现 v->event
[2015-10-20 16:32:47]	出发 vi->event
[2015-10-20 16:32:47]	起航 vi->event
[2015-10-20 16:32:47]	出港 vi->event
[2015-10-20 16:32:47]	离开 v->event
[2015-10-20 16:32:47]	撤出 v->event
[2015-10-20 16:32:47]	途径 n->event
[2015-10-20 16:32:47]	驶过 v->event
[2015-10-20 16:32:47]	通过 p->event
[2015-10-20 16:32:47]	抵达 v->event
[2015-10-20 16:32:47]	到达 v->event
[2015-10-20 16:32:47]	至 d->event
[2015-10-20 16:32:47]	赶到 v->event
[2015-10-20 16:32:47]	停留 vi->event
[2015-10-20 16:32:47]	停靠 v->event
[2015-10-20 16:32:47]	访问 v->event
[2015-10-20 16:32:47]	到访 v->event
[2015-10-20 16:32:47]	返回 v->event
[2015-10-20 16:32:47]	回到 v->event
[2015-10-20 16:32:47]	前往 v->event
[2015-10-20 16:32:47]	开赴 v->event
[2015-10-20 16:32:47]	驶向 v->event
[2015-10-20 16:32:47]	靠近 v->event
[2015-10-20 16:32:47]	在 d->event
[2015-10-20 16:32:47]	出现 v->event
[2015-10-20 16:32:48]	出发 vi->event
[2015-10-20 16:32:48]	起航 vi->event
[2015-10-20 16:32:48]	出港 vi->event
[2015-10-20 16:32:48]	离开 v->event
[2015-10-20 16:32:48]	撤出 v->event
[2015-10-20 16:32:48]	途径 n->event
[2015-10-20 16:32:48]	驶过 v->event
[2015-10-20 16:32:48]	通过 p->event
[2015-10-20 16:32:48]	抵达 v->event
[2015-10-20 16:32:48]	到达 v->event
[2015-10-20 16:32:48]	至 d->event
[2015-10-20 16:32:48]	赶到 v->event
[2015-10-20 16:32:48]	停留 vi->event
[2015-10-20 16:32:48]	停靠 v->event
[2015-10-20 16:32:48]	访问 v->event
[2015-10-20 16:32:48]	到访 v->event
[2015-10-20 16:32:48]	返回 v->event
[2015-10-20 16:32:48]	回到 v->event
[2015-10-20 16:32:48]	前往 v->event
[2015-10-20 16:32:48]	开赴 v->event
[2015-10-20 16:32:48]	驶向 v->event
[2015-10-20 16:32:48]	靠近 v->event
[2015-10-20 16:32:48]	在 d->event
[2015-10-20 16:32:48]	出现 v->event
[2015-10-20 16:32:48]	出发 vi->event
[2015-10-20 16:32:48]	起航 vi->event
[2015-10-20 16:32:48]	出港 vi->event
[2015-10-20 16:32:48]	离开 v->event
[2015-10-20 16:32:48]	撤出 v->event
[2015-10-20 16:32:48]	途径 n->event
[2015-10-20 16:32:48]	驶过 v->event
[2015-10-20 16:32:48]	通过 p->event
[2015-10-20 16:32:48]	抵达 v->event
[2015-10-20 16:32:48]	到达 v->event
[2015-10-20 16:32:48]	至 d->event
[2015-10-20 16:32:48]	赶到 v->event
[2015-10-20 16:32:48]	停留 vi->event
[2015-10-20 16:32:48]	停靠 v->event
[2015-10-20 16:32:48]	访问 v->event
[2015-10-20 16:32:48]	到访 v->event
[2015-10-20 16:32:48]	返回 v->event
[2015-10-20 16:32:48]	回到 v->event
[2015-10-20 16:32:48]	前往 v->event
[2015-10-20 16:32:48]	开赴 v->event
[2015-10-20 16:32:48]	驶向 v->event
[2015-10-20 16:32:48]	靠近 v->event
[2015-10-20 16:32:48]	在 d->event
[2015-10-20 16:32:48]	出现 v->event
[2015-10-20 16:32:49]	出发 vi->event
[2015-10-20 16:32:49]	起航 vi->event
[2015-10-20 16:32:49]	出港 vi->event
[2015-10-20 16:32:49]	离开 v->event
[2015-10-20 16:32:49]	撤出 v->event
[2015-10-20 16:32:49]	途径 n->event
[2015-10-20 16:32:49]	驶过 v->event
[2015-10-20 16:32:49]	通过 p->event
[2015-10-20 16:32:49]	抵达 v->event
[2015-10-20 16:32:49]	到达 v->event
[2015-10-20 16:32:49]	至 d->event
[2015-10-20 16:32:49]	赶到 v->event
[2015-10-20 16:32:49]	停留 vi->event
[2015-10-20 16:32:49]	停靠 v->event
[2015-10-20 16:32:49]	访问 v->event
[2015-10-20 16:32:49]	到访 v->event
[2015-10-20 16:32:49]	返回 v->event
[2015-10-20 16:32:49]	回到 v->event
[2015-10-20 16:32:49]	前往 v->event
[2015-10-20 16:32:49]	开赴 v->event
[2015-10-20 16:32:49]	驶向 v->event
[2015-10-20 16:32:49]	靠近 v->event
[2015-10-20 16:32:49]	在 d->event
[2015-10-20 16:32:49]	出现 v->event
[2015-10-20 16:33:00]	出发 vi->event
[2015-10-20 16:33:00]	起航 vi->event
[2015-10-20 16:33:00]	出港 vi->event
[2015-10-20 16:33:00]	离开 v->event
[2015-10-20 16:33:00]	撤出 v->event
[2015-10-20 16:33:00]	途径 n->event
[2015-10-20 16:33:00]	驶过 v->event
[2015-10-20 16:33:00]	通过 p->event
[2015-10-20 16:33:00]	抵达 v->event
[2015-10-20 16:33:00]	到达 v->event
[2015-10-20 16:33:00]	至 d->event
[2015-10-20 16:33:00]	赶到 v->event
[2015-10-20 16:33:00]	停留 vi->event
[2015-10-20 16:33:00]	停靠 v->event
[2015-10-20 16:33:00]	访问 v->event
[2015-10-20 16:33:00]	到访 v->event
[2015-10-20 16:33:00]	返回 v->event
[2015-10-20 16:33:00]	回到 v->event
[2015-10-20 16:33:00]	前往 v->event
[2015-10-20 16:33:00]	开赴 v->event
[2015-10-20 16:33:00]	驶向 v->event
[2015-10-20 16:33:00]	靠近 v->event
[2015-10-20 16:33:00]	在 d->event
[2015-10-20 16:33:00]	出现 v->event
[2015-10-20 16:33:01]	出发 vi->event
[2015-10-20 16:33:01]	起航 vi->event
[2015-10-20 16:33:01]	出港 vi->event
[2015-10-20 16:33:01]	离开 v->event
[2015-10-20 16:33:01]	撤出 v->event
[2015-10-20 16:33:01]	途径 n->event
[2015-10-20 16:33:01]	驶过 v->event
[2015-10-20 16:33:01]	通过 p->event
[2015-10-20 16:33:01]	抵达 v->event
[2015-10-20 16:33:01]	到达 v->event
[2015-10-20 16:33:01]	至 d->event
[2015-10-20 16:33:01]	赶到 v->event
[2015-10-20 16:33:01]	停留 vi->event
[2015-10-20 16:33:01]	停靠 v->event
[2015-10-20 16:33:01]	访问 v->event
[2015-10-20 16:33:01]	到访 v->event
[2015-10-20 16:33:01]	返回 v->event
[2015-10-20 16:33:01]	回到 v->event
[2015-10-20 16:33:01]	前往 v->event
[2015-10-20 16:33:01]	开赴 v->event
[2015-10-20 16:33:01]	驶向 v->event
[2015-10-20 16:33:01]	靠近 v->event
[2015-10-20 16:33:01]	在 d->event
[2015-10-20 16:33:01]	出现 v->event
[2015-10-20 16:33:02]	出发 vi->event
[2015-10-20 16:33:02]	起航 vi->event
[2015-10-20 16:33:02]	出港 vi->event
[2015-10-20 16:33:02]	离开 v->event
[2015-10-20 16:33:02]	撤出 v->event
[2015-10-20 16:33:02]	途径 n->event
[2015-10-20 16:33:02]	驶过 v->event
[2015-10-20 16:33:02]	通过 p->event
[2015-10-20 16:33:02]	抵达 v->event
[2015-10-20 16:33:02]	到达 v->event
[2015-10-20 16:33:02]	至 d->event
[2015-10-20 16:33:02]	赶到 v->event
[2015-10-20 16:33:02]	停留 vi->event
[2015-10-20 16:33:02]	停靠 v->event
[2015-10-20 16:33:02]	访问 v->event
[2015-10-20 16:33:02]	到访 v->event
[2015-10-20 16:33:02]	返回 v->event
[2015-10-20 16:33:02]	回到 v->event
[2015-10-20 16:33:02]	前往 v->event
[2015-10-20 16:33:02]	开赴 v->event
[2015-10-20 16:33:02]	驶向 v->event
[2015-10-20 16:33:02]	靠近 v->event
[2015-10-20 16:33:02]	在 d->event
[2015-10-20 16:33:02]	出现 v->event
[2015-10-20 16:39:34]	出发 vi->event
[2015-10-20 16:39:34]	起航 vi->event
[2015-10-20 16:39:34]	出港 vi->event
[2015-10-20 16:39:34]	离开 v->event
[2015-10-20 16:39:34]	撤出 v->event
[2015-10-20 16:39:34]	途径 n->event
[2015-10-20 16:39:34]	驶过 v->event
[2015-10-20 16:39:34]	通过 p->event
[2015-10-20 16:39:34]	抵达 v->event
[2015-10-20 16:39:34]	到达 v->event
[2015-10-20 16:39:34]	至 d->event
[2015-10-20 16:39:34]	赶到 v->event
[2015-10-20 16:39:34]	停留 vi->event
[2015-10-20 16:39:34]	停靠 v->event
[2015-10-20 16:39:34]	访问 v->event
[2015-10-20 16:39:34]	到访 v->event
[2015-10-20 16:39:34]	返回 v->event
[2015-10-20 16:39:34]	回到 v->event
[2015-10-20 16:39:34]	前往 v->event
[2015-10-20 16:39:34]	开赴 v->event
[2015-10-20 16:39:34]	驶向 v->event
[2015-10-20 16:39:34]	靠近 v->event
[2015-10-20 16:39:34]	在 d->event
[2015-10-20 16:39:34]	出现 v->event
[2015-10-20 16:39:35]	出发 vi->event
[2015-10-20 16:39:35]	起航 vi->event
[2015-10-20 16:39:35]	出港 vi->event
[2015-10-20 16:39:35]	离开 v->event
[2015-10-20 16:39:35]	撤出 v->event
[2015-10-20 16:39:35]	途径 n->event
[2015-10-20 16:39:35]	驶过 v->event
[2015-10-20 16:39:35]	通过 p->event
[2015-10-20 16:39:35]	抵达 v->event
[2015-10-20 16:39:35]	到达 v->event
[2015-10-20 16:39:35]	至 d->event
[2015-10-20 16:39:35]	赶到 v->event
[2015-10-20 16:39:35]	停留 vi->event
[2015-10-20 16:39:35]	停靠 v->event
[2015-10-20 16:39:35]	访问 v->event
[2015-10-20 16:39:35]	到访 v->event
[2015-10-20 16:39:35]	返回 v->event
[2015-10-20 16:39:35]	回到 v->event
[2015-10-20 16:39:35]	前往 v->event
[2015-10-20 16:39:35]	开赴 v->event
[2015-10-20 16:39:35]	驶向 v->event
[2015-10-20 16:39:35]	靠近 v->event
[2015-10-20 16:39:35]	在 d->event
[2015-10-20 16:39:35]	出现 v->event
[2015-10-20 16:44:14]	出发 vi->event
[2015-10-20 16:44:14]	起航 vi->event
[2015-10-20 16:44:14]	出港 vi->event
[2015-10-20 16:44:14]	离开 v->event
[2015-10-20 16:44:14]	撤出 v->event
[2015-10-20 16:44:14]	途径 n->event
[2015-10-20 16:44:14]	驶过 v->event
[2015-10-20 16:44:14]	通过 p->event
[2015-10-20 16:44:14]	抵达 v->event
[2015-10-20 16:44:14]	到达 v->event
[2015-10-20 16:44:14]	至 d->event
[2015-10-20 16:44:14]	赶到 v->event
[2015-10-20 16:44:14]	停留 vi->event
[2015-10-20 16:44:14]	停靠 v->event
[2015-10-20 16:44:14]	访问 v->event
[2015-10-20 16:44:14]	到访 v->event
[2015-10-20 16:44:14]	返回 v->event
[2015-10-20 16:44:14]	回到 v->event
[2015-10-20 16:44:14]	前往 v->event
[2015-10-20 16:44:14]	开赴 v->event
[2015-10-20 16:44:14]	驶向 v->event
[2015-10-20 16:44:14]	靠近 v->event
[2015-10-20 16:44:14]	在 d->event
[2015-10-20 16:44:14]	出现 v->event
[2015-10-20 16:44:14]	出发 vi->event
[2015-10-20 16:44:14]	起航 vi->event
[2015-10-20 16:44:14]	出港 vi->event
[2015-10-20 16:44:14]	离开 v->event
[2015-10-20 16:44:14]	撤出 v->event
[2015-10-20 16:44:14]	途径 n->event
[2015-10-20 16:44:14]	驶过 v->event
[2015-10-20 16:44:14]	通过 p->event
[2015-10-20 16:44:14]	抵达 v->event
[2015-10-20 16:44:14]	到达 v->event
[2015-10-20 16:44:14]	至 d->event
[2015-10-20 16:44:14]	赶到 v->event
[2015-10-20 16:44:14]	停留 vi->event
[2015-10-20 16:44:14]	停靠 v->event
[2015-10-20 16:44:15]	访问 v->event
[2015-10-20 16:44:15]	到访 v->event
[2015-10-20 16:44:15]	返回 v->event
[2015-10-20 16:44:15]	回到 v->event
[2015-10-20 16:44:15]	前往 v->event
[2015-10-20 16:44:15]	开赴 v->event
[2015-10-20 16:44:15]	驶向 v->event
[2015-10-20 16:44:15]	靠近 v->event
[2015-10-20 16:44:15]	在 d->event
[2015-10-20 16:44:15]	出现 v->event
[2015-10-20 16:44:15]	出发 vi->event
[2015-10-20 16:44:15]	起航 vi->event
[2015-10-20 16:44:15]	出港 vi->event
[2015-10-20 16:44:15]	离开 v->event
[2015-10-20 16:44:15]	撤出 v->event
[2015-10-20 16:44:15]	途径 n->event
[2015-10-20 16:44:15]	驶过 v->event
[2015-10-20 16:44:15]	通过 p->event
[2015-10-20 16:44:15]	抵达 v->event
[2015-10-20 16:44:15]	到达 v->event
[2015-10-20 16:44:15]	至 d->event
[2015-10-20 16:44:15]	赶到 v->event
[2015-10-20 16:44:15]	停留 vi->event
[2015-10-20 16:44:15]	停靠 v->event
[2015-10-20 16:44:15]	访问 v->event
[2015-10-20 16:44:15]	到访 v->event
[2015-10-20 16:44:15]	返回 v->event
[2015-10-20 16:44:15]	回到 v->event
[2015-10-20 16:44:15]	前往 v->event
[2015-10-20 16:44:15]	开赴 v->event
[2015-10-20 16:44:15]	驶向 v->event
[2015-10-20 16:44:15]	靠近 v->event
[2015-10-20 16:44:15]	在 d->event
[2015-10-20 16:44:15]	出现 v->event
[2015-10-20 16:44:15]	出发 vi->event
[2015-10-20 16:44:15]	起航 vi->event
[2015-10-20 16:44:15]	出港 vi->event
[2015-10-20 16:44:15]	离开 v->event
[2015-10-20 16:44:15]	撤出 v->event
[2015-10-20 16:44:15]	途径 n->event
[2015-10-20 16:44:15]	驶过 v->event
[2015-10-20 16:44:15]	通过 p->event
[2015-10-20 16:44:15]	抵达 v->event
[2015-10-20 16:44:15]	到达 v->event
[2015-10-20 16:44:15]	至 d->event
[2015-10-20 16:44:15]	赶到 v->event
[2015-10-20 16:44:15]	停留 vi->event
[2015-10-20 16:44:15]	停靠 v->event
[2015-10-20 16:44:15]	访问 v->event
[2015-10-20 16:44:15]	到访 v->event
[2015-10-20 16:44:15]	返回 v->event
[2015-10-20 16:44:15]	回到 v->event
[2015-10-20 16:44:15]	前往 v->event
[2015-10-20 16:44:15]	开赴 v->event
[2015-10-20 16:44:15]	驶向 v->event
[2015-10-20 16:44:15]	靠近 v->event
[2015-10-20 16:44:15]	在 d->event
[2015-10-20 16:44:15]	出现 v->event
[2015-10-20 16:45:39]	出发 vi->event
[2015-10-20 16:45:39]	起航 vi->event
[2015-10-20 16:45:39]	出港 vi->event
[2015-10-20 16:45:39]	离开 v->event
[2015-10-20 16:45:39]	撤出 v->event
[2015-10-20 16:45:39]	途径 n->event
[2015-10-20 16:45:39]	驶过 v->event
[2015-10-20 16:45:39]	通过 p->event
[2015-10-20 16:45:39]	抵达 v->event
[2015-10-20 16:45:39]	到达 v->event
[2015-10-20 16:45:39]	至 d->event
[2015-10-20 16:45:39]	赶到 v->event
[2015-10-20 16:45:39]	停留 vi->event
[2015-10-20 16:45:39]	停靠 v->event
[2015-10-20 16:45:39]	访问 v->event
[2015-10-20 16:45:39]	到访 v->event
[2015-10-20 16:45:39]	返回 v->event
[2015-10-20 16:45:39]	回到 v->event
[2015-10-20 16:45:39]	前往 v->event
[2015-10-20 16:45:39]	开赴 v->event
[2015-10-20 16:45:39]	驶向 v->event
[2015-10-20 16:45:39]	靠近 v->event
[2015-10-20 16:45:39]	在 d->event
[2015-10-20 16:45:39]	出现 v->event
[2015-10-20 16:45:39]	出发 vi->event
[2015-10-20 16:45:39]	起航 vi->event
[2015-10-20 16:45:39]	出港 vi->event
[2015-10-20 16:45:39]	离开 v->event
[2015-10-20 16:45:39]	撤出 v->event
[2015-10-20 16:45:39]	途径 n->event
[2015-10-20 16:45:39]	驶过 v->event
[2015-10-20 16:45:39]	通过 p->event
[2015-10-20 16:45:39]	抵达 v->event
[2015-10-20 16:45:39]	到达 v->event
[2015-10-20 16:45:39]	至 d->event
[2015-10-20 16:45:39]	赶到 v->event
[2015-10-20 16:45:39]	停留 vi->event
[2015-10-20 16:45:39]	停靠 v->event
[2015-10-20 16:45:39]	访问 v->event
[2015-10-20 16:45:39]	到访 v->event
[2015-10-20 16:45:39]	返回 v->event
[2015-10-20 16:45:39]	回到 v->event
[2015-10-20 16:45:39]	前往 v->event
[2015-10-20 16:45:39]	开赴 v->event
[2015-10-20 16:45:39]	驶向 v->event
[2015-10-20 16:45:39]	靠近 v->event
[2015-10-20 16:45:39]	在 d->event
[2015-10-20 16:45:39]	出现 v->event
[2015-10-20 16:46:26]	出发 vi->event
[2015-10-20 16:46:26]	起航 vi->event
[2015-10-20 16:46:26]	出港 vi->event
[2015-10-20 16:46:26]	离开 v->event
[2015-10-20 16:46:26]	撤出 v->event
[2015-10-20 16:46:26]	途径 n->event
[2015-10-20 16:46:26]	驶过 v->event
[2015-10-20 16:46:26]	通过 p->event
[2015-10-20 16:46:26]	抵达 v->event
[2015-10-20 16:46:26]	到达 v->event
[2015-10-20 16:46:26]	至 d->event
[2015-10-20 16:46:26]	赶到 v->event
[2015-10-20 16:46:26]	停留 vi->event
[2015-10-20 16:46:26]	停靠 v->event
[2015-10-20 16:46:26]	访问 v->event
[2015-10-20 16:46:26]	到访 v->event
[2015-10-20 16:46:26]	返回 v->event
[2015-10-20 16:46:26]	回到 v->event
[2015-10-20 16:46:26]	前往 v->event
[2015-10-20 16:46:26]	开赴 v->event
[2015-10-20 16:46:26]	驶向 v->event
[2015-10-20 16:46:26]	靠近 v->event
[2015-10-20 16:46:26]	在 d->event
[2015-10-20 16:46:26]	出现 v->event
[2015-10-20 16:46:26]	前往 v->event
[2015-10-20 16:46:26]	出发 vi->event
[2015-10-20 16:46:26]	起航 vi->event
[2015-10-20 16:46:26]	出港 vi->event
[2015-10-20 16:46:26]	离开 v->event
[2015-10-20 16:46:26]	撤出 v->event
[2015-10-20 16:46:26]	途径 n->event
[2015-10-20 16:46:26]	驶过 v->event
[2015-10-20 16:46:26]	通过 p->event
[2015-10-20 16:46:26]	抵达 v->event
[2015-10-20 16:46:26]	到达 v->event
[2015-10-20 16:46:26]	至 d->event
[2015-10-20 16:46:26]	赶到 v->event
[2015-10-20 16:46:26]	停留 vi->event
[2015-10-20 16:46:26]	停靠 v->event
[2015-10-20 16:46:26]	访问 v->event
[2015-10-20 16:46:26]	到访 v->event
[2015-10-20 16:46:26]	返回 v->event
[2015-10-20 16:46:26]	回到 v->event
[2015-10-20 16:46:26]	前往 v->event
[2015-10-20 16:46:26]	开赴 v->event
[2015-10-20 16:46:26]	驶向 v->event
[2015-10-20 16:46:26]	靠近 v->event
[2015-10-20 16:46:26]	在 d->event
[2015-10-20 16:46:26]	出现 v->event
[2015-10-20 16:46:26]	前往 v->event
[2015-10-20 16:46:26]	出发 vi->event
[2015-10-20 16:46:26]	起航 vi->event
[2015-10-20 16:46:26]	出港 vi->event
[2015-10-20 16:46:26]	离开 v->event
[2015-10-20 16:46:26]	撤出 v->event
[2015-10-20 16:46:26]	途径 n->event
[2015-10-20 16:46:26]	驶过 v->event
[2015-10-20 16:46:26]	通过 p->event
[2015-10-20 16:46:26]	抵达 v->event
[2015-10-20 16:46:26]	到达 v->event
[2015-10-20 16:46:26]	至 d->event
[2015-10-20 16:46:26]	赶到 v->event
[2015-10-20 16:46:26]	停留 vi->event
[2015-10-20 16:46:26]	停靠 v->event
[2015-10-20 16:46:26]	访问 v->event
[2015-10-20 16:46:26]	到访 v->event
[2015-10-20 16:46:26]	返回 v->event
[2015-10-20 16:46:26]	回到 v->event
[2015-10-20 16:46:26]	前往 v->event
[2015-10-20 16:46:26]	开赴 v->event
[2015-10-20 16:46:26]	驶向 v->event
[2015-10-20 16:46:26]	靠近 v->event
[2015-10-20 16:46:26]	在 d->event
[2015-10-20 16:46:26]	出现 v->event
[2015-10-20 16:46:26]	前往 v->event
[2015-10-20 16:46:26]	出发 vi->event
[2015-10-20 16:46:26]	起航 vi->event
[2015-10-20 16:46:26]	出港 vi->event
[2015-10-20 16:46:26]	离开 v->event
[2015-10-20 16:46:26]	撤出 v->event
[2015-10-20 16:46:26]	途径 n->event
[2015-10-20 16:46:26]	驶过 v->event
[2015-10-20 16:46:26]	通过 p->event
[2015-10-20 16:46:26]	抵达 v->event
[2015-10-20 16:46:26]	到达 v->event
[2015-10-20 16:46:26]	至 d->event
[2015-10-20 16:46:26]	赶到 v->event
[2015-10-20 16:46:26]	停留 vi->event
[2015-10-20 16:46:26]	停靠 v->event
[2015-10-20 16:46:26]	访问 v->event
[2015-10-20 16:46:26]	到访 v->event
[2015-10-20 16:46:26]	返回 v->event
[2015-10-20 16:46:26]	回到 v->event
[2015-10-20 16:46:26]	前往 v->event
[2015-10-20 16:46:26]	开赴 v->event
[2015-10-20 16:46:26]	驶向 v->event
[2015-10-20 16:46:26]	靠近 v->event
[2015-10-20 16:46:26]	在 d->event
[2015-10-20 16:46:26]	出现 v->event
[2015-10-20 16:46:26]	前往 v->event
[2015-10-20 16:47:58]	出发 vi->event
[2015-10-20 16:47:58]	起航 vi->event
[2015-10-20 16:47:58]	出港 vi->event
[2015-10-20 16:47:58]	离开 v->event
[2015-10-20 16:47:58]	撤出 v->event
[2015-10-20 16:47:58]	途径 n->event
[2015-10-20 16:47:58]	驶过 v->event
[2015-10-20 16:47:58]	通过 p->event
[2015-10-20 16:47:58]	抵达 v->event
[2015-10-20 16:47:58]	到达 v->event
[2015-10-20 16:47:58]	至 d->event
[2015-10-20 16:47:58]	赶到 v->event
[2015-10-20 16:47:58]	停留 vi->event
[2015-10-20 16:47:58]	停靠 v->event
[2015-10-20 16:47:58]	访问 v->event
[2015-10-20 16:47:58]	到访 v->event
[2015-10-20 16:47:58]	返回 v->event
[2015-10-20 16:47:58]	回到 v->event
[2015-10-20 16:47:58]	前往 v->event
[2015-10-20 16:47:58]	开赴 v->event
[2015-10-20 16:47:58]	驶向 v->event
[2015-10-20 16:47:58]	靠近 v->event
[2015-10-20 16:47:58]	在 d->event
[2015-10-20 16:47:58]	出现 v->event
[2015-10-20 16:47:58]	前往 v->event
[2015-10-20 16:47:58]	出发 vi->event
[2015-10-20 16:47:58]	起航 vi->event
[2015-10-20 16:47:58]	出港 vi->event
[2015-10-20 16:47:58]	离开 v->event
[2015-10-20 16:47:58]	撤出 v->event
[2015-10-20 16:47:58]	途径 n->event
[2015-10-20 16:47:58]	驶过 v->event
[2015-10-20 16:47:58]	通过 p->event
[2015-10-20 16:47:58]	抵达 v->event
[2015-10-20 16:47:58]	到达 v->event
[2015-10-20 16:47:58]	至 d->event
[2015-10-20 16:47:58]	赶到 v->event
[2015-10-20 16:47:58]	停留 vi->event
[2015-10-20 16:47:58]	停靠 v->event
[2015-10-20 16:47:58]	访问 v->event
[2015-10-20 16:47:58]	到访 v->event
[2015-10-20 16:47:58]	返回 v->event
[2015-10-20 16:47:58]	回到 v->event
[2015-10-20 16:47:58]	前往 v->event
[2015-10-20 16:47:58]	开赴 v->event
[2015-10-20 16:47:58]	驶向 v->event
[2015-10-20 16:47:58]	靠近 v->event
[2015-10-20 16:47:58]	在 d->event
[2015-10-20 16:47:58]	出现 v->event
[2015-10-20 16:47:58]	前往 v->event
[2015-10-20 16:48:33]	出发 vi->event
[2015-10-20 16:48:33]	起航 vi->event
[2015-10-20 16:48:33]	出港 vi->event
[2015-10-20 16:48:33]	离开 v->event
[2015-10-20 16:48:33]	撤出 v->event
[2015-10-20 16:48:33]	途径 n->event
[2015-10-20 16:48:33]	驶过 v->event
[2015-10-20 16:48:33]	通过 p->event
[2015-10-20 16:48:33]	抵达 v->event
[2015-10-20 16:48:33]	到达 v->event
[2015-10-20 16:48:33]	至 d->event
[2015-10-20 16:48:33]	赶到 v->event
[2015-10-20 16:48:33]	停留 vi->event
[2015-10-20 16:48:33]	停靠 v->event
[2015-10-20 16:48:33]	访问 v->event
[2015-10-20 16:48:33]	到访 v->event
[2015-10-20 16:48:33]	返回 v->event
[2015-10-20 16:48:33]	回到 v->event
[2015-10-20 16:48:33]	前往 v->event
[2015-10-20 16:48:33]	开赴 v->event
[2015-10-20 16:48:33]	驶向 v->event
[2015-10-20 16:48:33]	靠近 v->event
[2015-10-20 16:48:33]	在 d->event
[2015-10-20 16:48:33]	出现 v->event
[2015-10-20 16:48:33]	前往 v->event
[2015-10-20 16:48:34]	出发 vi->event
[2015-10-20 16:48:34]	起航 vi->event
[2015-10-20 16:48:34]	出港 vi->event
[2015-10-20 16:48:34]	离开 v->event
[2015-10-20 16:48:34]	撤出 v->event
[2015-10-20 16:48:34]	途径 n->event
[2015-10-20 16:48:34]	驶过 v->event
[2015-10-20 16:48:34]	通过 p->event
[2015-10-20 16:48:34]	抵达 v->event
[2015-10-20 16:48:34]	到达 v->event
[2015-10-20 16:48:34]	至 d->event
[2015-10-20 16:48:34]	赶到 v->event
[2015-10-20 16:48:34]	停留 vi->event
[2015-10-20 16:48:34]	停靠 v->event
[2015-10-20 16:48:34]	访问 v->event
[2015-10-20 16:48:34]	到访 v->event
[2015-10-20 16:48:34]	返回 v->event
[2015-10-20 16:48:34]	回到 v->event
[2015-10-20 16:48:34]	前往 v->event
[2015-10-20 16:48:34]	开赴 v->event
[2015-10-20 16:48:34]	驶向 v->event
[2015-10-20 16:48:34]	靠近 v->event
[2015-10-20 16:48:34]	在 d->event
[2015-10-20 16:48:34]	出现 v->event
[2015-10-20 16:48:34]	前往 v->event
[2015-10-20 16:48:34]	出发 vi->event
[2015-10-20 16:48:34]	起航 vi->event
[2015-10-20 16:48:34]	出港 vi->event
[2015-10-20 16:48:34]	离开 v->event
[2015-10-20 16:48:34]	撤出 v->event
[2015-10-20 16:48:34]	途径 n->event
[2015-10-20 16:48:34]	驶过 v->event
[2015-10-20 16:48:34]	通过 p->event
[2015-10-20 16:48:34]	抵达 v->event
[2015-10-20 16:48:34]	到达 v->event
[2015-10-20 16:48:34]	至 d->event
[2015-10-20 16:48:34]	赶到 v->event
[2015-10-20 16:48:34]	停留 vi->event
[2015-10-20 16:48:34]	停靠 v->event
[2015-10-20 16:48:34]	访问 v->event
[2015-10-20 16:48:34]	到访 v->event
[2015-10-20 16:48:34]	返回 v->event
[2015-10-20 16:48:34]	回到 v->event
[2015-10-20 16:48:34]	前往 v->event
[2015-10-20 16:48:34]	开赴 v->event
[2015-10-20 16:48:34]	驶向 v->event
[2015-10-20 16:48:34]	靠近 v->event
[2015-10-20 16:48:34]	在 d->event
[2015-10-20 16:48:34]	出现 v->event
[2015-10-20 16:48:34]	前往 v->event
[2015-10-20 16:48:34]	出发 vi->event
[2015-10-20 16:48:34]	起航 vi->event
[2015-10-20 16:48:34]	出港 vi->event
[2015-10-20 16:48:34]	离开 v->event
[2015-10-20 16:48:34]	撤出 v->event
[2015-10-20 16:48:34]	途径 n->event
[2015-10-20 16:48:34]	驶过 v->event
[2015-10-20 16:48:34]	通过 p->event
[2015-10-20 16:48:34]	抵达 v->event
[2015-10-20 16:48:34]	到达 v->event
[2015-10-20 16:48:34]	至 d->event
[2015-10-20 16:48:34]	赶到 v->event
[2015-10-20 16:48:34]	停留 vi->event
[2015-10-20 16:48:34]	停靠 v->event
[2015-10-20 16:48:34]	访问 v->event
[2015-10-20 16:48:34]	到访 v->event
[2015-10-20 16:48:34]	返回 v->event
[2015-10-20 16:48:34]	回到 v->event
[2015-10-20 16:48:34]	前往 v->event
[2015-10-20 16:48:34]	开赴 v->event
[2015-10-20 16:48:34]	驶向 v->event
[2015-10-20 16:48:34]	靠近 v->event
[2015-10-20 16:48:34]	在 d->event
[2015-10-20 16:48:34]	出现 v->event
[2015-10-20 16:48:34]	前往 v->event
[2015-10-20 16:48:34]	出发 vi->event
[2015-10-20 16:48:34]	起航 vi->event
[2015-10-20 16:48:34]	出港 vi->event
[2015-10-20 16:48:34]	离开 v->event
[2015-10-20 16:48:34]	撤出 v->event
[2015-10-20 16:48:34]	途径 n->event
[2015-10-20 16:48:34]	驶过 v->event
[2015-10-20 16:48:34]	通过 p->event
[2015-10-20 16:48:34]	抵达 v->event
[2015-10-20 16:48:34]	到达 v->event
[2015-10-20 16:48:34]	至 d->event
[2015-10-20 16:48:34]	赶到 v->event
[2015-10-20 16:48:34]	停留 vi->event
[2015-10-20 16:48:34]	停靠 v->event
[2015-10-20 16:48:34]	访问 v->event
[2015-10-20 16:48:34]	到访 v->event
[2015-10-20 16:48:34]	返回 v->event
[2015-10-20 16:48:34]	回到 v->event
[2015-10-20 16:48:34]	前往 v->event
[2015-10-20 16:48:34]	开赴 v->event
[2015-10-20 16:48:34]	驶向 v->event
[2015-10-20 16:48:34]	靠近 v->event
[2015-10-20 16:48:34]	在 d->event
[2015-10-20 16:48:34]	出现 v->event
[2015-10-20 16:48:34]	前往 v->event
[2015-10-20 16:49:06]	出发 vi->event
[2015-10-20 16:49:06]	起航 vi->event
[2015-10-20 16:49:06]	出港 vi->event
[2015-10-20 16:49:06]	离开 v->event
[2015-10-20 16:49:06]	撤出 v->event
[2015-10-20 16:49:06]	途径 n->event
[2015-10-20 16:49:06]	驶过 v->event
[2015-10-20 16:49:06]	通过 p->event
[2015-10-20 16:49:06]	抵达 v->event
[2015-10-20 16:49:06]	到达 v->event
[2015-10-20 16:49:06]	至 d->event
[2015-10-20 16:49:06]	赶到 v->event
[2015-10-20 16:49:06]	停留 vi->event
[2015-10-20 16:49:06]	停靠 v->event
[2015-10-20 16:49:06]	访问 v->event
[2015-10-20 16:49:06]	到访 v->event
[2015-10-20 16:49:06]	返回 v->event
[2015-10-20 16:49:06]	回到 v->event
[2015-10-20 16:49:06]	前往 v->event
[2015-10-20 16:49:06]	开赴 v->event
[2015-10-20 16:49:06]	驶向 v->event
[2015-10-20 16:49:06]	靠近 v->event
[2015-10-20 16:49:06]	在 d->event
[2015-10-20 16:49:06]	出现 v->event
[2015-10-20 16:49:06]	前往 v->event
[2015-10-20 16:49:06]	出发 vi->event
[2015-10-20 16:49:06]	起航 vi->event
[2015-10-20 16:49:06]	出港 vi->event
[2015-10-20 16:49:06]	离开 v->event
[2015-10-20 16:49:06]	撤出 v->event
[2015-10-20 16:49:06]	途径 n->event
[2015-10-20 16:49:06]	驶过 v->event
[2015-10-20 16:49:06]	通过 p->event
[2015-10-20 16:49:06]	抵达 v->event
[2015-10-20 16:49:06]	到达 v->event
[2015-10-20 16:49:06]	至 d->event
[2015-10-20 16:49:06]	赶到 v->event
[2015-10-20 16:49:06]	停留 vi->event
[2015-10-20 16:49:06]	停靠 v->event
[2015-10-20 16:49:06]	访问 v->event
[2015-10-20 16:49:06]	到访 v->event
[2015-10-20 16:49:06]	返回 v->event
[2015-10-20 16:49:06]	回到 v->event
[2015-10-20 16:49:06]	前往 v->event
[2015-10-20 16:49:06]	开赴 v->event
[2015-10-20 16:49:06]	驶向 v->event
[2015-10-20 16:49:06]	靠近 v->event
[2015-10-20 16:49:06]	在 d->event
[2015-10-20 16:49:06]	出现 v->event
[2015-10-20 16:49:06]	前往 v->event
[2015-10-20 16:49:17]	出发 vi->event
[2015-10-20 16:49:17]	起航 vi->event
[2015-10-20 16:49:17]	出港 vi->event
[2015-10-20 16:49:17]	离开 v->event
[2015-10-20 16:49:17]	撤出 v->event
[2015-10-20 16:49:17]	途径 n->event
[2015-10-20 16:49:17]	驶过 v->event
[2015-10-20 16:49:17]	通过 p->event
[2015-10-20 16:49:17]	抵达 v->event
[2015-10-20 16:49:17]	到达 v->event
[2015-10-20 16:49:17]	至 d->event
[2015-10-20 16:49:17]	赶到 v->event
[2015-10-20 16:49:17]	停留 vi->event
[2015-10-20 16:49:17]	停靠 v->event
[2015-10-20 16:49:17]	访问 v->event
[2015-10-20 16:49:17]	到访 v->event
[2015-10-20 16:49:17]	返回 v->event
[2015-10-20 16:49:17]	回到 v->event
[2015-10-20 16:49:17]	前往 v->event
[2015-10-20 16:49:17]	开赴 v->event
[2015-10-20 16:49:17]	驶向 v->event
[2015-10-20 16:49:17]	靠近 v->event
[2015-10-20 16:49:17]	在 d->event
[2015-10-20 16:49:17]	出现 v->event
[2015-10-20 16:49:17]	前往 v->event
[2015-10-20 16:49:17]	出发 vi->event
[2015-10-20 16:49:17]	起航 vi->event
[2015-10-20 16:49:17]	出港 vi->event
[2015-10-20 16:49:17]	离开 v->event
[2015-10-20 16:49:17]	撤出 v->event
[2015-10-20 16:49:17]	途径 n->event
[2015-10-20 16:49:17]	驶过 v->event
[2015-10-20 16:49:17]	通过 p->event
[2015-10-20 16:49:17]	抵达 v->event
[2015-10-20 16:49:17]	到达 v->event
[2015-10-20 16:49:17]	至 d->event
[2015-10-20 16:49:17]	赶到 v->event
[2015-10-20 16:49:17]	停留 vi->event
[2015-10-20 16:49:17]	停靠 v->event
[2015-10-20 16:49:17]	访问 v->event
[2015-10-20 16:49:17]	到访 v->event
[2015-10-20 16:49:17]	返回 v->event
[2015-10-20 16:49:17]	回到 v->event
[2015-10-20 16:49:17]	前往 v->event
[2015-10-20 16:49:17]	开赴 v->event
[2015-10-20 16:49:17]	驶向 v->event
[2015-10-20 16:49:17]	靠近 v->event
[2015-10-20 16:49:17]	在 d->event
[2015-10-20 16:49:17]	出现 v->event
[2015-10-20 16:49:17]	前往 v->event
[2015-10-20 16:49:17]	出发 vi->event
[2015-10-20 16:49:17]	起航 vi->event
[2015-10-20 16:49:17]	出港 vi->event
[2015-10-20 16:49:17]	离开 v->event
[2015-10-20 16:49:17]	撤出 v->event
[2015-10-20 16:49:17]	途径 n->event
[2015-10-20 16:49:17]	驶过 v->event
[2015-10-20 16:49:17]	通过 p->event
[2015-10-20 16:49:17]	抵达 v->event
[2015-10-20 16:49:17]	到达 v->event
[2015-10-20 16:49:17]	至 d->event
[2015-10-20 16:49:17]	赶到 v->event
[2015-10-20 16:49:17]	停留 vi->event
[2015-10-20 16:49:17]	停靠 v->event
[2015-10-20 16:49:17]	访问 v->event
[2015-10-20 16:49:17]	到访 v->event
[2015-10-20 16:49:17]	返回 v->event
[2015-10-20 16:49:17]	回到 v->event
[2015-10-20 16:49:17]	前往 v->event
[2015-10-20 16:49:17]	开赴 v->event
[2015-10-20 16:49:17]	驶向 v->event
[2015-10-20 16:49:17]	靠近 v->event
[2015-10-20 16:49:17]	在 d->event
[2015-10-20 16:49:17]	出现 v->event
[2015-10-20 16:49:17]	前往 v->event
[2015-10-20 16:49:17]	出发 vi->event
[2015-10-20 16:49:17]	起航 vi->event
[2015-10-20 16:49:17]	出港 vi->event
[2015-10-20 16:49:17]	离开 v->event
[2015-10-20 16:49:17]	撤出 v->event
[2015-10-20 16:49:17]	途径 n->event
[2015-10-20 16:49:17]	驶过 v->event
[2015-10-20 16:49:17]	通过 p->event
[2015-10-20 16:49:17]	抵达 v->event
[2015-10-20 16:49:17]	到达 v->event
[2015-10-20 16:49:17]	至 d->event
[2015-10-20 16:49:17]	赶到 v->event
[2015-10-20 16:49:17]	停留 vi->event
[2015-10-20 16:49:17]	停靠 v->event
[2015-10-20 16:49:17]	访问 v->event
[2015-10-20 16:49:17]	到访 v->event
[2015-10-20 16:49:17]	返回 v->event
[2015-10-20 16:49:17]	回到 v->event
[2015-10-20 16:49:17]	前往 v->event
[2015-10-20 16:49:17]	开赴 v->event
[2015-10-20 16:49:17]	驶向 v->event
[2015-10-20 16:49:17]	靠近 v->event
[2015-10-20 16:49:17]	在 d->event
[2015-10-20 16:49:17]	出现 v->event
[2015-10-20 16:49:17]	前往 v->event
[2015-10-20 16:49:18]	出发 vi->event
[2015-10-20 16:49:18]	起航 vi->event
[2015-10-20 16:49:18]	出港 vi->event
[2015-10-20 16:49:18]	离开 v->event
[2015-10-20 16:49:18]	撤出 v->event
[2015-10-20 16:49:18]	途径 n->event
[2015-10-20 16:49:18]	驶过 v->event
[2015-10-20 16:49:18]	通过 p->event
[2015-10-20 16:49:18]	抵达 v->event
[2015-10-20 16:49:18]	到达 v->event
[2015-10-20 16:49:18]	至 d->event
[2015-10-20 16:49:18]	赶到 v->event
[2015-10-20 16:49:18]	停留 vi->event
[2015-10-20 16:49:18]	停靠 v->event
[2015-10-20 16:49:18]	访问 v->event
[2015-10-20 16:49:18]	到访 v->event
[2015-10-20 16:49:18]	返回 v->event
[2015-10-20 16:49:18]	回到 v->event
[2015-10-20 16:49:18]	前往 v->event
[2015-10-20 16:49:18]	开赴 v->event
[2015-10-20 16:49:18]	驶向 v->event
[2015-10-20 16:49:18]	靠近 v->event
[2015-10-20 16:49:18]	在 d->event
[2015-10-20 16:49:18]	出现 v->event
[2015-10-20 16:49:18]	前往 v->event
[2015-10-20 16:49:59]	出发 vi->event
[2015-10-20 16:49:59]	起航 vi->event
[2015-10-20 16:49:59]	出港 vi->event
[2015-10-20 16:49:59]	离开 v->event
[2015-10-20 16:49:59]	撤出 v->event
[2015-10-20 16:49:59]	途径 n->event
[2015-10-20 16:49:59]	驶过 v->event
[2015-10-20 16:49:59]	通过 p->event
[2015-10-20 16:49:59]	抵达 v->event
[2015-10-20 16:49:59]	到达 v->event
[2015-10-20 16:49:59]	至 d->event
[2015-10-20 16:49:59]	赶到 v->event
[2015-10-20 16:49:59]	停留 vi->event
[2015-10-20 16:49:59]	停靠 v->event
[2015-10-20 16:49:59]	访问 v->event
[2015-10-20 16:49:59]	到访 v->event
[2015-10-20 16:49:59]	返回 v->event
[2015-10-20 16:49:59]	回到 v->event
[2015-10-20 16:49:59]	前往 v->event
[2015-10-20 16:49:59]	开赴 v->event
[2015-10-20 16:49:59]	驶向 v->event
[2015-10-20 16:49:59]	靠近 v->event
[2015-10-20 16:49:59]	在 d->event
[2015-10-20 16:49:59]	出现 v->event
[2015-10-20 16:49:59]	前往 v->event
[2015-10-20 16:49:59]	出发 vi->event
[2015-10-20 16:49:59]	起航 vi->event
[2015-10-20 16:49:59]	出港 vi->event
[2015-10-20 16:49:59]	离开 v->event
[2015-10-20 16:49:59]	撤出 v->event
[2015-10-20 16:49:59]	途径 n->event
[2015-10-20 16:49:59]	驶过 v->event
[2015-10-20 16:49:59]	通过 p->event
[2015-10-20 16:49:59]	抵达 v->event
[2015-10-20 16:49:59]	到达 v->event
[2015-10-20 16:49:59]	至 d->event
[2015-10-20 16:49:59]	赶到 v->event
[2015-10-20 16:49:59]	停留 vi->event
[2015-10-20 16:49:59]	停靠 v->event
[2015-10-20 16:49:59]	访问 v->event
[2015-10-20 16:49:59]	到访 v->event
[2015-10-20 16:49:59]	返回 v->event
[2015-10-20 16:49:59]	回到 v->event
[2015-10-20 16:49:59]	前往 v->event
[2015-10-20 16:49:59]	开赴 v->event
[2015-10-20 16:49:59]	驶向 v->event
[2015-10-20 16:49:59]	靠近 v->event
[2015-10-20 16:49:59]	在 d->event
[2015-10-20 16:49:59]	出现 v->event
[2015-10-20 16:49:59]	前往 v->event
[2015-10-20 16:50:32]	出发 vi->event
[2015-10-20 16:50:32]	起航 vi->event
[2015-10-20 16:50:32]	出港 vi->event
[2015-10-20 16:50:32]	离开 v->event
[2015-10-20 16:50:32]	撤出 v->event
[2015-10-20 16:50:32]	途径 n->event
[2015-10-20 16:50:32]	驶过 v->event
[2015-10-20 16:50:32]	通过 p->event
[2015-10-20 16:50:32]	抵达 v->event
[2015-10-20 16:50:32]	到达 v->event
[2015-10-20 16:50:32]	至 d->event
[2015-10-20 16:50:32]	赶到 v->event
[2015-10-20 16:50:32]	停留 vi->event
[2015-10-20 16:50:32]	停靠 v->event
[2015-10-20 16:50:32]	访问 v->event
[2015-10-20 16:50:32]	到访 v->event
[2015-10-20 16:50:32]	返回 v->event
[2015-10-20 16:50:32]	回到 v->event
[2015-10-20 16:50:32]	前往 v->event
[2015-10-20 16:50:32]	开赴 v->event
[2015-10-20 16:50:32]	驶向 v->event
[2015-10-20 16:50:32]	靠近 v->event
[2015-10-20 16:50:32]	在 d->event
[2015-10-20 16:50:32]	出现 v->event
[2015-10-20 16:50:32]	前往 v->event
[2015-10-20 16:50:32]	出发 vi->event
[2015-10-20 16:50:32]	起航 vi->event
[2015-10-20 16:50:32]	出港 vi->event
[2015-10-20 16:50:32]	离开 v->event
[2015-10-20 16:50:32]	撤出 v->event
[2015-10-20 16:50:32]	途径 n->event
[2015-10-20 16:50:32]	驶过 v->event
[2015-10-20 16:50:32]	通过 p->event
[2015-10-20 16:50:32]	抵达 v->event
[2015-10-20 16:50:32]	到达 v->event
[2015-10-20 16:50:32]	至 d->event
[2015-10-20 16:50:32]	赶到 v->event
[2015-10-20 16:50:32]	停留 vi->event
[2015-10-20 16:50:32]	停靠 v->event
[2015-10-20 16:50:32]	访问 v->event
[2015-10-20 16:50:32]	到访 v->event
[2015-10-20 16:50:32]	返回 v->event
[2015-10-20 16:50:32]	回到 v->event
[2015-10-20 16:50:32]	前往 v->event
[2015-10-20 16:50:32]	开赴 v->event
[2015-10-20 16:50:32]	驶向 v->event
[2015-10-20 16:50:32]	靠近 v->event
[2015-10-20 16:50:32]	在 d->event
[2015-10-20 16:50:32]	出现 v->event
[2015-10-20 16:50:32]	前往 v->event
[2015-10-20 16:50:57]	出发 vi->event
[2015-10-20 16:50:57]	起航 vi->event
[2015-10-20 16:50:57]	出港 vi->event
[2015-10-20 16:50:57]	离开 v->event
[2015-10-20 16:50:57]	撤出 v->event
[2015-10-20 16:50:57]	途径 n->event
[2015-10-20 16:50:57]	驶过 v->event
[2015-10-20 16:50:57]	通过 p->event
[2015-10-20 16:50:57]	抵达 v->event
[2015-10-20 16:50:57]	到达 v->event
[2015-10-20 16:50:57]	至 d->event
[2015-10-20 16:50:57]	赶到 v->event
[2015-10-20 16:50:57]	停留 vi->event
[2015-10-20 16:50:57]	停靠 v->event
[2015-10-20 16:50:57]	访问 v->event
[2015-10-20 16:50:57]	到访 v->event
[2015-10-20 16:50:57]	返回 v->event
[2015-10-20 16:50:57]	回到 v->event
[2015-10-20 16:50:57]	前往 v->event
[2015-10-20 16:50:57]	开赴 v->event
[2015-10-20 16:50:57]	驶向 v->event
[2015-10-20 16:50:57]	靠近 v->event
[2015-10-20 16:50:57]	在 d->event
[2015-10-20 16:50:57]	出现 v->event
[2015-10-20 16:50:57]	前往 v->event
[2015-10-20 16:50:57]	出发 vi->event
[2015-10-20 16:50:57]	起航 vi->event
[2015-10-20 16:50:57]	出港 vi->event
[2015-10-20 16:50:57]	离开 v->event
[2015-10-20 16:50:57]	撤出 v->event
[2015-10-20 16:50:57]	途径 n->event
[2015-10-20 16:50:57]	驶过 v->event
[2015-10-20 16:50:57]	通过 p->event
[2015-10-20 16:50:57]	抵达 v->event
[2015-10-20 16:50:57]	到达 v->event
[2015-10-20 16:50:57]	至 d->event
[2015-10-20 16:50:57]	赶到 v->event
[2015-10-20 16:50:57]	停留 vi->event
[2015-10-20 16:50:57]	停靠 v->event
[2015-10-20 16:50:57]	访问 v->event
[2015-10-20 16:50:57]	到访 v->event
[2015-10-20 16:50:57]	返回 v->event
[2015-10-20 16:50:57]	回到 v->event
[2015-10-20 16:50:57]	前往 v->event
[2015-10-20 16:50:57]	开赴 v->event
[2015-10-20 16:50:57]	驶向 v->event
[2015-10-20 16:50:57]	靠近 v->event
[2015-10-20 16:50:57]	在 d->event
[2015-10-20 16:50:57]	出现 v->event
[2015-10-20 16:50:57]	前往 v->event
[2015-10-20 16:50:57]	出发 vi->event
[2015-10-20 16:50:57]	起航 vi->event
[2015-10-20 16:50:57]	出港 vi->event
[2015-10-20 16:50:57]	离开 v->event
[2015-10-20 16:50:57]	撤出 v->event
[2015-10-20 16:50:57]	途径 n->event
[2015-10-20 16:50:57]	驶过 v->event
[2015-10-20 16:50:57]	通过 p->event
[2015-10-20 16:50:57]	抵达 v->event
[2015-10-20 16:50:57]	到达 v->event
[2015-10-20 16:50:57]	至 d->event
[2015-10-20 16:50:57]	赶到 v->event
[2015-10-20 16:50:57]	停留 vi->event
[2015-10-20 16:50:57]	停靠 v->event
[2015-10-20 16:50:57]	访问 v->event
[2015-10-20 16:50:57]	到访 v->event
[2015-10-20 16:50:57]	返回 v->event
[2015-10-20 16:50:57]	回到 v->event
[2015-10-20 16:50:57]	前往 v->event
[2015-10-20 16:50:57]	开赴 v->event
[2015-10-20 16:50:57]	驶向 v->event
[2015-10-20 16:50:57]	靠近 v->event
[2015-10-20 16:50:57]	在 d->event
[2015-10-20 16:50:57]	出现 v->event
[2015-10-20 16:50:57]	前往 v->event
[2015-10-20 16:52:03]	出发 vi->event
[2015-10-20 16:52:03]	起航 vi->event
[2015-10-20 16:52:03]	出港 vi->event
[2015-10-20 16:52:03]	离开 v->event
[2015-10-20 16:52:03]	撤出 v->event
[2015-10-20 16:52:03]	途径 n->event
[2015-10-20 16:52:03]	驶过 v->event
[2015-10-20 16:52:03]	通过 p->event
[2015-10-20 16:52:03]	抵达 v->event
[2015-10-20 16:52:03]	到达 v->event
[2015-10-20 16:52:03]	至 d->event
[2015-10-20 16:52:03]	赶到 v->event
[2015-10-20 16:52:03]	停留 vi->event
[2015-10-20 16:52:03]	停靠 v->event
[2015-10-20 16:52:03]	访问 v->event
[2015-10-20 16:52:03]	到访 v->event
[2015-10-20 16:52:03]	返回 v->event
[2015-10-20 16:52:03]	回到 v->event
[2015-10-20 16:52:03]	前往 v->event
[2015-10-20 16:52:03]	开赴 v->event
[2015-10-20 16:52:03]	驶向 v->event
[2015-10-20 16:52:03]	靠近 v->event
[2015-10-20 16:52:03]	在 d->event
[2015-10-20 16:52:03]	出现 v->event
[2015-10-20 16:52:03]	前往 v->event
[2015-10-20 16:52:03]	出发 vi->event
[2015-10-20 16:52:03]	起航 vi->event
[2015-10-20 16:52:03]	出港 vi->event
[2015-10-20 16:52:03]	离开 v->event
[2015-10-20 16:52:03]	撤出 v->event
[2015-10-20 16:52:03]	途径 n->event
[2015-10-20 16:52:03]	驶过 v->event
[2015-10-20 16:52:03]	通过 p->event
[2015-10-20 16:52:03]	抵达 v->event
[2015-10-20 16:52:03]	到达 v->event
[2015-10-20 16:52:03]	至 d->event
[2015-10-20 16:52:03]	赶到 v->event
[2015-10-20 16:52:03]	停留 vi->event
[2015-10-20 16:52:03]	停靠 v->event
[2015-10-20 16:52:03]	访问 v->event
[2015-10-20 16:52:03]	到访 v->event
[2015-10-20 16:52:03]	返回 v->event
[2015-10-20 16:52:03]	回到 v->event
[2015-10-20 16:52:03]	前往 v->event
[2015-10-20 16:52:03]	开赴 v->event
[2015-10-20 16:52:03]	驶向 v->event
[2015-10-20 16:52:03]	靠近 v->event
[2015-10-20 16:52:03]	在 d->event
[2015-10-20 16:52:03]	出现 v->event
[2015-10-20 16:52:03]	前往 v->event
[2015-10-20 16:52:10]	出发 vi->event
[2015-10-20 16:52:10]	起航 vi->event
[2015-10-20 16:52:10]	出港 vi->event
[2015-10-20 16:52:10]	离开 v->event
[2015-10-20 16:52:10]	撤出 v->event
[2015-10-20 16:52:10]	途径 n->event
[2015-10-20 16:52:10]	驶过 v->event
[2015-10-20 16:52:10]	通过 p->event
[2015-10-20 16:52:10]	抵达 v->event
[2015-10-20 16:52:10]	到达 v->event
[2015-10-20 16:52:10]	至 d->event
[2015-10-20 16:52:10]	赶到 v->event
[2015-10-20 16:52:10]	停留 vi->event
[2015-10-20 16:52:10]	停靠 v->event
[2015-10-20 16:52:10]	访问 v->event
[2015-10-20 16:52:10]	到访 v->event
[2015-10-20 16:52:10]	返回 v->event
[2015-10-20 16:52:10]	回到 v->event
[2015-10-20 16:52:10]	前往 v->event
[2015-10-20 16:52:10]	开赴 v->event
[2015-10-20 16:52:10]	驶向 v->event
[2015-10-20 16:52:10]	靠近 v->event
[2015-10-20 16:52:10]	在 d->event
[2015-10-20 16:52:10]	出现 v->event
[2015-10-20 16:52:10]	前往 v->event
[2015-10-20 16:52:10]	出发 vi->event
[2015-10-20 16:52:10]	起航 vi->event
[2015-10-20 16:52:10]	出港 vi->event
[2015-10-20 16:52:10]	离开 v->event
[2015-10-20 16:52:10]	撤出 v->event
[2015-10-20 16:52:10]	途径 n->event
[2015-10-20 16:52:10]	驶过 v->event
[2015-10-20 16:52:10]	通过 p->event
[2015-10-20 16:52:10]	抵达 v->event
[2015-10-20 16:52:10]	到达 v->event
[2015-10-20 16:52:10]	至 d->event
[2015-10-20 16:52:10]	赶到 v->event
[2015-10-20 16:52:10]	停留 vi->event
[2015-10-20 16:52:10]	停靠 v->event
[2015-10-20 16:52:10]	访问 v->event
[2015-10-20 16:52:10]	到访 v->event
[2015-10-20 16:52:10]	返回 v->event
[2015-10-20 16:52:10]	回到 v->event
[2015-10-20 16:52:10]	前往 v->event
[2015-10-20 16:52:10]	开赴 v->event
[2015-10-20 16:52:10]	驶向 v->event
[2015-10-20 16:52:10]	靠近 v->event
[2015-10-20 16:52:10]	在 d->event
[2015-10-20 16:52:10]	出现 v->event
[2015-10-20 16:52:10]	前往 v->event
[2015-10-20 16:52:10]	出发 vi->event
[2015-10-20 16:52:10]	起航 vi->event
[2015-10-20 16:52:10]	出港 vi->event
[2015-10-20 16:52:10]	离开 v->event
[2015-10-20 16:52:10]	撤出 v->event
[2015-10-20 16:52:10]	途径 n->event
[2015-10-20 16:52:10]	驶过 v->event
[2015-10-20 16:52:10]	通过 p->event
[2015-10-20 16:52:10]	抵达 v->event
[2015-10-20 16:52:10]	到达 v->event
[2015-10-20 16:52:10]	至 d->event
[2015-10-20 16:52:10]	赶到 v->event
[2015-10-20 16:52:10]	停留 vi->event
[2015-10-20 16:52:10]	停靠 v->event
[2015-10-20 16:52:10]	访问 v->event
[2015-10-20 16:52:10]	到访 v->event
[2015-10-20 16:52:10]	返回 v->event
[2015-10-20 16:52:10]	回到 v->event
[2015-10-20 16:52:10]	前往 v->event
[2015-10-20 16:52:10]	开赴 v->event
[2015-10-20 16:52:10]	驶向 v->event
[2015-10-20 16:52:10]	靠近 v->event
[2015-10-20 16:52:10]	在 d->event
[2015-10-20 16:52:10]	出现 v->event
[2015-10-20 16:52:10]	前往 v->event
[2015-10-20 16:52:10]	出发 vi->event
[2015-10-20 16:52:10]	起航 vi->event
[2015-10-20 16:52:10]	出港 vi->event
[2015-10-20 16:52:10]	离开 v->event
[2015-10-20 16:52:10]	撤出 v->event
[2015-10-20 16:52:10]	途径 n->event
[2015-10-20 16:52:10]	驶过 v->event
[2015-10-20 16:52:10]	通过 p->event
[2015-10-20 16:52:10]	抵达 v->event
[2015-10-20 16:52:10]	到达 v->event
[2015-10-20 16:52:10]	至 d->event
[2015-10-20 16:52:10]	赶到 v->event
[2015-10-20 16:52:10]	停留 vi->event
[2015-10-20 16:52:10]	停靠 v->event
[2015-10-20 16:52:10]	访问 v->event
[2015-10-20 16:52:10]	到访 v->event
[2015-10-20 16:52:10]	返回 v->event
[2015-10-20 16:52:10]	回到 v->event
[2015-10-20 16:52:10]	前往 v->event
[2015-10-20 16:52:10]	开赴 v->event
[2015-10-20 16:52:10]	驶向 v->event
[2015-10-20 16:52:10]	靠近 v->event
[2015-10-20 16:52:10]	在 d->event
[2015-10-20 16:52:10]	出现 v->event
[2015-10-20 16:52:10]	前往 v->event
[2015-10-20 16:57:43]	出发 vi->event
[2015-10-20 16:57:43]	起航 vi->event
[2015-10-20 16:57:43]	出港 vi->event
[2015-10-20 16:57:43]	离开 v->event
[2015-10-20 16:57:43]	撤出 v->event
[2015-10-20 16:57:43]	途径 n->event
[2015-10-20 16:57:43]	驶过 v->event
[2015-10-20 16:57:43]	通过 p->event
[2015-10-20 16:57:43]	抵达 v->event
[2015-10-20 16:57:43]	到达 v->event
[2015-10-20 16:57:43]	至 d->event
[2015-10-20 16:57:43]	赶到 v->event
[2015-10-20 16:57:43]	停留 vi->event
[2015-10-20 16:57:43]	停靠 v->event
[2015-10-20 16:57:43]	访问 v->event
[2015-10-20 16:57:43]	到访 v->event
[2015-10-20 16:57:43]	返回 v->event
[2015-10-20 16:57:43]	回到 v->event
[2015-10-20 16:57:43]	前往 v->event
[2015-10-20 16:57:43]	开赴 v->event
[2015-10-20 16:57:43]	驶向 v->event
[2015-10-20 16:57:43]	靠近 v->event
[2015-10-20 16:57:43]	在 d->event
[2015-10-20 16:57:43]	出现 v->event
[2015-10-20 16:57:43]	前往 v->event
[2015-10-20 16:57:43]	出发 vi->event
[2015-10-20 16:57:43]	起航 vi->event
[2015-10-20 16:57:43]	出港 vi->event
[2015-10-20 16:57:43]	离开 v->event
[2015-10-20 16:57:43]	撤出 v->event
[2015-10-20 16:57:43]	途径 n->event
[2015-10-20 16:57:43]	驶过 v->event
[2015-10-20 16:57:43]	通过 p->event
[2015-10-20 16:57:43]	抵达 v->event
[2015-10-20 16:57:43]	到达 v->event
[2015-10-20 16:57:43]	至 d->event
[2015-10-20 16:57:43]	赶到 v->event
[2015-10-20 16:57:43]	停留 vi->event
[2015-10-20 16:57:43]	停靠 v->event
[2015-10-20 16:57:43]	访问 v->event
[2015-10-20 16:57:43]	到访 v->event
[2015-10-20 16:57:43]	返回 v->event
[2015-10-20 16:57:43]	回到 v->event
[2015-10-20 16:57:43]	前往 v->event
[2015-10-20 16:57:43]	开赴 v->event
[2015-10-20 16:57:43]	驶向 v->event
[2015-10-20 16:57:43]	靠近 v->event
[2015-10-20 16:57:43]	在 d->event
[2015-10-20 16:57:43]	出现 v->event
[2015-10-20 16:57:43]	前往 v->event
[2015-10-20 16:58:01]	出发 vi->event
[2015-10-20 16:58:01]	起航 vi->event
[2015-10-20 16:58:01]	出港 vi->event
[2015-10-20 16:58:01]	离开 v->event
[2015-10-20 16:58:01]	撤出 v->event
[2015-10-20 16:58:01]	途径 n->event
[2015-10-20 16:58:01]	驶过 v->event
[2015-10-20 16:58:01]	通过 p->event
[2015-10-20 16:58:01]	抵达 v->event
[2015-10-20 16:58:01]	到达 v->event
[2015-10-20 16:58:01]	至 d->event
[2015-10-20 16:58:01]	赶到 v->event
[2015-10-20 16:58:01]	停留 vi->event
[2015-10-20 16:58:01]	停靠 v->event
[2015-10-20 16:58:01]	访问 v->event
[2015-10-20 16:58:01]	到访 v->event
[2015-10-20 16:58:01]	返回 v->event
[2015-10-20 16:58:01]	回到 v->event
[2015-10-20 16:58:01]	前往 v->event
[2015-10-20 16:58:01]	开赴 v->event
[2015-10-20 16:58:01]	驶向 v->event
[2015-10-20 16:58:01]	靠近 v->event
[2015-10-20 16:58:01]	在 d->event
[2015-10-20 16:58:01]	出现 v->event
[2015-10-20 16:58:01]	前往 v->event
[2015-10-20 16:58:01]	出发 vi->event
[2015-10-20 16:58:01]	起航 vi->event
[2015-10-20 16:58:01]	出港 vi->event
[2015-10-20 16:58:01]	离开 v->event
[2015-10-20 16:58:01]	撤出 v->event
[2015-10-20 16:58:01]	途径 n->event
[2015-10-20 16:58:01]	驶过 v->event
[2015-10-20 16:58:01]	通过 p->event
[2015-10-20 16:58:01]	抵达 v->event
[2015-10-20 16:58:01]	到达 v->event
[2015-10-20 16:58:01]	至 d->event
[2015-10-20 16:58:01]	赶到 v->event
[2015-10-20 16:58:01]	停留 vi->event
[2015-10-20 16:58:01]	停靠 v->event
[2015-10-20 16:58:01]	访问 v->event
[2015-10-20 16:58:01]	到访 v->event
[2015-10-20 16:58:01]	返回 v->event
[2015-10-20 16:58:01]	回到 v->event
[2015-10-20 16:58:01]	前往 v->event
[2015-10-20 16:58:01]	开赴 v->event
[2015-10-20 16:58:01]	驶向 v->event
[2015-10-20 16:58:01]	靠近 v->event
[2015-10-20 16:58:01]	在 d->event
[2015-10-20 16:58:01]	出现 v->event
[2015-10-20 16:58:01]	前往 v->event
[2015-10-20 16:58:01]	出发 vi->event
[2015-10-20 16:58:01]	起航 vi->event
[2015-10-20 16:58:01]	出港 vi->event
[2015-10-20 16:58:01]	离开 v->event
[2015-10-20 16:58:01]	撤出 v->event
[2015-10-20 16:58:01]	途径 n->event
[2015-10-20 16:58:01]	驶过 v->event
[2015-10-20 16:58:01]	通过 p->event
[2015-10-20 16:58:01]	抵达 v->event
[2015-10-20 16:58:01]	到达 v->event
[2015-10-20 16:58:01]	至 d->event
[2015-10-20 16:58:01]	赶到 v->event
[2015-10-20 16:58:01]	停留 vi->event
[2015-10-20 16:58:01]	停靠 v->event
[2015-10-20 16:58:01]	访问 v->event
[2015-10-20 16:58:01]	到访 v->event
[2015-10-20 16:58:01]	返回 v->event
[2015-10-20 16:58:01]	回到 v->event
[2015-10-20 16:58:01]	前往 v->event
[2015-10-20 16:58:01]	开赴 v->event
[2015-10-20 16:58:01]	驶向 v->event
[2015-10-20 16:58:01]	靠近 v->event
[2015-10-20 16:58:01]	在 d->event
[2015-10-20 16:58:01]	出现 v->event
[2015-10-20 16:58:01]	前往 v->event
[2015-10-20 16:58:01]	出发 vi->event
[2015-10-20 16:58:01]	起航 vi->event
[2015-10-20 16:58:01]	出港 vi->event
[2015-10-20 16:58:01]	离开 v->event
[2015-10-20 16:58:01]	撤出 v->event
[2015-10-20 16:58:01]	途径 n->event
[2015-10-20 16:58:01]	驶过 v->event
[2015-10-20 16:58:01]	通过 p->event
[2015-10-20 16:58:01]	抵达 v->event
[2015-10-20 16:58:01]	到达 v->event
[2015-10-20 16:58:01]	至 d->event
[2015-10-20 16:58:01]	赶到 v->event
[2015-10-20 16:58:01]	停留 vi->event
[2015-10-20 16:58:01]	停靠 v->event
[2015-10-20 16:58:01]	访问 v->event
[2015-10-20 16:58:01]	到访 v->event
[2015-10-20 16:58:01]	返回 v->event
[2015-10-20 16:58:01]	回到 v->event
[2015-10-20 16:58:01]	前往 v->event
[2015-10-20 16:58:01]	开赴 v->event
[2015-10-20 16:58:01]	驶向 v->event
[2015-10-20 16:58:01]	靠近 v->event
[2015-10-20 16:58:01]	在 d->event
[2015-10-20 16:58:01]	出现 v->event
[2015-10-20 16:58:01]	前往 v->event
[2015-10-20 16:58:01]	出发 vi->event
[2015-10-20 16:58:01]	起航 vi->event
[2015-10-20 16:58:01]	出港 vi->event
[2015-10-20 16:58:01]	离开 v->event
[2015-10-20 16:58:01]	撤出 v->event
[2015-10-20 16:58:01]	途径 n->event
[2015-10-20 16:58:01]	驶过 v->event
[2015-10-20 16:58:01]	通过 p->event
[2015-10-20 16:58:01]	抵达 v->event
[2015-10-20 16:58:01]	到达 v->event
[2015-10-20 16:58:01]	至 d->event
[2015-10-20 16:58:01]	赶到 v->event
[2015-10-20 16:58:01]	停留 vi->event
[2015-10-20 16:58:01]	停靠 v->event
[2015-10-20 16:58:01]	访问 v->event
[2015-10-20 16:58:01]	到访 v->event
[2015-10-20 16:58:01]	返回 v->event
[2015-10-20 16:58:01]	回到 v->event
[2015-10-20 16:58:01]	前往 v->event
[2015-10-20 16:58:01]	开赴 v->event
[2015-10-20 16:58:01]	驶向 v->event
[2015-10-20 16:58:01]	靠近 v->event
[2015-10-20 16:58:01]	在 d->event
[2015-10-20 16:58:01]	出现 v->event
[2015-10-20 16:58:01]	前往 v->event
