[2015-10-22 00:01:21]	出发 vi->event
[2015-10-22 00:01:21]	起航 vi->event
[2015-10-22 00:01:21]	出港 vi->event
[2015-10-22 00:01:21]	离开 v->event
[2015-10-22 00:01:21]	撤出 v->event
[2015-10-22 00:01:21]	途径 n->event
[2015-10-22 00:01:21]	驶过 v->event
[2015-10-22 00:01:21]	通过 p->event
[2015-10-22 00:01:21]	抵达 v->event
[2015-10-22 00:01:21]	到达 v->event
[2015-10-22 00:01:21]	至 d->event
[2015-10-22 00:01:21]	赶到 v->event
[2015-10-22 00:01:21]	停留 vi->event
[2015-10-22 00:01:21]	停靠 v->event
[2015-10-22 00:01:21]	访问 v->event
[2015-10-22 00:01:21]	到访 v->event
[2015-10-22 00:01:21]	返回 v->event
[2015-10-22 00:01:21]	回到 v->event
[2015-10-22 00:01:21]	前往 v->event
[2015-10-22 00:01:21]	开赴 v->event
[2015-10-22 00:01:21]	驶向 v->event
[2015-10-22 00:01:21]	靠近 v->event
[2015-10-22 00:01:21]	在 d->event
[2015-10-22 00:01:21]	出现 v->event
[2015-10-22 00:01:21]	前往 v->event
[2015-10-22 00:01:32]	出发 vi->event
[2015-10-22 00:01:32]	起航 vi->event
[2015-10-22 00:01:32]	出港 vi->event
[2015-10-22 00:01:32]	离开 v->event
[2015-10-22 00:01:32]	撤出 v->event
[2015-10-22 00:01:32]	途径 n->event
[2015-10-22 00:01:32]	驶过 v->event
[2015-10-22 00:01:32]	通过 p->event
[2015-10-22 00:01:32]	抵达 v->event
[2015-10-22 00:01:32]	到达 v->event
[2015-10-22 00:01:32]	至 d->event
[2015-10-22 00:01:32]	赶到 v->event
[2015-10-22 00:01:32]	停留 vi->event
[2015-10-22 00:01:32]	停靠 v->event
[2015-10-22 00:01:32]	访问 v->event
[2015-10-22 00:01:32]	到访 v->event
[2015-10-22 00:01:32]	返回 v->event
[2015-10-22 00:01:32]	回到 v->event
[2015-10-22 00:01:32]	前往 v->event
[2015-10-22 00:01:32]	开赴 v->event
[2015-10-22 00:01:32]	驶向 v->event
[2015-10-22 00:01:32]	靠近 v->event
[2015-10-22 00:01:32]	在 d->event
[2015-10-22 00:01:32]	出现 v->event
[2015-10-22 00:01:32]	前往 v->event
[2015-10-22 00:27:54]	出发 vi->event
[2015-10-22 00:27:54]	起航 vi->event
[2015-10-22 00:27:54]	出港 vi->event
[2015-10-22 00:27:54]	离开 v->event
[2015-10-22 00:27:54]	撤出 v->event
[2015-10-22 00:27:54]	途径 n->event
[2015-10-22 00:27:54]	驶过 v->event
[2015-10-22 00:27:54]	通过 p->event
[2015-10-22 00:27:54]	抵达 v->event
[2015-10-22 00:27:54]	到达 v->event
[2015-10-22 00:27:54]	至 d->event
[2015-10-22 00:27:54]	赶到 v->event
[2015-10-22 00:27:54]	停留 vi->event
[2015-10-22 00:27:54]	停靠 v->event
[2015-10-22 00:27:54]	访问 v->event
[2015-10-22 00:27:54]	到访 v->event
[2015-10-22 00:27:54]	返回 v->event
[2015-10-22 00:27:54]	回到 v->event
[2015-10-22 00:27:54]	前往 v->event
[2015-10-22 00:27:54]	开赴 v->event
[2015-10-22 00:27:54]	驶向 v->event
[2015-10-22 00:27:54]	靠近 v->event
[2015-10-22 00:27:54]	在 d->event
[2015-10-22 00:27:54]	出现 v->event
[2015-10-22 00:27:54]	前往 v->event
[2015-10-22 00:27:57]	出发 vi->event
[2015-10-22 00:27:57]	起航 vi->event
[2015-10-22 00:27:57]	出港 vi->event
[2015-10-22 00:27:57]	离开 v->event
[2015-10-22 00:27:57]	撤出 v->event
[2015-10-22 00:27:57]	途径 n->event
[2015-10-22 00:27:57]	驶过 v->event
[2015-10-22 00:27:57]	通过 p->event
[2015-10-22 00:27:57]	抵达 v->event
[2015-10-22 00:27:57]	到达 v->event
[2015-10-22 00:27:57]	至 d->event
[2015-10-22 00:27:57]	赶到 v->event
[2015-10-22 00:27:57]	停留 vi->event
[2015-10-22 00:27:57]	停靠 v->event
[2015-10-22 00:27:57]	访问 v->event
[2015-10-22 00:27:57]	到访 v->event
[2015-10-22 00:27:57]	返回 v->event
[2015-10-22 00:27:57]	回到 v->event
[2015-10-22 00:27:57]	前往 v->event
[2015-10-22 00:27:57]	开赴 v->event
[2015-10-22 00:27:57]	驶向 v->event
[2015-10-22 00:27:57]	靠近 v->event
[2015-10-22 00:27:57]	在 d->event
[2015-10-22 00:27:57]	出现 v->event
[2015-10-22 00:27:57]	前往 v->event
[2015-10-22 00:28:44]	出发 vi->event
[2015-10-22 00:28:44]	起航 vi->event
[2015-10-22 00:28:44]	出港 vi->event
[2015-10-22 00:28:44]	离开 v->event
[2015-10-22 00:28:44]	撤出 v->event
[2015-10-22 00:28:44]	途径 n->event
[2015-10-22 00:28:44]	驶过 v->event
[2015-10-22 00:28:44]	通过 p->event
[2015-10-22 00:28:44]	抵达 v->event
[2015-10-22 00:28:44]	到达 v->event
[2015-10-22 00:28:44]	至 d->event
[2015-10-22 00:28:44]	赶到 v->event
[2015-10-22 00:28:44]	停留 vi->event
[2015-10-22 00:28:44]	停靠 v->event
[2015-10-22 00:28:44]	访问 v->event
[2015-10-22 00:28:44]	到访 v->event
[2015-10-22 00:28:44]	返回 v->event
[2015-10-22 00:28:44]	回到 v->event
[2015-10-22 00:28:44]	前往 v->event
[2015-10-22 00:28:44]	开赴 v->event
[2015-10-22 00:28:44]	驶向 v->event
[2015-10-22 00:28:44]	靠近 v->event
[2015-10-22 00:28:44]	在 d->event
[2015-10-22 00:28:44]	出现 v->event
[2015-10-22 00:28:44]	前往 v->event
[2015-10-22 00:28:44]	出发 vi->event
[2015-10-22 00:28:44]	起航 vi->event
[2015-10-22 00:28:44]	出港 vi->event
[2015-10-22 00:28:44]	离开 v->event
[2015-10-22 00:28:44]	撤出 v->event
[2015-10-22 00:28:44]	途径 n->event
[2015-10-22 00:28:44]	驶过 v->event
[2015-10-22 00:28:44]	通过 p->event
[2015-10-22 00:28:44]	抵达 v->event
[2015-10-22 00:28:44]	到达 v->event
[2015-10-22 00:28:44]	至 d->event
[2015-10-22 00:28:44]	赶到 v->event
[2015-10-22 00:28:44]	停留 vi->event
[2015-10-22 00:28:44]	停靠 v->event
[2015-10-22 00:28:44]	访问 v->event
[2015-10-22 00:28:44]	到访 v->event
[2015-10-22 00:28:44]	返回 v->event
[2015-10-22 00:28:44]	回到 v->event
[2015-10-22 00:28:44]	前往 v->event
[2015-10-22 00:28:44]	开赴 v->event
[2015-10-22 00:28:44]	驶向 v->event
[2015-10-22 00:28:44]	靠近 v->event
[2015-10-22 00:28:44]	在 d->event
[2015-10-22 00:28:44]	出现 v->event
[2015-10-22 00:28:44]	前往 v->event
[2015-10-22 00:30:35]	出发 vi->event
[2015-10-22 00:30:35]	起航 vi->event
[2015-10-22 00:30:35]	出港 vi->event
[2015-10-22 00:30:35]	离开 v->event
[2015-10-22 00:30:35]	撤出 v->event
[2015-10-22 00:30:35]	途径 n->event
[2015-10-22 00:30:35]	驶过 v->event
[2015-10-22 00:30:35]	通过 p->event
[2015-10-22 00:30:35]	抵达 v->event
[2015-10-22 00:30:35]	到达 v->event
[2015-10-22 00:30:35]	至 d->event
[2015-10-22 00:30:35]	赶到 v->event
[2015-10-22 00:30:35]	停留 vi->event
[2015-10-22 00:30:35]	停靠 v->event
[2015-10-22 00:30:35]	访问 v->event
[2015-10-22 00:30:35]	到访 v->event
[2015-10-22 00:30:35]	返回 v->event
[2015-10-22 00:30:35]	回到 v->event
[2015-10-22 00:30:35]	前往 v->event
[2015-10-22 00:30:35]	开赴 v->event
[2015-10-22 00:30:35]	驶向 v->event
[2015-10-22 00:30:35]	靠近 v->event
[2015-10-22 00:30:35]	在 d->event
[2015-10-22 00:30:35]	出现 v->event
[2015-10-22 00:30:35]	前往 v->event
[2015-10-22 00:30:35]	出发 vi->event
[2015-10-22 00:30:35]	起航 vi->event
[2015-10-22 00:30:35]	出港 vi->event
[2015-10-22 00:30:35]	离开 v->event
[2015-10-22 00:30:35]	撤出 v->event
[2015-10-22 00:30:35]	途径 n->event
[2015-10-22 00:30:35]	驶过 v->event
[2015-10-22 00:30:35]	通过 p->event
[2015-10-22 00:30:35]	抵达 v->event
[2015-10-22 00:30:35]	到达 v->event
[2015-10-22 00:30:35]	至 d->event
[2015-10-22 00:30:35]	赶到 v->event
[2015-10-22 00:30:35]	停留 vi->event
[2015-10-22 00:30:35]	停靠 v->event
[2015-10-22 00:30:35]	访问 v->event
[2015-10-22 00:30:35]	到访 v->event
[2015-10-22 00:30:35]	返回 v->event
[2015-10-22 00:30:35]	回到 v->event
[2015-10-22 00:30:35]	前往 v->event
[2015-10-22 00:30:35]	开赴 v->event
[2015-10-22 00:30:35]	驶向 v->event
[2015-10-22 00:30:35]	靠近 v->event
[2015-10-22 00:30:35]	在 d->event
[2015-10-22 00:30:35]	出现 v->event
[2015-10-22 00:30:35]	前往 v->event
[2015-10-22 00:30:41]	出发 vi->event
[2015-10-22 00:30:41]	起航 vi->event
[2015-10-22 00:30:41]	出港 vi->event
[2015-10-22 00:30:41]	离开 v->event
[2015-10-22 00:30:41]	撤出 v->event
[2015-10-22 00:30:41]	途径 n->event
[2015-10-22 00:30:41]	驶过 v->event
[2015-10-22 00:30:41]	通过 p->event
[2015-10-22 00:30:41]	抵达 v->event
[2015-10-22 00:30:41]	到达 v->event
[2015-10-22 00:30:41]	至 d->event
[2015-10-22 00:30:41]	赶到 v->event
[2015-10-22 00:30:41]	停留 vi->event
[2015-10-22 00:30:41]	停靠 v->event
[2015-10-22 00:30:41]	访问 v->event
[2015-10-22 00:30:41]	到访 v->event
[2015-10-22 00:30:41]	返回 v->event
[2015-10-22 00:30:41]	回到 v->event
[2015-10-22 00:30:41]	前往 v->event
[2015-10-22 00:30:41]	开赴 v->event
[2015-10-22 00:30:41]	驶向 v->event
[2015-10-22 00:30:41]	靠近 v->event
[2015-10-22 00:30:41]	在 d->event
[2015-10-22 00:30:41]	出现 v->event
[2015-10-22 00:30:41]	前往 v->event
[2015-10-22 00:30:41]	出发 vi->event
[2015-10-22 00:30:41]	起航 vi->event
[2015-10-22 00:30:41]	出港 vi->event
[2015-10-22 00:30:41]	离开 v->event
[2015-10-22 00:30:41]	撤出 v->event
[2015-10-22 00:30:41]	途径 n->event
[2015-10-22 00:30:41]	驶过 v->event
[2015-10-22 00:30:41]	通过 p->event
[2015-10-22 00:30:41]	抵达 v->event
[2015-10-22 00:30:41]	到达 v->event
[2015-10-22 00:30:41]	至 d->event
[2015-10-22 00:30:41]	赶到 v->event
[2015-10-22 00:30:41]	停留 vi->event
[2015-10-22 00:30:41]	停靠 v->event
[2015-10-22 00:30:41]	访问 v->event
[2015-10-22 00:30:41]	到访 v->event
[2015-10-22 00:30:41]	返回 v->event
[2015-10-22 00:30:41]	回到 v->event
[2015-10-22 00:30:41]	前往 v->event
[2015-10-22 00:30:41]	开赴 v->event
[2015-10-22 00:30:41]	驶向 v->event
[2015-10-22 00:30:41]	靠近 v->event
[2015-10-22 00:30:41]	在 d->event
[2015-10-22 00:30:41]	出现 v->event
[2015-10-22 00:30:41]	前往 v->event
[2015-10-22 00:36:07]	出发 vi->event
[2015-10-22 00:36:07]	起航 vi->event
[2015-10-22 00:36:07]	出港 vi->event
[2015-10-22 00:36:07]	离开 v->event
[2015-10-22 00:36:07]	撤出 v->event
[2015-10-22 00:36:07]	途径 n->event
[2015-10-22 00:36:07]	驶过 v->event
[2015-10-22 00:36:07]	通过 p->event
[2015-10-22 00:36:07]	抵达 v->event
[2015-10-22 00:36:07]	到达 v->event
[2015-10-22 00:36:07]	至 d->event
[2015-10-22 00:36:07]	赶到 v->event
[2015-10-22 00:36:07]	停留 vi->event
[2015-10-22 00:36:07]	停靠 v->event
[2015-10-22 00:36:07]	访问 v->event
[2015-10-22 00:36:07]	到访 v->event
[2015-10-22 00:36:07]	返回 v->event
[2015-10-22 00:36:07]	回到 v->event
[2015-10-22 00:36:07]	前往 v->event
[2015-10-22 00:36:07]	开赴 v->event
[2015-10-22 00:36:07]	驶向 v->event
[2015-10-22 00:36:07]	靠近 v->event
[2015-10-22 00:36:07]	在 d->event
[2015-10-22 00:36:07]	出现 v->event
[2015-10-22 00:36:07]	前往 v->event
[2015-10-22 00:36:07]	出发 vi->event
[2015-10-22 00:36:07]	起航 vi->event
[2015-10-22 00:36:07]	出港 vi->event
[2015-10-22 00:36:07]	离开 v->event
[2015-10-22 00:36:07]	撤出 v->event
[2015-10-22 00:36:07]	途径 n->event
[2015-10-22 00:36:07]	驶过 v->event
[2015-10-22 00:36:07]	通过 p->event
[2015-10-22 00:36:07]	抵达 v->event
[2015-10-22 00:36:07]	到达 v->event
[2015-10-22 00:36:07]	至 d->event
[2015-10-22 00:36:07]	赶到 v->event
[2015-10-22 00:36:07]	停留 vi->event
[2015-10-22 00:36:07]	停靠 v->event
[2015-10-22 00:36:07]	访问 v->event
[2015-10-22 00:36:07]	到访 v->event
[2015-10-22 00:36:07]	返回 v->event
[2015-10-22 00:36:07]	回到 v->event
[2015-10-22 00:36:07]	前往 v->event
[2015-10-22 00:36:07]	开赴 v->event
[2015-10-22 00:36:07]	驶向 v->event
[2015-10-22 00:36:07]	靠近 v->event
[2015-10-22 00:36:07]	在 d->event
[2015-10-22 00:36:07]	出现 v->event
[2015-10-22 00:36:07]	前往 v->event
[2015-10-22 00:36:38]	出发 vi->event
[2015-10-22 00:36:38]	起航 vi->event
[2015-10-22 00:36:38]	出港 vi->event
[2015-10-22 00:36:38]	离开 v->event
[2015-10-22 00:36:38]	撤出 v->event
[2015-10-22 00:36:38]	途径 n->event
[2015-10-22 00:36:38]	驶过 v->event
[2015-10-22 00:36:38]	通过 p->event
[2015-10-22 00:36:38]	抵达 v->event
[2015-10-22 00:36:38]	到达 v->event
[2015-10-22 00:36:38]	至 d->event
[2015-10-22 00:36:38]	赶到 v->event
[2015-10-22 00:36:38]	停留 vi->event
[2015-10-22 00:36:38]	停靠 v->event
[2015-10-22 00:36:38]	访问 v->event
[2015-10-22 00:36:38]	到访 v->event
[2015-10-22 00:36:38]	返回 v->event
[2015-10-22 00:36:38]	回到 v->event
[2015-10-22 00:36:38]	前往 v->event
[2015-10-22 00:36:38]	开赴 v->event
[2015-10-22 00:36:38]	驶向 v->event
[2015-10-22 00:36:38]	靠近 v->event
[2015-10-22 00:36:38]	在 d->event
[2015-10-22 00:36:38]	出现 v->event
[2015-10-22 00:36:38]	前往 v->event
[2015-10-22 00:36:38]	出发 vi->event
[2015-10-22 00:36:38]	起航 vi->event
[2015-10-22 00:36:38]	出港 vi->event
[2015-10-22 00:36:38]	离开 v->event
[2015-10-22 00:36:38]	撤出 v->event
[2015-10-22 00:36:38]	途径 n->event
[2015-10-22 00:36:38]	驶过 v->event
[2015-10-22 00:36:38]	通过 p->event
[2015-10-22 00:36:38]	抵达 v->event
[2015-10-22 00:36:38]	到达 v->event
[2015-10-22 00:36:38]	至 d->event
[2015-10-22 00:36:38]	赶到 v->event
[2015-10-22 00:36:38]	停留 vi->event
[2015-10-22 00:36:38]	停靠 v->event
[2015-10-22 00:36:38]	访问 v->event
[2015-10-22 00:36:38]	到访 v->event
[2015-10-22 00:36:38]	返回 v->event
[2015-10-22 00:36:38]	回到 v->event
[2015-10-22 00:36:38]	前往 v->event
[2015-10-22 00:36:38]	开赴 v->event
[2015-10-22 00:36:38]	驶向 v->event
[2015-10-22 00:36:38]	靠近 v->event
[2015-10-22 00:36:38]	在 d->event
[2015-10-22 00:36:38]	出现 v->event
[2015-10-22 00:36:38]	前往 v->event
[2015-10-22 00:37:13]	出发 vi->event
[2015-10-22 00:37:13]	起航 vi->event
[2015-10-22 00:37:13]	出港 vi->event
[2015-10-22 00:37:13]	离开 v->event
[2015-10-22 00:37:13]	撤出 v->event
[2015-10-22 00:37:13]	途径 n->event
[2015-10-22 00:37:13]	驶过 v->event
[2015-10-22 00:37:13]	通过 p->event
[2015-10-22 00:37:13]	抵达 v->event
[2015-10-22 00:37:13]	到达 v->event
[2015-10-22 00:37:13]	至 d->event
[2015-10-22 00:37:13]	赶到 v->event
[2015-10-22 00:37:13]	停留 vi->event
[2015-10-22 00:37:13]	停靠 v->event
[2015-10-22 00:37:13]	访问 v->event
[2015-10-22 00:37:13]	到访 v->event
[2015-10-22 00:37:13]	返回 v->event
[2015-10-22 00:37:13]	回到 v->event
[2015-10-22 00:37:13]	前往 v->event
[2015-10-22 00:37:13]	开赴 v->event
[2015-10-22 00:37:13]	驶向 v->event
[2015-10-22 00:37:13]	靠近 v->event
[2015-10-22 00:37:13]	在 d->event
[2015-10-22 00:37:13]	出现 v->event
[2015-10-22 00:37:13]	前往 v->event
[2015-10-22 00:37:13]	出发 vi->event
[2015-10-22 00:37:13]	起航 vi->event
[2015-10-22 00:37:13]	出港 vi->event
[2015-10-22 00:37:13]	离开 v->event
[2015-10-22 00:37:13]	撤出 v->event
[2015-10-22 00:37:13]	途径 n->event
[2015-10-22 00:37:13]	驶过 v->event
[2015-10-22 00:37:13]	通过 p->event
[2015-10-22 00:37:13]	抵达 v->event
[2015-10-22 00:37:13]	到达 v->event
[2015-10-22 00:37:13]	至 d->event
[2015-10-22 00:37:13]	赶到 v->event
[2015-10-22 00:37:13]	停留 vi->event
[2015-10-22 00:37:13]	停靠 v->event
[2015-10-22 00:37:13]	访问 v->event
[2015-10-22 00:37:13]	到访 v->event
[2015-10-22 00:37:13]	返回 v->event
[2015-10-22 00:37:13]	回到 v->event
[2015-10-22 00:37:13]	前往 v->event
[2015-10-22 00:37:13]	开赴 v->event
[2015-10-22 00:37:13]	驶向 v->event
[2015-10-22 00:37:13]	靠近 v->event
[2015-10-22 00:37:13]	在 d->event
[2015-10-22 00:37:13]	出现 v->event
[2015-10-22 00:37:13]	前往 v->event
[2015-10-22 00:37:36]	出发 vi->event
[2015-10-22 00:37:36]	起航 vi->event
[2015-10-22 00:37:36]	出港 vi->event
[2015-10-22 00:37:36]	离开 v->event
[2015-10-22 00:37:36]	撤出 v->event
[2015-10-22 00:37:36]	途径 n->event
[2015-10-22 00:37:36]	驶过 v->event
[2015-10-22 00:37:36]	通过 p->event
[2015-10-22 00:37:36]	抵达 v->event
[2015-10-22 00:37:36]	到达 v->event
[2015-10-22 00:37:36]	至 d->event
[2015-10-22 00:37:36]	赶到 v->event
[2015-10-22 00:37:36]	停留 vi->event
[2015-10-22 00:37:36]	停靠 v->event
[2015-10-22 00:37:36]	访问 v->event
[2015-10-22 00:37:36]	到访 v->event
[2015-10-22 00:37:36]	返回 v->event
[2015-10-22 00:37:36]	回到 v->event
[2015-10-22 00:37:36]	前往 v->event
[2015-10-22 00:37:36]	开赴 v->event
[2015-10-22 00:37:36]	驶向 v->event
[2015-10-22 00:37:36]	靠近 v->event
[2015-10-22 00:37:36]	在 d->event
[2015-10-22 00:37:36]	出现 v->event
[2015-10-22 00:37:36]	前往 v->event
[2015-10-22 00:37:36]	出发 vi->event
[2015-10-22 00:37:36]	起航 vi->event
[2015-10-22 00:37:36]	出港 vi->event
[2015-10-22 00:37:36]	离开 v->event
[2015-10-22 00:37:36]	撤出 v->event
[2015-10-22 00:37:36]	途径 n->event
[2015-10-22 00:37:36]	驶过 v->event
[2015-10-22 00:37:36]	通过 p->event
[2015-10-22 00:37:36]	抵达 v->event
[2015-10-22 00:37:36]	到达 v->event
[2015-10-22 00:37:36]	至 d->event
[2015-10-22 00:37:36]	赶到 v->event
[2015-10-22 00:37:36]	停留 vi->event
[2015-10-22 00:37:36]	停靠 v->event
[2015-10-22 00:37:36]	访问 v->event
[2015-10-22 00:37:36]	到访 v->event
[2015-10-22 00:37:36]	返回 v->event
[2015-10-22 00:37:36]	回到 v->event
[2015-10-22 00:37:36]	前往 v->event
[2015-10-22 00:37:36]	开赴 v->event
[2015-10-22 00:37:36]	驶向 v->event
[2015-10-22 00:37:36]	靠近 v->event
[2015-10-22 00:37:36]	在 d->event
[2015-10-22 00:37:36]	出现 v->event
[2015-10-22 00:37:36]	前往 v->event
[2015-10-22 00:37:48]	出发 vi->event
[2015-10-22 00:37:48]	起航 vi->event
[2015-10-22 00:37:48]	出港 vi->event
[2015-10-22 00:37:48]	离开 v->event
[2015-10-22 00:37:48]	撤出 v->event
[2015-10-22 00:37:48]	途径 n->event
[2015-10-22 00:37:48]	驶过 v->event
[2015-10-22 00:37:48]	通过 p->event
[2015-10-22 00:37:48]	抵达 v->event
[2015-10-22 00:37:48]	到达 v->event
[2015-10-22 00:37:48]	至 d->event
[2015-10-22 00:37:48]	赶到 v->event
[2015-10-22 00:37:48]	停留 vi->event
[2015-10-22 00:37:48]	停靠 v->event
[2015-10-22 00:37:48]	访问 v->event
[2015-10-22 00:37:48]	到访 v->event
[2015-10-22 00:37:48]	返回 v->event
[2015-10-22 00:37:48]	回到 v->event
[2015-10-22 00:37:48]	前往 v->event
[2015-10-22 00:37:48]	开赴 v->event
[2015-10-22 00:37:48]	驶向 v->event
[2015-10-22 00:37:48]	靠近 v->event
[2015-10-22 00:37:48]	在 d->event
[2015-10-22 00:37:48]	出现 v->event
[2015-10-22 00:37:48]	前往 v->event
[2015-10-22 00:37:48]	出发 vi->event
[2015-10-22 00:37:48]	起航 vi->event
[2015-10-22 00:37:48]	出港 vi->event
[2015-10-22 00:37:48]	离开 v->event
[2015-10-22 00:37:48]	撤出 v->event
[2015-10-22 00:37:48]	途径 n->event
[2015-10-22 00:37:48]	驶过 v->event
[2015-10-22 00:37:48]	通过 p->event
[2015-10-22 00:37:48]	抵达 v->event
[2015-10-22 00:37:48]	到达 v->event
[2015-10-22 00:37:48]	至 d->event
[2015-10-22 00:37:48]	赶到 v->event
[2015-10-22 00:37:48]	停留 vi->event
[2015-10-22 00:37:48]	停靠 v->event
[2015-10-22 00:37:48]	访问 v->event
[2015-10-22 00:37:48]	到访 v->event
[2015-10-22 00:37:48]	返回 v->event
[2015-10-22 00:37:48]	回到 v->event
[2015-10-22 00:37:48]	前往 v->event
[2015-10-22 00:37:48]	开赴 v->event
[2015-10-22 00:37:48]	驶向 v->event
[2015-10-22 00:37:48]	靠近 v->event
[2015-10-22 00:37:48]	在 d->event
[2015-10-22 00:37:48]	出现 v->event
[2015-10-22 00:37:48]	前往 v->event
[2015-10-22 00:37:48]	出发 vi->event
[2015-10-22 00:37:48]	起航 vi->event
[2015-10-22 00:37:48]	出港 vi->event
[2015-10-22 00:37:48]	离开 v->event
[2015-10-22 00:37:48]	撤出 v->event
[2015-10-22 00:37:48]	途径 n->event
[2015-10-22 00:37:48]	驶过 v->event
[2015-10-22 00:37:48]	通过 p->event
[2015-10-22 00:37:48]	抵达 v->event
[2015-10-22 00:37:48]	到达 v->event
[2015-10-22 00:37:48]	至 d->event
[2015-10-22 00:37:48]	赶到 v->event
[2015-10-22 00:37:48]	停留 vi->event
[2015-10-22 00:37:48]	停靠 v->event
[2015-10-22 00:37:48]	访问 v->event
[2015-10-22 00:37:48]	到访 v->event
[2015-10-22 00:37:48]	返回 v->event
[2015-10-22 00:37:48]	回到 v->event
[2015-10-22 00:37:48]	前往 v->event
[2015-10-22 00:37:48]	开赴 v->event
[2015-10-22 00:37:48]	驶向 v->event
[2015-10-22 00:37:48]	靠近 v->event
[2015-10-22 00:37:48]	在 d->event
[2015-10-22 00:37:48]	出现 v->event
[2015-10-22 00:37:48]	前往 v->event
[2015-10-22 00:38:08]	出发 vi->event
[2015-10-22 00:38:08]	起航 vi->event
[2015-10-22 00:38:08]	出港 vi->event
[2015-10-22 00:38:08]	离开 v->event
[2015-10-22 00:38:08]	撤出 v->event
[2015-10-22 00:38:08]	途径 n->event
[2015-10-22 00:38:08]	驶过 v->event
[2015-10-22 00:38:08]	通过 p->event
[2015-10-22 00:38:08]	抵达 v->event
[2015-10-22 00:38:08]	到达 v->event
[2015-10-22 00:38:08]	至 d->event
[2015-10-22 00:38:08]	赶到 v->event
[2015-10-22 00:38:08]	停留 vi->event
[2015-10-22 00:38:08]	停靠 v->event
[2015-10-22 00:38:08]	访问 v->event
[2015-10-22 00:38:08]	到访 v->event
[2015-10-22 00:38:08]	返回 v->event
[2015-10-22 00:38:08]	回到 v->event
[2015-10-22 00:38:08]	前往 v->event
[2015-10-22 00:38:08]	开赴 v->event
[2015-10-22 00:38:08]	驶向 v->event
[2015-10-22 00:38:08]	靠近 v->event
[2015-10-22 00:38:08]	在 d->event
[2015-10-22 00:38:08]	出现 v->event
[2015-10-22 00:38:08]	前往 v->event
[2015-10-22 00:40:07]	出发 vi->event
[2015-10-22 00:40:07]	起航 vi->event
[2015-10-22 00:40:07]	出港 vi->event
[2015-10-22 00:40:07]	离开 v->event
[2015-10-22 00:40:07]	撤出 v->event
[2015-10-22 00:40:07]	途径 n->event
[2015-10-22 00:40:07]	驶过 v->event
[2015-10-22 00:40:07]	通过 p->event
[2015-10-22 00:40:07]	抵达 v->event
[2015-10-22 00:40:07]	到达 v->event
[2015-10-22 00:40:07]	至 d->event
[2015-10-22 00:40:07]	赶到 v->event
[2015-10-22 00:40:07]	停留 vi->event
[2015-10-22 00:40:07]	停靠 v->event
[2015-10-22 00:40:07]	访问 v->event
[2015-10-22 00:40:07]	到访 v->event
[2015-10-22 00:40:07]	返回 v->event
[2015-10-22 00:40:07]	回到 v->event
[2015-10-22 00:40:07]	前往 v->event
[2015-10-22 00:40:07]	开赴 v->event
[2015-10-22 00:40:07]	驶向 v->event
[2015-10-22 00:40:07]	靠近 v->event
[2015-10-22 00:40:07]	在 d->event
[2015-10-22 00:40:07]	出现 v->event
[2015-10-22 00:40:07]	前往 v->event
[2015-10-22 00:41:02]	出发 vi->event
[2015-10-22 00:41:02]	起航 vi->event
[2015-10-22 00:41:02]	出港 vi->event
[2015-10-22 00:41:02]	离开 v->event
[2015-10-22 00:41:02]	撤出 v->event
[2015-10-22 00:41:02]	途径 n->event
[2015-10-22 00:41:02]	驶过 v->event
[2015-10-22 00:41:02]	通过 p->event
[2015-10-22 00:41:02]	抵达 v->event
[2015-10-22 00:41:02]	到达 v->event
[2015-10-22 00:41:02]	至 d->event
[2015-10-22 00:41:02]	赶到 v->event
[2015-10-22 00:41:02]	停留 vi->event
[2015-10-22 00:41:02]	停靠 v->event
[2015-10-22 00:41:02]	访问 v->event
[2015-10-22 00:41:02]	到访 v->event
[2015-10-22 00:41:02]	返回 v->event
[2015-10-22 00:41:02]	回到 v->event
[2015-10-22 00:41:02]	前往 v->event
[2015-10-22 00:41:02]	开赴 v->event
[2015-10-22 00:41:02]	驶向 v->event
[2015-10-22 00:41:02]	靠近 v->event
[2015-10-22 00:41:02]	在 d->event
[2015-10-22 00:41:02]	出现 v->event
[2015-10-22 00:41:02]	前往 v->event
[2015-10-22 00:41:18]	出发 vi->event
[2015-10-22 00:41:18]	起航 vi->event
[2015-10-22 00:41:18]	出港 vi->event
[2015-10-22 00:41:18]	离开 v->event
[2015-10-22 00:41:18]	撤出 v->event
[2015-10-22 00:41:18]	途径 n->event
[2015-10-22 00:41:18]	驶过 v->event
[2015-10-22 00:41:18]	通过 p->event
[2015-10-22 00:41:18]	抵达 v->event
[2015-10-22 00:41:18]	到达 v->event
[2015-10-22 00:41:18]	至 d->event
[2015-10-22 00:41:18]	赶到 v->event
[2015-10-22 00:41:18]	停留 vi->event
[2015-10-22 00:41:18]	停靠 v->event
[2015-10-22 00:41:18]	访问 v->event
[2015-10-22 00:41:18]	到访 v->event
[2015-10-22 00:41:18]	返回 v->event
[2015-10-22 00:41:18]	回到 v->event
[2015-10-22 00:41:18]	前往 v->event
[2015-10-22 00:41:18]	开赴 v->event
[2015-10-22 00:41:18]	驶向 v->event
[2015-10-22 00:41:18]	靠近 v->event
[2015-10-22 00:41:18]	在 d->event
[2015-10-22 00:41:18]	出现 v->event
[2015-10-22 00:41:18]	前往 v->event
[2015-10-22 00:41:18]	出发 vi->event
[2015-10-22 00:41:18]	起航 vi->event
[2015-10-22 00:41:18]	出港 vi->event
[2015-10-22 00:41:18]	离开 v->event
[2015-10-22 00:41:18]	撤出 v->event
[2015-10-22 00:41:18]	途径 n->event
[2015-10-22 00:41:18]	驶过 v->event
[2015-10-22 00:41:18]	通过 p->event
[2015-10-22 00:41:18]	抵达 v->event
[2015-10-22 00:41:18]	到达 v->event
[2015-10-22 00:41:18]	至 d->event
[2015-10-22 00:41:18]	赶到 v->event
[2015-10-22 00:41:18]	停留 vi->event
[2015-10-22 00:41:18]	停靠 v->event
[2015-10-22 00:41:18]	访问 v->event
[2015-10-22 00:41:18]	到访 v->event
[2015-10-22 00:41:18]	返回 v->event
[2015-10-22 00:41:18]	回到 v->event
[2015-10-22 00:41:18]	前往 v->event
[2015-10-22 00:41:18]	开赴 v->event
[2015-10-22 00:41:18]	驶向 v->event
[2015-10-22 00:41:18]	靠近 v->event
[2015-10-22 00:41:18]	在 d->event
[2015-10-22 00:41:18]	出现 v->event
[2015-10-22 00:41:18]	前往 v->event
[2015-10-22 00:41:18]	出发 vi->event
[2015-10-22 00:41:18]	起航 vi->event
[2015-10-22 00:41:18]	出港 vi->event
[2015-10-22 00:41:18]	离开 v->event
[2015-10-22 00:41:18]	撤出 v->event
[2015-10-22 00:41:18]	途径 n->event
[2015-10-22 00:41:18]	驶过 v->event
[2015-10-22 00:41:18]	通过 p->event
[2015-10-22 00:41:18]	抵达 v->event
[2015-10-22 00:41:18]	到达 v->event
[2015-10-22 00:41:18]	至 d->event
[2015-10-22 00:41:18]	赶到 v->event
[2015-10-22 00:41:18]	停留 vi->event
[2015-10-22 00:41:18]	停靠 v->event
[2015-10-22 00:41:18]	访问 v->event
[2015-10-22 00:41:18]	到访 v->event
[2015-10-22 00:41:18]	返回 v->event
[2015-10-22 00:41:18]	回到 v->event
[2015-10-22 00:41:18]	前往 v->event
[2015-10-22 00:41:18]	开赴 v->event
[2015-10-22 00:41:18]	驶向 v->event
[2015-10-22 00:41:18]	靠近 v->event
[2015-10-22 00:41:18]	在 d->event
[2015-10-22 00:41:18]	出现 v->event
[2015-10-22 00:41:18]	前往 v->event
[2015-10-22 00:42:54]	出发 vi->event
[2015-10-22 00:42:54]	起航 vi->event
[2015-10-22 00:42:54]	出港 vi->event
[2015-10-22 00:42:54]	离开 v->event
[2015-10-22 00:42:54]	撤出 v->event
[2015-10-22 00:42:54]	途径 n->event
[2015-10-22 00:42:54]	驶过 v->event
[2015-10-22 00:42:54]	通过 p->event
[2015-10-22 00:42:54]	抵达 v->event
[2015-10-22 00:42:54]	到达 v->event
[2015-10-22 00:42:54]	至 d->event
[2015-10-22 00:42:54]	赶到 v->event
[2015-10-22 00:42:54]	停留 vi->event
[2015-10-22 00:42:54]	停靠 v->event
[2015-10-22 00:42:54]	访问 v->event
[2015-10-22 00:42:54]	到访 v->event
[2015-10-22 00:42:54]	返回 v->event
[2015-10-22 00:42:54]	回到 v->event
[2015-10-22 00:42:54]	前往 v->event
[2015-10-22 00:42:54]	开赴 v->event
[2015-10-22 00:42:54]	驶向 v->event
[2015-10-22 00:42:54]	靠近 v->event
[2015-10-22 00:42:54]	在 d->event
[2015-10-22 00:42:54]	出现 v->event
[2015-10-22 00:42:54]	前往 v->event
[2015-10-22 00:43:03]	出发 vi->event
[2015-10-22 00:43:03]	起航 vi->event
[2015-10-22 00:43:03]	出港 vi->event
[2015-10-22 00:43:03]	离开 v->event
[2015-10-22 00:43:03]	撤出 v->event
[2015-10-22 00:43:03]	途径 n->event
[2015-10-22 00:43:03]	驶过 v->event
[2015-10-22 00:43:03]	通过 p->event
[2015-10-22 00:43:03]	抵达 v->event
[2015-10-22 00:43:03]	到达 v->event
[2015-10-22 00:43:03]	至 d->event
[2015-10-22 00:43:03]	赶到 v->event
[2015-10-22 00:43:03]	停留 vi->event
[2015-10-22 00:43:03]	停靠 v->event
[2015-10-22 00:43:03]	访问 v->event
[2015-10-22 00:43:03]	到访 v->event
[2015-10-22 00:43:03]	返回 v->event
[2015-10-22 00:43:03]	回到 v->event
[2015-10-22 00:43:03]	前往 v->event
[2015-10-22 00:43:03]	开赴 v->event
[2015-10-22 00:43:03]	驶向 v->event
[2015-10-22 00:43:03]	靠近 v->event
[2015-10-22 00:43:03]	在 d->event
[2015-10-22 00:43:03]	出现 v->event
[2015-10-22 00:43:03]	前往 v->event
[2015-10-22 00:44:02]	出发 vi->event
[2015-10-22 00:44:02]	起航 vi->event
[2015-10-22 00:44:02]	出港 vi->event
[2015-10-22 00:44:02]	离开 v->event
[2015-10-22 00:44:02]	撤出 v->event
[2015-10-22 00:44:02]	途径 n->event
[2015-10-22 00:44:02]	驶过 v->event
[2015-10-22 00:44:02]	通过 p->event
[2015-10-22 00:44:02]	抵达 v->event
[2015-10-22 00:44:02]	到达 v->event
[2015-10-22 00:44:02]	至 d->event
[2015-10-22 00:44:02]	赶到 v->event
[2015-10-22 00:44:02]	停留 vi->event
[2015-10-22 00:44:02]	停靠 v->event
[2015-10-22 00:44:02]	访问 v->event
[2015-10-22 00:44:02]	到访 v->event
[2015-10-22 00:44:02]	返回 v->event
[2015-10-22 00:44:02]	回到 v->event
[2015-10-22 00:44:02]	前往 v->event
[2015-10-22 00:44:02]	开赴 v->event
[2015-10-22 00:44:02]	驶向 v->event
[2015-10-22 00:44:02]	靠近 v->event
[2015-10-22 00:44:02]	在 d->event
[2015-10-22 00:44:02]	出现 v->event
[2015-10-22 00:44:02]	前往 v->event
[2015-10-22 00:44:31]	出发 vi->event
[2015-10-22 00:44:31]	起航 vi->event
[2015-10-22 00:44:31]	出港 vi->event
[2015-10-22 00:44:31]	离开 v->event
[2015-10-22 00:44:31]	撤出 v->event
[2015-10-22 00:44:31]	途径 n->event
[2015-10-22 00:44:31]	驶过 v->event
[2015-10-22 00:44:31]	通过 p->event
[2015-10-22 00:44:31]	抵达 v->event
[2015-10-22 00:44:31]	到达 v->event
[2015-10-22 00:44:31]	至 d->event
[2015-10-22 00:44:31]	赶到 v->event
[2015-10-22 00:44:31]	停留 vi->event
[2015-10-22 00:44:31]	停靠 v->event
[2015-10-22 00:44:31]	访问 v->event
[2015-10-22 00:44:31]	到访 v->event
[2015-10-22 00:44:31]	返回 v->event
[2015-10-22 00:44:31]	回到 v->event
[2015-10-22 00:44:31]	前往 v->event
[2015-10-22 00:44:31]	开赴 v->event
[2015-10-22 00:44:31]	驶向 v->event
[2015-10-22 00:44:31]	靠近 v->event
[2015-10-22 00:44:31]	在 d->event
[2015-10-22 00:44:31]	出现 v->event
[2015-10-22 00:44:31]	前往 v->event
[2015-10-22 00:44:45]	出发 vi->event
[2015-10-22 00:44:45]	起航 vi->event
[2015-10-22 00:44:45]	出港 vi->event
[2015-10-22 00:44:45]	离开 v->event
[2015-10-22 00:44:45]	撤出 v->event
[2015-10-22 00:44:45]	途径 n->event
[2015-10-22 00:44:45]	驶过 v->event
[2015-10-22 00:44:45]	通过 p->event
[2015-10-22 00:44:45]	抵达 v->event
[2015-10-22 00:44:45]	到达 v->event
[2015-10-22 00:44:45]	至 d->event
[2015-10-22 00:44:45]	赶到 v->event
[2015-10-22 00:44:45]	停留 vi->event
[2015-10-22 00:44:45]	停靠 v->event
[2015-10-22 00:44:45]	访问 v->event
[2015-10-22 00:44:45]	到访 v->event
[2015-10-22 00:44:45]	返回 v->event
[2015-10-22 00:44:45]	回到 v->event
[2015-10-22 00:44:45]	前往 v->event
[2015-10-22 00:44:45]	开赴 v->event
[2015-10-22 00:44:45]	驶向 v->event
[2015-10-22 00:44:45]	靠近 v->event
[2015-10-22 00:44:45]	在 d->event
[2015-10-22 00:44:45]	出现 v->event
[2015-10-22 00:44:45]	前往 v->event
[2015-10-22 00:46:10]	出发 vi->event
[2015-10-22 00:46:10]	起航 vi->event
[2015-10-22 00:46:10]	出港 vi->event
[2015-10-22 00:46:10]	离开 v->event
[2015-10-22 00:46:10]	撤出 v->event
[2015-10-22 00:46:10]	途径 n->event
[2015-10-22 00:46:10]	驶过 v->event
[2015-10-22 00:46:10]	通过 p->event
[2015-10-22 00:46:10]	抵达 v->event
[2015-10-22 00:46:10]	到达 v->event
[2015-10-22 00:46:10]	至 d->event
[2015-10-22 00:46:10]	赶到 v->event
[2015-10-22 00:46:10]	停留 vi->event
[2015-10-22 00:46:10]	停靠 v->event
[2015-10-22 00:46:10]	访问 v->event
[2015-10-22 00:46:10]	到访 v->event
[2015-10-22 00:46:10]	返回 v->event
[2015-10-22 00:46:10]	回到 v->event
[2015-10-22 00:46:10]	前往 v->event
[2015-10-22 00:46:10]	开赴 v->event
[2015-10-22 00:46:10]	驶向 v->event
[2015-10-22 00:46:10]	靠近 v->event
[2015-10-22 00:46:10]	在 d->event
[2015-10-22 00:46:10]	出现 v->event
[2015-10-22 00:46:10]	前往 v->event
[2015-10-22 00:46:10]	出发 vi->event
[2015-10-22 00:46:10]	起航 vi->event
[2015-10-22 00:46:10]	出港 vi->event
[2015-10-22 00:46:10]	离开 v->event
[2015-10-22 00:46:10]	撤出 v->event
[2015-10-22 00:46:10]	途径 n->event
[2015-10-22 00:46:10]	驶过 v->event
[2015-10-22 00:46:10]	通过 p->event
[2015-10-22 00:46:10]	抵达 v->event
[2015-10-22 00:46:10]	到达 v->event
[2015-10-22 00:46:10]	至 d->event
[2015-10-22 00:46:10]	赶到 v->event
[2015-10-22 00:46:10]	停留 vi->event
[2015-10-22 00:46:10]	停靠 v->event
[2015-10-22 00:46:10]	访问 v->event
[2015-10-22 00:46:10]	到访 v->event
[2015-10-22 00:46:10]	返回 v->event
[2015-10-22 00:46:10]	回到 v->event
[2015-10-22 00:46:10]	前往 v->event
[2015-10-22 00:46:10]	开赴 v->event
[2015-10-22 00:46:10]	驶向 v->event
[2015-10-22 00:46:10]	靠近 v->event
[2015-10-22 00:46:10]	在 d->event
[2015-10-22 00:46:10]	出现 v->event
[2015-10-22 00:46:10]	前往 v->event
[2015-10-22 00:46:15]	出发 vi->event
[2015-10-22 00:46:15]	起航 vi->event
[2015-10-22 00:46:15]	出港 vi->event
[2015-10-22 00:46:15]	离开 v->event
[2015-10-22 00:46:15]	撤出 v->event
[2015-10-22 00:46:15]	途径 n->event
[2015-10-22 00:46:15]	驶过 v->event
[2015-10-22 00:46:15]	通过 p->event
[2015-10-22 00:46:15]	抵达 v->event
[2015-10-22 00:46:15]	到达 v->event
[2015-10-22 00:46:15]	至 d->event
[2015-10-22 00:46:15]	赶到 v->event
[2015-10-22 00:46:15]	停留 vi->event
[2015-10-22 00:46:15]	停靠 v->event
[2015-10-22 00:46:15]	访问 v->event
[2015-10-22 00:46:15]	到访 v->event
[2015-10-22 00:46:15]	返回 v->event
[2015-10-22 00:46:15]	回到 v->event
[2015-10-22 00:46:15]	前往 v->event
[2015-10-22 00:46:15]	开赴 v->event
[2015-10-22 00:46:15]	驶向 v->event
[2015-10-22 00:46:15]	靠近 v->event
[2015-10-22 00:46:15]	在 d->event
[2015-10-22 00:46:15]	出现 v->event
[2015-10-22 00:46:15]	前往 v->event
[2015-10-22 00:46:15]	出发 vi->event
[2015-10-22 00:46:15]	起航 vi->event
[2015-10-22 00:46:15]	出港 vi->event
[2015-10-22 00:46:15]	离开 v->event
[2015-10-22 00:46:15]	撤出 v->event
[2015-10-22 00:46:15]	途径 n->event
[2015-10-22 00:46:15]	驶过 v->event
[2015-10-22 00:46:15]	通过 p->event
[2015-10-22 00:46:15]	抵达 v->event
[2015-10-22 00:46:15]	到达 v->event
[2015-10-22 00:46:15]	至 d->event
[2015-10-22 00:46:15]	赶到 v->event
[2015-10-22 00:46:15]	停留 vi->event
[2015-10-22 00:46:15]	停靠 v->event
[2015-10-22 00:46:15]	访问 v->event
[2015-10-22 00:46:15]	到访 v->event
[2015-10-22 00:46:15]	返回 v->event
[2015-10-22 00:46:15]	回到 v->event
[2015-10-22 00:46:15]	前往 v->event
[2015-10-22 00:46:15]	开赴 v->event
[2015-10-22 00:46:15]	驶向 v->event
[2015-10-22 00:46:15]	靠近 v->event
[2015-10-22 00:46:15]	在 d->event
[2015-10-22 00:46:15]	出现 v->event
[2015-10-22 00:46:15]	前往 v->event
[2015-10-22 00:46:15]	出发 vi->event
[2015-10-22 00:46:15]	起航 vi->event
[2015-10-22 00:46:15]	出港 vi->event
[2015-10-22 00:46:15]	离开 v->event
[2015-10-22 00:46:15]	撤出 v->event
[2015-10-22 00:46:15]	途径 n->event
[2015-10-22 00:46:15]	驶过 v->event
[2015-10-22 00:46:15]	通过 p->event
[2015-10-22 00:46:15]	抵达 v->event
[2015-10-22 00:46:15]	到达 v->event
[2015-10-22 00:46:15]	至 d->event
[2015-10-22 00:46:15]	赶到 v->event
[2015-10-22 00:46:15]	停留 vi->event
[2015-10-22 00:46:15]	停靠 v->event
[2015-10-22 00:46:15]	访问 v->event
[2015-10-22 00:46:15]	到访 v->event
[2015-10-22 00:46:15]	返回 v->event
[2015-10-22 00:46:15]	回到 v->event
[2015-10-22 00:46:15]	前往 v->event
[2015-10-22 00:46:15]	开赴 v->event
[2015-10-22 00:46:15]	驶向 v->event
[2015-10-22 00:46:15]	靠近 v->event
[2015-10-22 00:46:15]	在 d->event
[2015-10-22 00:46:15]	出现 v->event
[2015-10-22 00:46:15]	前往 v->event
[2015-10-22 00:46:15]	出发 vi->event
[2015-10-22 00:46:15]	起航 vi->event
[2015-10-22 00:46:15]	出港 vi->event
[2015-10-22 00:46:15]	离开 v->event
[2015-10-22 00:46:15]	撤出 v->event
[2015-10-22 00:46:15]	途径 n->event
[2015-10-22 00:46:15]	驶过 v->event
[2015-10-22 00:46:15]	通过 p->event
[2015-10-22 00:46:15]	抵达 v->event
[2015-10-22 00:46:15]	到达 v->event
[2015-10-22 00:46:15]	至 d->event
[2015-10-22 00:46:15]	赶到 v->event
[2015-10-22 00:46:15]	停留 vi->event
[2015-10-22 00:46:15]	停靠 v->event
[2015-10-22 00:46:15]	访问 v->event
[2015-10-22 00:46:15]	到访 v->event
[2015-10-22 00:46:15]	返回 v->event
[2015-10-22 00:46:15]	回到 v->event
[2015-10-22 00:46:15]	前往 v->event
[2015-10-22 00:46:15]	开赴 v->event
[2015-10-22 00:46:15]	驶向 v->event
[2015-10-22 00:46:15]	靠近 v->event
[2015-10-22 00:46:15]	在 d->event
[2015-10-22 00:46:15]	出现 v->event
[2015-10-22 00:46:15]	前往 v->event
[2015-10-22 00:46:41]	出发 vi->event
[2015-10-22 00:46:41]	起航 vi->event
[2015-10-22 00:46:41]	出港 vi->event
[2015-10-22 00:46:41]	离开 v->event
[2015-10-22 00:46:41]	撤出 v->event
[2015-10-22 00:46:41]	途径 n->event
[2015-10-22 00:46:41]	驶过 v->event
[2015-10-22 00:46:41]	通过 p->event
[2015-10-22 00:46:41]	抵达 v->event
[2015-10-22 00:46:41]	到达 v->event
[2015-10-22 00:46:41]	至 d->event
[2015-10-22 00:46:41]	赶到 v->event
[2015-10-22 00:46:41]	停留 vi->event
[2015-10-22 00:46:41]	停靠 v->event
[2015-10-22 00:46:41]	访问 v->event
[2015-10-22 00:46:41]	到访 v->event
[2015-10-22 00:46:41]	返回 v->event
[2015-10-22 00:46:41]	回到 v->event
[2015-10-22 00:46:41]	前往 v->event
[2015-10-22 00:46:41]	开赴 v->event
[2015-10-22 00:46:41]	驶向 v->event
[2015-10-22 00:46:41]	靠近 v->event
[2015-10-22 00:46:41]	在 d->event
[2015-10-22 00:46:41]	出现 v->event
[2015-10-22 00:46:41]	前往 v->event
[2015-10-22 00:46:41]	出发 vi->event
[2015-10-22 00:46:41]	起航 vi->event
[2015-10-22 00:46:41]	出港 vi->event
[2015-10-22 00:46:41]	离开 v->event
[2015-10-22 00:46:41]	撤出 v->event
[2015-10-22 00:46:41]	途径 n->event
[2015-10-22 00:46:41]	驶过 v->event
[2015-10-22 00:46:41]	通过 p->event
[2015-10-22 00:46:41]	抵达 v->event
[2015-10-22 00:46:41]	到达 v->event
[2015-10-22 00:46:41]	至 d->event
[2015-10-22 00:46:41]	赶到 v->event
[2015-10-22 00:46:41]	停留 vi->event
[2015-10-22 00:46:41]	停靠 v->event
[2015-10-22 00:46:41]	访问 v->event
[2015-10-22 00:46:41]	到访 v->event
[2015-10-22 00:46:41]	返回 v->event
[2015-10-22 00:46:41]	回到 v->event
[2015-10-22 00:46:41]	前往 v->event
[2015-10-22 00:46:41]	开赴 v->event
[2015-10-22 00:46:41]	驶向 v->event
[2015-10-22 00:46:41]	靠近 v->event
[2015-10-22 00:46:41]	在 d->event
[2015-10-22 00:46:41]	出现 v->event
[2015-10-22 00:46:41]	前往 v->event
[2015-10-22 14:14:56]	出发 vi->event
[2015-10-22 14:14:56]	起航 vi->event
[2015-10-22 14:14:56]	出港 vi->event
[2015-10-22 14:14:56]	离开 v->event
[2015-10-22 14:14:56]	撤出 v->event
[2015-10-22 14:14:56]	途径 n->event
[2015-10-22 14:14:56]	驶过 v->event
[2015-10-22 14:14:56]	通过 p->event
[2015-10-22 14:14:56]	抵达 v->event
[2015-10-22 14:14:56]	到达 v->event
[2015-10-22 14:14:56]	至 d->event
[2015-10-22 14:14:56]	赶到 v->event
[2015-10-22 14:14:56]	停留 vi->event
[2015-10-22 14:14:56]	停靠 v->event
[2015-10-22 14:14:56]	访问 v->event
[2015-10-22 14:14:56]	到访 v->event
[2015-10-22 14:14:56]	返回 v->event
[2015-10-22 14:14:56]	回到 v->event
[2015-10-22 14:14:56]	前往 v->event
[2015-10-22 14:14:56]	开赴 v->event
[2015-10-22 14:14:56]	驶向 v->event
[2015-10-22 14:14:56]	靠近 v->event
[2015-10-22 14:14:56]	在 d->event
[2015-10-22 14:14:56]	出现 v->event
[2015-10-22 14:14:56]	前往 v->event
[2015-10-22 14:14:56]	出发 vi->event
[2015-10-22 14:14:56]	起航 vi->event
[2015-10-22 14:14:56]	出港 vi->event
[2015-10-22 14:14:56]	离开 v->event
[2015-10-22 14:14:56]	撤出 v->event
[2015-10-22 14:14:56]	途径 n->event
[2015-10-22 14:14:56]	驶过 v->event
[2015-10-22 14:14:56]	通过 p->event
[2015-10-22 14:14:56]	抵达 v->event
[2015-10-22 14:14:56]	到达 v->event
[2015-10-22 14:14:56]	至 d->event
[2015-10-22 14:14:56]	赶到 v->event
[2015-10-22 14:14:56]	停留 vi->event
[2015-10-22 14:14:56]	停靠 v->event
[2015-10-22 14:14:56]	访问 v->event
[2015-10-22 14:14:56]	到访 v->event
[2015-10-22 14:14:56]	返回 v->event
[2015-10-22 14:14:56]	回到 v->event
[2015-10-22 14:14:56]	前往 v->event
[2015-10-22 14:14:56]	开赴 v->event
[2015-10-22 14:14:56]	驶向 v->event
[2015-10-22 14:14:56]	靠近 v->event
[2015-10-22 14:14:56]	在 d->event
[2015-10-22 14:14:56]	出现 v->event
[2015-10-22 14:14:56]	前往 v->event
[2015-10-22 14:20:02]	出发 vi->event
[2015-10-22 14:20:02]	起航 vi->event
[2015-10-22 14:20:02]	出港 vi->event
[2015-10-22 14:20:02]	离开 v->event
[2015-10-22 14:20:02]	撤出 v->event
[2015-10-22 14:20:02]	途径 n->event
[2015-10-22 14:20:02]	驶过 v->event
[2015-10-22 14:20:02]	通过 p->event
[2015-10-22 14:20:02]	抵达 v->event
[2015-10-22 14:20:02]	到达 v->event
[2015-10-22 14:20:02]	至 d->event
[2015-10-22 14:20:02]	赶到 v->event
[2015-10-22 14:20:02]	停留 vi->event
[2015-10-22 14:20:02]	停靠 v->event
[2015-10-22 14:20:02]	访问 v->event
[2015-10-22 14:20:02]	到访 v->event
[2015-10-22 14:20:02]	返回 v->event
[2015-10-22 14:20:02]	回到 v->event
[2015-10-22 14:20:02]	前往 v->event
[2015-10-22 14:20:02]	开赴 v->event
[2015-10-22 14:20:02]	驶向 v->event
[2015-10-22 14:20:02]	靠近 v->event
[2015-10-22 14:20:02]	在 d->event
[2015-10-22 14:20:02]	出现 v->event
[2015-10-22 14:20:02]	前往 v->event
[2015-10-22 14:20:36]	出发 vi->event
[2015-10-22 14:20:36]	起航 vi->event
[2015-10-22 14:20:36]	出港 vi->event
[2015-10-22 14:20:36]	离开 v->event
[2015-10-22 14:20:36]	撤出 v->event
[2015-10-22 14:20:36]	途径 n->event
[2015-10-22 14:20:36]	驶过 v->event
[2015-10-22 14:20:36]	通过 p->event
[2015-10-22 14:20:36]	抵达 v->event
[2015-10-22 14:20:36]	到达 v->event
[2015-10-22 14:20:36]	至 d->event
[2015-10-22 14:20:36]	赶到 v->event
[2015-10-22 14:20:36]	停留 vi->event
[2015-10-22 14:20:36]	停靠 v->event
[2015-10-22 14:20:36]	访问 v->event
[2015-10-22 14:20:36]	到访 v->event
[2015-10-22 14:20:36]	返回 v->event
[2015-10-22 14:20:36]	回到 v->event
[2015-10-22 14:20:36]	前往 v->event
[2015-10-22 14:20:36]	开赴 v->event
[2015-10-22 14:20:36]	驶向 v->event
[2015-10-22 14:20:36]	靠近 v->event
[2015-10-22 14:20:36]	在 d->event
[2015-10-22 14:20:36]	出现 v->event
[2015-10-22 14:20:36]	前往 v->event
[2015-10-22 14:21:28]	出发 vi->event
[2015-10-22 14:21:28]	起航 vi->event
[2015-10-22 14:21:28]	出港 vi->event
[2015-10-22 14:21:28]	离开 v->event
[2015-10-22 14:21:28]	撤出 v->event
[2015-10-22 14:21:28]	途径 n->event
[2015-10-22 14:21:28]	驶过 v->event
[2015-10-22 14:21:28]	通过 p->event
[2015-10-22 14:21:28]	抵达 v->event
[2015-10-22 14:21:28]	到达 v->event
[2015-10-22 14:21:28]	至 d->event
[2015-10-22 14:21:28]	赶到 v->event
[2015-10-22 14:21:28]	停留 vi->event
[2015-10-22 14:21:28]	停靠 v->event
[2015-10-22 14:21:28]	访问 v->event
[2015-10-22 14:21:28]	到访 v->event
[2015-10-22 14:21:28]	返回 v->event
[2015-10-22 14:21:28]	回到 v->event
[2015-10-22 14:21:28]	前往 v->event
[2015-10-22 14:21:28]	开赴 v->event
[2015-10-22 14:21:28]	驶向 v->event
[2015-10-22 14:21:28]	靠近 v->event
[2015-10-22 14:21:28]	在 d->event
[2015-10-22 14:21:28]	出现 v->event
[2015-10-22 14:21:28]	前往 v->event
[2015-10-22 14:21:44]	出发 vi->event
[2015-10-22 14:21:44]	起航 vi->event
[2015-10-22 14:21:44]	出港 vi->event
[2015-10-22 14:21:44]	离开 v->event
[2015-10-22 14:21:44]	撤出 v->event
[2015-10-22 14:21:44]	途径 n->event
[2015-10-22 14:21:44]	驶过 v->event
[2015-10-22 14:21:44]	通过 p->event
[2015-10-22 14:21:44]	抵达 v->event
[2015-10-22 14:21:44]	到达 v->event
[2015-10-22 14:21:44]	至 d->event
[2015-10-22 14:21:44]	赶到 v->event
[2015-10-22 14:21:44]	停留 vi->event
[2015-10-22 14:21:44]	停靠 v->event
[2015-10-22 14:21:44]	访问 v->event
[2015-10-22 14:21:44]	到访 v->event
[2015-10-22 14:21:44]	返回 v->event
[2015-10-22 14:21:44]	回到 v->event
[2015-10-22 14:21:44]	前往 v->event
[2015-10-22 14:21:44]	开赴 v->event
[2015-10-22 14:21:44]	驶向 v->event
[2015-10-22 14:21:44]	靠近 v->event
[2015-10-22 14:21:44]	在 d->event
[2015-10-22 14:21:44]	出现 v->event
[2015-10-22 14:21:44]	前往 v->event
[2015-10-22 14:21:44]	出发 vi->event
[2015-10-22 14:21:44]	起航 vi->event
[2015-10-22 14:21:44]	出港 vi->event
[2015-10-22 14:21:44]	离开 v->event
[2015-10-22 14:21:44]	撤出 v->event
[2015-10-22 14:21:44]	途径 n->event
[2015-10-22 14:21:44]	驶过 v->event
[2015-10-22 14:21:44]	通过 p->event
[2015-10-22 14:21:44]	抵达 v->event
[2015-10-22 14:21:44]	到达 v->event
[2015-10-22 14:21:44]	至 d->event
[2015-10-22 14:21:44]	赶到 v->event
[2015-10-22 14:21:44]	停留 vi->event
[2015-10-22 14:21:44]	停靠 v->event
[2015-10-22 14:21:44]	访问 v->event
[2015-10-22 14:21:44]	到访 v->event
[2015-10-22 14:21:44]	返回 v->event
[2015-10-22 14:21:44]	回到 v->event
[2015-10-22 14:21:44]	前往 v->event
[2015-10-22 14:21:44]	开赴 v->event
[2015-10-22 14:21:44]	驶向 v->event
[2015-10-22 14:21:44]	靠近 v->event
[2015-10-22 14:21:44]	在 d->event
[2015-10-22 14:21:44]	出现 v->event
[2015-10-22 14:21:44]	前往 v->event
[2015-10-22 14:23:27]	出发 vi->event
[2015-10-22 14:23:27]	起航 vi->event
[2015-10-22 14:23:27]	出港 vi->event
[2015-10-22 14:23:27]	离开 v->event
[2015-10-22 14:23:27]	撤出 v->event
[2015-10-22 14:23:27]	途径 n->event
[2015-10-22 14:23:27]	驶过 v->event
[2015-10-22 14:23:27]	通过 p->event
[2015-10-22 14:23:27]	抵达 v->event
[2015-10-22 14:23:27]	到达 v->event
[2015-10-22 14:23:27]	至 d->event
[2015-10-22 14:23:27]	赶到 v->event
[2015-10-22 14:23:27]	停留 vi->event
[2015-10-22 14:23:27]	停靠 v->event
[2015-10-22 14:23:27]	访问 v->event
[2015-10-22 14:23:27]	到访 v->event
[2015-10-22 14:23:27]	返回 v->event
[2015-10-22 14:23:27]	回到 v->event
[2015-10-22 14:23:27]	前往 v->event
[2015-10-22 14:23:27]	开赴 v->event
[2015-10-22 14:23:27]	驶向 v->event
[2015-10-22 14:23:27]	靠近 v->event
[2015-10-22 14:23:27]	在 d->event
[2015-10-22 14:23:27]	出现 v->event
[2015-10-22 14:23:27]	前往 v->event
[2015-10-22 14:23:27]	出发 vi->event
[2015-10-22 14:23:27]	起航 vi->event
[2015-10-22 14:23:27]	出港 vi->event
[2015-10-22 14:23:27]	离开 v->event
[2015-10-22 14:23:27]	撤出 v->event
[2015-10-22 14:23:27]	途径 n->event
[2015-10-22 14:23:27]	驶过 v->event
[2015-10-22 14:23:27]	通过 p->event
[2015-10-22 14:23:27]	抵达 v->event
[2015-10-22 14:23:27]	到达 v->event
[2015-10-22 14:23:27]	至 d->event
[2015-10-22 14:23:27]	赶到 v->event
[2015-10-22 14:23:27]	停留 vi->event
[2015-10-22 14:23:27]	停靠 v->event
[2015-10-22 14:23:27]	访问 v->event
[2015-10-22 14:23:27]	到访 v->event
[2015-10-22 14:23:27]	返回 v->event
[2015-10-22 14:23:27]	回到 v->event
[2015-10-22 14:23:27]	前往 v->event
[2015-10-22 14:23:27]	开赴 v->event
[2015-10-22 14:23:27]	驶向 v->event
[2015-10-22 14:23:27]	靠近 v->event
[2015-10-22 14:23:27]	在 d->event
[2015-10-22 14:23:27]	出现 v->event
[2015-10-22 14:23:27]	前往 v->event
[2015-10-22 14:27:46]	出发 vi->event
[2015-10-22 14:27:46]	起航 vi->event
[2015-10-22 14:27:46]	出港 vi->event
[2015-10-22 14:27:46]	离开 v->event
[2015-10-22 14:27:46]	撤出 v->event
[2015-10-22 14:27:46]	途径 n->event
[2015-10-22 14:27:46]	驶过 v->event
[2015-10-22 14:27:46]	通过 p->event
[2015-10-22 14:27:46]	抵达 v->event
[2015-10-22 14:27:46]	到达 v->event
[2015-10-22 14:27:46]	至 d->event
[2015-10-22 14:27:46]	赶到 v->event
[2015-10-22 14:27:46]	停留 vi->event
[2015-10-22 14:27:46]	停靠 v->event
[2015-10-22 14:27:46]	访问 v->event
[2015-10-22 14:27:46]	到访 v->event
[2015-10-22 14:27:46]	返回 v->event
[2015-10-22 14:27:46]	回到 v->event
[2015-10-22 14:27:46]	前往 v->event
[2015-10-22 14:27:46]	开赴 v->event
[2015-10-22 14:27:46]	驶向 v->event
[2015-10-22 14:27:46]	靠近 v->event
[2015-10-22 14:27:46]	在 d->event
[2015-10-22 14:27:46]	出现 v->event
[2015-10-22 14:27:46]	前往 v->event
[2015-10-22 14:27:46]	出发 vi->event
[2015-10-22 14:27:46]	起航 vi->event
[2015-10-22 14:27:46]	出港 vi->event
[2015-10-22 14:27:46]	离开 v->event
[2015-10-22 14:27:46]	撤出 v->event
[2015-10-22 14:27:46]	途径 n->event
[2015-10-22 14:27:46]	驶过 v->event
[2015-10-22 14:27:46]	通过 p->event
[2015-10-22 14:27:46]	抵达 v->event
[2015-10-22 14:27:46]	到达 v->event
[2015-10-22 14:27:46]	至 d->event
[2015-10-22 14:27:46]	赶到 v->event
[2015-10-22 14:27:46]	停留 vi->event
[2015-10-22 14:27:46]	停靠 v->event
[2015-10-22 14:27:46]	访问 v->event
[2015-10-22 14:27:46]	到访 v->event
[2015-10-22 14:27:46]	返回 v->event
[2015-10-22 14:27:46]	回到 v->event
[2015-10-22 14:27:46]	前往 v->event
[2015-10-22 14:27:46]	开赴 v->event
[2015-10-22 14:27:46]	驶向 v->event
[2015-10-22 14:27:46]	靠近 v->event
[2015-10-22 14:27:46]	在 d->event
[2015-10-22 14:27:46]	出现 v->event
[2015-10-22 14:27:46]	前往 v->event
[2015-10-22 14:27:46]	出发 vi->event
[2015-10-22 14:27:46]	起航 vi->event
[2015-10-22 14:27:46]	出港 vi->event
[2015-10-22 14:27:46]	离开 v->event
[2015-10-22 14:27:46]	撤出 v->event
[2015-10-22 14:27:46]	途径 n->event
[2015-10-22 14:27:46]	驶过 v->event
[2015-10-22 14:27:46]	通过 p->event
[2015-10-22 14:27:46]	抵达 v->event
[2015-10-22 14:27:46]	到达 v->event
[2015-10-22 14:27:46]	至 d->event
[2015-10-22 14:27:46]	赶到 v->event
[2015-10-22 14:27:46]	停留 vi->event
[2015-10-22 14:27:46]	停靠 v->event
[2015-10-22 14:27:46]	访问 v->event
[2015-10-22 14:27:46]	到访 v->event
[2015-10-22 14:27:46]	返回 v->event
[2015-10-22 14:27:46]	回到 v->event
[2015-10-22 14:27:46]	前往 v->event
[2015-10-22 14:27:46]	开赴 v->event
[2015-10-22 14:27:46]	驶向 v->event
[2015-10-22 14:27:46]	靠近 v->event
[2015-10-22 14:27:46]	在 d->event
[2015-10-22 14:27:46]	出现 v->event
[2015-10-22 14:27:46]	前往 v->event
[2015-10-22 14:27:46]	出发 vi->event
[2015-10-22 14:27:46]	起航 vi->event
[2015-10-22 14:27:46]	出港 vi->event
[2015-10-22 14:27:46]	离开 v->event
[2015-10-22 14:27:46]	撤出 v->event
[2015-10-22 14:27:46]	途径 n->event
[2015-10-22 14:27:46]	驶过 v->event
[2015-10-22 14:27:46]	通过 p->event
[2015-10-22 14:27:46]	抵达 v->event
[2015-10-22 14:27:46]	到达 v->event
[2015-10-22 14:27:46]	至 d->event
[2015-10-22 14:27:46]	赶到 v->event
[2015-10-22 14:27:46]	停留 vi->event
[2015-10-22 14:27:46]	停靠 v->event
[2015-10-22 14:27:46]	访问 v->event
[2015-10-22 14:27:46]	到访 v->event
[2015-10-22 14:27:46]	返回 v->event
[2015-10-22 14:27:46]	回到 v->event
[2015-10-22 14:27:46]	前往 v->event
[2015-10-22 14:27:46]	开赴 v->event
[2015-10-22 14:27:46]	驶向 v->event
[2015-10-22 14:27:46]	靠近 v->event
[2015-10-22 14:27:46]	在 d->event
[2015-10-22 14:27:46]	出现 v->event
[2015-10-22 14:27:46]	前往 v->event
[2015-10-22 14:27:46]	出发 vi->event
[2015-10-22 14:27:46]	起航 vi->event
[2015-10-22 14:27:46]	出港 vi->event
[2015-10-22 14:27:46]	离开 v->event
[2015-10-22 14:27:46]	撤出 v->event
[2015-10-22 14:27:46]	途径 n->event
[2015-10-22 14:27:46]	驶过 v->event
[2015-10-22 14:27:46]	通过 p->event
[2015-10-22 14:27:46]	抵达 v->event
[2015-10-22 14:27:46]	到达 v->event
[2015-10-22 14:27:46]	至 d->event
[2015-10-22 14:27:46]	赶到 v->event
[2015-10-22 14:27:46]	停留 vi->event
[2015-10-22 14:27:46]	停靠 v->event
[2015-10-22 14:27:46]	访问 v->event
[2015-10-22 14:27:46]	到访 v->event
[2015-10-22 14:27:46]	返回 v->event
[2015-10-22 14:27:46]	回到 v->event
[2015-10-22 14:27:46]	前往 v->event
[2015-10-22 14:27:46]	开赴 v->event
[2015-10-22 14:27:46]	驶向 v->event
[2015-10-22 14:27:46]	靠近 v->event
[2015-10-22 14:27:46]	在 d->event
[2015-10-22 14:27:46]	出现 v->event
[2015-10-22 14:27:46]	前往 v->event
[2015-10-22 14:27:46]	出发 vi->event
[2015-10-22 14:27:46]	起航 vi->event
[2015-10-22 14:27:46]	出港 vi->event
[2015-10-22 14:27:46]	离开 v->event
[2015-10-22 14:27:46]	撤出 v->event
[2015-10-22 14:27:46]	途径 n->event
[2015-10-22 14:27:46]	驶过 v->event
[2015-10-22 14:27:46]	通过 p->event
[2015-10-22 14:27:46]	抵达 v->event
[2015-10-22 14:27:46]	到达 v->event
[2015-10-22 14:27:46]	至 d->event
[2015-10-22 14:27:46]	赶到 v->event
[2015-10-22 14:27:46]	停留 vi->event
[2015-10-22 14:27:46]	停靠 v->event
[2015-10-22 14:27:46]	访问 v->event
[2015-10-22 14:27:46]	到访 v->event
[2015-10-22 14:27:46]	返回 v->event
[2015-10-22 14:27:46]	回到 v->event
[2015-10-22 14:27:46]	前往 v->event
[2015-10-22 14:27:46]	开赴 v->event
[2015-10-22 14:27:46]	驶向 v->event
[2015-10-22 14:27:46]	靠近 v->event
[2015-10-22 14:27:46]	在 d->event
[2015-10-22 14:27:46]	出现 v->event
[2015-10-22 14:27:46]	前往 v->event
[2015-10-22 14:28:26]	出发 vi->event
[2015-10-22 14:28:26]	起航 vi->event
[2015-10-22 14:28:26]	出港 vi->event
[2015-10-22 14:28:26]	离开 v->event
[2015-10-22 14:28:26]	撤出 v->event
[2015-10-22 14:28:26]	途径 n->event
[2015-10-22 14:28:26]	驶过 v->event
[2015-10-22 14:28:26]	通过 p->event
[2015-10-22 14:28:26]	抵达 v->event
[2015-10-22 14:28:26]	到达 v->event
[2015-10-22 14:28:26]	至 d->event
[2015-10-22 14:28:26]	赶到 v->event
[2015-10-22 14:28:26]	停留 vi->event
[2015-10-22 14:28:26]	停靠 v->event
[2015-10-22 14:28:26]	访问 v->event
[2015-10-22 14:28:26]	到访 v->event
[2015-10-22 14:28:26]	返回 v->event
[2015-10-22 14:28:26]	回到 v->event
[2015-10-22 14:28:26]	前往 v->event
[2015-10-22 14:28:26]	开赴 v->event
[2015-10-22 14:28:26]	驶向 v->event
[2015-10-22 14:28:26]	靠近 v->event
[2015-10-22 14:28:26]	在 d->event
[2015-10-22 14:28:26]	出现 v->event
[2015-10-22 14:28:26]	前往 v->event
[2015-10-22 14:28:26]	出发 vi->event
[2015-10-22 14:28:26]	起航 vi->event
[2015-10-22 14:28:26]	出港 vi->event
[2015-10-22 14:28:26]	离开 v->event
[2015-10-22 14:28:26]	撤出 v->event
[2015-10-22 14:28:26]	途径 n->event
[2015-10-22 14:28:26]	驶过 v->event
[2015-10-22 14:28:26]	通过 p->event
[2015-10-22 14:28:26]	抵达 v->event
[2015-10-22 14:28:26]	到达 v->event
[2015-10-22 14:28:26]	至 d->event
[2015-10-22 14:28:26]	赶到 v->event
[2015-10-22 14:28:26]	停留 vi->event
[2015-10-22 14:28:26]	停靠 v->event
[2015-10-22 14:28:26]	访问 v->event
[2015-10-22 14:28:26]	到访 v->event
[2015-10-22 14:28:26]	返回 v->event
[2015-10-22 14:28:26]	回到 v->event
[2015-10-22 14:28:26]	前往 v->event
[2015-10-22 14:28:26]	开赴 v->event
[2015-10-22 14:28:26]	驶向 v->event
[2015-10-22 14:28:26]	靠近 v->event
[2015-10-22 14:28:26]	在 d->event
[2015-10-22 14:28:26]	出现 v->event
[2015-10-22 14:28:26]	前往 v->event
[2015-10-22 14:28:33]	出发 vi->event
[2015-10-22 14:28:33]	起航 vi->event
[2015-10-22 14:28:33]	出港 vi->event
[2015-10-22 14:28:33]	离开 v->event
[2015-10-22 14:28:33]	撤出 v->event
[2015-10-22 14:28:33]	途径 n->event
[2015-10-22 14:28:33]	驶过 v->event
[2015-10-22 14:28:33]	通过 p->event
[2015-10-22 14:28:33]	抵达 v->event
[2015-10-22 14:28:33]	到达 v->event
[2015-10-22 14:28:33]	至 d->event
[2015-10-22 14:28:33]	赶到 v->event
[2015-10-22 14:28:33]	停留 vi->event
[2015-10-22 14:28:33]	停靠 v->event
[2015-10-22 14:28:33]	访问 v->event
[2015-10-22 14:28:33]	到访 v->event
[2015-10-22 14:28:33]	返回 v->event
[2015-10-22 14:28:33]	回到 v->event
[2015-10-22 14:28:33]	前往 v->event
[2015-10-22 14:28:33]	开赴 v->event
[2015-10-22 14:28:33]	驶向 v->event
[2015-10-22 14:28:33]	靠近 v->event
[2015-10-22 14:28:33]	在 d->event
[2015-10-22 14:28:33]	出现 v->event
[2015-10-22 14:28:33]	前往 v->event
[2015-10-22 14:28:33]	出发 vi->event
[2015-10-22 14:28:33]	起航 vi->event
[2015-10-22 14:28:33]	出港 vi->event
[2015-10-22 14:28:33]	离开 v->event
[2015-10-22 14:28:33]	撤出 v->event
[2015-10-22 14:28:33]	途径 n->event
[2015-10-22 14:28:33]	驶过 v->event
[2015-10-22 14:28:33]	通过 p->event
[2015-10-22 14:28:33]	抵达 v->event
[2015-10-22 14:28:33]	到达 v->event
[2015-10-22 14:28:33]	至 d->event
[2015-10-22 14:28:33]	赶到 v->event
[2015-10-22 14:28:33]	停留 vi->event
[2015-10-22 14:28:33]	停靠 v->event
[2015-10-22 14:28:33]	访问 v->event
[2015-10-22 14:28:33]	到访 v->event
[2015-10-22 14:28:33]	返回 v->event
[2015-10-22 14:28:33]	回到 v->event
[2015-10-22 14:28:33]	前往 v->event
[2015-10-22 14:28:33]	开赴 v->event
[2015-10-22 14:28:33]	驶向 v->event
[2015-10-22 14:28:33]	靠近 v->event
[2015-10-22 14:28:33]	在 d->event
[2015-10-22 14:28:33]	出现 v->event
[2015-10-22 14:28:33]	前往 v->event
[2015-10-22 14:28:33]	出发 vi->event
[2015-10-22 14:28:33]	起航 vi->event
[2015-10-22 14:28:33]	出港 vi->event
[2015-10-22 14:28:33]	离开 v->event
[2015-10-22 14:28:33]	撤出 v->event
[2015-10-22 14:28:33]	途径 n->event
[2015-10-22 14:28:33]	驶过 v->event
[2015-10-22 14:28:33]	通过 p->event
[2015-10-22 14:28:33]	抵达 v->event
[2015-10-22 14:28:33]	到达 v->event
[2015-10-22 14:28:33]	至 d->event
[2015-10-22 14:28:33]	赶到 v->event
[2015-10-22 14:28:33]	停留 vi->event
[2015-10-22 14:28:33]	停靠 v->event
[2015-10-22 14:28:33]	访问 v->event
[2015-10-22 14:28:33]	到访 v->event
[2015-10-22 14:28:33]	返回 v->event
[2015-10-22 14:28:33]	回到 v->event
[2015-10-22 14:28:33]	前往 v->event
[2015-10-22 14:28:33]	开赴 v->event
[2015-10-22 14:28:33]	驶向 v->event
[2015-10-22 14:28:33]	靠近 v->event
[2015-10-22 14:28:33]	在 d->event
[2015-10-22 14:28:33]	出现 v->event
[2015-10-22 14:28:33]	前往 v->event
[2015-10-22 14:28:33]	出发 vi->event
[2015-10-22 14:28:33]	起航 vi->event
[2015-10-22 14:28:33]	出港 vi->event
[2015-10-22 14:28:33]	离开 v->event
[2015-10-22 14:28:33]	撤出 v->event
[2015-10-22 14:28:33]	途径 n->event
[2015-10-22 14:28:33]	驶过 v->event
[2015-10-22 14:28:33]	通过 p->event
[2015-10-22 14:28:33]	抵达 v->event
[2015-10-22 14:28:33]	到达 v->event
[2015-10-22 14:28:33]	至 d->event
[2015-10-22 14:28:33]	赶到 v->event
[2015-10-22 14:28:33]	停留 vi->event
[2015-10-22 14:28:33]	停靠 v->event
[2015-10-22 14:28:33]	访问 v->event
[2015-10-22 14:28:33]	到访 v->event
[2015-10-22 14:28:33]	返回 v->event
[2015-10-22 14:28:33]	回到 v->event
[2015-10-22 14:28:33]	前往 v->event
[2015-10-22 14:28:33]	开赴 v->event
[2015-10-22 14:28:33]	驶向 v->event
[2015-10-22 14:28:33]	靠近 v->event
[2015-10-22 14:28:33]	在 d->event
[2015-10-22 14:28:33]	出现 v->event
[2015-10-22 14:28:33]	前往 v->event
[2015-10-22 14:28:33]	出发 vi->event
[2015-10-22 14:28:33]	起航 vi->event
[2015-10-22 14:28:33]	出港 vi->event
[2015-10-22 14:28:33]	离开 v->event
[2015-10-22 14:28:33]	撤出 v->event
[2015-10-22 14:28:33]	途径 n->event
[2015-10-22 14:28:33]	驶过 v->event
[2015-10-22 14:28:33]	通过 p->event
[2015-10-22 14:28:33]	抵达 v->event
[2015-10-22 14:28:33]	到达 v->event
[2015-10-22 14:28:33]	至 d->event
[2015-10-22 14:28:33]	赶到 v->event
[2015-10-22 14:28:33]	停留 vi->event
[2015-10-22 14:28:33]	停靠 v->event
[2015-10-22 14:28:33]	访问 v->event
[2015-10-22 14:28:33]	到访 v->event
[2015-10-22 14:28:33]	返回 v->event
[2015-10-22 14:28:33]	回到 v->event
[2015-10-22 14:28:33]	前往 v->event
[2015-10-22 14:28:33]	开赴 v->event
[2015-10-22 14:28:33]	驶向 v->event
[2015-10-22 14:28:33]	靠近 v->event
[2015-10-22 14:28:33]	在 d->event
[2015-10-22 14:28:33]	出现 v->event
[2015-10-22 14:28:33]	前往 v->event
[2015-10-22 14:31:36]	出发 vi->event
[2015-10-22 14:31:36]	起航 vi->event
[2015-10-22 14:31:36]	出港 vi->event
[2015-10-22 14:31:36]	离开 v->event
[2015-10-22 14:31:36]	撤出 v->event
[2015-10-22 14:31:36]	途径 n->event
[2015-10-22 14:31:36]	驶过 v->event
[2015-10-22 14:31:36]	通过 p->event
[2015-10-22 14:31:36]	抵达 v->event
[2015-10-22 14:31:36]	到达 v->event
[2015-10-22 14:31:36]	至 d->event
[2015-10-22 14:31:36]	赶到 v->event
[2015-10-22 14:31:36]	停留 vi->event
[2015-10-22 14:31:36]	停靠 v->event
[2015-10-22 14:31:36]	访问 v->event
[2015-10-22 14:31:36]	到访 v->event
[2015-10-22 14:31:36]	返回 v->event
[2015-10-22 14:31:36]	回到 v->event
[2015-10-22 14:31:36]	前往 v->event
[2015-10-22 14:31:36]	开赴 v->event
[2015-10-22 14:31:36]	驶向 v->event
[2015-10-22 14:31:36]	靠近 v->event
[2015-10-22 14:31:36]	在 d->event
[2015-10-22 14:31:36]	出现 v->event
[2015-10-22 14:31:36]	前往 v->event
[2015-10-22 14:31:36]	出发 vi->event
[2015-10-22 14:31:36]	起航 vi->event
[2015-10-22 14:31:36]	出港 vi->event
[2015-10-22 14:31:36]	离开 v->event
[2015-10-22 14:31:36]	撤出 v->event
[2015-10-22 14:31:36]	途径 n->event
[2015-10-22 14:31:36]	驶过 v->event
[2015-10-22 14:31:36]	通过 p->event
[2015-10-22 14:31:36]	抵达 v->event
[2015-10-22 14:31:36]	到达 v->event
[2015-10-22 14:31:36]	至 d->event
[2015-10-22 14:31:36]	赶到 v->event
[2015-10-22 14:31:36]	停留 vi->event
[2015-10-22 14:31:36]	停靠 v->event
[2015-10-22 14:31:36]	访问 v->event
[2015-10-22 14:31:36]	到访 v->event
[2015-10-22 14:31:36]	返回 v->event
[2015-10-22 14:31:36]	回到 v->event
[2015-10-22 14:31:36]	前往 v->event
[2015-10-22 14:31:36]	开赴 v->event
[2015-10-22 14:31:36]	驶向 v->event
[2015-10-22 14:31:36]	靠近 v->event
[2015-10-22 14:31:36]	在 d->event
[2015-10-22 14:31:36]	出现 v->event
[2015-10-22 14:31:36]	前往 v->event
[2015-10-22 14:31:36]	出发 vi->event
[2015-10-22 14:31:36]	起航 vi->event
[2015-10-22 14:31:36]	出港 vi->event
[2015-10-22 14:31:36]	离开 v->event
[2015-10-22 14:31:36]	撤出 v->event
[2015-10-22 14:31:36]	途径 n->event
[2015-10-22 14:31:36]	驶过 v->event
[2015-10-22 14:31:36]	通过 p->event
[2015-10-22 14:31:36]	抵达 v->event
[2015-10-22 14:31:36]	到达 v->event
[2015-10-22 14:31:36]	至 d->event
[2015-10-22 14:31:36]	赶到 v->event
[2015-10-22 14:31:36]	停留 vi->event
[2015-10-22 14:31:36]	停靠 v->event
[2015-10-22 14:31:36]	访问 v->event
[2015-10-22 14:31:36]	到访 v->event
[2015-10-22 14:31:36]	返回 v->event
[2015-10-22 14:31:36]	回到 v->event
[2015-10-22 14:31:36]	前往 v->event
[2015-10-22 14:31:36]	开赴 v->event
[2015-10-22 14:31:36]	驶向 v->event
[2015-10-22 14:31:36]	靠近 v->event
[2015-10-22 14:31:36]	在 d->event
[2015-10-22 14:31:36]	出现 v->event
[2015-10-22 14:31:36]	前往 v->event
[2015-10-22 14:31:36]	出发 vi->event
[2015-10-22 14:31:36]	起航 vi->event
[2015-10-22 14:31:36]	出港 vi->event
[2015-10-22 14:31:36]	离开 v->event
[2015-10-22 14:31:36]	撤出 v->event
[2015-10-22 14:31:36]	途径 n->event
[2015-10-22 14:31:36]	驶过 v->event
[2015-10-22 14:31:36]	通过 p->event
[2015-10-22 14:31:36]	抵达 v->event
[2015-10-22 14:31:36]	到达 v->event
[2015-10-22 14:31:36]	至 d->event
[2015-10-22 14:31:36]	赶到 v->event
[2015-10-22 14:31:36]	停留 vi->event
[2015-10-22 14:31:36]	停靠 v->event
[2015-10-22 14:31:36]	访问 v->event
[2015-10-22 14:31:36]	到访 v->event
[2015-10-22 14:31:36]	返回 v->event
[2015-10-22 14:31:36]	回到 v->event
[2015-10-22 14:31:36]	前往 v->event
[2015-10-22 14:31:36]	开赴 v->event
[2015-10-22 14:31:36]	驶向 v->event
[2015-10-22 14:31:36]	靠近 v->event
[2015-10-22 14:31:36]	在 d->event
[2015-10-22 14:31:36]	出现 v->event
[2015-10-22 14:31:36]	前往 v->event
[2015-10-22 14:31:36]	出发 vi->event
[2015-10-22 14:31:36]	起航 vi->event
[2015-10-22 14:31:36]	出港 vi->event
[2015-10-22 14:31:36]	离开 v->event
[2015-10-22 14:31:36]	撤出 v->event
[2015-10-22 14:31:36]	途径 n->event
[2015-10-22 14:31:36]	驶过 v->event
[2015-10-22 14:31:36]	通过 p->event
[2015-10-22 14:31:36]	抵达 v->event
[2015-10-22 14:31:36]	到达 v->event
[2015-10-22 14:31:36]	至 d->event
[2015-10-22 14:31:36]	赶到 v->event
[2015-10-22 14:31:36]	停留 vi->event
[2015-10-22 14:31:36]	停靠 v->event
[2015-10-22 14:31:36]	访问 v->event
[2015-10-22 14:31:36]	到访 v->event
[2015-10-22 14:31:36]	返回 v->event
[2015-10-22 14:31:36]	回到 v->event
[2015-10-22 14:31:36]	前往 v->event
[2015-10-22 14:31:36]	开赴 v->event
[2015-10-22 14:31:36]	驶向 v->event
[2015-10-22 14:31:36]	靠近 v->event
[2015-10-22 14:31:36]	在 d->event
[2015-10-22 14:31:36]	出现 v->event
[2015-10-22 14:31:36]	前往 v->event
[2015-10-22 14:31:36]	出发 vi->event
[2015-10-22 14:31:36]	起航 vi->event
[2015-10-22 14:31:36]	出港 vi->event
[2015-10-22 14:31:36]	离开 v->event
[2015-10-22 14:31:36]	撤出 v->event
[2015-10-22 14:31:36]	途径 n->event
[2015-10-22 14:31:36]	驶过 v->event
[2015-10-22 14:31:36]	通过 p->event
[2015-10-22 14:31:36]	抵达 v->event
[2015-10-22 14:31:36]	到达 v->event
[2015-10-22 14:31:36]	至 d->event
[2015-10-22 14:31:36]	赶到 v->event
[2015-10-22 14:31:36]	停留 vi->event
[2015-10-22 14:31:36]	停靠 v->event
[2015-10-22 14:31:36]	访问 v->event
[2015-10-22 14:31:36]	到访 v->event
[2015-10-22 14:31:36]	返回 v->event
[2015-10-22 14:31:36]	回到 v->event
[2015-10-22 14:31:36]	前往 v->event
[2015-10-22 14:31:36]	开赴 v->event
[2015-10-22 14:31:36]	驶向 v->event
[2015-10-22 14:31:36]	靠近 v->event
[2015-10-22 14:31:36]	在 d->event
[2015-10-22 14:31:36]	出现 v->event
[2015-10-22 14:31:36]	前往 v->event
